T-Spice - Tanner SPICE
Version 16.30
Network license
Product Release ID: T-Spice Win64 16.30.20150626.02:41:53
Copyright © 1988-2015 Mentor Graphics Corporation

	Parsing "C:\Users\makif\Google Drive\TEZ ÇALIÞMAM\çizim\Counter_TDC\Counter_TDC\vernier_o_TDC3.sp"
	Initializing parser from header file "C:\Program Files\Tanner EDA\Tanner Tools v16.3\tiburonda\models\VAdatabase.sp"
	Including "C:\Users\makif\Desktop\130tech\45nm.md"

Start of vernier_o_TDC3.sp
Loaded BSIM4v45 model library, Berkeley BSIM4 v4.5.0

General options:
        threads = 4

 Device and node counts:
              MOSFETs -     413
    MOSFET geometries -       6
      Voltage sources -       3
   Subckt Definitions -       6
     Subckt Instances -      91
     Unique Instances -       6
    Model Definitions -       2
      Computed Models -       2
    Independent nodes -    1854
       Boundary nodes -       4
          Total nodes -    1858

	Opening simulation database "C:\Users\makif\Google Drive\TEZ ÇALIÞMAM\çizim\Counter_TDC\Counter_TDC\vernier_o_TDC3.tsim"

Power Results

VPower from time 0 to 1e-008
Average power consumed -> 3.362935e-003 watts
Max power 2.626823e-002 at time 4.00095e-009 
Min power 2.979460e-004 at time 1.06265e-009 


Parsing                      0.02 seconds
Setup                        0.10 seconds
DC operating point           0.66 seconds
Transient Analysis           2.41 seconds
Overhead                     0.23 seconds
-----------------------------------------
Total                        3.43 seconds

Simulation completed
