T-Spice - Tanner SPICE
Version 16.30
Network license
Product Release ID: T-Spice Win64 16.30.20150626.02:41:53
Copyright © 1988-2015 Mentor Graphics Corporation

	Parsing "C:\Users\makif\Google Drive\TEZ ÇALIÞMAM\çizim\Counter_TDC\Counter_TDC\counter_TDC3.sp"
	Initializing parser from header file "C:\Program Files\Tanner EDA\Tanner Tools v16.3\tiburonda\models\VAdatabase.sp"
	Including "C:\Users\makif\Desktop\130tech\45nm.md"

Start of counter_TDC3.sp
Loaded BSIM4v45 model library, Berkeley BSIM4 v4.5.0

General options:
        threads = 1

 Device and node counts:
              MOSFETs -      14
    MOSFET geometries -       4
      Voltage sources -       4
   Subckt Definitions -       4
     Subckt Instances -       4
     Unique Instances -       3
    Model Definitions -       2
      Computed Models -       2
    Independent nodes -      63
       Boundary nodes -       5
          Total nodes -      68

	Opening simulation database "C:\Users\makif\Google Drive\TEZ ÇALIÞMAM\çizim\Counter_TDC\Counter_TDC\counter_TDC3.tsim"

Power Results

VPower from time 0 to 1e-008
Average power consumed -> 4.110644e-005 watts
Max power 5.671709e-003 at time 4.00152e-009 
Min power 1.563615e-006 at time 2.01115e-010 


Parsing                      0.02 seconds
Setup                        0.08 seconds
Transient Analysis           0.24 seconds
Overhead                     0.63 seconds
-----------------------------------------
Total                        0.97 seconds

Simulation completed
