T-Spice - Tanner SPICE
Version 16.30
Network license
Product Release ID: T-Spice Win64 16.30.20150626.02:41:53
Copyright © 1988-2015 Mentor Graphics Corporation

	Parsing "C:\Users\makif\Google Drive\TEZ ÇALIÞMAM\çizim\Counter_TDC\Counter_TDC\ring_oscillator.sp"
	Initializing parser from header file "C:\Program Files\Tanner EDA\Tanner Tools v16.3\tiburonda\models\VAdatabase.sp"
	Including "C:\Users\makif\Desktop\130tech\130nm.md"

Start of ring_oscillator.sp
Loaded BSIM3v33_Berkeley model library, Berkeley BSIM3 v3.3.0
Warning : "..\..\..\..\..\Desktop\130tech\130nm.md" line 1 Model NMOS - Unknown model parameter "OPTACM" will be ignored
Warning : "ring_oscillator.sp" line 31 Device XINV_1.MN1 - Acde = 0.3 is too small.

General options:
        threads = 1

 Device and node counts:
              MOSFETs -      20
    MOSFET geometries -       2
      Voltage sources -       2
   Subckt Definitions -       3
     Subckt Instances -       8
     Unique Instances -       2
    Model Definitions -       2
      Computed Models -       2
    Independent nodes -      50
       Boundary nodes -       3
          Total nodes -      53
*** 2 WARNING MESSAGES GENERATED DURING SETUP


	Opening simulation database "C:\Users\makif\Google Drive\TEZ ÇALIÞMAM\çizim\Counter_TDC\Counter_TDC\ring_oscillator.tsim"

Parsing                      0.53 seconds
Setup                        0.24 seconds
DC operating point           0.03 seconds
Transient Analysis           1.02 seconds
Overhead                     1.15 seconds
-----------------------------------------
Total                        2.98 seconds

Simulation completed	with  2 Warnings
