T-Spice - Tanner SPICE
Version 16.30
Network license
Product Release ID: T-Spice Win64 16.30.20150626.02:41:53
Copyright © 1988-2015 Mentor Graphics Corporation

	Parsing "C:\Users\makif\Google Drive\TEZ ÇALIÞMAM\çizim\Counter_TDC\Counter_TDC\inv_DLL_TDC2.sp"
	Initializing parser from header file "C:\Program Files\Tanner EDA\Tanner Tools v16.3\tiburonda\models\VAdatabase.sp"
	Including "C:\Users\makif\Desktop\130tech\45nm.md"

Start of inv_DLL_TDC2.sp
Loaded BSIM4v45 model library, Berkeley BSIM4 v4.5.0

General options:
        threads = 2

 Device and node counts:
              MOSFETs -     335
    MOSFET geometries -       3
      Voltage sources -       3
   Subckt Definitions -       5
     Subckt Instances -      84
     Unique Instances -       6
    Model Definitions -       2
      Computed Models -       2
    Independent nodes -    1503
       Boundary nodes -       4
          Total nodes -    1507

	Opening simulation database "C:\Users\makif\Google Drive\TEZ ÇALIÞMAM\çizim\Counter_TDC\Counter_TDC\inv_DLL_TDC2.tsim"

Power Results

VPower from time 0 to 1e-008
Average power consumed -> 6.105480e-004 watts
Max power 6.718219e-002 at time 4.00095e-009 
Min power 1.399754e-007 at time 5.00229e-009 


Parsing                      0.02 seconds
Setup                        0.09 seconds
DC operating point           0.11 seconds
Transient Analysis           1.43 seconds
Overhead                     0.65 seconds
-----------------------------------------
Total                        2.30 seconds

Simulation completed
