T-Spice - Tanner SPICE
Version 16.30
Network license
Product Release ID: T-Spice Win64 16.30.20150626.02:41:53
Copyright © 1988-2015 Mentor Graphics Corporation

	Parsing "C:\Users\makif\Google Drive\TEZ ÇALIÞMAM\çizim\Counter_TDC\Counter_TDC\vernier_o_TDC.sp"
	Initializing parser from header file "C:\Program Files\Tanner EDA\Tanner Tools v16.3\tiburonda\models\VAdatabase.sp"
	Including "C:\Users\makif\Desktop\130tech\130nm.md"

Start of vernier_o_TDC.sp
Loaded BSIM3v33_Berkeley model library, Berkeley BSIM3 v3.3.0
Warning : "..\..\..\..\..\Desktop\130tech\130nm.md" line 1 Model NMOS - Unknown model parameter "OPTACM" will be ignored
Warning : "vernier_o_TDC.sp" line 25 Device Xbuffer_1.MN1 - Acde = 0.3 is too small.
Warning : "vernier_o_TDC.sp" line 38 Device Xencoder8x3_1.XINV_1.MN1 - Acde = 0.3 is too small.

General options:
        threads = 4

 Device and node counts:
              MOSFETs -     429
    MOSFET geometries -       6
      Voltage sources -       3
   Subckt Definitions -       6
     Subckt Instances -      95
     Unique Instances -       6
    Model Definitions -       2
      Computed Models -       2
    Independent nodes -    1068
       Boundary nodes -       4
          Total nodes -    1072
*** 3 WARNING MESSAGES GENERATED DURING SETUP


	Opening simulation database "C:\Users\makif\Google Drive\TEZ ÇALIÞMAM\çizim\Counter_TDC\Counter_TDC\vernier_o_TDC.tsim"

Parsing                      0.03 seconds
Setup                        0.12 seconds
DC operating point           0.10 seconds
Transient Analysis           1.71 seconds
Overhead                     0.31 seconds
-----------------------------------------
Total                        2.27 seconds

Simulation completed	with  3 Warnings
