T-Spice - Tanner SPICE
Version 16.30
Network license
Product Release ID: T-Spice Win64 16.30.20150626.02:41:53
Copyright © 1988-2015 Mentor Graphics Corporation

	Parsing "C:\Users\makif\Google Drive\TEZ ÇALIÞMAM\çizim\Counter_TDC\Counter_TDC\ring_oscillator3.sp"
	Initializing parser from header file "C:\Program Files\Tanner EDA\Tanner Tools v16.3\tiburonda\models\VAdatabase.sp"
	Including "C:\Users\makif\Desktop\130tech\130nm.md"

Start of ring_oscillator3.sp
Loaded BSIM3v33_Berkeley model library, Berkeley BSIM3 v3.3.0
Warning : "..\..\..\..\..\Desktop\130tech\130nm.md" line 1 Model NMOS - Unknown model parameter "OPTACM" will be ignored
Warning : "ring_oscillator3.sp" line 37 Device XCounter_7bit_1.XDFFC_1.MN1 - Acde = 0.3 is too small.
Warning : "ring_oscillator3.sp" line 41 Device XCounter_7bit_1.XDFFC_1.MN11 - Acde = 0.3 is too small.
Warning : "ring_oscillator3.sp" line 45 Device XCounter_7bit_1.XDFFC_1.MN15 - Acde = 0.3 is too small.

General options:
        threads = 2

 Device and node counts:
              MOSFETs -     223
    MOSFET geometries -      13
      Voltage sources -       2
   Subckt Definitions -       5
     Subckt Instances -      16
     Unique Instances -       4
    Model Definitions -       2
      Computed Models -       2
    Independent nodes -     568
       Boundary nodes -       3
          Total nodes -     571
*** 4 WARNING MESSAGES GENERATED DURING SETUP


	Opening simulation database "C:\Users\makif\Google Drive\TEZ ÇALIÞMAM\çizim\Counter_TDC\Counter_TDC\ring_oscillator3.tsim"

Parsing                      0.12 seconds
Setup                        0.12 seconds
DC operating point           0.05 seconds
Transient Analysis           2.55 seconds
Overhead                     0.27 seconds
-----------------------------------------
Total                        3.12 seconds

Simulation completed	with  4 Warnings
