* T-Spice 13.00 Simulation	Sat Feb 02 00:19:26 2019	C:\Users\makif\Google Drive\TEZ ÇALIÞMAM\çizim\Counter_TDC\Counter_TDC\buffer_new.sp
* Command line: tspice -o "C:\Users\makif\Google Drive\TEZ ÇALIÞMAM\çizim\Counter_TDC\Counter_TDC\buffer_new.out" "C:\Users\makif\Google Drive\TEZ ÇALIÞMAM\çizim\Counter_TDC\Counter_TDC\buffer_new.sp" 
* T-Spice Win32 13.00.20080321.01:01:33
* Warning : "130nm.md" line 1 Invalid binned model NMOS
*         : "130nm.md" line 1 Binned models must define LMIN, LMAX, WMIN, and WMAX, and have a name suffix of .# (e.g. nch.1)
* Warning : "130nm.md" line 142 Invalid binned model PMOS
*         : "130nm.md" line 142 Binned models must define LMIN, LMAX, WMIN, and WMAX, and have a name suffix of .# (e.g. nch.1)
* Warning : Device MN1 - Acde = 0.3 is too small.

*SEDIT: Alter blocks = 0

* Accuracy and Convergence options:
* numndset|dchold = 100
* 
* Timestep and Integration options:
*  relq|relchgtol = 0.0005
* 
* Model Evaluation options:
*            dcap = 2                    defnrb = 0 [sq]               defnrd = 0 [sq]
*          defnrs = 0 [sq]                 tnom = 25 [deg C]
* 
* General options:
*            temp = 25 [deg C]          threads = 8
* 
* Output options:
*           acout = 1                    ingold = 0
* 


*  Device and node counts:
*             MOSFETs - 4                 MOSFET geometries - 6       
*                BJTs - 0                             JFETs - 0       
*             MESFETs - 0                            Diodes - 0       
*          Capacitors - 0                         Resistors - 0       
*           Inductors - 0                  Mutual inductors - 0       
*  Transmission lines - 0        Coupled transmission lines - 0       
*     Voltage sources - 2                   Current sources - 0       
*                VCVS - 0                              VCCS - 0       
*                CCVS - 0                              CCCS - 0       
*    V-control switch - 0                  I-control switch - 0       
*       Macro devices - 0        External C model instances - 0       
*         HDL devices - 0       
*         Subcircuits - 0              Subcircuit instances - 0       
*   Independent nodes - 10                   Boundary nodes - 3       
*         Total nodes - 13      

* *** 4 WARNING MESSAGES GENERATED DURING SETUP


*SEDIT: Alter=0
*SEDIT: Analysis types DCOP 0 ACMODEL 0 AC 0 TRANSIENT 1 TRANSFER 0 NOISE 0 

*WEDIT: .tran   1e-013   1e-010
TRANSIENT ANALYSIS
Time<s>        v(In,Gnd)<V>  v(Out,Gnd)<V>
 0.000000e+000  0.0000e+000  6.6950e-001
 6.250000e-015  0.0000e+000  6.6950e-001
 6.875000e-014  0.0000e+000  6.6950e-001
 2.687500e-013  0.0000e+000  6.6950e-001
 4.687500e-013  0.0000e+000  6.6950e-001
 6.687500e-013  0.0000e+000  6.6950e-001
 8.687500e-013  0.0000e+000  6.6950e-001
 1.068749e-012  0.0000e+000  6.6950e-001
 1.268749e-012  0.0000e+000  6.6950e-001
 1.468749e-012  0.0000e+000  6.6950e-001
 1.668749e-012  0.0000e+000  6.6950e-001
 1.868749e-012  0.0000e+000  6.6950e-001
 2.068749e-012  0.0000e+000  6.6950e-001
 2.268749e-012  0.0000e+000  6.6950e-001
 2.468749e-012  0.0000e+000  6.6950e-001
 2.668749e-012  0.0000e+000  6.6950e-001
 2.868749e-012  0.0000e+000  6.6950e-001
 3.068749e-012  0.0000e+000  6.6950e-001
 3.268749e-012  0.0000e+000  6.6950e-001
 3.468749e-012  0.0000e+000  6.6950e-001
 3.668749e-012  0.0000e+000  6.6950e-001
 3.868749e-012  0.0000e+000  6.6950e-001
 4.068749e-012  0.0000e+000  6.6950e-001
 4.268749e-012  0.0000e+000  6.6950e-001
 4.468749e-012  0.0000e+000  6.6950e-001
 4.668749e-012  0.0000e+000  6.6950e-001
 4.868749e-012  0.0000e+000  6.6950e-001
 5.068749e-012  0.0000e+000  6.6950e-001
 5.268749e-012  0.0000e+000  6.6950e-001
 5.468749e-012  0.0000e+000  6.6950e-001
 5.668749e-012  0.0000e+000  6.6950e-001
 5.868749e-012  0.0000e+000  6.6950e-001
 6.068749e-012  0.0000e+000  6.6950e-001
 6.268749e-012  0.0000e+000  6.6950e-001
 6.468749e-012  0.0000e+000  6.6950e-001
 6.668749e-012  0.0000e+000  6.6950e-001
 6.868749e-012  0.0000e+000  6.6950e-001
 7.068749e-012  0.0000e+000  6.6950e-001
 7.268749e-012  0.0000e+000  6.6950e-001
 7.468749e-012  0.0000e+000  6.6950e-001
 7.668749e-012  0.0000e+000  6.6950e-001
 7.868749e-012  0.0000e+000  6.6950e-001
 8.068749e-012  0.0000e+000  6.6950e-001
 8.268749e-012  0.0000e+000  6.6950e-001
 8.468749e-012  0.0000e+000  6.6950e-001
 8.668749e-012  0.0000e+000  6.6950e-001
 8.868749e-012  0.0000e+000  6.6950e-001
 9.068749e-012  0.0000e+000  6.6950e-001
 9.268749e-012  0.0000e+000  6.6950e-001
 9.468749e-012  0.0000e+000  6.6950e-001
 9.668749e-012  0.0000e+000  6.6950e-001
 9.868749e-012  0.0000e+000  6.6950e-001
 1.006874e-011  0.0000e+000  6.6950e-001
 1.026874e-011  0.0000e+000  6.6950e-001
 1.046874e-011  0.0000e+000  6.6950e-001
 1.066874e-011  0.0000e+000  6.6950e-001
 1.086874e-011  0.0000e+000  6.6950e-001
 1.106874e-011  0.0000e+000  6.6950e-001
 1.126874e-011  0.0000e+000  6.6950e-001
 1.146874e-011  0.0000e+000  6.6950e-001
 1.166874e-011  0.0000e+000  6.6950e-001
 1.186874e-011  0.0000e+000  6.6950e-001
 1.206874e-011  0.0000e+000  6.6950e-001
 1.226874e-011  0.0000e+000  6.6950e-001
 1.246874e-011  0.0000e+000  6.6950e-001
 1.266874e-011  0.0000e+000  6.6950e-001
 1.286874e-011  0.0000e+000  6.6950e-001
 1.306874e-011  0.0000e+000  6.6950e-001
 1.326874e-011  0.0000e+000  6.6950e-001
 1.346874e-011  0.0000e+000  6.6950e-001
 1.366874e-011  0.0000e+000  6.6950e-001
 1.386874e-011  0.0000e+000  6.6950e-001
 1.406874e-011  0.0000e+000  6.6950e-001
 1.426874e-011  0.0000e+000  6.6950e-001
 1.446874e-011  0.0000e+000  6.6950e-001
 1.466874e-011  0.0000e+000  6.6950e-001
 1.486874e-011  0.0000e+000  6.6950e-001
 1.506874e-011  0.0000e+000  6.6950e-001
 1.526874e-011  0.0000e+000  6.6950e-001
 1.546874e-011  0.0000e+000  6.6950e-001
 1.566874e-011  0.0000e+000  6.6950e-001
 1.586874e-011  0.0000e+000  6.6950e-001
 1.606874e-011  0.0000e+000  6.6950e-001
 1.626874e-011  0.0000e+000  6.6950e-001
 1.646874e-011  0.0000e+000  6.6950e-001
 1.666874e-011  0.0000e+000  6.6950e-001
 1.686874e-011  0.0000e+000  6.6950e-001
 1.706874e-011  0.0000e+000  6.6950e-001
 1.726874e-011  0.0000e+000  6.6950e-001
 1.746874e-011  0.0000e+000  6.6950e-001
 1.766874e-011  0.0000e+000  6.6950e-001
 1.786874e-011  0.0000e+000  6.6950e-001
 1.806874e-011  0.0000e+000  6.6950e-001
 1.826874e-011  0.0000e+000  6.6950e-001
 1.846874e-011  0.0000e+000  6.6950e-001
 1.866874e-011  0.0000e+000  6.6950e-001
 1.886874e-011  0.0000e+000  6.6950e-001
 1.906874e-011  0.0000e+000  6.6950e-001
 1.926874e-011  0.0000e+000  6.6950e-001
 1.946874e-011  0.0000e+000  6.6950e-001
 1.966874e-011  0.0000e+000  6.6950e-001
 1.986874e-011  0.0000e+000  6.6950e-001
 1.999999e-011  0.0000e+000  6.6950e-001
 2.000999e-011  3.3000e+000  9.9001e-001
 2.001314e-011  3.3000e+000  9.8348e-001
 2.002366e-011  3.3000e+000  9.7477e-001
 2.009849e-011  3.3000e+000  9.3108e-001
 2.029849e-011  3.3000e+000  8.2633e-001
 2.049849e-011  3.3000e+000  7.3041e-001
 2.069849e-011  3.3000e+000  6.4692e-001
 2.089849e-011  3.3000e+000  5.6992e-001
 2.109849e-011  3.3000e+000  5.0339e-001
 2.129849e-011  3.3000e+000  4.4095e-001
 2.149849e-011  3.3000e+000  3.8738e-001
 2.169849e-011  3.3000e+000  3.3668e-001
 2.189849e-011  3.3000e+000  2.9373e-001
 2.209849e-011  3.3000e+000  2.5281e-001
 2.229849e-011  3.3000e+000  2.1867e-001
 2.249849e-011  3.3000e+000  1.8590e-001
 2.269849e-011  3.3000e+000  1.5903e-001
 2.289849e-011  3.3000e+000  1.3301e-001
 2.309849e-011  3.3000e+000  1.1210e-001
 2.329849e-011  3.3000e+000  9.1598e-002
 2.349849e-011  3.3000e+000  7.5513e-002
 2.369849e-011  3.3000e+000  5.9486e-002
 2.389849e-011  3.3000e+000  4.7262e-002
 2.409849e-011  3.3000e+000  3.4822e-002
 2.429849e-011  3.3000e+000  2.5655e-002
 2.449849e-011  3.3000e+000  1.6063e-002
 2.469849e-011  3.3000e+000  9.2905e-003
 2.489849e-011  3.3000e+000  1.9449e-003
 2.509849e-011  3.3000e+000 -3.4775e-003
 2.529849e-011  3.3000e+000 -9.5043e-003
 2.549849e-011  3.3000e+000 -1.3601e-002
 2.569849e-011  3.3000e+000 -1.8013e-002
 2.589849e-011  3.3000e+000 -2.0808e-002
 2.609849e-011  3.3000e+000 -2.4023e-002
 2.629849e-011  3.3000e+000 -2.5862e-002
 2.649849e-011  3.3000e+000 -2.8180e-002
 2.669849e-011  3.3000e+000 -2.9314e-002
 2.689849e-011  3.3000e+000 -3.0957e-002
 2.709849e-011  3.3000e+000 -3.1569e-002
 2.729849e-011  3.3000e+000 -3.2700e-002
 2.749849e-011  3.3000e+000 -3.2926e-002
 2.769849e-011  3.3000e+000 -3.3667e-002
 2.789849e-011  3.3000e+000 -3.3605e-002
 2.809849e-011  3.3000e+000 -3.4048e-002
 2.829849e-011  3.3000e+000 -3.3775e-002
 2.849849e-011  3.3000e+000 -3.3988e-002
 2.869849e-011  3.3000e+000 -3.3559e-002
 2.889849e-011  3.3000e+000 -3.3595e-002
 2.909849e-011  3.3000e+000 -3.3051e-002
 2.929849e-011  3.3000e+000 -3.2950e-002
 2.949849e-011  3.3000e+000 -3.2323e-002
 2.969849e-011  3.3000e+000 -3.2114e-002
 2.989849e-011  3.3000e+000 -3.1428e-002
 3.009849e-011  3.3000e+000 -3.1136e-002
 3.029849e-011  3.3000e+000 -3.0409e-002
 3.049849e-011  3.3000e+000 -3.0053e-002
 3.069849e-011  3.3000e+000 -2.9297e-002
 3.089849e-011  3.3000e+000 -2.8892e-002
 3.109849e-011  3.3000e+000 -2.8121e-002
 3.129849e-011  3.3000e+000 -2.7678e-002
 3.149849e-011  3.3000e+000 -2.6900e-002
 3.169849e-011  3.3000e+000 -2.6431e-002
 3.189849e-011  3.3000e+000 -2.5653e-002
 3.209849e-011  3.3000e+000 -2.5166e-002
 3.229849e-011  3.3000e+000 -2.4395e-002
 3.249849e-011  3.3000e+000 -2.3898e-002
 3.269849e-011  3.3000e+000 -2.3139e-002
 3.289849e-011  3.3000e+000 -2.2638e-002
 3.309849e-011  3.3000e+000 -2.1895e-002
 3.329849e-011  3.3000e+000 -2.1395e-002
 3.349849e-011  3.3000e+000 -2.0673e-002
 3.369849e-011  3.3000e+000 -2.0179e-002
 3.389849e-011  3.3000e+000 -1.9479e-002
 3.409849e-011  3.3000e+000 -1.8995e-002
 3.429849e-011  3.3000e+000 -1.8321e-002
 3.449849e-011  3.3000e+000 -1.7848e-002
 3.469849e-011  3.3000e+000 -1.7201e-002
 3.489849e-011  3.3000e+000 -1.6742e-002
 3.509849e-011  3.3000e+000 -1.6124e-002
 3.529849e-011  3.3000e+000 -1.5681e-002
 3.549849e-011  3.3000e+000 -1.5091e-002
 3.569849e-011  3.3000e+000 -1.4666e-002
 3.589849e-011  3.3000e+000 -1.4104e-002
 3.609849e-011  3.3000e+000 -1.3697e-002
 3.629849e-011  3.3000e+000 -1.3165e-002
 3.649849e-011  3.3000e+000 -1.2776e-002
 3.669849e-011  3.3000e+000 -1.2272e-002
 3.689849e-011  3.3000e+000 -1.1903e-002
 3.709849e-011  3.3000e+000 -1.1426e-002
 3.729849e-011  3.3000e+000 -1.1076e-002
 3.749849e-011  3.3000e+000 -1.0627e-002
 3.769849e-011  3.3000e+000 -1.0295e-002
 3.789849e-011  3.3000e+000 -9.8725e-003
 3.809849e-011  3.3000e+000 -9.5593e-003
 3.829849e-011  3.3000e+000 -9.1623e-003
 3.849849e-011  3.3000e+000 -8.8671e-003
 3.869849e-011  3.3000e+000 -8.4947e-003
 3.889849e-011  3.3000e+000 -8.2171e-003
 3.909849e-011  3.3000e+000 -7.8683e-003
 3.929849e-011  3.3000e+000 -7.6076e-003
 3.949849e-011  3.3000e+000 -7.2813e-003
 3.969849e-011  3.3000e+000 -7.0370e-003
 3.989849e-011  3.3000e+000 -6.7322e-003
 4.009849e-011  3.3000e+000 -6.5035e-003
 4.029849e-011  3.3000e+000 -6.2191e-003
 4.049849e-011  3.3000e+000 -6.0054e-003
 4.069849e-011  3.3000e+000 -5.7403e-003
 4.089849e-011  3.3000e+000 -5.5409e-003
 4.109849e-011  3.3000e+000 -5.2941e-003
 4.129849e-011  3.3000e+000 -5.1083e-003
 4.149849e-011  3.3000e+000 -4.8788e-003
 4.169849e-011  3.3000e+000 -4.7058e-003
 4.189849e-011  3.3000e+000 -4.4925e-003
 4.209849e-011  3.3000e+000 -4.3317e-003
 4.229849e-011  3.3000e+000 -4.1337e-003
 4.249849e-011  3.3000e+000 -3.9843e-003
 4.269849e-011  3.3000e+000 -3.8007e-003
 4.289849e-011  3.3000e+000 -3.6620e-003
 4.309849e-011  3.3000e+000 -3.4919e-003
 4.329849e-011  3.3000e+000 -3.3634e-003
 4.349849e-011  3.3000e+000 -3.2059e-003
 4.369849e-011  3.3000e+000 -3.0868e-003
 4.389849e-011  3.3000e+000 -2.9411e-003
 4.409849e-011  3.3000e+000 -2.8310e-003
 4.429849e-011  3.3000e+000 -2.6963e-003
 4.449849e-011  3.3000e+000 -2.5944e-003
 4.469849e-011  3.3000e+000 -2.4699e-003
 4.489849e-011  3.3000e+000 -2.3758e-003
 4.509849e-011  3.3000e+000 -2.2609e-003
 4.529849e-011  3.3000e+000 -2.1740e-003
 4.549849e-011  3.3000e+000 -2.0680e-003
 4.569849e-011  3.3000e+000 -1.9878e-003
 4.589849e-011  3.3000e+000 -1.8900e-003
 4.609849e-011  3.3000e+000 -1.8160e-003
 4.629849e-011  3.3000e+000 -1.7260e-003
 4.649849e-011  3.3000e+000 -1.6578e-003
 4.669849e-011  3.3000e+000 -1.5749e-003
 4.689849e-011  3.3000e+000 -1.5120e-003
 4.709849e-011  3.3000e+000 -1.4357e-003
 4.729849e-011  3.3000e+000 -1.3778e-003
 4.749849e-011  3.3000e+000 -1.3076e-003
 4.769849e-011  3.3000e+000 -1.2543e-003
 4.789849e-011  3.3000e+000 -1.1898e-003
 4.809849e-011  3.3000e+000 -1.1408e-003
 4.829849e-011  3.3000e+000 -1.0815e-003
 4.849849e-011  3.3000e+000 -1.0363e-003
 4.869849e-011  3.3000e+000 -9.8187e-004
 4.889849e-011  3.3000e+000 -9.4039e-004
 4.909849e-011  3.3000e+000 -8.9038e-004
 4.929849e-011  3.3000e+000 -8.5224e-004
 4.949849e-011  3.3000e+000 -8.0634e-004
 4.969849e-011  3.3000e+000 -7.7128e-004
 4.989849e-011  3.3000e+000 -7.2919e-004
 5.009849e-011  3.3000e+000 -6.9697e-004
 5.029849e-011  3.3000e+000 -6.5839e-004
 5.049849e-011  3.3000e+000 -6.2878e-004
 5.069849e-011  3.3000e+000 -5.9342e-004
 5.089849e-011  3.3000e+000 -5.6621e-004
 5.109849e-011  3.3000e+000 -5.3383e-004
 5.129849e-011  3.3000e+000 -5.0883e-004
 5.149849e-011  3.3000e+000 -4.7918e-004
 5.169849e-011  3.3000e+000 -4.5621e-004
 5.189849e-011  3.3000e+000 -4.2908e-004
 5.209849e-011  3.3000e+000 -4.0797e-004
 5.229849e-011  3.3000e+000 -3.8316e-004
 5.249849e-011  3.3000e+000 -3.6377e-004
 5.269849e-011  3.3000e+000 -3.4109e-004
 5.289849e-011  3.3000e+000 -3.2326e-004
 5.309849e-011  3.3000e+000 -3.0254e-004
 5.329849e-011  3.3000e+000 -2.8616e-004
 5.349849e-011  3.3000e+000 -2.6723e-004
 5.369849e-011  3.3000e+000 -2.5217e-004
 5.389849e-011  3.3000e+000 -2.3489e-004
 5.409849e-011  3.3000e+000 -2.2104e-004
 5.429849e-011  3.3000e+000 -2.0528e-004
 5.449849e-011  3.3000e+000 -1.9255e-004
 5.469849e-011  3.3000e+000 -1.7818e-004
 5.489849e-011  3.3000e+000 -1.6646e-004
 5.509849e-011  3.3000e+000 -1.5336e-004
 5.529849e-011  3.3000e+000 -1.4258e-004
 5.549849e-011  3.3000e+000 -1.3065e-004
 5.569849e-011  3.3000e+000 -1.2072e-004
 5.589849e-011  3.3000e+000 -1.0987e-004
 5.609849e-011  3.3000e+000 -1.0072e-004
 5.629849e-011  3.3000e+000 -9.0857e-005
 5.649849e-011  3.3000e+000 -8.2425e-005
 5.669849e-011  3.3000e+000 -7.3460e-005
 5.689849e-011  3.3000e+000 -6.5685e-005
 5.709849e-011  3.3000e+000 -5.7545e-005
 5.729849e-011  3.3000e+000 -5.0371e-005
 5.749849e-011  3.3000e+000 -4.2987e-005
 5.769849e-011  3.3000e+000 -3.6363e-005
 5.789849e-011  3.3000e+000 -2.9671e-005
 5.809849e-011  3.3000e+000 -2.3552e-005
 5.829849e-011  3.3000e+000 -1.7494e-005
 5.849849e-011  3.3000e+000 -1.1836e-005
 5.869849e-011  3.3000e+000 -6.3572e-006
 5.889849e-011  3.3000e+000 -1.1228e-006
 5.909849e-011  3.3000e+000  3.6207e-006
 5.929849e-011  3.3000e+000  7.6158e-006
 5.949849e-011  3.3000e+000  1.1997e-005
 5.969849e-011  3.3000e+000  1.5767e-005
 5.989849e-011  3.3000e+000  1.9802e-005
 6.009849e-011  3.3000e+000  2.3355e-005
 6.029849e-011  3.3000e+000  2.7063e-005
 6.049849e-011  3.3000e+000  3.0407e-005
 6.069849e-011  3.3000e+000  3.3805e-005
 6.089849e-011  3.3000e+000  3.6952e-005
 6.109849e-011  3.3000e+000  4.0058e-005
 6.129849e-011  3.3000e+000  4.3017e-005
 6.149849e-011  3.3000e+000  4.5850e-005
 6.169849e-011  3.3000e+000  4.8631e-005
 6.189849e-011  3.3000e+000  5.1208e-005
 6.209849e-011  3.3000e+000  5.3822e-005
 6.229849e-011  3.3000e+000  5.6159e-005
 6.249849e-011  3.3000e+000  5.8617e-005
 6.269849e-011  3.3000e+000  6.0731e-005
 6.289849e-011  3.3000e+000  6.3042e-005
 6.309849e-011  3.3000e+000  6.4948e-005
 6.329849e-011  3.3000e+000  6.7122e-005
 6.349849e-011  3.3000e+000  6.8836e-005
 6.369849e-011  3.3000e+000  7.0881e-005
 6.389849e-011  3.3000e+000  7.2417e-005
 6.409849e-011  3.3000e+000  7.4342e-005
 6.429849e-011  3.3000e+000  7.5714e-005
 6.449849e-011  3.3000e+000  7.7527e-005
 6.469849e-011  3.3000e+000  7.8747e-005
 6.489849e-011  3.3000e+000  8.0456e-005
 6.509849e-011  3.3000e+000  8.1536e-005
 6.529849e-011  3.3000e+000  8.3148e-005
 6.549849e-011  3.3000e+000  8.4099e-005
 6.569849e-011  3.3000e+000  8.5622e-005
 6.589849e-011  3.3000e+000  8.6454e-005
 6.609849e-011  3.3000e+000  8.7893e-005
 6.629849e-011  3.3000e+000  8.8617e-005
 6.649849e-011  3.3000e+000  8.9978e-005
 6.669849e-011  3.3000e+000  9.0602e-005
 6.689849e-011  3.3000e+000  9.1891e-005
 6.709849e-011  3.3000e+000  9.2424e-005
 6.729849e-011  3.3000e+000  9.3645e-005
 6.749849e-011  3.3000e+000  9.4095e-005
 6.769849e-011  3.3000e+000  9.5254e-005
 6.789849e-011  3.3000e+000  9.5628e-005
 6.809849e-011  3.3000e+000  9.6729e-005
 6.829849e-011  3.3000e+000  9.7033e-005
 6.849849e-011  3.3000e+000  9.8081e-005
 6.869849e-011  3.3000e+000  9.8322e-005
 6.889849e-011  3.3000e+000  9.9319e-005
 6.909849e-011  3.3000e+000  9.9502e-005
 6.929849e-011  3.3000e+000  1.0045e-004
 6.949849e-011  3.3000e+000  1.0058e-004
 6.969849e-011  3.3000e+000  1.0149e-004
 6.989849e-011  3.3000e+000  1.0158e-004
 7.009849e-011  3.3000e+000  1.0244e-004
 7.029849e-011  3.3000e+000  1.0248e-004
 7.049849e-011  3.3000e+000  1.0331e-004
 7.069849e-011  3.3000e+000  1.0332e-004
 7.089849e-011  3.3000e+000  1.0411e-004
 7.109849e-011  3.3000e+000  1.0408e-004
 7.129849e-011  3.3000e+000  1.0484e-004
 7.149849e-011  3.3000e+000  1.0478e-004
 7.169849e-011  3.3000e+000  1.0550e-004
 7.189849e-011  3.3000e+000  1.0541e-004
 7.209849e-011  3.3000e+000  1.0611e-004
 7.229849e-011  3.3000e+000  1.0600e-004
 7.249849e-011  3.3000e+000  1.0667e-004
 7.269849e-011  3.3000e+000  1.0653e-004
 7.289849e-011  3.3000e+000  1.0718e-004
 7.309849e-011  3.3000e+000  1.0702e-004
 7.329849e-011  3.3000e+000  1.0765e-004
 7.349849e-011  3.3000e+000  1.0747e-004
 7.369849e-011  3.3000e+000  1.0807e-004
 7.389849e-011  3.3000e+000  1.0788e-004
 7.409849e-011  3.3000e+000  1.0846e-004
 7.429849e-011  3.3000e+000  1.0826e-004
 7.449849e-011  3.3000e+000  1.0882e-004
 7.469849e-011  3.3000e+000  1.0860e-004
 7.489849e-011  3.3000e+000  1.0914e-004
 7.509849e-011  3.3000e+000  1.0892e-004
 7.529849e-011  3.3000e+000  1.0944e-004
 7.549849e-011  3.3000e+000  1.0921e-004
 7.569849e-011  3.3000e+000  1.0971e-004
 7.589849e-011  3.3000e+000  1.0947e-004
 7.609849e-011  3.3000e+000  1.0996e-004
 7.629849e-011  3.3000e+000  1.0971e-004
 7.649849e-011  3.3000e+000  1.1018e-004
 7.669849e-011  3.3000e+000  1.0993e-004
 7.689849e-011  3.3000e+000  1.1039e-004
 7.709849e-011  3.3000e+000  1.1014e-004
 7.729849e-011  3.3000e+000  1.1058e-004
 7.749849e-011  3.3000e+000  1.1032e-004
 7.769849e-011  3.3000e+000  1.1075e-004
 7.789849e-011  3.3000e+000  1.1049e-004
 7.809849e-011  3.3000e+000  1.1091e-004
 7.829849e-011  3.3000e+000  1.1065e-004
 7.849849e-011  3.3000e+000  1.1105e-004
 7.869849e-011  3.3000e+000  1.1079e-004
 7.889849e-011  3.3000e+000  1.1118e-004
 7.909849e-011  3.3000e+000  1.1092e-004
 7.929849e-011  3.3000e+000  1.1130e-004
 7.949849e-011  3.3000e+000  1.1104e-004
 7.969849e-011  3.3000e+000  1.1141e-004
 7.989849e-011  3.3000e+000  1.1115e-004
 7.999999e-011  3.3000e+000  1.1148e-004
 8.000999e-011  0.0000e+000 -3.0793e-001
 8.0013149e-011  0.0000e+000 -2.9664e-001
 8.002265e-011  0.0000e+000 -2.8695e-001
 8.010114e-011  0.0000e+000 -2.4319e-001
 8.030114e-011  0.0000e+000 -1.4365e-001
 8.050114e-011  0.0000e+000 -5.0359e-002
 8.070114e-011  0.0000e+000  2.7113e-002
 8.090114e-011  0.0000e+000  9.9303e-002
 8.110114e-011  0.0000e+000  1.6732e-001
 8.130114e-011  0.0000e+000  2.3822e-001
 8.150114e-011  0.0000e+000  3.0720e-001
 8.170114e-011  0.0000e+000  3.7642e-001
 8.190114e-011  0.0000e+000  4.4262e-001
 8.210114e-011  0.0000e+000  5.0643e-001
 8.230114e-011  0.0000e+000  5.6693e-001
 8.250114e-011  0.0000e+000  6.2459e-001
 8.270114e-011  0.0000e+000  6.7917e-001
 8.290114e-011  0.0000e+000  7.3090e-001
 8.310114e-011  0.0000e+000  7.7979e-001
 8.330114e-011  0.0000e+000  8.2590e-001
 8.350114e-011  0.0000e+000  8.6941e-001
 8.370114e-011  0.0000e+000  9.1023e-001
 8.390114e-011  0.0000e+000  9.4865e-001
 8.410114e-011  0.0000e+000  9.8452e-001
 8.430114e-011  0.0000e+000  1.0182e+000
 8.450114e-011  0.0000e+000  1.0495e+000
 8.470114e-011  0.0000e+000  1.0788e+000
 8.490114e-011  0.0000e+000  1.1058e+000
 8.510114e-011  0.0000e+000  1.1310e+000
 8.530114e-011  0.0000e+000  1.1541e+000
 8.550114e-011  0.0000e+000  1.1755e+000
 8.570114e-011  0.0000e+000  1.1951e+000
 8.590114e-011  0.0000e+000  1.2131e+000
 8.610114e-011  0.0000e+000  1.2294e+000
 8.630114e-011  0.0000e+000  1.2443e+000
 8.650114e-011  0.0000e+000  1.2576e+000
 8.670114e-011  0.0000e+000  1.2697e+000
 8.690114e-011  0.0000e+000  1.2803e+000
 8.710114e-011  0.0000e+000  1.2899e+000
 8.730114e-011  0.0000e+000  1.2981e+000
 8.750114e-011  0.0000e+000  1.3054e+000
 8.770114e-011  0.0000e+000  1.3114e+000
 8.790114e-011  0.0000e+000  1.3166e+000
 8.810114e-011  0.0000e+000  1.3207e+000
 8.830114e-011  0.0000e+000  1.3240e+000
 8.850114e-011  0.0000e+000  1.3264e+000
 8.870114e-011  0.0000e+000  1.3281e+000
 8.890114e-011  0.0000e+000  1.3288e+000
 8.910114e-011  0.0000e+000  1.3291e+000
 8.930114e-011  0.0000e+000  1.3285e+000
 8.950114e-011  0.0000e+000  1.3274e+000
 8.970114e-011  0.0000e+000  1.3256e+000
 8.990114e-011  0.0000e+000  1.3233e+000
 9.010114e-011  0.0000e+000  1.3204e+000
 9.030114e-011  0.0000e+000  1.3172e+000
 9.050114e-011  0.0000e+000  1.3133e+000
 9.070114e-011  0.0000e+000  1.3092e+000
 9.090114e-011  0.0000e+000  1.3045e+000
 9.110114e-011  0.0000e+000  1.2995e+000
 9.130114e-011  0.0000e+000  1.2941e+000
 9.150114e-011  0.0000e+000  1.2885e+000
 9.170114e-011  0.0000e+000  1.2825e+000
 9.190114e-011  0.0000e+000  1.2763e+000
 9.210114e-011  0.0000e+000  1.2697e+000
 9.230114e-011  0.0000e+000  1.2630e+000
 9.250114e-011  0.0000e+000  1.2559e+000
 9.270114e-011  0.0000e+000  1.2488e+000
 9.290114e-011  0.0000e+000  1.2413e+000
 9.310114e-011  0.0000e+000  1.2338e+000
 9.330114e-011  0.0000e+000  1.2261e+000
 9.350114e-011  0.0000e+000  1.2183e+000
 9.370114e-011  0.0000e+000  1.2103e+000
 9.390114e-011  0.0000e+000  1.2022e+000
 9.410114e-011  0.0000e+000  1.1940e+000
 9.430114e-011  0.0000e+000  1.1858e+000
 9.450114e-011  0.0000e+000  1.1774e+000
 9.470114e-011  0.0000e+000  1.1691e+000
 9.490114e-011  0.0000e+000  1.1606e+000
 9.510114e-011  0.0000e+000  1.1522e+000
 9.530114e-011  0.0000e+000  1.1436e+000
 9.550114e-011  0.0000e+000  1.1351e+000
 9.570114e-011  0.0000e+000  1.1266e+000
 9.590114e-011  0.0000e+000  1.1181e+000
 9.610114e-011  0.0000e+000  1.1095e+000
 9.630114e-011  0.0000e+000  1.1011e+000
 9.650114e-011  0.0000e+000  1.0926e+000
 9.670114e-011  0.0000e+000  1.0842e+000
 9.690114e-011  0.0000e+000  1.0758e+000
 9.710114e-011  0.0000e+000  1.0675e+000
 9.730114e-011  0.0000e+000  1.0592e+000
 9.750114e-011  0.0000e+000  1.0510e+000
 9.770114e-011  0.0000e+000  1.0429e+000
 9.790114e-011  0.0000e+000  1.0349e+000
 9.810114e-011  0.0000e+000  1.0269e+000
 9.830114e-011  0.0000e+000  1.0191e+000
 9.850114e-011  0.0000e+000  1.0113e+000
 9.870114e-011  0.0000e+000  1.0037e+000
 9.890114e-011  0.0000e+000  9.9616e-001
 9.910114e-011  0.0000e+000  9.8877e-001
 9.930114e-011  0.0000e+000  9.8148e-001
 9.950114e-011  0.0000e+000  9.7435e-001
 9.970114e-011  0.0000e+000  9.6733e-001
 9.990114e-011  0.0000e+000  9.6047e-001
 1.000000e-010  0.0000e+000  9.5712e-001
*

* Parsing                      0.01 seconds
* Setup                        0.02 seconds
* DC operating point           0.00 seconds
* Transient Analysis           0.02 seconds
* Overhead                     1.30 seconds
* -----------------------------------------
* Total                        1.35 seconds

* Simulation completed	with  4 Warnings

* End of T-Spice output file
