* T-Spice 13.00 Simulation	Sat Feb 02 00:27:44 2019	C:\Users\makif\Google Drive\TEZ ÇALIÞMAM\çizim\Counter_TDC\Counter_TDC\buffer.sp
* Command line: tspice -o "C:\Users\makif\Google Drive\TEZ ÇALIÞMAM\çizim\Counter_TDC\Counter_TDC\buffer.out" "C:\Users\makif\Google Drive\TEZ ÇALIÞMAM\çizim\Counter_TDC\Counter_TDC\buffer.sp" 
* T-Spice Win32 13.00.20080321.01:01:33
* Warning : "130nm.md" line 1 Invalid binned model NMOS
*         : "130nm.md" line 1 Binned models must define LMIN, LMAX, WMIN, and WMAX, and have a name suffix of .# (e.g. nch.1)
* Warning : "130nm.md" line 142 Invalid binned model PMOS
*         : "130nm.md" line 142 Binned models must define LMIN, LMAX, WMIN, and WMAX, and have a name suffix of .# (e.g. nch.1)
* Warning : Device MN1 - Acde = 0.3 is too small.

*SEDIT: Alter blocks = 0

* Accuracy and Convergence options:
* numndset|dchold = 100
* 
* Timestep and Integration options:
*  relq|relchgtol = 0.0005
* 
* Model Evaluation options:
*            dcap = 2                    defnrb = 0 [sq]               defnrd = 0 [sq]
*          defnrs = 0 [sq]                 tnom = 25 [deg C]
* 
* General options:
*            temp = 25 [deg C]          threads = 8
* 
* Output options:
*           acout = 1                    ingold = 0
* 


*  Device and node counts:
*             MOSFETs - 4                 MOSFET geometries - 6       
*                BJTs - 0                             JFETs - 0       
*             MESFETs - 0                            Diodes - 0       
*          Capacitors - 0                         Resistors - 0       
*           Inductors - 0                  Mutual inductors - 0       
*  Transmission lines - 0        Coupled transmission lines - 0       
*     Voltage sources - 2                   Current sources - 0       
*                VCVS - 0                              VCCS - 0       
*                CCVS - 0                              CCCS - 0       
*    V-control switch - 0                  I-control switch - 0       
*       Macro devices - 0        External C model instances - 0       
*         HDL devices - 0       
*         Subcircuits - 0              Subcircuit instances - 0       
*   Independent nodes - 10                   Boundary nodes - 3       
*         Total nodes - 13      

* *** 4 WARNING MESSAGES GENERATED DURING SETUP


*SEDIT: Alter=0
*SEDIT: Analysis types DCOP 0 ACMODEL 0 AC 0 TRANSIENT 1 TRANSFER 0 NOISE 0 

*WEDIT: .tran   1e-010   1e-007
TRANSIENT ANALYSIS
Time<s>        v(In,Gnd)<V>  v(Out,Gnd)<V>
 0.000000e+000  0.0000e+000  6.4955e-005
 6.250000e-012  0.0000e+000  6.4955e-005
 6.875000e-011  0.0000e+000  6.4955e-005
 2.687500e-010  0.0000e+000  6.4955e-005
 4.687500e-010  0.0000e+000  6.4955e-005
 6.687500e-010  0.0000e+000  6.4955e-005
 8.687500e-010  0.0000e+000  6.4955e-005
 1.068750e-009  0.0000e+000  6.4955e-005
 1.268750e-009  0.0000e+000  6.4955e-005
 1.468750e-009  0.0000e+000  6.4955e-005
 1.668750e-009  0.0000e+000  6.4955e-005
 1.868750e-009  0.0000e+000  6.4955e-005
 2.068750e-009  0.0000e+000  6.4955e-005
 2.268750e-009  0.0000e+000  6.4955e-005
 2.468750e-009  0.0000e+000  6.4955e-005
 2.668750e-009  0.0000e+000  6.4955e-005
 2.868750e-009  0.0000e+000  6.4955e-005
 3.068750e-009  0.0000e+000  6.4955e-005
 3.268750e-009  0.0000e+000  6.4955e-005
 3.468750e-009  0.0000e+000  6.4955e-005
 3.668750e-009  0.0000e+000  6.4955e-005
 3.868750e-009  0.0000e+000  6.4955e-005
 4.068750e-009  0.0000e+000  6.4956e-005
 4.268750e-009  0.0000e+000  6.4957e-005
 4.468750e-009  0.0000e+000  6.4958e-005
 4.668750e-009  0.0000e+000  6.4958e-005
 4.868750e-009  0.0000e+000  6.4952e-005
 5.068750e-009  0.0000e+000  6.4958e-005
 5.268750e-009  0.0000e+000  6.4953e-005
 5.468750e-009  0.0000e+000  6.4958e-005
 5.668750e-009  0.0000e+000  6.4953e-005
 5.868750e-009  0.0000e+000  6.4958e-005
 6.068750e-009  0.0000e+000  6.4953e-005
 6.268750e-009  0.0000e+000  6.4958e-005
 6.468750e-009  0.0000e+000  6.4953e-005
 6.668750e-009  0.0000e+000  6.4957e-005
 6.868750e-009  0.0000e+000  6.4953e-005
 7.068750e-009  0.0000e+000  6.4957e-005
 7.268750e-009  0.0000e+000  6.4953e-005
 7.468750e-009  0.0000e+000  6.4957e-005
 7.668750e-009  0.0000e+000  6.4954e-005
 7.868750e-009  0.0000e+000  6.4957e-005
 8.068750e-009  0.0000e+000  6.4954e-005
 8.268750e-009  0.0000e+000  6.4957e-005
 8.468750e-009  0.0000e+000  6.4954e-005
 8.668750e-009  0.0000e+000  6.4957e-005
 8.868750e-009  0.0000e+000  6.4954e-005
 9.068750e-009  0.0000e+000  6.4957e-005
 9.268750e-009  0.0000e+000  6.4954e-005
 9.468750e-009  0.0000e+000  6.4957e-005
 9.668750e-009  0.0000e+000  6.4954e-005
 9.868750e-009  0.0000e+000  6.4957e-005
 1.006875e-008  0.0000e+000  6.4954e-005
 1.026875e-008  0.0000e+000  6.4956e-005
 1.046875e-008  0.0000e+000  6.4954e-005
 1.066875e-008  0.0000e+000  6.4956e-005
 1.086875e-008  0.0000e+000  6.4954e-005
 1.106875e-008  0.0000e+000  6.4956e-005
 1.126875e-008  0.0000e+000  6.4954e-005
 1.146875e-008  0.0000e+000  6.4956e-005
 1.166875e-008  0.0000e+000  6.4955e-005
 1.186875e-008  0.0000e+000  6.4956e-005
 1.206875e-008  0.0000e+000  6.4955e-005
 1.226875e-008  0.0000e+000  6.4956e-005
 1.246875e-008  0.0000e+000  6.4955e-005
 1.266875e-008  0.0000e+000  6.4956e-005
 1.286875e-008  0.0000e+000  6.4955e-005
 1.306875e-008  0.0000e+000  6.4956e-005
 1.326875e-008  0.0000e+000  6.4955e-005
 1.346875e-008  0.0000e+000  6.4956e-005
 1.366875e-008  0.0000e+000  6.4955e-005
 1.386875e-008  0.0000e+000  6.4956e-005
 1.406875e-008  0.0000e+000  6.4955e-005
 1.426875e-008  0.0000e+000  6.4956e-005
 1.446875e-008  0.0000e+000  6.4955e-005
 1.466875e-008  0.0000e+000  6.4956e-005
 1.486875e-008  0.0000e+000  6.4955e-005
 1.506875e-008  0.0000e+000  6.4956e-005
 1.526875e-008  0.0000e+000  6.4955e-005
 1.546875e-008  0.0000e+000  6.4956e-005
 1.566875e-008  0.0000e+000  6.4955e-005
 1.586875e-008  0.0000e+000  6.4956e-005
 1.606875e-008  0.0000e+000  6.4955e-005
 1.626874e-008  0.0000e+000  6.4956e-005
 1.646874e-008  0.0000e+000  6.4955e-005
 1.666874e-008  0.0000e+000  6.4956e-005
 1.686874e-008  0.0000e+000  6.4955e-005
 1.706874e-008  0.0000e+000  6.4956e-005
 1.726874e-008  0.0000e+000  6.4955e-005
 1.746874e-008  0.0000e+000  6.4956e-005
 1.766874e-008  0.0000e+000  6.4955e-005
 1.786874e-008  0.0000e+000  6.4956e-005
 1.806874e-008  0.0000e+000  6.4955e-005
 1.826874e-008  0.0000e+000  6.4956e-005
 1.846874e-008  0.0000e+000  6.4955e-005
 1.866874e-008  0.0000e+000  6.4956e-005
 1.886874e-008  0.0000e+000  6.4955e-005
 1.906874e-008  0.0000e+000  6.4956e-005
 1.926874e-008  0.0000e+000  6.4955e-005
 1.946874e-008  0.0000e+000  6.4956e-005
 1.966874e-008  0.0000e+000  6.4955e-005
 1.986874e-008  0.0000e+000  6.4956e-005
 2.000000e-008  0.0000e+000  6.4955e-005
 2.0001000e-008  3.3000e+000  1.3430e-003
 2.0001315e-008  3.3000e+000 -2.9020e-002
 2.000339e-008  3.3000e+000 -1.3115e-002
 2.000575e-008  3.3000e+000  3.6384e-002
 2.0007364e-008  3.3000e+000  1.2060e-001
 2.0008819e-008  3.3000e+000  3.1694e-001
 2.0010299e-008  3.3000e+000  6.7600e-001
 2.0011784e-008  3.3000e+000  1.1254e+000
 2.0013115e-008  3.3000e+000  1.5392e+000
 2.0014405e-008  3.3000e+000  1.9062e+000
 2.0015884e-008  3.3000e+000  2.2503e+000
 2.0017786e-008  3.3000e+000  2.5512e+000
 2.002056e-008  3.3000e+000  2.8284e+000
 2.002504e-008  3.3000e+000  3.0751e+000
 2.003297e-008  3.3000e+000  3.2472e+000
 2.005030e-008  3.3000e+000  3.3080e+000
 2.011459e-008  3.3000e+000  3.2942e+000
 2.031459e-008  3.3000e+000  3.3048e+000
 2.051459e-008  3.3000e+000  3.2954e+000
 2.071459e-008  3.3000e+000  3.3037e+000
 2.091459e-008  3.3000e+000  3.2963e+000
 2.111459e-008  3.3000e+000  3.3029e+000
 2.131459e-008  3.3000e+000  3.2971e+000
 2.151459e-008  3.3000e+000  3.3022e+000
 2.171459e-008  3.3000e+000  3.2977e+000
 2.191459e-008  3.3000e+000  3.3017e+000
 2.211459e-008  3.3000e+000  3.2981e+000
 2.231459e-008  3.3000e+000  3.3013e+000
 2.251459e-008  3.3000e+000  3.2985e+000
 2.271459e-008  3.3000e+000  3.3010e+000
 2.291459e-008  3.3000e+000  3.2987e+000
 2.311459e-008  3.3000e+000  3.3007e+000
 2.331459e-008  3.3000e+000  3.2990e+000
 2.351459e-008  3.3000e+000  3.3005e+000
 2.371459e-008  3.3000e+000  3.2991e+000
 2.391459e-008  3.3000e+000  3.3004e+000
 2.411459e-008  3.3000e+000  3.2993e+000
 2.431459e-008  3.3000e+000  3.3003e+000
 2.451459e-008  3.3000e+000  3.2994e+000
 2.471459e-008  3.3000e+000  3.3002e+000
 2.491459e-008  3.3000e+000  3.2995e+000
 2.511459e-008  3.3000e+000  3.3001e+000
 2.531459e-008  3.3000e+000  3.2995e+000
 2.551459e-008  3.3000e+000  3.3000e+000
 2.571459e-008  3.3000e+000  3.2996e+000
 2.591459e-008  3.3000e+000  3.3000e+000
 2.611459e-008  3.3000e+000  3.2996e+000
 2.631459e-008  3.3000e+000  3.2999e+000
 2.651459e-008  3.3000e+000  3.2997e+000
 2.671459e-008  3.3000e+000  3.2999e+000
 2.691459e-008  3.3000e+000  3.2997e+000
 2.711459e-008  3.3000e+000  3.2999e+000
 2.731459e-008  3.3000e+000  3.2997e+000
 2.751459e-008  3.3000e+000  3.2999e+000
 2.771459e-008  3.3000e+000  3.2997e+000
 2.791459e-008  3.3000e+000  3.2999e+000
 2.811459e-008  3.3000e+000  3.2997e+000
 2.831459e-008  3.3000e+000  3.2998e+000
 2.851459e-008  3.3000e+000  3.2998e+000
 2.871459e-008  3.3000e+000  3.2998e+000
 2.891459e-008  3.3000e+000  3.2998e+000
 2.911459e-008  3.3000e+000  3.2998e+000
 2.931459e-008  3.3000e+000  3.2998e+000
 2.951459e-008  3.3000e+000  3.2998e+000
 2.971459e-008  3.3000e+000  3.2998e+000
 2.991459e-008  3.3000e+000  3.2998e+000
 3.011459e-008  3.3000e+000  3.2998e+000
 3.031459e-008  3.3000e+000  3.2998e+000
 3.051459e-008  3.3000e+000  3.2998e+000
 3.071459e-008  3.3000e+000  3.2998e+000
 3.091459e-008  3.3000e+000  3.2998e+000
 3.111459e-008  3.3000e+000  3.2998e+000
 3.131459e-008  3.3000e+000  3.2998e+000
 3.151459e-008  3.3000e+000  3.2998e+000
 3.171459e-008  3.3000e+000  3.2998e+000
 3.191459e-008  3.3000e+000  3.2998e+000
 3.211459e-008  3.3000e+000  3.2998e+000
 3.231459e-008  3.3000e+000  3.2998e+000
 3.251459e-008  3.3000e+000  3.2998e+000
 3.271459e-008  3.3000e+000  3.2998e+000
 3.291459e-008  3.3000e+000  3.2998e+000
 3.311459e-008  3.3000e+000  3.2998e+000
 3.331459e-008  3.3000e+000  3.2998e+000
 3.351459e-008  3.3000e+000  3.2998e+000
 3.371459e-008  3.3000e+000  3.2998e+000
 3.391459e-008  3.3000e+000  3.2998e+000
 3.411459e-008  3.3000e+000  3.2998e+000
 3.431459e-008  3.3000e+000  3.2998e+000
 3.451459e-008  3.3000e+000  3.2998e+000
 3.471459e-008  3.3000e+000  3.2998e+000
 3.491459e-008  3.3000e+000  3.2998e+000
 3.511459e-008  3.3000e+000  3.2998e+000
 3.531459e-008  3.3000e+000  3.2998e+000
 3.551459e-008  3.3000e+000  3.2998e+000
 3.571459e-008  3.3000e+000  3.2998e+000
 3.591459e-008  3.3000e+000  3.2998e+000
 3.611459e-008  3.3000e+000  3.2998e+000
 3.631459e-008  3.3000e+000  3.2998e+000
 3.651459e-008  3.3000e+000  3.2998e+000
 3.671459e-008  3.3000e+000  3.2998e+000
 3.691459e-008  3.3000e+000  3.2998e+000
 3.711459e-008  3.3000e+000  3.2998e+000
 3.731459e-008  3.3000e+000  3.2998e+000
 3.751459e-008  3.3000e+000  3.2998e+000
 3.771459e-008  3.3000e+000  3.2998e+000
 3.791459e-008  3.3000e+000  3.2998e+000
 3.811459e-008  3.3000e+000  3.2998e+000
 3.831459e-008  3.3000e+000  3.2998e+000
 3.851459e-008  3.3000e+000  3.2998e+000
 3.871459e-008  3.3000e+000  3.2998e+000
 3.891459e-008  3.3000e+000  3.2998e+000
 3.911459e-008  3.3000e+000  3.2998e+000
 3.931459e-008  3.3000e+000  3.2998e+000
 3.951459e-008  3.3000e+000  3.2998e+000
 3.971459e-008  3.3000e+000  3.2998e+000
 3.991459e-008  3.3000e+000  3.2998e+000
 4.011459e-008  3.3000e+000  3.2998e+000
 4.031459e-008  3.3000e+000  3.2998e+000
 4.051459e-008  3.3000e+000  3.2998e+000
 4.071459e-008  3.3000e+000  3.2998e+000
 4.091459e-008  3.3000e+000  3.2998e+000
 4.111459e-008  3.3000e+000  3.2998e+000
 4.131459e-008  3.3000e+000  3.2998e+000
 4.151459e-008  3.3000e+000  3.2998e+000
 4.171459e-008  3.3000e+000  3.2998e+000
 4.191459e-008  3.3000e+000  3.2998e+000
 4.211459e-008  3.3000e+000  3.2998e+000
 4.231459e-008  3.3000e+000  3.2998e+000
 4.251459e-008  3.3000e+000  3.2998e+000
 4.271459e-008  3.3000e+000  3.2998e+000
 4.291459e-008  3.3000e+000  3.2998e+000
 4.311459e-008  3.3000e+000  3.2998e+000
 4.331459e-008  3.3000e+000  3.2998e+000
 4.351459e-008  3.3000e+000  3.2998e+000
 4.371459e-008  3.3000e+000  3.2998e+000
 4.391459e-008  3.3000e+000  3.2998e+000
 4.411459e-008  3.3000e+000  3.2998e+000
 4.431459e-008  3.3000e+000  3.2998e+000
 4.451459e-008  3.3000e+000  3.2998e+000
 4.471459e-008  3.3000e+000  3.2998e+000
 4.491459e-008  3.3000e+000  3.2998e+000
 4.511459e-008  3.3000e+000  3.2998e+000
 4.531459e-008  3.3000e+000  3.2998e+000
 4.551459e-008  3.3000e+000  3.2998e+000
 4.571459e-008  3.3000e+000  3.2998e+000
 4.591459e-008  3.3000e+000  3.2998e+000
 4.611459e-008  3.3000e+000  3.2998e+000
 4.631459e-008  3.3000e+000  3.2998e+000
 4.651459e-008  3.3000e+000  3.2998e+000
 4.671459e-008  3.3000e+000  3.2998e+000
 4.691459e-008  3.3000e+000  3.2998e+000
 4.711459e-008  3.3000e+000  3.2998e+000
 4.731459e-008  3.3000e+000  3.2998e+000
 4.751459e-008  3.3000e+000  3.2998e+000
 4.771459e-008  3.3000e+000  3.2998e+000
 4.791459e-008  3.3000e+000  3.2998e+000
 4.811459e-008  3.3000e+000  3.2998e+000
 4.831459e-008  3.3000e+000  3.2998e+000
 4.851459e-008  3.3000e+000  3.2998e+000
 4.871459e-008  3.3000e+000  3.2998e+000
 4.891459e-008  3.3000e+000  3.2998e+000
 4.911459e-008  3.3000e+000  3.2998e+000
 4.931459e-008  3.3000e+000  3.2998e+000
 4.951459e-008  3.3000e+000  3.2998e+000
 4.971459e-008  3.3000e+000  3.2998e+000
 4.991459e-008  3.3000e+000  3.2998e+000
 5.000000e-008  3.3000e+000  3.2998e+000
 5.0001000e-008  0.0000e+000  3.2432e+000
 5.00013150e-008  0.0000e+000  3.2613e+000
 5.0003043e-008  0.0000e+000  3.3355e+000
 5.0004753e-008  0.0000e+000  3.2195e+000
 5.0006405e-008  0.0000e+000  2.9203e+000
 5.0008159e-008  0.0000e+000  2.5967e+000
 5.0009994e-008  0.0000e+000  2.2715e+000
 5.0012011e-008  0.0000e+000  1.8715e+000
 5.0014428e-008  0.0000e+000  1.2285e+000
 5.0016221e-008  0.0000e+000  7.1859e-001
 5.0017730e-008  0.0000e+000  4.3670e-001
 5.0019437e-008  0.0000e+000  2.6094e-001
 5.0021885e-008  0.0000e+000  1.4275e-001
 5.0026161e-008  0.0000e+000  6.4887e-002
 5.003433e-008  0.0000e+000  1.3321e-002
 5.004990e-008  0.0000e+000 -1.0955e-003
 5.008833e-008  0.0000e+000  1.2918e-003
 5.028833e-008  0.0000e+000 -1.1462e-003
 5.048833e-008  0.0000e+000  1.2590e-003
 5.068833e-008  0.0000e+000 -1.1073e-003
 5.088833e-008  0.0000e+000  1.2146e-003
 5.108833e-008  0.0000e+000 -1.0591e-003
 5.128833e-008  0.0000e+000  1.1631e-003
 5.148833e-008  0.0000e+000 -1.0055e-003
 5.168833e-008  0.0000e+000  1.1080e-003
 5.188833e-008  0.0000e+000 -9.4944e-004
 5.208833e-008  0.0000e+000  1.0513e-003
 5.228833e-008  0.0000e+000 -8.9267e-004
 5.248833e-008  0.0000e+000  9.9461e-004
 5.268833e-008  0.0000e+000 -8.3648e-004
 5.288833e-008  0.0000e+000  9.3902e-004
 5.308833e-008  0.0000e+000 -7.8172e-004
 5.328833e-008  0.0000e+000  8.9381e-004
 5.348833e-008  0.0000e+000 -7.3727e-004
 5.368833e-008  0.0000e+000  8.4955e-004
 5.388833e-008  0.0000e+000 -6.9394e-004
 5.408833e-008  0.0000e+000  8.0658e-004
 5.428833e-008  0.0000e+000 -6.5201e-004
 5.448833e-008  0.0000e+000  7.6513e-004
 5.468833e-008  0.0000e+000 -6.1166e-004
 5.488833e-008  0.0000e+000  7.2531e-004
 5.508833e-008  0.0000e+000 -5.7297e-004
 5.528833e-008  0.0000e+000  6.8722e-004
 5.548833e-008  0.0000e+000 -5.3599e-004
 5.568833e-008  0.0000e+000  6.5087e-004
 5.588833e-008  0.0000e+000 -5.0074e-004
 5.608833e-008  0.0000e+000  6.1626e-004
 5.628833e-008  0.0000e+000 -4.6973e-004
 5.648833e-008  0.0000e+000  5.8584e-004
 5.668833e-008  0.0000e+000 -4.4001e-004
 5.688833e-008  0.0000e+000  5.5673e-004
 5.708833e-008  0.0000e+000 -4.1159e-004
 5.728833e-008  0.0000e+000  5.2889e-004
 5.748833e-008  0.0000e+000 -3.8444e-004
 5.768833e-008  0.0000e+000  5.0233e-004
 5.788833e-008  0.0000e+000 -3.5854e-004
 5.808833e-008  0.0000e+000  4.7700e-004
 5.828833e-008  0.0000e+000 -3.3386e-004
 5.848833e-008  0.0000e+000  4.5287e-004
 5.868833e-008  0.0000e+000 -3.1037e-004
 5.888833e-008  0.0000e+000  4.2992e-004
 5.908833e-008  0.0000e+000 -2.8802e-004
 5.928833e-008  0.0000e+000  4.0810e-004
 5.948833e-008  0.0000e+000 -2.6679e-004
 5.968833e-008  0.0000e+000  3.8735e-004
 5.988833e-008  0.0000e+000 -2.4660e-004
 6.000000e-008  0.0000e+000  3.5902e-004
 6.0001000e-008  3.3000e+000  1.5539e-003
 6.00013150e-008  3.3000e+000 -2.8823e-002
 6.0003393e-008  3.3000e+000 -1.3039e-002
 6.0005750e-008  3.3000e+000  3.6385e-002
 6.0007364e-008  3.3000e+000  1.2060e-001
 6.0008819e-008  3.3000e+000  3.1693e-001
 6.0010299e-008  3.3000e+000  6.7597e-001
 6.0011784e-008  3.3000e+000  1.1254e+000
 6.0013115e-008  3.3000e+000  1.5392e+000
 6.0014405e-008  3.3000e+000  1.9062e+000
 6.0015884e-008  3.3000e+000  2.2503e+000
 6.0017785e-008  3.3000e+000  2.5512e+000
 6.0020569e-008  3.3000e+000  2.8284e+000
 6.0025039e-008  3.3000e+000  3.0750e+000
 6.003297e-008  3.3000e+000  3.2472e+000
 6.005030e-008  3.3000e+000  3.3080e+000
 6.011458e-008  3.3000e+000  3.2942e+000
 6.031458e-008  3.3000e+000  3.3048e+000
 6.051458e-008  3.3000e+000  3.2954e+000
 6.071458e-008  3.3000e+000  3.3037e+000
 6.091458e-008  3.3000e+000  3.2963e+000
 6.111458e-008  3.3000e+000  3.3029e+000
 6.131458e-008  3.3000e+000  3.2971e+000
 6.151458e-008  3.3000e+000  3.3022e+000
 6.171458e-008  3.3000e+000  3.2977e+000
 6.191458e-008  3.3000e+000  3.3017e+000
 6.211458e-008  3.3000e+000  3.2981e+000
 6.231458e-008  3.3000e+000  3.3013e+000
 6.251458e-008  3.3000e+000  3.2985e+000
 6.271458e-008  3.3000e+000  3.3010e+000
 6.291458e-008  3.3000e+000  3.2987e+000
 6.311458e-008  3.3000e+000  3.3007e+000
 6.331458e-008  3.3000e+000  3.2990e+000
 6.351458e-008  3.3000e+000  3.3005e+000
 6.371458e-008  3.3000e+000  3.2991e+000
 6.391458e-008  3.3000e+000  3.3004e+000
 6.411458e-008  3.3000e+000  3.2993e+000
 6.431458e-008  3.3000e+000  3.3003e+000
 6.451458e-008  3.3000e+000  3.2994e+000
 6.471458e-008  3.3000e+000  3.3002e+000
 6.491458e-008  3.3000e+000  3.2995e+000
 6.511458e-008  3.3000e+000  3.3001e+000
 6.531458e-008  3.3000e+000  3.2995e+000
 6.551458e-008  3.3000e+000  3.3000e+000
 6.571458e-008  3.3000e+000  3.2996e+000
 6.591458e-008  3.3000e+000  3.3000e+000
 6.611458e-008  3.3000e+000  3.2996e+000
 6.631458e-008  3.3000e+000  3.2999e+000
 6.651458e-008  3.3000e+000  3.2997e+000
 6.671458e-008  3.3000e+000  3.2999e+000
 6.691458e-008  3.3000e+000  3.2997e+000
 6.711458e-008  3.3000e+000  3.2999e+000
 6.731458e-008  3.3000e+000  3.2997e+000
 6.751458e-008  3.3000e+000  3.2999e+000
 6.771458e-008  3.3000e+000  3.2997e+000
 6.791458e-008  3.3000e+000  3.2999e+000
 6.811458e-008  3.3000e+000  3.2997e+000
 6.831458e-008  3.3000e+000  3.2998e+000
 6.851458e-008  3.3000e+000  3.2998e+000
 6.871458e-008  3.3000e+000  3.2998e+000
 6.891458e-008  3.3000e+000  3.2998e+000
 6.911458e-008  3.3000e+000  3.2998e+000
 6.931458e-008  3.3000e+000  3.2998e+000
 6.951458e-008  3.3000e+000  3.2998e+000
 6.971458e-008  3.3000e+000  3.2998e+000
 6.991458e-008  3.3000e+000  3.2998e+000
 7.011458e-008  3.3000e+000  3.2998e+000
 7.031458e-008  3.3000e+000  3.2998e+000
 7.051458e-008  3.3000e+000  3.2998e+000
 7.071458e-008  3.3000e+000  3.2998e+000
 7.091458e-008  3.3000e+000  3.2998e+000
 7.111458e-008  3.3000e+000  3.2998e+000
 7.131458e-008  3.3000e+000  3.2998e+000
 7.151458e-008  3.3000e+000  3.2998e+000
 7.171458e-008  3.3000e+000  3.2998e+000
 7.191458e-008  3.3000e+000  3.2998e+000
 7.211458e-008  3.3000e+000  3.2998e+000
 7.231458e-008  3.3000e+000  3.2998e+000
 7.251458e-008  3.3000e+000  3.2998e+000
 7.271458e-008  3.3000e+000  3.2998e+000
 7.291458e-008  3.3000e+000  3.2998e+000
 7.311458e-008  3.3000e+000  3.2998e+000
 7.331458e-008  3.3000e+000  3.2998e+000
 7.351458e-008  3.3000e+000  3.2998e+000
 7.371458e-008  3.3000e+000  3.2998e+000
 7.391458e-008  3.3000e+000  3.2998e+000
 7.411458e-008  3.3000e+000  3.2998e+000
 7.431458e-008  3.3000e+000  3.2998e+000
 7.451458e-008  3.3000e+000  3.2998e+000
 7.471458e-008  3.3000e+000  3.2998e+000
 7.491458e-008  3.3000e+000  3.2998e+000
 7.511458e-008  3.3000e+000  3.2998e+000
 7.531458e-008  3.3000e+000  3.2998e+000
 7.551458e-008  3.3000e+000  3.2998e+000
 7.571458e-008  3.3000e+000  3.2998e+000
 7.591458e-008  3.3000e+000  3.2998e+000
 7.611458e-008  3.3000e+000  3.2998e+000
 7.631458e-008  3.3000e+000  3.2998e+000
 7.651458e-008  3.3000e+000  3.2998e+000
 7.671458e-008  3.3000e+000  3.2998e+000
 7.691458e-008  3.3000e+000  3.2998e+000
 7.711458e-008  3.3000e+000  3.2998e+000
 7.731458e-008  3.3000e+000  3.2998e+000
 7.751458e-008  3.3000e+000  3.2998e+000
 7.771458e-008  3.3000e+000  3.2998e+000
 7.791458e-008  3.3000e+000  3.2998e+000
 7.811458e-008  3.3000e+000  3.2998e+000
 7.831458e-008  3.3000e+000  3.2998e+000
 7.851458e-008  3.3000e+000  3.2998e+000
 7.871458e-008  3.3000e+000  3.2998e+000
 7.891458e-008  3.3000e+000  3.2998e+000
 7.911458e-008  3.3000e+000  3.2998e+000
 7.931458e-008  3.3000e+000  3.2998e+000
 7.951458e-008  3.3000e+000  3.2998e+000
 7.971458e-008  3.3000e+000  3.2998e+000
 7.991458e-008  3.3000e+000  3.2998e+000
 8.000000e-008  3.3000e+000  3.2998e+000
 8.0001000e-008  0.0000e+000  3.2432e+000
 8.00013150e-008  0.0000e+000  3.2613e+000
 8.0003043e-008  0.0000e+000  3.3355e+000
 8.0004753e-008  0.0000e+000  3.2195e+000
 8.0006405e-008  0.0000e+000  2.9203e+000
 8.0008159e-008  0.0000e+000  2.5967e+000
 8.0009994e-008  0.0000e+000  2.2715e+000
 8.0012011e-008  0.0000e+000  1.8715e+000
 8.0014428e-008  0.0000e+000  1.2285e+000
 8.0016221e-008  0.0000e+000  7.1859e-001
 8.0017730e-008  0.0000e+000  4.3670e-001
 8.0019437e-008  0.0000e+000  2.6094e-001
 8.0021885e-008  0.0000e+000  1.4275e-001
 8.0026161e-008  0.0000e+000  6.4887e-002
 8.003433e-008  0.0000e+000  1.3321e-002
 8.004990e-008  0.0000e+000 -1.0955e-003
 8.008833e-008  0.0000e+000  1.2918e-003
 8.028833e-008  0.0000e+000 -1.1462e-003
 8.048833e-008  0.0000e+000  1.2590e-003
 8.068833e-008  0.0000e+000 -1.1073e-003
 8.088833e-008  0.0000e+000  1.2146e-003
 8.108833e-008  0.0000e+000 -1.0591e-003
 8.128833e-008  0.0000e+000  1.1632e-003
 8.148833e-008  0.0000e+000 -1.0055e-003
 8.168833e-008  0.0000e+000  1.1080e-003
 8.188833e-008  0.0000e+000 -9.4945e-004
 8.208833e-008  0.0000e+000  1.0513e-003
 8.228833e-008  0.0000e+000 -8.9268e-004
 8.248833e-008  0.0000e+000  9.9462e-004
 8.268833e-008  0.0000e+000 -8.3649e-004
 8.288833e-008  0.0000e+000  9.3903e-004
 8.308833e-008  0.0000e+000 -7.8172e-004
 8.328833e-008  0.0000e+000  8.9382e-004
 8.348833e-008  0.0000e+000 -7.3727e-004
 8.368833e-008  0.0000e+000  8.4956e-004
 8.388833e-008  0.0000e+000 -6.9395e-004
 8.408833e-008  0.0000e+000  8.0659e-004
 8.428833e-008  0.0000e+000 -6.5202e-004
 8.448833e-008  0.0000e+000  7.6513e-004
 8.468833e-008  0.0000e+000 -6.1166e-004
 8.488833e-008  0.0000e+000  7.2532e-004
 8.508833e-008  0.0000e+000 -5.7297e-004
 8.528833e-008  0.0000e+000  6.8722e-004
 8.548833e-008  0.0000e+000 -5.3600e-004
 8.568833e-008  0.0000e+000  6.5087e-004
 8.588833e-008  0.0000e+000 -5.0075e-004
 8.608833e-008  0.0000e+000  6.1627e-004
 8.628833e-008  0.0000e+000 -4.6974e-004
 8.648833e-008  0.0000e+000  5.8585e-004
 8.668833e-008  0.0000e+000 -4.4002e-004
 8.688833e-008  0.0000e+000  5.5673e-004
 8.708833e-008  0.0000e+000 -4.1159e-004
 8.728833e-008  0.0000e+000  5.2890e-004
 8.748833e-008  0.0000e+000 -3.8444e-004
 8.768833e-008  0.0000e+000  5.0233e-004
 8.788833e-008  0.0000e+000 -3.5854e-004
 8.808833e-008  0.0000e+000  4.7700e-004
 8.828833e-008  0.0000e+000 -3.3386e-004
 8.848833e-008  0.0000e+000  4.5288e-004
 8.868833e-008  0.0000e+000 -3.1037e-004
 8.888833e-008  0.0000e+000  4.2992e-004
 8.908833e-008  0.0000e+000 -2.8803e-004
 8.928833e-008  0.0000e+000  4.0810e-004
 8.948833e-008  0.0000e+000 -2.6679e-004
 8.968833e-008  0.0000e+000  3.8735e-004
 8.988833e-008  0.0000e+000 -2.4660e-004
 9.008833e-008  0.0000e+000  3.6764e-004
 9.028833e-008  0.0000e+000 -2.2743e-004
 9.048833e-008  0.0000e+000  3.4893e-004
 9.068833e-008  0.0000e+000 -2.0924e-004
 9.088833e-008  0.0000e+000  3.3119e-004
 9.108833e-008  0.0000e+000 -1.9199e-004
 9.128833e-008  0.0000e+000  3.1436e-004
 9.148833e-008  0.0000e+000 -1.7565e-004
 9.168833e-008  0.0000e+000  2.9843e-004
 9.188833e-008  0.0000e+000 -1.6018e-004
 9.208833e-008  0.0000e+000  2.8335e-004
 9.228833e-008  0.0000e+000 -1.4553e-004
 9.248833e-008  0.0000e+000  2.6908e-004
 9.268833e-008  0.0000e+000 -1.3168e-004
 9.288833e-008  0.0000e+000  2.5558e-004
 9.308833e-008  0.0000e+000 -1.1858e-004
 9.328833e-008  0.0000e+000  2.4282e-004
 9.348833e-008  0.0000e+000 -1.0620e-004
 9.368833e-008  0.0000e+000  2.3077e-004
 9.388833e-008  0.0000e+000 -9.4507e-005
 9.408833e-008  0.0000e+000  2.1938e-004
 9.428833e-008  0.0000e+000 -8.3464e-005
 9.448833e-008  0.0000e+000  2.0863e-004
 9.468833e-008  0.0000e+000 -7.3040e-005
 9.488833e-008  0.0000e+000  1.9848e-004
 9.508833e-008  0.0000e+000 -6.3203e-005
 9.528833e-008  0.0000e+000  1.8891e-004
 9.548833e-008  0.0000e+000 -5.3923e-005
 9.568833e-008  0.0000e+000  1.7988e-004
 9.588833e-008  0.0000e+000 -4.5171e-005
 9.608833e-008  0.0000e+000  1.7137e-004
 9.628833e-008  0.0000e+000 -3.6919e-005
 9.648833e-008  0.0000e+000  1.6334e-004
 9.668833e-008  0.0000e+000 -2.9141e-005
 9.688833e-008  0.0000e+000  1.5577e-004
 9.708833e-008  0.0000e+000 -2.1811e-005
 9.728833e-008  0.0000e+000  1.4865e-004
 9.748833e-008  0.0000e+000 -1.4906e-005
 9.768833e-008  0.0000e+000  1.4193e-004
 9.788833e-008  0.0000e+000 -8.4008e-006
 9.808833e-008  0.0000e+000  1.3560e-004
 9.828833e-008  0.0000e+000 -2.2749e-006
 9.848833e-008  0.0000e+000  1.2965e-004
 9.868833e-008  0.0000e+000  3.4930e-006
 9.888833e-008  0.0000e+000  1.2404e-004
 9.908833e-008  0.0000e+000  8.9230e-006
 9.928833e-008  0.0000e+000  1.1876e-004
 9.948833e-008  0.0000e+000  1.4034e-005
 9.968833e-008  0.0000e+000  1.1380e-004
 9.988833e-008  0.0000e+000  1.8844e-005
 1.000000e-007  0.0000e+000  1.0733e-004
*

* Parsing                      0.01 seconds
* Setup                        0.02 seconds
* DC operating point           0.01 seconds
* Transient Analysis           0.02 seconds
* Overhead                     1.30 seconds
* -----------------------------------------
* Total                        1.36 seconds

* Simulation completed	with  4 Warnings

* End of T-Spice output file
