* T-Spice 13.00 Simulation	Sat Feb 09 21:10:57 2019	C:\Users\makif\Google Drive\TEZ ÇALIÞMAM\çizim\Counter_TDC\Counter_TDC\counter_TDC.sp
* Command line: tspice -o "C:\Users\makif\Google Drive\TEZ ÇALIÞMAM\çizim\Counter_TDC\Counter_TDC\counter_TDC.out" "C:\Users\makif\Google Drive\TEZ ÇALIÞMAM\çizim\Counter_TDC\Counter_TDC\counter_TDC.sp" 
* T-Spice Win32 13.00.20080321.01:01:33
* Warning : "130nm.md" line 1 Invalid binned model NMOS
*         : "130nm.md" line 1 Binned models must define LMIN, LMAX, WMIN, and WMAX, and have a name suffix of .# (e.g. nch.1)
* Warning : "130nm.md" line 142 Invalid binned model PMOS
*         : "130nm.md" line 142 Binned models must define LMIN, LMAX, WMIN, and WMAX, and have a name suffix of .# (e.g. nch.1)
* Warning : Device XNAND2C_1.MN1 - Acde = 0.3 is too small.

*SEDIT: Alter blocks = 0

* Accuracy and Convergence options:
* numndset|dchold = 100
* 
* Timestep and Integration options:
*  relq|relchgtol = 0.0005
* 
* Model Evaluation options:
*            dcap = 2                    defnrb = 0 [sq]               defnrd = 0 [sq]
*          defnrs = 0 [sq]                 tnom = 25 [deg C]
* 
* General options:
*            temp = 25 [deg C]          threads = 8
* 
* Output options:
*           acout = 1                    ingold = 0
* 


*  Device and node counts:
*             MOSFETs - 96                MOSFET geometries - 4       
*                BJTs - 0                             JFETs - 0       
*             MESFETs - 0                            Diodes - 0       
*          Capacitors - 0                         Resistors - 0       
*           Inductors - 0                  Mutual inductors - 0       
*  Transmission lines - 0        Coupled transmission lines - 0       
*     Voltage sources - 4                   Current sources - 0       
*                VCVS - 0                              VCCS - 0       
*                CCVS - 0                              CCCS - 0       
*    V-control switch - 0                  I-control switch - 0       
*       Macro devices - 0        External C model instances - 0       
*         HDL devices - 0       
*         Subcircuits - 0              Subcircuit instances - 19      
*   Independent nodes - 240                  Boundary nodes - 5       
*         Total nodes - 245     

* *** 4 WARNING MESSAGES GENERATED DURING SETUP


*SEDIT: Alter=0
*SEDIT: Analysis types DCOP 0 ACMODEL 0 AC 0 TRANSIENT 1 TRANSFER 0 NOISE 0 

*WEDIT: .tran   1e-011   1e-008
TRANSIENT ANALYSIS
Time<s>        v(Clock,Gnd)<V>  v(time,Gnd)<V>  v(time_interval,Gnd)<V>
 0.000000e+000  0.0000e+000  1.3981e-004  3.2999e+000
 6.250000e-013  2.0625e+000  2.3045e-002  3.3069e+000
 8.218750e-013  2.7122e+000  3.0737e-002  3.3091e+000
 1.000000e-012  3.3000e+000  3.7564e-002  3.3112e+000
 1.208620e-012  3.3000e+000  3.4272e-002  3.3103e+000
 2.268757e-012  3.3000e+000  2.2261e-002  3.3067e+000
 3.487750e-012  3.3000e+000  1.1254e-002  3.3031e+000
 4.696423e-012  3.3000e+000  4.4359e-003  3.3007e+000
 6.148373e-012  3.3000e+000 -5.5384e-004  3.2997e+000
 8.450902e-012  3.3000e+000 -4.4834e-003  3.3029e+000
 1.284553e-011  3.3000e+000 -6.2587e-003  3.3159e+000
 1.876723e-011  3.3000e+000 -4.6173e-003  3.3236e+000
 2.517302e-011  3.3000e+000 -2.2686e-003  3.2888e+000
 3.052499e-011  3.3000e+000 -1.0420e-003  3.2252e+000
 3.427202e-011  3.3000e+000 -7.5048e-004  3.1679e+000
 3.743849e-011  3.3000e+000 -7.4058e-004  3.1153e+000
 4.088221e-011  3.3000e+000 -7.3719e-004  3.0547e+000
 4.458520e-011  3.3000e+000 -6.5681e-004  2.9800e+000
 4.874526e-011  3.3000e+000 -7.0492e-004  2.8649e+000
 5.307372e-011  3.3000e+000 -6.3844e-004  2.6904e+000
 5.566896e-011  3.3000e+000 -5.4127e-004  2.5554e+000
 5.817842e-011  3.3000e+000 -4.4775e-004  2.4020e+000
 6.166382e-011  3.3000e+000 -3.5459e-004  2.1559e+000
 6.713801e-011  3.3000e+000 -2.7169e-004  1.7299e+000
 7.332914e-011  3.3000e+000 -1.7967e-004  1.2776e+000
 7.795983e-011  3.3000e+000 -3.2743e-005  1.0032e+000
 8.149053e-011  3.3000e+000  9.5778e-005  8.2278e-001
 8.527654e-011  3.3000e+000  2.2234e-004  6.5118e-001
 9.076966e-011  3.3000e+000  4.0574e-004  4.5434e-001
 9.821078e-011  3.3000e+000  5.8589e-004  2.7579e-001
 1.087945e-010  3.3000e+000  5.9088e-004  1.2673e-001
 1.252700e-010  3.3000e+000  4.1132e-004  2.7929e-002
 1.452700e-010  3.3000e+000  2.3524e-004  3.3979e-003
 1.652700e-010  3.3000e+000  1.5634e-004  9.6572e-004
 1.852700e-010  3.3000e+000  1.4431e-004  5.7707e-004
 2.052700e-010  3.3000e+000  1.4353e-004  5.7645e-004
 2.252700e-010  3.3000e+000  1.4139e-004  5.5364e-004
 2.452700e-010  3.3000e+000  1.4207e-004  5.6163e-004
 2.652700e-010  3.3000e+000  1.4074e-004  5.5765e-004
 2.852700e-010  3.3000e+000  1.4152e-004  5.5985e-004
 3.052700e-010  3.3000e+000  1.4039e-004  5.5827e-004
 3.252700e-010  3.3000e+000  1.4123e-004  5.5962e-004
 3.452700e-010  3.3000e+000  1.4017e-004  5.5836e-004
 3.652700e-010  3.3000e+000  1.4106e-004  5.5959e-004
 3.852700e-010  3.3000e+000  1.4002e-004  5.5837e-004
 4.052700e-010  3.3000e+000  1.4094e-004  5.5958e-004
 4.252700e-010  3.3000e+000  1.3992e-004  5.5837e-004
 4.452700e-010  3.3000e+000  1.4085e-004  5.5958e-004
 4.652700e-010  3.3000e+000  1.3985e-004  5.5837e-004
 4.852700e-010  3.3000e+000  1.4079e-004  5.5958e-004
 5.052700e-010  3.3000e+000  1.3979e-004  5.5838e-004
 5.252700e-010  3.3000e+000  1.4074e-004  5.5957e-004
 5.452700e-010  3.3000e+000  1.3975e-004  5.5838e-004
 5.652700e-010  3.3000e+000  1.4070e-004  5.5957e-004
 5.852700e-010  3.3000e+000  1.3971e-004  5.5838e-004
 6.010000e-010  3.3000e+000  1.4067e-004  5.5955e-004
 6.020000e-010  0.0000e+000 -3.5310e-002 -9.9986e-003
 6.024999e-010  0.0000e+000 -2.7699e-002 -6.3040e-003
 6.046480e-010  0.0000e+000 -1.1102e-002  3.8596e-003
 6.070480e-010  0.0000e+000  1.2246e-003  8.6843e-003
 6.093198e-010  0.0000e+000  4.9506e-003  4.7128e-003
 6.114661e-010  0.0000e+000  6.0371e-003 -2.2403e-003
 6.132445e-010  0.0000e+000  6.0158e-003 -5.0465e-003
 6.152469e-010  0.0000e+000  5.4936e-003 -5.0905e-003
 6.178793e-010  0.0000e+000  4.4327e-003 -4.1154e-003
 6.208957e-010  0.0000e+000  3.1129e-003 -3.3944e-003
 6.231607e-010  0.0000e+000  2.2576e-003 -3.2233e-003
 6.251204e-010  0.0000e+000  1.6864e-003 -3.1112e-003
 6.269660e-010  0.0000e+000  1.2748e-003 -2.9862e-003
 6.291517e-010  0.0000e+000  9.0378e-004 -2.8476e-003
 6.323527e-010  0.0000e+000  5.1167e-004 -2.7195e-003
 6.380032e-010  0.0000e+000  1.3282e-004 -3.0335e-003
 6.491392e-010  0.0000e+000 -3.9998e-005 -3.2852e-003
 6.691392e-010  0.0000e+000  1.3481e-004 -1.0139e-003
 6.891392e-010  0.0000e+000  2.0213e-004  2.4335e-004
 7.091392e-010  0.0000e+000  1.8215e-004  5.1516e-004
 7.291392e-010  0.0000e+000  1.7255e-004  5.5417e-004
 7.491392e-010  0.0000e+000  1.6941e-004  5.6164e-004
 7.691392e-010  0.0000e+000  1.6338e-004  5.6106e-004
 7.891392e-010  0.0000e+000  1.6213e-004  5.6171e-004
 8.091392e-010  0.0000e+000  1.5810e-004  5.6062e-004
 8.291392e-010  0.0000e+000  1.5774e-004  5.6121e-004
 8.491392e-010  0.0000e+000  1.5467e-004  5.6020e-004
 8.691392e-010  0.0000e+000  1.5481e-004  5.6094e-004
 8.891392e-010  0.0000e+000  1.5227e-004  5.5990e-004
 9.091392e-010  0.0000e+000  1.5272e-004  5.6078e-004
 9.291392e-010  0.0000e+000  1.5050e-004  5.5969e-004
 9.491392e-010  0.0000e+000  1.5116e-004  5.6068e-004
 9.691392e-010  0.0000e+000  1.4914e-004  5.5953e-004
 9.891392e-010  0.0000e+000  1.4995e-004  5.6060e-004
 1.009139e-009  0.0000e+000  1.4807e-004  5.5941e-004
 1.029139e-009  0.0000e+000  1.4898e-004  5.6055e-004
 1.049139e-009  0.0000e+000  1.4720e-004  5.5931e-004
 1.069139e-009  0.0000e+000  1.4818e-004  5.6050e-004
 1.089139e-009  0.0000e+000  1.4648e-004  5.5924e-004
 1.109139e-009  0.0000e+000  1.4754e-004  5.6046e-004
 1.129139e-009  0.0000e+000  1.4590e-004  5.5918e-004
 1.149139e-009  0.0000e+000  1.4700e-004  5.6042e-004
 1.169139e-009  0.0000e+000  1.4541e-004  5.5914e-004
 1.189139e-009  0.0000e+000  1.4654e-004  5.6039e-004
 1.200000e-009  0.0000e+000  1.4507e-004  5.5912e-004
 1.202499e-009  3.3000e+000  2.3834e-002  1.1571e-002
 1.203749e-009  3.3000e+000  1.4507e-002  8.2454e-003
 1.205198e-009  3.3000e+000  5.9137e-003  4.7890e-003
 1.206702e-009  3.3000e+000  6.2737e-004  1.9584e-003
 1.208995e-009  3.3000e+000 -3.5161e-003 -1.7433e-003
 1.213367e-009  3.3000e+000 -5.8324e-003 -5.6075e-003
 1.219227e-009  3.3000e+000 -4.7637e-003 -5.9849e-003
 1.225554e-009  3.3000e+000 -2.8755e-003 -3.6063e-003
 1.230709e-009  3.3000e+000 -1.6438e-003 -1.2616e-003
 1.234363e-009  3.3000e+000 -1.0012e-003 -5.4028e-005
 1.237524e-009  3.3000e+000 -6.0761e-004  6.1177e-004
 1.241277e-009  3.3000e+000 -2.5068e-004  1.1698e-003
 1.246833e-009  3.3000e+000  1.3891e-004  1.6508e-003
 1.254428e-009  3.3000e+000  3.8419e-004  1.8448e-003
 1.265201e-009  3.3000e+000  4.0446e-004  1.7228e-003
 1.281931e-009  3.3000e+000  2.8418e-004  1.3040e-003
 1.301931e-009  3.3000e+000  1.7239e-004  8.8734e-004
 1.321931e-009  3.3000e+000  1.3548e-004  6.7990e-004
 1.341931e-009  3.3000e+000  1.4297e-004  6.3944e-004
 1.361931e-009  3.3000e+000  1.3877e-004  6.2031e-004
 1.381931e-009  3.3000e+000  1.4084e-004  6.1208e-004
 1.401931e-009  3.3000e+000  1.3932e-004  6.0411e-004
 1.421931e-009  3.3000e+000  1.4062e-004  5.9987e-004
 1.441931e-009  3.3000e+000  1.3938e-004  5.9468e-004
 1.461931e-009  3.3000e+000  1.4059e-004  5.9225e-004
 1.481931e-009  3.3000e+000  1.3939e-004  5.8845e-004
 1.501931e-009  3.3000e+000  1.4058e-004  5.8702e-004
 1.521931e-009  3.3000e+000  1.3940e-004  5.8403e-004
 1.541931e-009  3.3000e+000  1.4058e-004  5.8320e-004
 1.561931e-009  3.3000e+000  1.3940e-004  5.8073e-004
 1.581931e-009  3.3000e+000  1.4057e-004  5.8030e-004
 1.601931e-009  3.3000e+000  1.3940e-004  5.7818e-004
 1.621931e-009  3.3000e+000  1.4057e-004  5.7803e-004
 1.641931e-009  3.3000e+000  1.3940e-004  5.7615e-004
 1.661931e-009  3.3000e+000  1.4056e-004  5.7620e-004
 1.681931e-009  3.3000e+000  1.3940e-004  5.7449e-004
 1.701931e-009  3.3000e+000  1.4056e-004  5.7469e-004
 1.721931e-009  3.3000e+000  1.3940e-004  5.7314e-004
 1.741931e-009  3.3000e+000  1.4056e-004  5.7347e-004
 1.761931e-009  3.3000e+000  1.3940e-004  5.7202e-004
 1.781931e-009  3.3000e+000  1.4056e-004  5.7244e-004
 1.800999e-009  3.3000e+000  1.3940e-004  5.7109e-004
 1.803499e-009  0.0000e+000 -2.2434e-002 -2.6334e-003
 1.804749e-009  0.0000e+000 -1.2023e-002  3.2229e-003
 1.807216e-009  0.0000e+000  1.2773e-003  1.1032e-002
 1.809527e-009  0.0000e+000  5.0319e-003  1.3453e-002
 1.811914e-009  0.0000e+000  6.1435e-003  1.3547e-002
 1.814466e-009  0.0000e+000  5.8409e-003  1.2378e-002
 1.817300e-009  0.0000e+000  4.7369e-003  1.0278e-002
 1.820667e-009  0.0000e+000  3.2122e-003  7.3710e-003
 1.822956e-009  0.0000e+000  2.3216e-003  5.5419e-003
 1.824916e-009  0.0000e+000  1.7330e-003  4.2541e-003
 1.826747e-009  0.0000e+000  1.3171e-003  3.2910e-003
 1.828870e-009  0.0000e+000  9.4512e-004  2.3690e-003
 1.831924e-009  0.0000e+000  5.5884e-004  1.2945e-003
 1.837219e-009  0.0000e+000  1.7289e-004 -4.1314e-004
 1.847627e-009  0.0000e+000 -3.3111e-005 -2.3719e-003
 1.867397e-009  0.0000e+000  1.1855e-004 -1.0747e-003
 1.887397e-009  0.0000e+000  2.0444e-004  2.2109e-004
 1.907397e-009  0.0000e+000  1.8220e-004  5.0738e-004
 1.927397e-009  0.0000e+000  1.7400e-004  5.5571e-004
 1.947397e-009  0.0000e+000  1.6858e-004  5.5959e-004
 1.967397e-009  0.0000e+000  1.6476e-004  5.6290e-004
 1.987397e-009  0.0000e+000  1.6110e-004  5.6006e-004
 2.007397e-009  0.0000e+000  1.5937e-004  5.6220e-004
 2.027397e-009  0.0000e+000  1.5666e-004  5.5976e-004
 2.047397e-009  0.0000e+000  1.5586e-004  5.6161e-004
 2.067397e-009  0.0000e+000  1.5371e-004  5.5961e-004
 2.087397e-009  0.0000e+000  1.5342e-004  5.6120e-004
 2.107397e-009  0.0000e+000  1.5161e-004  5.5954e-004
 2.127397e-009  0.0000e+000  1.5162e-004  5.6091e-004
 2.147397e-009  0.0000e+000  1.5004e-004  5.5949e-004
 2.167397e-009  0.0000e+000  1.5025e-004  5.6070e-004
 2.187397e-009  0.0000e+000  1.4882e-004  5.5946e-004
 2.207397e-009  0.0000e+000  1.4917e-004  5.6055e-004
 2.227397e-009  0.0000e+000  1.4785e-004  5.5942e-004
 2.247397e-009  0.0000e+000  1.4830e-004  5.6043e-004
 2.267397e-009  0.0000e+000  1.4706e-004  5.5939e-004
 2.287397e-009  0.0000e+000  1.4758e-004  5.6034e-004
 2.307397e-009  0.0000e+000  1.4641e-004  5.5937e-004
 2.327397e-009  0.0000e+000  1.4699e-004  5.6027e-004
 2.347397e-009  0.0000e+000  1.4587e-004  5.5934e-004
 2.367397e-009  0.0000e+000  1.4650e-004  5.6022e-004
 2.387397e-009  0.0000e+000  1.4541e-004  5.5932e-004
 2.400000e-009  0.0000e+000  1.4614e-004  5.6019e-004
 2.400999e-009  3.3000e+000  3.6019e-002  1.5472e-002
 2.401314e-009  3.3000e+000  3.1775e-002  1.4525e-002
 2.402439e-009  3.3000e+000  2.0802e-002  1.1069e-002
 2.403711e-009  3.3000e+000  1.0760e-002  7.3245e-003
 2.404983e-009  3.3000e+000  4.3240e-003  4.3871e-003
 2.406609e-009  3.3000e+000 -6.8526e-004  1.4674e-003
 2.409324e-009  3.3000e+000 -4.6419e-003 -2.5946e-003
 2.414090e-009  3.3000e+000 -6.0015e-003 -6.0606e-003
 2.420169e-009  3.3000e+000 -4.4395e-003 -5.7730e-003
 2.426541e-009  3.3000e+000 -2.5597e-003 -3.1061e-003
 2.431279e-009  3.3000e+000 -1.4902e-003 -9.9868e-004
 2.434656e-009  3.3000e+000 -9.2756e-004  4.8143e-005
 2.437738e-009  3.3000e+000 -5.6283e-004  6.6944e-004
 2.441531e-009  3.3000e+000 -2.1127e-004  1.2193e-003
 2.447131e-009  3.3000e+000  1.6456e-004  1.6758e-003
 2.454800e-009  3.3000e+000  3.9351e-004  1.8507e-003
 2.465706e-009  3.3000e+000  4.0121e-004  1.7103e-003
 2.482721e-009  3.3000e+000  2.7861e-004  1.2838e-003
 2.502721e-009  3.3000e+000  1.6853e-004  8.7311e-004
 2.522721e-009  3.3000e+000  1.3599e-004  6.7655e-004
 2.542721e-009  3.3000e+000  1.4250e-004  6.3826e-004
 2.562721e-009  3.3000e+000  1.3911e-004  6.2017e-004
 2.582721e-009  3.3000e+000  1.4042e-004  6.1141e-004
 2.602721e-009  3.3000e+000  1.3971e-004  6.0426e-004
 2.622721e-009  3.3000e+000  1.4018e-004  5.9929e-004
 2.642721e-009  3.3000e+000  1.3979e-004  5.9493e-004
 2.662721e-009  3.3000e+000  1.4015e-004  5.9174e-004
 2.682721e-009  3.3000e+000  1.3980e-004  5.8874e-004
 2.702721e-009  3.3000e+000  1.4014e-004  5.8654e-004
 2.722721e-009  3.3000e+000  1.3981e-004  5.8435e-004
 2.742721e-009  3.3000e+000  1.4013e-004  5.8275e-004
 2.762721e-009  3.3000e+000  1.3981e-004  5.8106e-004
 2.782721e-009  3.3000e+000  1.4013e-004  5.7987e-004
 2.802721e-009  3.3000e+000  1.3981e-004  5.7852e-004
 2.822721e-009  3.3000e+000  1.4013e-004  5.7760e-004
 2.842721e-009  3.3000e+000  1.3981e-004  5.7650e-004
 2.862721e-009  3.3000e+000  1.4013e-004  5.7578e-004
 2.882721e-009  3.3000e+000  1.3982e-004  5.7485e-004
 2.902721e-009  3.3000e+000  1.4013e-004  5.7428e-004
 2.922721e-009  3.3000e+000  1.3982e-004  5.7351e-004
 2.942721e-009  3.3000e+000  1.4012e-004  5.7307e-004
 2.962721e-009  3.3000e+000  1.3982e-004  5.7239e-004
 2.982721e-009  3.3000e+000  1.4012e-004  5.7204e-004
 3.000999e-009  3.3000e+000  1.3982e-004  5.7147e-004
 3.003499e-009  0.0000e+000 -2.2434e-002 -2.6334e-003
 3.004749e-009  0.0000e+000 -1.2023e-002  3.2229e-003
 3.007216e-009  0.0000e+000  1.2773e-003  1.1032e-002
 3.009527e-009  0.0000e+000  5.0319e-003  1.3453e-002
 3.011914e-009  0.0000e+000  6.1436e-003  1.3547e-002
 3.014466e-009  0.0000e+000  5.8410e-003  1.2378e-002
 3.017300e-009  0.0000e+000  4.7370e-003  1.0278e-002
 3.020667e-009  0.0000e+000  3.2122e-003  7.3710e-003
 3.022956e-009  0.0000e+000  2.3216e-003  5.5419e-003
 3.024916e-009  0.0000e+000  1.7330e-003  4.2541e-003
 3.026747e-009  0.0000e+000  1.3171e-003  3.2910e-003
 3.028870e-009  0.0000e+000  9.4511e-004  2.3690e-003
 3.031924e-009  0.0000e+000  5.5881e-004  1.2945e-003
 3.037219e-009  0.0000e+000  1.7284e-004 -4.1314e-004
 3.047627e-009  0.0000e+000 -3.3190e-005 -2.3719e-003
 3.067397e-009  0.0000e+000  1.1849e-004 -1.0747e-003
 3.087397e-009  0.0000e+000  2.0442e-004  2.2109e-004
 3.107397e-009  0.0000e+000  1.8219e-004  5.0738e-004
 3.127397e-009  0.0000e+000  1.7399e-004  5.5571e-004
 3.147397e-009  0.0000e+000  1.6857e-004  5.5959e-004
 3.167397e-009  0.0000e+000  1.6475e-004  5.6290e-004
 3.187397e-009  0.0000e+000  1.6109e-004  5.6006e-004
 3.207397e-009  0.0000e+000  1.5936e-004  5.6220e-004
 3.227397e-009  0.0000e+000  1.5665e-004  5.5976e-004
 3.247397e-009  0.0000e+000  1.5585e-004  5.6161e-004
 3.267397e-009  0.0000e+000  1.5371e-004  5.5961e-004
 3.287397e-009  0.0000e+000  1.5341e-004  5.6120e-004
 3.307397e-009  0.0000e+000  1.5161e-004  5.5954e-004
 3.327397e-009  0.0000e+000  1.5161e-004  5.6091e-004
 3.347397e-009  0.0000e+000  1.5003e-004  5.5949e-004
 3.367397e-009  0.0000e+000  1.5024e-004  5.6070e-004
 3.387397e-009  0.0000e+000  1.4881e-004  5.5946e-004
 3.407397e-009  0.0000e+000  1.4916e-004  5.6055e-004
 3.427397e-009  0.0000e+000  1.4784e-004  5.5942e-004
 3.447397e-009  0.0000e+000  1.4829e-004  5.6043e-004
 3.467397e-009  0.0000e+000  1.4705e-004  5.5939e-004
 3.487397e-009  0.0000e+000  1.4757e-004  5.6034e-004
 3.507397e-009  0.0000e+000  1.4640e-004  5.5937e-004
 3.527397e-009  0.0000e+000  1.4699e-004  5.6027e-004
 3.547397e-009  0.0000e+000  1.4586e-004  5.5934e-004
 3.567397e-009  0.0000e+000  1.4649e-004  5.6022e-004
 3.587397e-009  0.0000e+000  1.4540e-004  5.5932e-004
 3.599999e-009  0.0000e+000  1.4613e-004  5.6019e-004
 3.600999e-009  3.3000e+000  3.6019e-002  1.5472e-002
 3.6013150e-009  3.3000e+000  3.1775e-002  1.4525e-002
 3.602439e-009  3.3000e+000  2.0802e-002  1.1069e-002
 3.603711e-009  3.3000e+000  1.0760e-002  7.3245e-003
 3.604983e-009  3.3000e+000  4.3240e-003  4.3871e-003
 3.606609e-009  3.3000e+000 -6.8527e-004  1.4674e-003
 3.609324e-009  3.3000e+000 -4.6419e-003 -2.5946e-003
 3.614090e-009  3.3000e+000 -6.0015e-003 -6.0606e-003
 3.620169e-009  3.3000e+000 -4.4395e-003 -5.7730e-003
 3.626541e-009  3.3000e+000 -2.5597e-003 -3.1061e-003
 3.631279e-009  3.3000e+000 -1.4902e-003 -9.9868e-004
 3.634656e-009  3.3000e+000 -9.2757e-004  4.8143e-005
 3.637738e-009  3.3000e+000 -5.6284e-004  6.6944e-004
 3.641531e-009  3.3000e+000 -2.1128e-004  1.2193e-003
 3.647131e-009  3.3000e+000  1.6456e-004  1.6758e-003
 3.654800e-009  3.3000e+000  3.9351e-004  1.8507e-003
 3.665706e-009  3.3000e+000  4.0122e-004  1.7103e-003
 3.682721e-009  3.3000e+000  2.7861e-004  1.2838e-003
 3.702721e-009  3.3000e+000  1.6853e-004  8.7311e-004
 3.722721e-009  3.3000e+000  1.3599e-004  6.7655e-004
 3.742721e-009  3.3000e+000  1.4250e-004  6.3826e-004
 3.762721e-009  3.3000e+000  1.3910e-004  6.2017e-004
 3.782721e-009  3.3000e+000  1.4042e-004  6.1141e-004
 3.802721e-009  3.3000e+000  1.3970e-004  6.0426e-004
 3.822721e-009  3.3000e+000  1.4018e-004  5.9929e-004
 3.842721e-009  3.3000e+000  1.3979e-004  5.9493e-004
 3.862721e-009  3.3000e+000  1.4014e-004  5.9174e-004
 3.882721e-009  3.3000e+000  1.3980e-004  5.8874e-004
 3.902721e-009  3.3000e+000  1.4013e-004  5.8654e-004
 3.922721e-009  3.3000e+000  1.3981e-004  5.8435e-004
 3.942721e-009  3.3000e+000  1.4013e-004  5.8275e-004
 3.962721e-009  3.3000e+000  1.3981e-004  5.8106e-004
 3.982721e-009  3.3000e+000  1.4013e-004  5.7987e-004
 4.002721e-009  3.3000e+000  1.3981e-004  5.7852e-004
 4.022721e-009  3.3000e+000  1.4012e-004  5.7760e-004
 4.042721e-009  3.3000e+000  1.3981e-004  5.7650e-004
 4.062721e-009  3.3000e+000  1.4012e-004  5.7578e-004
 4.082721e-009  3.3000e+000  1.3981e-004  5.7485e-004
 4.102721e-009  3.3000e+000  1.4012e-004  5.7428e-004
 4.122721e-009  3.3000e+000  1.3981e-004  5.7351e-004
 4.142721e-009  3.3000e+000  1.4012e-004  5.7307e-004
 4.162721e-009  3.3000e+000  1.3981e-004  5.7239e-004
 4.182721e-009  3.3000e+000  1.4012e-004  5.7204e-004
 4.201000e-009  3.3000e+000  1.3981e-004  5.7147e-004
 4.203500e-009  0.0000e+000 -2.2434e-002 -2.6334e-003
 4.204750e-009  0.0000e+000 -1.2023e-002  3.2229e-003
 4.207216e-009  0.0000e+000  1.2773e-003  1.1032e-002
 4.209527e-009  0.0000e+000  5.0319e-003  1.3453e-002
 4.211914e-009  0.0000e+000  6.1436e-003  1.3547e-002
 4.214466e-009  0.0000e+000  5.8410e-003  1.2378e-002
 4.217300e-009  0.0000e+000  4.7370e-003  1.0278e-002
 4.220667e-009  0.0000e+000  3.2123e-003  7.3710e-003
 4.222956e-009  0.0000e+000  2.3216e-003  5.5419e-003
 4.224916e-009  0.0000e+000  1.7330e-003  4.2541e-003
 4.226747e-009  0.0000e+000  1.3171e-003  3.2910e-003
 4.228870e-009  0.0000e+000  9.4510e-004  2.3690e-003
 4.231924e-009  0.0000e+000  5.5881e-004  1.2945e-003
 4.237219e-009  0.0000e+000  1.7283e-004 -4.1314e-004
 4.247627e-009  0.0000e+000 -3.3202e-005 -2.3719e-003
 4.267397e-009  0.0000e+000  1.1848e-004 -1.0747e-003
 4.287397e-009  0.0000e+000  2.0441e-004  2.2109e-004
 4.307397e-009  0.0000e+000  1.8219e-004  5.0738e-004
 4.327397e-009  0.0000e+000  1.7399e-004  5.5571e-004
 4.347397e-009  0.0000e+000  1.6857e-004  5.5959e-004
 4.367397e-009  0.0000e+000  1.6475e-004  5.6290e-004
 4.387397e-009  0.0000e+000  1.6109e-004  5.6006e-004
 4.407397e-009  0.0000e+000  1.5936e-004  5.6220e-004
 4.427397e-009  0.0000e+000  1.5665e-004  5.5976e-004
 4.447397e-009  0.0000e+000  1.5585e-004  5.6161e-004
 4.467397e-009  0.0000e+000  1.5370e-004  5.5961e-004
 4.487397e-009  0.0000e+000  1.5341e-004  5.6120e-004
 4.507397e-009  0.0000e+000  1.5160e-004  5.5954e-004
 4.527397e-009  0.0000e+000  1.5161e-004  5.6091e-004
 4.547397e-009  0.0000e+000  1.5003e-004  5.5949e-004
 4.567397e-009  0.0000e+000  1.5024e-004  5.6070e-004
 4.587397e-009  0.0000e+000  1.4881e-004  5.5946e-004
 4.607397e-009  0.0000e+000  1.4916e-004  5.6055e-004
 4.627397e-009  0.0000e+000  1.4784e-004  5.5942e-004
 4.647397e-009  0.0000e+000  1.4829e-004  5.6043e-004
 4.667397e-009  0.0000e+000  1.4705e-004  5.5939e-004
 4.687397e-009  0.0000e+000  1.4757e-004  5.6034e-004
 4.707397e-009  0.0000e+000  1.4640e-004  5.5937e-004
 4.727397e-009  0.0000e+000  1.4699e-004  5.6027e-004
 4.747397e-009  0.0000e+000  1.4586e-004  5.5934e-004
 4.767397e-009  0.0000e+000  1.4649e-004  5.6022e-004
 4.787397e-009  0.0000e+000  1.4540e-004  5.5932e-004
 4.800000e-009  0.0000e+000  1.4613e-004  5.6019e-004
 4.801000e-009  3.3000e+000  3.6019e-002  1.5472e-002
 4.8013150e-009  3.3000e+000  3.1775e-002  1.4525e-002
 4.802439e-009  3.3000e+000  2.0802e-002  1.1069e-002
 4.803711e-009  3.3000e+000  1.0760e-002  7.3245e-003
 4.804983e-009  3.3000e+000  4.3240e-003  4.3871e-003
 4.806609e-009  3.3000e+000 -6.8527e-004  1.4674e-003
 4.809324e-009  3.3000e+000 -4.6419e-003 -2.5946e-003
 4.814090e-009  3.3000e+000 -6.0015e-003 -6.0606e-003
 4.820169e-009  3.3000e+000 -4.4395e-003 -5.7730e-003
 4.826541e-009  3.3000e+000 -2.5597e-003 -3.1061e-003
 4.831279e-009  3.3000e+000 -1.4902e-003 -9.9868e-004
 4.834656e-009  3.3000e+000 -9.2757e-004  4.8143e-005
 4.837738e-009  3.3000e+000 -5.6284e-004  6.6944e-004
 4.841531e-009  3.3000e+000 -2.1128e-004  1.2193e-003
 4.847131e-009  3.3000e+000  1.6456e-004  1.6758e-003
 4.854800e-009  3.3000e+000  3.9351e-004  1.8507e-003
 4.865706e-009  3.3000e+000  4.0122e-004  1.7103e-003
 4.882721e-009  3.3000e+000  2.7861e-004  1.2838e-003
 4.902721e-009  3.3000e+000  1.6853e-004  8.7311e-004
 4.922721e-009  3.3000e+000  1.3599e-004  6.7655e-004
 4.942721e-009  3.3000e+000  1.4250e-004  6.3826e-004
 4.962721e-009  3.3000e+000  1.3910e-004  6.2017e-004
 4.982721e-009  3.3000e+000  1.4042e-004  6.1141e-004
 5.000000e-009  3.3000e+000  1.3972e-004  6.0510e-004
 5.001000e-009  3.3000e+000  2.0929e-004  6.0523e-004
 5.0013150e-009  3.3000e+000  1.9058e-004  6.0503e-004
 5.004465e-009  3.3000e+000  1.0677e-004  6.0375e-004
 5.011328e-009  3.3000e+000  3.8096e-004  6.0293e-004
 5.019095e-009  3.3000e+000  7.1216e-004  6.0105e-004
 5.026325e-009  3.3000e+000 -1.3472e-004  5.9530e-004
 5.031821e-009  3.3000e+000 -2.1303e-003  5.8900e-004
 5.035760e-009  3.3000e+000 -3.7266e-003  5.8726e-004
 5.039032e-009  3.3000e+000 -4.2737e-003  5.9064e-004
 5.042800e-009  3.3000e+000 -2.8749e-003  6.0154e-004
 5.046808e-009  3.3000e+000  5.4145e-003  6.3567e-004
 5.050932e-009  3.3000e+000  2.8646e-002  7.0955e-004
 5.055717e-009  3.3000e+000  7.8624e-002  8.1693e-004
 5.058546e-009  3.3000e+000  1.1774e-001  8.6050e-004
 5.061041e-009  3.3000e+000  1.5603e-001  8.6178e-004
 5.064190e-009  3.3000e+000  2.1277e-001  7.8532e-004
 5.068604e-009  3.3000e+000  3.3086e-001  2.3468e-004
 5.073392e-009  3.3000e+000  5.6634e-001 -1.7007e-003
 5.078032e-009  3.3000e+000  9.1748e-001 -4.0668e-003
 5.082738e-009  3.3000e+000  1.3611e+000  5.3152e-004
 5.086983e-009  3.3000e+000  1.7737e+000  2.0742e-002
 5.090145e-009  3.3000e+000  2.0566e+000  4.9535e-002
 5.093151e-009  3.3000e+000  2.2893e+000  8.7928e-002
 5.096927e-009  3.3000e+000  2.5237e+000  1.4791e-001
 5.102482e-009  3.3000e+000  2.7674e+000  2.5178e-001
 5.109929e-009  3.3000e+000  2.9660e+000  4.3024e-001
 5.117436e-009  3.3000e+000  3.0718e+000  7.2410e-001
 5.122104e-009  3.3000e+000  3.1071e+000  1.0006e+000
 5.125756e-009  3.3000e+000  3.1280e+000  1.2673e+000
 5.128854e-009  3.3000e+000  3.1437e+000  1.5144e+000
 5.132310e-009  3.3000e+000  3.1597e+000  1.7890e+000
 5.136245e-009  3.3000e+000  3.1773e+000  2.0722e+000
 5.140293e-009  3.3000e+000  3.1951e+000  2.3139e+000
 5.142889e-009  3.3000e+000  3.2060e+000  2.4455e+000
 5.145425e-009  3.3000e+000  3.2160e+000  2.5663e+000
 5.147810e-009  3.3000e+000  3.2247e+000  2.6709e+000
 5.149954e-009  3.3000e+000  3.2318e+000  2.7556e+000
 5.152464e-009  3.3000e+000  3.2395e+000  2.8439e+000
 5.156238e-009  3.3000e+000  3.2497e+000  2.9589e+000
 5.162314e-009  3.3000e+000  3.2627e+000  3.0901e+000
 5.169226e-009  3.3000e+000  3.2736e+000  3.1670e+000
 5.175168e-009  3.3000e+000  3.2807e+000  3.2041e+000
 5.179220e-009  3.3000e+000  3.2846e+000  3.2217e+000
 5.183164e-009  3.3000e+000  3.2876e+000  3.2347e+000
 5.188774e-009  3.3000e+000  3.2911e+000  3.2505e+000
 5.196311e-009  3.3000e+000  3.2944e+000  3.2680e+000
 5.207017e-009  3.3000e+000  3.2971e+000  3.2836e+000
 5.223712e-009  3.3000e+000  3.2990e+000  3.2951e+000
 5.243712e-009  3.3000e+000  3.2997e+000  3.2995e+000
 5.263712e-009  3.3000e+000  3.2998e+000  3.2999e+000
 5.283712e-009  3.3000e+000  3.2999e+000  3.3000e+000
 5.303712e-009  3.3000e+000  3.2999e+000  3.3000e+000
 5.323712e-009  3.3000e+000  3.2999e+000  3.3000e+000
 5.343712e-009  3.3000e+000  3.2999e+000  3.3000e+000
 5.363712e-009  3.3000e+000  3.2999e+000  3.3000e+000
 5.383712e-009  3.3000e+000  3.2999e+000  3.3000e+000
 5.400999e-009  3.3000e+000  3.2999e+000  3.3000e+000
 5.403500e-009  0.0000e+000  3.3061e+000  3.3101e+000
 5.404287e-009  0.0000e+000  3.3218e+000  3.3176e+000
 5.406636e-009  0.0000e+000  3.3589e+000  3.3333e+000
 5.408841e-009  0.0000e+000  3.3802e+000  3.3409e+000
 5.411227e-009  0.0000e+000  3.3954e+000  3.3455e+000
 5.413257e-009  0.0000e+000  3.4037e+000  3.3476e+000
 5.414959e-009  0.0000e+000  3.4078e+000  3.3489e+000
 5.416966e-009  0.0000e+000  3.4099e+000  3.3499e+000
 5.419859e-009  0.0000e+000  3.4081e+000  3.3496e+000
 5.423242e-009  0.0000e+000  3.4002e+000  3.3467e+000
 5.425635e-009  0.0000e+000  3.3923e+000  3.3439e+000
 5.428027e-009  0.0000e+000  3.3840e+000  3.3412e+000
 5.430710e-009  0.0000e+000  3.3747e+000  3.3386e+000
 5.434857e-009  0.0000e+000  3.3599e+000  3.3350e+000
 5.442724e-009  0.0000e+000  3.3358e+000  3.3256e+000
 5.457738e-009  0.0000e+000  3.3108e+000  3.3079e+000
 5.477738e-009  0.0000e+000  3.3016e+000  3.3012e+000
 5.497738e-009  0.0000e+000  3.3002e+000  3.3000e+000
 5.517738e-009  0.0000e+000  3.3000e+000  3.2999e+000
 5.537738e-009  0.0000e+000  3.3000e+000  3.2999e+000
 5.557738e-009  0.0000e+000  3.3000e+000  3.2999e+000
 5.577738e-009  0.0000e+000  3.2999e+000  3.2999e+000
 5.597738e-009  0.0000e+000  3.2999e+000  3.2999e+000
 5.617738e-009  0.0000e+000  3.2999e+000  3.2999e+000
 5.637738e-009  0.0000e+000  3.2999e+000  3.2999e+000
 5.657738e-009  0.0000e+000  3.2999e+000  3.2999e+000
 5.677738e-009  0.0000e+000  3.2999e+000  3.2999e+000
 5.697738e-009  0.0000e+000  3.2999e+000  3.2999e+000
 5.717738e-009  0.0000e+000  3.2999e+000  3.2999e+000
 5.737738e-009  0.0000e+000  3.2999e+000  3.2999e+000
 5.757738e-009  0.0000e+000  3.2999e+000  3.2999e+000
 5.777738e-009  0.0000e+000  3.2999e+000  3.2999e+000
 5.797738e-009  0.0000e+000  3.2999e+000  3.2999e+000
 5.817738e-009  0.0000e+000  3.2999e+000  3.2999e+000
 5.837738e-009  0.0000e+000  3.2999e+000  3.2999e+000
 5.857738e-009  0.0000e+000  3.2999e+000  3.2999e+000
 5.877738e-009  0.0000e+000  3.2999e+000  3.2999e+000
 5.897738e-009  0.0000e+000  3.2999e+000  3.2999e+000
 5.917738e-009  0.0000e+000  3.2999e+000  3.2999e+000
 5.937738e-009  0.0000e+000  3.2999e+000  3.2999e+000
 5.957738e-009  0.0000e+000  3.2999e+000  3.2999e+000
 5.977738e-009  0.0000e+000  3.2999e+000  3.2999e+000
 5.997738e-009  0.0000e+000  3.2999e+000  3.2999e+000
 5.999999e-009  0.0000e+000  3.2999e+000  3.2999e+000
 6.001000e-009  3.3000e+000  3.3031e+000  3.3128e+000
 6.0013150e-009  3.3000e+000  3.2891e+000  3.3118e+000
 6.002412e-009  3.3000e+000  3.2565e+000  3.3078e+000
 6.003629e-009  3.3000e+000  3.2302e+000  3.3033e+000
 6.004842e-009  3.3000e+000  3.2194e+000  3.2990e+000
 6.006386e-009  3.3000e+000  3.2163e+000  3.2941e+000
 6.008921e-009  3.3000e+000  3.2192e+000  3.2874e+000
 6.013577e-009  3.3000e+000  3.2301e+000  3.2712e+000
 6.019847e-009  3.3000e+000  3.2408e+000  3.2590e+000
 6.026617e-009  3.3000e+000  3.2454e+000  3.2579e+000
 6.032748e-009  3.3000e+000  3.2460e+000  3.2642e+000
 6.036805e-009  3.3000e+000  3.2480e+000  3.2693e+000
 6.040569e-009  3.3000e+000  3.2507e+000  3.2733e+000
 6.045952e-009  3.3000e+000  3.2561e+000  3.2787e+000
 6.053185e-009  3.3000e+000  3.2657e+000  3.2853e+000
 6.063254e-009  3.3000e+000  3.2779e+000  3.2916e+000
 6.078494e-009  3.3000e+000  3.2904e+000  3.2968e+000
 6.098494e-009  3.3000e+000  3.2979e+000  3.2993e+000
 6.118494e-009  3.3000e+000  3.2996e+000  3.2997e+000
 6.138494e-009  3.3000e+000  3.2998e+000  3.2997e+000
 6.158494e-009  3.3000e+000  3.2999e+000  3.2998e+000
 6.178494e-009  3.3000e+000  3.2999e+000  3.2998e+000
 6.198494e-009  3.3000e+000  3.2999e+000  3.2998e+000
 6.218494e-009  3.3000e+000  3.2999e+000  3.2999e+000
 6.238494e-009  3.3000e+000  3.2999e+000  3.2999e+000
 6.258494e-009  3.3000e+000  3.2999e+000  3.2999e+000
 6.278494e-009  3.3000e+000  3.2999e+000  3.2999e+000
 6.298494e-009  3.3000e+000  3.2999e+000  3.2999e+000
 6.318494e-009  3.3000e+000  3.2999e+000  3.2999e+000
 6.338494e-009  3.3000e+000  3.2999e+000  3.2999e+000
 6.358494e-009  3.3000e+000  3.2999e+000  3.2999e+000
 6.378494e-009  3.3000e+000  3.2999e+000  3.2999e+000
 6.398494e-009  3.3000e+000  3.2999e+000  3.2999e+000
 6.418494e-009  3.3000e+000  3.2999e+000  3.2999e+000
 6.438494e-009  3.3000e+000  3.2999e+000  3.2999e+000
 6.458494e-009  3.3000e+000  3.2999e+000  3.2999e+000
 6.478494e-009  3.3000e+000  3.2999e+000  3.2999e+000
 6.498494e-009  3.3000e+000  3.2999e+000  3.2999e+000
 6.518494e-009  3.3000e+000  3.2999e+000  3.2999e+000
 6.538494e-009  3.3000e+000  3.2999e+000  3.2999e+000
 6.558494e-009  3.3000e+000  3.2999e+000  3.3000e+000
 6.578494e-009  3.3000e+000  3.2999e+000  3.3000e+000
 6.598494e-009  3.3000e+000  3.2999e+000  3.3000e+000
 6.600999e-009  3.3000e+000  3.2999e+000  3.3000e+000
 6.603500e-009  0.0000e+000  3.3061e+000  3.3100e+000
 6.604287e-009  0.0000e+000  3.3219e+000  3.3175e+000
 6.606632e-009  0.0000e+000  3.3591e+000  3.3337e+000
 6.608831e-009  0.0000e+000  3.3806e+000  3.3421e+000
 6.611207e-009  0.0000e+000  3.3962e+000  3.3476e+000
 6.613802e-009  0.0000e+000  3.4067e+000  3.3510e+000
 6.616610e-009  0.0000e+000  3.4113e+000  3.3520e+000
 6.619936e-009  0.0000e+000  3.4090e+000  3.3503e+000
 6.623601e-009  0.0000e+000  3.3993e+000  3.3459e+000
 6.625990e-009  0.0000e+000  3.3909e+000  3.3427e+000
 6.628142e-009  0.0000e+000  3.3833e+000  3.3402e+000
 6.630858e-009  0.0000e+000  3.3737e+000  3.3376e+000
 6.635237e-009  0.0000e+000  3.3580e+000  3.3338e+000
 6.643667e-009  0.0000e+000  3.3330e+000  3.3231e+000
 6.659693e-009  0.0000e+000  3.3088e+000  3.3063e+000
 6.679693e-009  0.0000e+000  3.3013e+000  3.3009e+000
 6.699693e-009  0.0000e+000  3.3001e+000  3.3000e+000
 6.719693e-009  0.0000e+000  3.3000e+000  3.2999e+000
 6.739693e-009  0.0000e+000  3.3000e+000  3.2999e+000
 6.759693e-009  0.0000e+000  3.3000e+000  3.2999e+000
 6.779693e-009  0.0000e+000  3.2999e+000  3.2999e+000
 6.799693e-009  0.0000e+000  3.2999e+000  3.2999e+000
 6.819693e-009  0.0000e+000  3.2999e+000  3.2999e+000
 6.839693e-009  0.0000e+000  3.2999e+000  3.2999e+000
 6.859693e-009  0.0000e+000  3.2999e+000  3.2999e+000
 6.879693e-009  0.0000e+000  3.2999e+000  3.2999e+000
 6.899693e-009  0.0000e+000  3.2999e+000  3.2999e+000
 6.919693e-009  0.0000e+000  3.2999e+000  3.2999e+000
 6.939693e-009  0.0000e+000  3.2999e+000  3.2999e+000
 6.959693e-009  0.0000e+000  3.2999e+000  3.2999e+000
 6.979693e-009  0.0000e+000  3.2999e+000  3.2999e+000
 6.999693e-009  0.0000e+000  3.2999e+000  3.2999e+000
 7.019693e-009  0.0000e+000  3.2999e+000  3.2999e+000
 7.039693e-009  0.0000e+000  3.2999e+000  3.2999e+000
 7.059693e-009  0.0000e+000  3.2999e+000  3.2999e+000
 7.079693e-009  0.0000e+000  3.2999e+000  3.2999e+000
 7.099693e-009  0.0000e+000  3.2999e+000  3.2999e+000
 7.119693e-009  0.0000e+000  3.2999e+000  3.2999e+000
 7.139693e-009  0.0000e+000  3.2999e+000  3.2999e+000
 7.159693e-009  0.0000e+000  3.2999e+000  3.2999e+000
 7.179693e-009  0.0000e+000  3.2999e+000  3.2999e+000
 7.199693e-009  0.0000e+000  3.2999e+000  3.2999e+000
 7.2000000e-009  0.0000e+000  3.2999e+000  3.2999e+000
 7.201000e-009  3.3000e+000  3.3031e+000  3.3128e+000
 7.2013150e-009  3.3000e+000  3.2891e+000  3.3118e+000
 7.202412e-009  3.3000e+000  3.2565e+000  3.3078e+000
 7.203629e-009  3.3000e+000  3.2302e+000  3.3033e+000
 7.204842e-009  3.3000e+000  3.2194e+000  3.2990e+000
 7.206386e-009  3.3000e+000  3.2163e+000  3.2941e+000
 7.208921e-009  3.3000e+000  3.2192e+000  3.2874e+000
 7.213577e-009  3.3000e+000  3.2301e+000  3.2712e+000
 7.219847e-009  3.3000e+000  3.2408e+000  3.2590e+000
 7.226617e-009  3.3000e+000  3.2454e+000  3.2579e+000
 7.232748e-009  3.3000e+000  3.2460e+000  3.2642e+000
 7.236805e-009  3.3000e+000  3.2480e+000  3.2693e+000
 7.240569e-009  3.3000e+000  3.2507e+000  3.2733e+000
 7.245952e-009  3.3000e+000  3.2561e+000  3.2787e+000
 7.253185e-009  3.3000e+000  3.2657e+000  3.2853e+000
 7.263254e-009  3.3000e+000  3.2779e+000  3.2916e+000
 7.278494e-009  3.3000e+000  3.2904e+000  3.2968e+000
 7.298494e-009  3.3000e+000  3.2979e+000  3.2993e+000
 7.318494e-009  3.3000e+000  3.2996e+000  3.2997e+000
 7.338494e-009  3.3000e+000  3.2998e+000  3.2997e+000
 7.358494e-009  3.3000e+000  3.2999e+000  3.2998e+000
 7.378494e-009  3.3000e+000  3.2999e+000  3.2998e+000
 7.398494e-009  3.3000e+000  3.2999e+000  3.2998e+000
 7.418494e-009  3.3000e+000  3.2999e+000  3.2999e+000
 7.438494e-009  3.3000e+000  3.2999e+000  3.2999e+000
 7.458494e-009  3.3000e+000  3.2999e+000  3.2999e+000
 7.478494e-009  3.3000e+000  3.2999e+000  3.2999e+000
 7.498494e-009  3.3000e+000  3.2999e+000  3.2999e+000
 7.518494e-009  3.3000e+000  3.2999e+000  3.2999e+000
 7.538494e-009  3.3000e+000  3.2999e+000  3.2999e+000
 7.558494e-009  3.3000e+000  3.2999e+000  3.2999e+000
 7.578494e-009  3.3000e+000  3.2999e+000  3.2999e+000
 7.598494e-009  3.3000e+000  3.2999e+000  3.2999e+000
 7.618494e-009  3.3000e+000  3.2999e+000  3.2999e+000
 7.638494e-009  3.3000e+000  3.2999e+000  3.2999e+000
 7.658494e-009  3.3000e+000  3.2999e+000  3.2999e+000
 7.678494e-009  3.3000e+000  3.2999e+000  3.2999e+000
 7.698494e-009  3.3000e+000  3.2999e+000  3.2999e+000
 7.718494e-009  3.3000e+000  3.2999e+000  3.2999e+000
 7.738494e-009  3.3000e+000  3.2999e+000  3.2999e+000
 7.758494e-009  3.3000e+000  3.2999e+000  3.3000e+000
 7.778494e-009  3.3000e+000  3.2999e+000  3.3000e+000
 7.798494e-009  3.3000e+000  3.2999e+000  3.3000e+000
 7.800999e-009  3.3000e+000  3.2999e+000  3.3000e+000
 7.803499e-009  0.0000e+000  3.3061e+000  3.3100e+000
 7.804287e-009  0.0000e+000  3.3219e+000  3.3175e+000
 7.806632e-009  0.0000e+000  3.3591e+000  3.3337e+000
 7.808831e-009  0.0000e+000  3.3806e+000  3.3421e+000
 7.811207e-009  0.0000e+000  3.3962e+000  3.3476e+000
 7.813802e-009  0.0000e+000  3.4067e+000  3.3510e+000
 7.816610e-009  0.0000e+000  3.4113e+000  3.3520e+000
 7.819936e-009  0.0000e+000  3.4090e+000  3.3503e+000
 7.823601e-009  0.0000e+000  3.3993e+000  3.3459e+000
 7.825990e-009  0.0000e+000  3.3909e+000  3.3427e+000
 7.828142e-009  0.0000e+000  3.3833e+000  3.3402e+000
 7.830858e-009  0.0000e+000  3.3737e+000  3.3376e+000
 7.835237e-009  0.0000e+000  3.3580e+000  3.3338e+000
 7.843667e-009  0.0000e+000  3.3330e+000  3.3231e+000
 7.859693e-009  0.0000e+000  3.3088e+000  3.3063e+000
 7.879693e-009  0.0000e+000  3.3013e+000  3.3009e+000
 7.899693e-009  0.0000e+000  3.3001e+000  3.3000e+000
 7.919693e-009  0.0000e+000  3.3000e+000  3.2999e+000
 7.939693e-009  0.0000e+000  3.3000e+000  3.2999e+000
 7.959693e-009  0.0000e+000  3.3000e+000  3.2999e+000
 7.979693e-009  0.0000e+000  3.2999e+000  3.2999e+000
 7.999693e-009  0.0000e+000  3.2999e+000  3.2999e+000
 8.019693e-009  0.0000e+000  3.2999e+000  3.2999e+000
 8.039693e-009  0.0000e+000  3.2999e+000  3.2999e+000
 8.059693e-009  0.0000e+000  3.2999e+000  3.2999e+000
 8.079693e-009  0.0000e+000  3.2999e+000  3.2999e+000
 8.099693e-009  0.0000e+000  3.2999e+000  3.2999e+000
 8.119693e-009  0.0000e+000  3.2999e+000  3.2999e+000
 8.139693e-009  0.0000e+000  3.2999e+000  3.2999e+000
 8.159693e-009  0.0000e+000  3.2999e+000  3.2999e+000
 8.179693e-009  0.0000e+000  3.2999e+000  3.2999e+000
 8.199693e-009  0.0000e+000  3.2999e+000  3.2999e+000
 8.219693e-009  0.0000e+000  3.2999e+000  3.2999e+000
 8.239693e-009  0.0000e+000  3.2999e+000  3.2999e+000
 8.259693e-009  0.0000e+000  3.2999e+000  3.2999e+000
 8.279693e-009  0.0000e+000  3.2999e+000  3.2999e+000
 8.299693e-009  0.0000e+000  3.2999e+000  3.2999e+000
 8.319693e-009  0.0000e+000  3.2999e+000  3.2999e+000
 8.339693e-009  0.0000e+000  3.2999e+000  3.2999e+000
 8.359693e-009  0.0000e+000  3.2999e+000  3.2999e+000
 8.379693e-009  0.0000e+000  3.2999e+000  3.2999e+000
 8.399693e-009  0.0000e+000  3.2999e+000  3.2999e+000
 8.4000000e-009  0.0000e+000  3.2999e+000  3.2999e+000
 8.402499e-009  3.3000e+000  3.2677e+000  3.3077e+000
 8.403749e-009  3.3000e+000  3.2420e+000  3.3033e+000
 8.405138e-009  3.3000e+000  3.2238e+000  3.2985e+000
 8.406579e-009  3.3000e+000  3.2185e+000  3.2941e+000
 8.408772e-009  3.3000e+000  3.2196e+000  3.2882e+000
 8.412938e-009  3.3000e+000  3.2288e+000  3.2732e+000
 8.418879e-009  3.3000e+000  3.2396e+000  3.2602e+000
 8.425525e-009  3.3000e+000  3.2451e+000  3.2575e+000
 8.431671e-009  3.3000e+000  3.2457e+000  3.2630e+000
 8.435655e-009  3.3000e+000  3.2474e+000  3.2681e+000
 8.439138e-009  3.3000e+000  3.2497e+000  3.2719e+000
 8.443593e-009  3.3000e+000  3.2536e+000  3.2764e+000
 8.449879e-009  3.3000e+000  3.2613e+000  3.2825e+000
 8.458534e-009  3.3000e+000  3.2726e+000  3.2891e+000
 8.471161e-009  3.3000e+000  3.2853e+000  3.2948e+000
 8.491161e-009  3.3000e+000  3.2962e+000  3.2988e+000
 8.511161e-009  3.3000e+000  3.2994e+000  3.2997e+000
 8.531161e-009  3.3000e+000  3.2998e+000  3.2997e+000
 8.551161e-009  3.3000e+000  3.2999e+000  3.2998e+000
 8.571161e-009  3.3000e+000  3.2999e+000  3.2998e+000
 8.591161e-009  3.3000e+000  3.2999e+000  3.2998e+000
 8.611161e-009  3.3000e+000  3.2999e+000  3.2999e+000
 8.631161e-009  3.3000e+000  3.2999e+000  3.2999e+000
 8.651161e-009  3.3000e+000  3.2999e+000  3.2999e+000
 8.671161e-009  3.3000e+000  3.2999e+000  3.2999e+000
 8.691161e-009  3.3000e+000  3.2999e+000  3.2999e+000
 8.711161e-009  3.3000e+000  3.2999e+000  3.2999e+000
 8.731161e-009  3.3000e+000  3.2999e+000  3.2999e+000
 8.751161e-009  3.3000e+000  3.2999e+000  3.2999e+000
 8.771161e-009  3.3000e+000  3.2999e+000  3.2999e+000
 8.791161e-009  3.3000e+000  3.2999e+000  3.2999e+000
 8.811161e-009  3.3000e+000  3.2999e+000  3.2999e+000
 8.831161e-009  3.3000e+000  3.2999e+000  3.2999e+000
 8.851161e-009  3.3000e+000  3.2999e+000  3.2999e+000
 8.871161e-009  3.3000e+000  3.2999e+000  3.2999e+000
 8.891161e-009  3.3000e+000  3.2999e+000  3.2999e+000
 8.911161e-009  3.3000e+000  3.2999e+000  3.2999e+000
 8.931161e-009  3.3000e+000  3.2999e+000  3.2999e+000
 8.951161e-009  3.3000e+000  3.2999e+000  3.3000e+000
 8.971161e-009  3.3000e+000  3.2999e+000  3.3000e+000
 8.991161e-009  3.3000e+000  3.2999e+000  3.3000e+000
 9.001000e-009  3.3000e+000  3.2999e+000  3.3000e+000
 9.002000e-009  0.0000e+000  3.2788e+000  3.2965e+000
 9.0023150e-009  0.0000e+000  3.2861e+000  3.3004e+000
 9.004620e-009  0.0000e+000  3.3280e+000  3.3207e+000
 9.007146e-009  0.0000e+000  3.3653e+000  3.3363e+000
 9.009460e-009  0.0000e+000  3.3857e+000  3.3440e+000
 9.011934e-009  0.0000e+000  3.4000e+000  3.3489e+000
 9.014607e-009  0.0000e+000  3.4089e+000  3.3516e+000
 9.017529e-009  0.0000e+000  3.4115e+000  3.3518e+000
 9.021085e-009  0.0000e+000  3.4066e+000  3.3491e+000
 9.024349e-009  0.0000e+000  3.3968e+000  3.3449e+000
 9.026661e-009  0.0000e+000  3.3886e+000  3.3419e+000
 9.028934e-009  0.0000e+000  3.3806e+000  3.3394e+000
 9.032054e-009  0.0000e+000  3.3694e+000  3.3365e+000
 9.037443e-009  0.0000e+000  3.3506e+000  3.3318e+000
 9.048058e-009  0.0000e+000  3.3238e+000  3.3168e+000
 9.068058e-009  0.0000e+000  3.3036e+000  3.3027e+000
 9.088058e-009  0.0000e+000  3.3005e+000  3.3003e+000
 9.108058e-009  0.0000e+000  3.3000e+000  3.2999e+000
 9.128058e-009  0.0000e+000  3.3000e+000  3.2999e+000
 9.148058e-009  0.0000e+000  3.3000e+000  3.2999e+000
 9.168058e-009  0.0000e+000  3.2999e+000  3.2999e+000
 9.188058e-009  0.0000e+000  3.2999e+000  3.2999e+000
 9.208058e-009  0.0000e+000  3.2999e+000  3.2999e+000
 9.228058e-009  0.0000e+000  3.2999e+000  3.2999e+000
 9.248058e-009  0.0000e+000  3.2999e+000  3.2999e+000
 9.268058e-009  0.0000e+000  3.2999e+000  3.2999e+000
 9.288058e-009  0.0000e+000  3.2999e+000  3.2999e+000
 9.308058e-009  0.0000e+000  3.2999e+000  3.2999e+000
 9.328058e-009  0.0000e+000  3.2999e+000  3.2999e+000
 9.348058e-009  0.0000e+000  3.2999e+000  3.2999e+000
 9.368058e-009  0.0000e+000  3.2999e+000  3.2999e+000
 9.388058e-009  0.0000e+000  3.2999e+000  3.2999e+000
 9.408058e-009  0.0000e+000  3.2999e+000  3.2999e+000
 9.428058e-009  0.0000e+000  3.2999e+000  3.2999e+000
 9.448058e-009  0.0000e+000  3.2999e+000  3.2999e+000
 9.468058e-009  0.0000e+000  3.2999e+000  3.2999e+000
 9.488058e-009  0.0000e+000  3.2999e+000  3.2999e+000
 9.508058e-009  0.0000e+000  3.2999e+000  3.2999e+000
 9.528058e-009  0.0000e+000  3.2999e+000  3.2999e+000
 9.548058e-009  0.0000e+000  3.2999e+000  3.2999e+000
 9.568058e-009  0.0000e+000  3.2999e+000  3.2999e+000
 9.588058e-009  0.0000e+000  3.2999e+000  3.2999e+000
 9.600000e-009  0.0000e+000  3.2999e+000  3.2999e+000
 9.600999e-009  3.3000e+000  3.3031e+000  3.3128e+000
 9.6013149e-009  3.3000e+000  3.2891e+000  3.3118e+000
 9.602412e-009  3.3000e+000  3.2565e+000  3.3078e+000
 9.603629e-009  3.3000e+000  3.2302e+000  3.3033e+000
 9.604842e-009  3.3000e+000  3.2194e+000  3.2990e+000
 9.606386e-009  3.3000e+000  3.2163e+000  3.2941e+000
 9.608921e-009  3.3000e+000  3.2192e+000  3.2874e+000
 9.613577e-009  3.3000e+000  3.2301e+000  3.2712e+000
 9.619847e-009  3.3000e+000  3.2408e+000  3.2590e+000
 9.626617e-009  3.3000e+000  3.2454e+000  3.2579e+000
 9.632748e-009  3.3000e+000  3.2460e+000  3.2642e+000
 9.636805e-009  3.3000e+000  3.2480e+000  3.2693e+000
 9.640569e-009  3.3000e+000  3.2507e+000  3.2733e+000
 9.645952e-009  3.3000e+000  3.2561e+000  3.2787e+000
 9.653185e-009  3.3000e+000  3.2657e+000  3.2853e+000
 9.663254e-009  3.3000e+000  3.2779e+000  3.2916e+000
 9.678494e-009  3.3000e+000  3.2904e+000  3.2968e+000
 9.698494e-009  3.3000e+000  3.2979e+000  3.2993e+000
 9.718494e-009  3.3000e+000  3.2996e+000  3.2997e+000
 9.738494e-009  3.3000e+000  3.2998e+000  3.2997e+000
 9.758494e-009  3.3000e+000  3.2999e+000  3.2998e+000
 9.778494e-009  3.3000e+000  3.2999e+000  3.2998e+000
 9.798494e-009  3.3000e+000  3.2999e+000  3.2998e+000
 9.818494e-009  3.3000e+000  3.2999e+000  3.2999e+000
 9.838494e-009  3.3000e+000  3.2999e+000  3.2999e+000
 9.858494e-009  3.3000e+000  3.2999e+000  3.2999e+000
 9.878494e-009  3.3000e+000  3.2999e+000  3.2999e+000
 9.898494e-009  3.3000e+000  3.2999e+000  3.2999e+000
 9.918494e-009  3.3000e+000  3.2999e+000  3.2999e+000
 9.938494e-009  3.3000e+000  3.2999e+000  3.2999e+000
 9.958494e-009  3.3000e+000  3.2999e+000  3.2999e+000
 9.978494e-009  3.3000e+000  3.2999e+000  3.2999e+000
 9.998494e-009  3.3000e+000  3.2999e+000  3.2999e+000
 1.000000e-008  3.3000e+000  3.2999e+000  3.2999e+000
*

* Parsing                      0.02 seconds
* Setup                        0.14 seconds
* DC operating point           0.02 seconds
* Transient Analysis           0.61 seconds
* Overhead                     1.21 seconds
* -----------------------------------------
* Total                        2.00 seconds

* Simulation completed	with  4 Warnings

* End of T-Spice output file
