* T-Spice 13.00 Simulation	Sun May 05 15:00:56 2019	C:\Users\makif\Google Drive\TEZ ÇALIÞMAM\çizim\Counter_TDC\Counter_TDC\counter_TDC3.sp
* Command line: tspice -o "C:\Users\makif\Google Drive\TEZ ÇALIÞMAM\çizim\Counter_TDC\Counter_TDC\counter_TDC3.out" "C:\Users\makif\Google Drive\TEZ ÇALIÞMAM\çizim\Counter_TDC\Counter_TDC\counter_TDC3.sp" 
* T-Spice Win32 13.00.20080321.01:01:33

*SEDIT: Alter blocks = 0

* Accuracy and Convergence options:
* numndset|dchold = 100
* 
* Timestep and Integration options:
*  relq|relchgtol = 0.0005
* 
* Model Evaluation options:
*            dcap = 2                    defnrb = 0 [sq]               defnrd = 0 [sq]
*          defnrs = 0 [sq]                 tnom = 25 [deg C]
* 
* General options:
*            temp = 25 [deg C]          threads = 8
* 
* Output options:
*           acout = 1                    ingold = 0
* 


*  Device and node counts:
*             MOSFETs - 14                MOSFET geometries - 8       
*                BJTs - 0                             JFETs - 0       
*             MESFETs - 0                            Diodes - 0       
*          Capacitors - 0                         Resistors - 0       
*           Inductors - 0                  Mutual inductors - 0       
*  Transmission lines - 0        Coupled transmission lines - 0       
*     Voltage sources - 4                   Current sources - 0       
*                VCVS - 0                              VCCS - 0       
*                CCVS - 0                              CCCS - 0       
*    V-control switch - 0                  I-control switch - 0       
*       Macro devices - 0        External C model instances - 0       
*         HDL devices - 0       
*         Subcircuits - 0              Subcircuit instances - 4       
*   Independent nodes - 63                   Boundary nodes - 5       
*         Total nodes - 68      


*SEDIT: Alter=0
*SEDIT: Analysis types DCOP 0 ACMODEL 0 AC 0 TRANSIENT 1 TRANSFER 0 NOISE 0 

*WEDIT: .tran   1e-011   1e-008
TRANSIENT ANALYSIS
Time<s>        v(Stop,Gnd)<V>  v(Start,Gnd)<V>  v(Out,Gnd)<V>  v(Clock,Gnd)<V>  v(Time,Gnd)<V>
 0.000000e+000  1.0000e+000  0.0000e+000  1.5338e-004  0.0000e+000  1.1951e-004
 6.250000e-013  1.0000e+000  0.0000e+000  1.9128e-004  6.2500e-001  1.4363e-004
 1.000000e-012  1.0000e+000  0.0000e+000  1.6431e-004  1.0000e+000  1.3608e-004
 1.449987e-012  1.0000e+000  0.0000e+000  1.1764e-004  1.0000e+000  1.1876e-004
 5.949860e-012  1.0000e+000  0.0000e+000 -6.9752e-005  1.0000e+000  1.0265e-004
 2.594986e-011  1.0000e+000  0.0000e+000  8.1805e-006  1.0000e+000  1.2131e-004
 4.594986e-011  1.0000e+000  0.0000e+000  8.0121e-004  1.0000e+000  1.3083e-004
 6.594986e-011  1.0000e+000  0.0000e+000  1.0849e-003  1.0000e+000  1.2676e-004
 8.594986e-011  1.0000e+000  0.0000e+000  9.8271e-004  1.0000e+000  1.2839e-004
 1.059498e-010  1.0000e+000  0.0000e+000  7.8405e-004  1.0000e+000  1.2545e-004
 1.259498e-010  1.0000e+000  0.0000e+000  6.0767e-004  1.0000e+000  1.2531e-004
 1.459498e-010  1.0000e+000  0.0000e+000  4.7656e-004  1.0000e+000  1.2366e-004
 1.510000e-010  1.0000e+000  0.0000e+000  4.5056e-004  1.0000e+000  1.2351e-004
 1.520000e-010  1.0000e+000  0.0000e+000  3.8580e-004  0.0000e+000  1.0261e-004
 1.524500e-010  1.0000e+000  0.0000e+000  4.0477e-004  0.0000e+000  1.1279e-004
 1.569500e-010  1.0000e+000  0.0000e+000  4.1673e-004  0.0000e+000  1.2366e-004
 1.769500e-010  1.0000e+000  0.0000e+000  3.9800e-004  0.0000e+000  1.2795e-004
 1.969500e-010  1.0000e+000  0.0000e+000  3.0905e-004  0.0000e+000  1.1967e-004
 2.169500e-010  1.0000e+000  0.0000e+000  2.4116e-004  0.0000e+000  1.2258e-004
 2.369500e-010  1.0000e+000  0.0000e+000  2.0034e-004  0.0000e+000  1.1913e-004
 2.569500e-010  1.0000e+000  0.0000e+000  1.7780e-004  0.0000e+000  1.2079e-004
 2.769499e-010  1.0000e+000  0.0000e+000  1.6588e-004  0.0000e+000  1.1928e-004
 2.969499e-010  1.0000e+000  0.0000e+000  1.5972e-004  0.0000e+000  1.2014e-004
 3.000000e-010  1.0000e+000  0.0000e+000  1.5911e-004  0.0000e+000  1.1978e-004
 3.025000e-010  1.0000e+000  0.0000e+000  2.1239e-004  1.0000e+000  1.3831e-004
 3.036250e-010  1.0000e+000  0.0000e+000  1.9999e-004  1.0000e+000  1.2827e-004
 3.148749e-010  1.0000e+000  0.0000e+000  1.5743e-004  1.0000e+000  1.1279e-004
 3.348749e-010  1.0000e+000  0.0000e+000  1.3312e-004  1.0000e+000  1.2269e-004
 3.548749e-010  1.0000e+000  0.0000e+000  1.3709e-004  1.0000e+000  1.1724e-004
 3.748749e-010  1.0000e+000  0.0000e+000  1.4516e-004  1.0000e+000  1.2141e-004
 3.948749e-010  1.0000e+000  0.0000e+000  1.5272e-004  1.0000e+000  1.1883e-004
 4.148749e-010  1.0000e+000  0.0000e+000  1.5740e-004  1.0000e+000  1.2073e-004
 4.348749e-010  1.0000e+000  0.0000e+000  1.6085e-004  1.0000e+000  1.1953e-004
 4.510000e-010  1.0000e+000  0.0000e+000  1.6198e-004  1.0000e+000  1.2033e-004
 4.520000e-010  1.0000e+000  0.0000e+000  9.3620e-005  0.0000e+000  9.5631e-005
 4.524500e-010  1.0000e+000  0.0000e+000  1.1299e-004  0.0000e+000  1.0624e-004
 4.569500e-010  1.0000e+000  0.0000e+000  1.3338e-004  0.0000e+000  1.1745e-004
 4.769500e-010  1.0000e+000  0.0000e+000  1.8400e-004  0.0000e+000  1.2427e-004
 4.969500e-010  1.0000e+000  0.0000e+000  1.8194e-004  0.0000e+000  1.1808e-004
 5.169500e-010  1.0000e+000  0.0000e+000  1.7200e-004  0.0000e+000  1.2160e-004
 5.369500e-010  1.0000e+000  0.0000e+000  1.6411e-004  0.0000e+000  1.1879e-004
 5.569500e-010  1.0000e+000  0.0000e+000  1.5921e-004  0.0000e+000  1.2054e-004
 5.769500e-010  1.0000e+000  0.0000e+000  1.5644e-004  0.0000e+000  1.1924e-004
 5.969500e-010  1.0000e+000  0.0000e+000  1.5495e-004  0.0000e+000  1.2009e-004
 6.000000e-010  1.0000e+000  0.0000e+000  1.5481e-004  0.0000e+000  1.1977e-004
 6.010000e-010  1.0000e+000  0.0000e+000  2.2702e-004  1.0000e+000  1.5312e-004
 6.014500e-010  1.0000e+000  0.0000e+000  2.0776e-004  1.0000e+000  1.3895e-004
 6.059500e-010  1.0000e+000  0.0000e+000  1.9098e-004  1.0000e+000  1.2437e-004
 6.259500e-010  1.0000e+000  0.0000e+000  1.4312e-004  1.0000e+000  1.1462e-004
 6.459500e-010  1.0000e+000  0.0000e+000  1.3556e-004  1.0000e+000  1.2206e-004
 6.659500e-010  1.0000e+000  0.0000e+000  1.3892e-004  1.0000e+000  1.1742e-004
 6.859500e-010  1.0000e+000  0.0000e+000  1.4414e-004  1.0000e+000  1.2113e-004
 7.059500e-010  1.0000e+000  0.0000e+000  1.4861e-004  1.0000e+000  1.1874e-004
 7.259500e-010  1.0000e+000  0.0000e+000  1.5195e-004  1.0000e+000  1.2051e-004
 7.459500e-010  1.0000e+000  0.0000e+000  1.5428e-004  1.0000e+000  1.1937e-004
 7.510000e-010  1.0000e+000  0.0000e+000  1.5473e-004  1.0000e+000  1.1994e-004
 7.520000e-010  1.0000e+000  0.0000e+000  8.5457e-005  0.0000e+000  9.5008e-005
 7.524500e-010  1.0000e+000  0.0000e+000  1.0466e-004  0.0000e+000  1.0567e-004
 7.569500e-010  1.0000e+000  0.0000e+000  1.2385e-004  0.0000e+000  1.1698e-004
 7.769500e-010  1.0000e+000  0.0000e+000  1.7347e-004  0.0000e+000  1.2406e-004
 7.969500e-010  1.0000e+000  0.0000e+000  1.7485e-004  0.0000e+000  1.1797e-004
 8.169500e-010  1.0000e+000  0.0000e+000  1.6787e-004  0.0000e+000  1.2157e-004
 8.369500e-010  1.0000e+000  0.0000e+000  1.6185e-004  0.0000e+000  1.1878e-004
 8.569500e-010  1.0000e+000  0.0000e+000  1.5802e-004  0.0000e+000  1.2055e-004
 8.769500e-010  1.0000e+000  0.0000e+000  1.5583e-004  0.0000e+000  1.1925e-004
 8.969500e-010  1.0000e+000  0.0000e+000  1.5464e-004  0.0000e+000  1.2011e-004
 9.000000e-010  1.0000e+000  0.0000e+000  1.5452e-004  0.0000e+000  1.1978e-004
 9.010000e-010  1.0000e+000  0.0000e+000  2.2699e-004  1.0000e+000  1.5322e-004
 9.014500e-010  1.0000e+000  0.0000e+000  2.0782e-004  1.0000e+000  1.3906e-004
 9.059500e-010  1.0000e+000  0.0000e+000  1.9169e-004  1.0000e+000  1.2450e-004
 9.259500e-010  1.0000e+000  0.0000e+000  1.4494e-004  1.0000e+000  1.1470e-004
 9.459500e-010  1.0000e+000  0.0000e+000  1.3648e-004  1.0000e+000  1.2206e-004
 9.659500e-010  1.0000e+000  0.0000e+000  1.3872e-004  1.0000e+000  1.1740e-004
 9.859500e-010  1.0000e+000  0.0000e+000  1.4304e-004  1.0000e+000  1.2092e-004
 1.000000e-009  1.0000e+000  0.0000e+000  1.4592e-004  1.0000e+000  1.1892e-004
 1.001000e-009  0.0000e+000  0.0000e+000  1.4434e-004  1.0000e+000 -2.3120e-002
 1.001450e-009  0.0000e+000  0.0000e+000  1.4534e-004  1.0000e+000 -1.8522e-002
 1.005950e-009  0.0000e+000  0.0000e+000  1.4678e-004  1.0000e+000 -7.5249e-003
 1.025950e-009  0.0000e+000  0.0000e+000  1.5042e-004  1.0000e+000  4.1857e-003
 1.045950e-009  0.0000e+000  0.0000e+000  1.5205e-004  1.0000e+000 -1.6095e-003
 1.051000e-009  0.0000e+000  0.0000e+000  1.5262e-004  1.0000e+000  7.2839e-005
 1.052000e-009  0.0000e+000  0.0000e+000  8.3051e-005  0.0000e+000  8.9774e-005
 1.052450e-009  0.0000e+000  0.0000e+000  1.0218e-004  0.0000e+000  1.2090e-004
 1.056949e-009  0.0000e+000  0.0000e+000  1.2086e-004  0.0000e+000  2.2644e-004
 1.076949e-009  0.0000e+000  0.0000e+000  1.6986e-004  0.0000e+000  3.4675e-004
 1.096949e-009  0.0000e+000  0.0000e+000  1.7236e-004  0.0000e+000  2.8751e-004
 1.116949e-009  0.0000e+000  0.0000e+000  1.6641e-004  0.0000e+000  3.1554e-004
 1.136949e-009  0.0000e+000  0.0000e+000  1.6105e-004  0.0000e+000  3.0135e-004
 1.156949e-009  0.0000e+000  0.0000e+000  1.5759e-004  0.0000e+000  3.0809e-004
 1.176949e-009  0.0000e+000  0.0000e+000  1.5561e-004  0.0000e+000  3.0464e-004
 1.196949e-009  0.0000e+000  0.0000e+000  1.5453e-004  0.0000e+000  3.0629e-004
 1.200000e-009  0.0000e+000  0.0000e+000  1.5442e-004  0.0000e+000  3.0592e-004
 1.201000e-009  0.0000e+000  0.0000e+000  2.2700e-004  1.0000e+000  3.4892e-004
 1.201450e-009  0.0000e+000  0.0000e+000  2.0787e-004  1.0000e+000  3.3486e-004
 1.205949e-009  0.0000e+000  0.0000e+000  1.9201e-004  1.0000e+000  3.1702e-004
 1.225949e-009  0.0000e+000  0.0000e+000  1.4576e-004  1.0000e+000  2.9717e-004
 1.245949e-009  0.0000e+000  0.0000e+000  1.3693e-004  1.0000e+000  3.0789e-004
 1.265949e-009  0.0000e+000  0.0000e+000  1.3870e-004  1.0000e+000  3.0330e-004
 1.285949e-009  0.0000e+000  0.0000e+000  1.4263e-004  1.0000e+000  3.0604e-004
 1.305949e-009  0.0000e+000  0.0000e+000  1.4631e-004  1.0000e+000  3.0511e-004
 1.325949e-009  0.0000e+000  0.0000e+000  1.4919e-004  1.0000e+000  3.0588e-004
 1.345949e-009  0.0000e+000  0.0000e+000  1.5129e-004  1.0000e+000  3.0564e-004
 1.350999e-009  0.0000e+000  0.0000e+000  1.5172e-004  1.0000e+000  3.0574e-004
 1.351999e-009  0.0000e+000  0.0000e+000  8.1998e-005  1.0347e-013  2.7355e-004
 1.352450e-009  0.0000e+000  0.0000e+000  1.0109e-004  0.0000e+000  2.8417e-004
 1.356950e-009  0.0000e+000  0.0000e+000  1.1949e-004  0.0000e+000  2.9825e-004
 1.376950e-009  0.0000e+000  0.0000e+000  1.6812e-004  0.0000e+000  3.1311e-004
 1.396950e-009  0.0000e+000  0.0000e+000  1.7116e-004  0.0000e+000  3.0395e-004
 1.416950e-009  0.0000e+000  0.0000e+000  1.6570e-004  0.0000e+000  3.0753e-004
 1.436950e-009  0.0000e+000  0.0000e+000  1.6066e-004  0.0000e+000  3.0530e-004
 1.456950e-009  0.0000e+000  0.0000e+000  1.5739e-004  0.0000e+000  3.0616e-004
 1.476950e-009  0.0000e+000  0.0000e+000  1.5550e-004  0.0000e+000  3.0562e-004
 1.496950e-009  0.0000e+000  0.0000e+000  1.5448e-004  0.0000e+000  3.0583e-004
 1.499999e-009  0.0000e+000  0.0000e+000  1.5437e-004  0.0000e+000  3.0577e-004
 1.501000e-009  0.0000e+000  0.0000e+000  2.2701e-004  1.0000e+000  3.4883e-004
 1.501450e-009  0.0000e+000  0.0000e+000  2.0790e-004  1.0000e+000  3.3479e-004
 1.505949e-009  0.0000e+000  0.0000e+000  1.9220e-004  1.0000e+000  3.1703e-004
 1.525949e-009  0.0000e+000  0.0000e+000  1.4622e-004  1.0000e+000  2.9725e-004
 1.545949e-009  0.0000e+000  0.0000e+000  1.3720e-004  1.0000e+000  3.0790e-004
 1.565949e-009  0.0000e+000  0.0000e+000  1.3870e-004  1.0000e+000  3.0331e-004
 1.585949e-009  0.0000e+000  0.0000e+000  1.4242e-004  1.0000e+000  3.0604e-004
 1.605949e-009  0.0000e+000  0.0000e+000  1.4593e-004  1.0000e+000  3.0501e-004
 1.625949e-009  0.0000e+000  0.0000e+000  1.4872e-004  1.0000e+000  3.0589e-004
 1.645949e-009  0.0000e+000  0.0000e+000  1.5077e-004  1.0000e+000  3.0560e-004
 1.650999e-009  0.0000e+000  0.0000e+000  1.5119e-004  1.0000e+000  3.0572e-004
 1.652000e-009  0.0000e+000  0.0000e+000  8.1374e-005  0.0000e+000  2.7348e-004
 1.652450e-009  0.0000e+000  0.0000e+000  1.0044e-004  0.0000e+000  2.8410e-004
 1.656949e-009  0.0000e+000  0.0000e+000  1.1867e-004  0.0000e+000  2.9817e-004
 1.676949e-009  0.0000e+000  0.0000e+000  1.6706e-004  0.0000e+000  3.1306e-004
 1.696949e-009  0.0000e+000  0.0000e+000  1.7042e-004  0.0000e+000  3.0395e-004
 1.716949e-009  0.0000e+000  0.0000e+000  1.6526e-004  0.0000e+000  3.0753e-004
 1.736949e-009  0.0000e+000  0.0000e+000  1.6042e-004  0.0000e+000  3.0531e-004
 1.756949e-009  0.0000e+000  0.0000e+000  1.5726e-004  0.0000e+000  3.0617e-004
 1.776949e-009  0.0000e+000  0.0000e+000  1.5544e-004  0.0000e+000  3.0563e-004
 1.796949e-009  0.0000e+000  0.0000e+000  1.5444e-004  0.0000e+000  3.0584e-004
 1.799999e-009  0.0000e+000  0.0000e+000  1.5434e-004  0.0000e+000  3.0579e-004
 1.801000e-009  0.0000e+000  0.0000e+000  2.2702e-004  1.0000e+000  3.4886e-004
 1.801449e-009  0.0000e+000  0.0000e+000  2.0793e-004  1.0000e+000  3.3483e-004
 1.805949e-009  0.0000e+000  0.0000e+000  1.9231e-004  1.0000e+000  3.1708e-004
 1.825949e-009  0.0000e+000  0.0000e+000  1.4651e-004  1.0000e+000  2.9729e-004
 1.845949e-009  0.0000e+000  0.0000e+000  1.3737e-004  1.0000e+000  3.0792e-004
 1.865949e-009  0.0000e+000  0.0000e+000  1.3871e-004  1.0000e+000  3.0332e-004
 1.885949e-009  0.0000e+000  0.0000e+000  1.4229e-004  1.0000e+000  3.0604e-004
 1.905949e-009  0.0000e+000  0.0000e+000  1.4570e-004  1.0000e+000  3.0494e-004
 1.925949e-009  0.0000e+000  0.0000e+000  1.4843e-004  1.0000e+000  3.0586e-004
 1.945949e-009  0.0000e+000  0.0000e+000  1.5044e-004  1.0000e+000  3.0560e-004
 1.950999e-009  0.0000e+000  0.0000e+000  1.5085e-004  1.0000e+000  3.0571e-004
 1.951999e-009  0.0000e+000  0.0000e+000  8.0976e-005  1.0347e-013  2.7345e-004
 1.952449e-009  0.0000e+000  0.0000e+000  1.0003e-004  0.0000e+000  2.8406e-004
 1.956949e-009  0.0000e+000  0.0000e+000  1.1814e-004  0.0000e+000  2.9813e-004
 1.976949e-009  0.0000e+000  0.0000e+000  1.6637e-004  0.0000e+000  3.1303e-004
 1.996949e-009  0.0000e+000  0.0000e+000  1.6994e-004  0.0000e+000  3.0395e-004
 2.016949e-009  0.0000e+000  0.0000e+000  1.6497e-004  0.0000e+000  3.0753e-004
 2.036949e-009  0.0000e+000  0.0000e+000  1.6026e-004  0.0000e+000  3.0532e-004
 2.056949e-009  0.0000e+000  0.0000e+000  1.5718e-004  0.0000e+000  3.0618e-004
 2.076949e-009  0.0000e+000  0.0000e+000  1.5539e-004  0.0000e+000  3.0564e-004
 2.096949e-009  0.0000e+000  0.0000e+000  1.5442e-004  0.0000e+000  3.0585e-004
 2.099999e-009  0.0000e+000  0.0000e+000  1.5432e-004  0.0000e+000  3.0580e-004
 2.102499e-009  0.0000e+000  0.0000e+000  2.1108e-004  1.0000e+000  3.3399e-004
 2.103624e-009  0.0000e+000  0.0000e+000  1.9999e-004  1.0000e+000  3.2350e-004
 2.114874e-009  0.0000e+000  0.0000e+000  1.6526e-004  1.0000e+000  2.9874e-004
 2.134874e-009  0.0000e+000  0.0000e+000  1.4040e-004  1.0000e+000  3.0677e-004
 2.154874e-009  0.0000e+000  0.0000e+000  1.3772e-004  1.0000e+000  3.0361e-004
 2.174874e-009  0.0000e+000  0.0000e+000  1.4009e-004  1.0000e+000  3.0566e-004
 2.194874e-009  0.0000e+000  0.0000e+000  1.4396e-004  1.0000e+000  3.0507e-004
 2.214874e-009  0.0000e+000  0.0000e+000  1.4667e-004  1.0000e+000  3.0554e-004
 2.234874e-009  0.0000e+000  0.0000e+000  1.4936e-004  1.0000e+000  3.0567e-004
 2.250999e-009  0.0000e+000  0.0000e+000  1.5045e-004  1.0000e+000  3.0569e-004
 2.253499e-009  0.0000e+000  0.0000e+000  9.7445e-005  0.0000e+000  2.8498e-004
 2.254624e-009  0.0000e+000  0.0000e+000  1.0917e-004  0.0000e+000  2.9311e-004
 2.265874e-009  0.0000e+000  0.0000e+000  1.4763e-004  0.0000e+000  3.1232e-004
 2.285874e-009  0.0000e+000  0.0000e+000  1.6946e-004  0.0000e+000  3.0511e-004
 2.305874e-009  0.0000e+000  0.0000e+000  1.6734e-004  0.0000e+000  3.0736e-004
 2.325874e-009  0.0000e+000  0.0000e+000  1.6263e-004  0.0000e+000  3.0563e-004
 2.345874e-009  0.0000e+000  0.0000e+000  1.5843e-004  0.0000e+000  3.0613e-004
 2.365874e-009  0.0000e+000  0.0000e+000  1.5636e-004  0.0000e+000  3.0575e-004
 2.385874e-009  0.0000e+000  0.0000e+000  1.5470e-004  0.0000e+000  3.0583e-004
 2.400000e-009  0.0000e+000  0.0000e+000  1.5447e-004  0.0000e+000  3.0579e-004
 2.400999e-009  0.0000e+000  0.0000e+000  2.2703e-004  1.0000e+000  3.4887e-004
 2.401449e-009  0.0000e+000  0.0000e+000  2.0795e-004  1.0000e+000  3.3484e-004
 2.405949e-009  0.0000e+000  0.0000e+000  1.9245e-004  1.0000e+000  3.1712e-004
 2.425949e-009  0.0000e+000  0.0000e+000  1.4686e-004  1.0000e+000  2.9735e-004
 2.445949e-009  0.0000e+000  0.0000e+000  1.3758e-004  1.0000e+000  3.0794e-004
 2.465949e-009  0.0000e+000  0.0000e+000  1.3873e-004  1.0000e+000  3.0334e-004
 2.485949e-009  0.0000e+000  0.0000e+000  1.4215e-004  1.0000e+000  3.0604e-004
 2.505949e-009  0.0000e+000  0.0000e+000  1.4544e-004  1.0000e+000  3.0503e-004
 2.525949e-009  0.0000e+000  0.0000e+000  1.4807e-004  1.0000e+000  3.0574e-004
 2.545949e-009  0.0000e+000  0.0000e+000  1.5004e-004  1.0000e+000  3.0564e-004
 2.551000e-009  0.0000e+000  0.0000e+000  1.5044e-004  1.0000e+000  3.0571e-004
 2.551999e-009  0.0000e+000  0.0000e+000  8.0490e-005  1.0347e-013  2.7341e-004
 2.552449e-009  0.0000e+000  0.0000e+000  9.9522e-005  0.0000e+000  2.8402e-004
 2.556949e-009  0.0000e+000  0.0000e+000  1.1749e-004  0.0000e+000  2.9808e-004
 2.576949e-009  0.0000e+000  0.0000e+000  1.6550e-004  0.0000e+000  3.1300e-004
 2.596949e-009  0.0000e+000  0.0000e+000  1.6933e-004  0.0000e+000  3.0395e-004
 2.616949e-009  0.0000e+000  0.0000e+000  1.6461e-004  0.0000e+000  3.0754e-004
 2.636949e-009  0.0000e+000  0.0000e+000  1.6007e-004  0.0000e+000  3.0533e-004
 2.656949e-009  0.0000e+000  0.0000e+000  1.5707e-004  0.0000e+000  3.0620e-004
 2.676949e-009  0.0000e+000  0.0000e+000  1.5534e-004  0.0000e+000  3.0567e-004
 2.696949e-009  0.0000e+000  0.0000e+000  1.5439e-004  0.0000e+000  3.0588e-004
 2.700000e-009  0.0000e+000  0.0000e+000  1.5430e-004  2.0680e-013  3.0582e-004
 2.701000e-009  0.0000e+000  0.0000e+000  2.2703e-004  1.0000e+000  3.4893e-004
 2.701450e-009  0.0000e+000  0.0000e+000  2.0796e-004  1.0000e+000  3.3490e-004
 2.705950e-009  0.0000e+000  0.0000e+000  1.9249e-004  1.0000e+000  3.1716e-004
 2.725950e-009  0.0000e+000  0.0000e+000  1.4697e-004  1.0000e+000  2.9736e-004
 2.745950e-009  0.0000e+000  0.0000e+000  1.3765e-004  1.0000e+000  3.0795e-004
 2.765949e-009  0.0000e+000  0.0000e+000  1.3874e-004  1.0000e+000  3.0335e-004
 2.785949e-009  0.0000e+000  0.0000e+000  1.4210e-004  1.0000e+000  3.0605e-004
 2.805949e-009  0.0000e+000  0.0000e+000  1.4536e-004  1.0000e+000  3.0503e-004
 2.825949e-009  0.0000e+000  0.0000e+000  1.4796e-004  1.0000e+000  3.0572e-004
 2.845949e-009  0.0000e+000  0.0000e+000  1.4992e-004  1.0000e+000  3.0563e-004
 2.851000e-009  0.0000e+000  0.0000e+000  1.5031e-004  1.0000e+000  3.0571e-004
 2.852000e-009  0.0000e+000  0.0000e+000  8.0334e-005  0.0000e+000  2.7339e-004
 2.852450e-009  0.0000e+000  0.0000e+000  9.9359e-005  0.0000e+000  2.8401e-004
 2.856950e-009  0.0000e+000  0.0000e+000  1.1728e-004  0.0000e+000  2.9806e-004
 2.876950e-009  0.0000e+000  0.0000e+000  1.6522e-004  0.0000e+000  3.1299e-004
 2.896950e-009  0.0000e+000  0.0000e+000  1.6913e-004  0.0000e+000  3.0395e-004
 2.916949e-009  0.0000e+000  0.0000e+000  1.6450e-004  0.0000e+000  3.0754e-004
 2.936949e-009  0.0000e+000  0.0000e+000  1.6000e-004  0.0000e+000  3.0534e-004
 2.956949e-009  0.0000e+000  0.0000e+000  1.5704e-004  0.0000e+000  3.0621e-004
 2.976949e-009  0.0000e+000  0.0000e+000  1.5532e-004  0.0000e+000  3.0567e-004
 2.996949e-009  0.0000e+000  0.0000e+000  1.5438e-004  0.0000e+000  3.0588e-004
 2.999999e-009  0.0000e+000  0.0000e+000  1.5429e-004  0.0000e+000  3.0583e-004
 3.000999e-009  0.0000e+000  0.0000e+000  2.2703e-004  1.0000e+000  3.4894e-004
 3.001449e-009  0.0000e+000  0.0000e+000  2.0797e-004  1.0000e+000  3.3491e-004
 3.005949e-009  0.0000e+000  0.0000e+000  1.9253e-004  1.0000e+000  3.1718e-004
 3.025949e-009  0.0000e+000  0.0000e+000  1.4706e-004  1.0000e+000  2.9738e-004
 3.045949e-009  0.0000e+000  0.0000e+000  1.3770e-004  1.0000e+000  3.0796e-004
 3.065949e-009  0.0000e+000  0.0000e+000  1.3875e-004  1.0000e+000  3.0336e-004
 3.085949e-009  0.0000e+000  0.0000e+000  1.4207e-004  1.0000e+000  3.0605e-004
 3.105949e-009  0.0000e+000  0.0000e+000  1.4530e-004  1.0000e+000  3.0503e-004
 3.125949e-009  0.0000e+000  0.0000e+000  1.4787e-004  1.0000e+000  3.0570e-004
 3.145949e-009  0.0000e+000  0.0000e+000  1.4982e-004  1.0000e+000  3.0562e-004
 3.150999e-009  0.0000e+000  0.0000e+000  1.5021e-004  1.0000e+000  3.0570e-004
 3.151999e-009  0.0000e+000  0.0000e+000  8.0211e-005  1.0347e-013  2.7338e-004
 3.152449e-009  0.0000e+000  0.0000e+000  9.9232e-005  0.0000e+000  2.8400e-004
 3.156949e-009  0.0000e+000  0.0000e+000  1.1711e-004  0.0000e+000  2.9805e-004
 3.176949e-009  0.0000e+000  0.0000e+000  1.6500e-004  0.0000e+000  3.1298e-004
 3.196949e-009  0.0000e+000  0.0000e+000  1.6898e-004  0.0000e+000  3.0395e-004
 3.216949e-009  0.0000e+000  0.0000e+000  1.6440e-004  0.0000e+000  3.0755e-004
 3.236949e-009  0.0000e+000  0.0000e+000  1.5995e-004  0.0000e+000  3.0535e-004
 3.256949e-009  0.0000e+000  0.0000e+000  1.5701e-004  0.0000e+000  3.0622e-004
 3.276949e-009  0.0000e+000  0.0000e+000  1.5531e-004  0.0000e+000  3.0568e-004
 3.296949e-009  0.0000e+000  0.0000e+000  1.5438e-004  0.0000e+000  3.0589e-004
 3.299999e-009  0.0000e+000  0.0000e+000  1.5428e-004  0.0000e+000  3.0584e-004
 3.302499e-009  0.0000e+000  0.0000e+000  2.1115e-004  1.0000e+000  3.3407e-004
 3.303624e-009  0.0000e+000  0.0000e+000  2.0009e-004  1.0000e+000  3.2357e-004
 3.314874e-009  0.0000e+000  0.0000e+000  1.6562e-004  1.0000e+000  2.9883e-004
 3.334874e-009  0.0000e+000  0.0000e+000  1.4076e-004  1.0000e+000  3.0682e-004
 3.354874e-009  0.0000e+000  0.0000e+000  1.3787e-004  1.0000e+000  3.0364e-004
 3.374874e-009  0.0000e+000  0.0000e+000  1.4002e-004  1.0000e+000  3.0569e-004
 3.394874e-009  0.0000e+000  0.0000e+000  1.4372e-004  1.0000e+000  3.0508e-004
 3.414874e-009  0.0000e+000  0.0000e+000  1.4632e-004  1.0000e+000  3.0560e-004
 3.434874e-009  0.0000e+000  0.0000e+000  1.4891e-004  1.0000e+000  3.0555e-004
 3.450999e-009  0.0000e+000  0.0000e+000  1.4997e-004  1.0000e+000  3.0572e-004
 3.453499e-009  0.0000e+000  0.0000e+000  9.6789e-005  0.0000e+000  2.8494e-004
 3.454624e-009  0.0000e+000  0.0000e+000  1.0846e-004  0.0000e+000  2.9307e-004
 3.465874e-009  0.0000e+000  0.0000e+000  1.4659e-004  0.0000e+000  3.1226e-004
 3.485874e-009  0.0000e+000  0.0000e+000  1.6854e-004  0.0000e+000  3.0511e-004
 3.505874e-009  0.0000e+000  0.0000e+000  1.6675e-004  0.0000e+000  3.0737e-004
 3.525874e-009  0.0000e+000  0.0000e+000  1.6229e-004  0.0000e+000  3.0566e-004
 3.545874e-009  0.0000e+000  0.0000e+000  1.5824e-004  0.0000e+000  3.0616e-004
 3.565874e-009  0.0000e+000  0.0000e+000  1.5626e-004  0.0000e+000  3.0578e-004
 3.585874e-009  0.0000e+000  0.0000e+000  1.5465e-004  0.0000e+000  3.0586e-004
 3.599999e-009  0.0000e+000  0.0000e+000  1.5444e-004  0.0000e+000  3.0582e-004
 3.600999e-009  0.0000e+000  0.0000e+000  2.2704e-004  1.0000e+000  3.4893e-004
 3.601449e-009  0.0000e+000  0.0000e+000  2.0798e-004  1.0000e+000  3.3490e-004
 3.605949e-009  0.0000e+000  0.0000e+000  1.9258e-004  1.0000e+000  3.1719e-004
 3.625949e-009  0.0000e+000  0.0000e+000  1.4719e-004  1.0000e+000  2.9741e-004
 3.645949e-009  0.0000e+000  0.0000e+000  1.3778e-004  1.0000e+000  3.0797e-004
 3.665949e-009  0.0000e+000  0.0000e+000  1.3876e-004  1.0000e+000  3.0337e-004
 3.685949e-009  0.0000e+000  0.0000e+000  1.4202e-004  1.0000e+000  3.0606e-004
 3.705949e-009  0.0000e+000  0.0000e+000  1.4521e-004  1.0000e+000  3.0504e-004
 3.725949e-009  0.0000e+000  0.0000e+000  1.4776e-004  1.0000e+000  3.0576e-004
 3.745949e-009  0.0000e+000  0.0000e+000  1.4967e-004  1.0000e+000  3.0557e-004
 3.750999e-009  0.0000e+000  0.0000e+000  1.5006e-004  1.0000e+000  3.0570e-004
 3.752000e-009  0.0000e+000  0.0000e+000  8.0029e-005  0.0000e+000  2.7336e-004
 3.752450e-009  0.0000e+000  0.0000e+000  9.9041e-005  0.0000e+000  2.8398e-004
 3.756950e-009  0.0000e+000  0.0000e+000  1.1687e-004  0.0000e+000  2.9803e-004
 3.776950e-009  0.0000e+000  0.0000e+000  1.6466e-004  0.0000e+000  3.1298e-004
 3.796950e-009  0.0000e+000  0.0000e+000  1.6874e-004  0.0000e+000  3.0396e-004
 3.816950e-009  0.0000e+000  0.0000e+000  1.6426e-004  0.0000e+000  3.0755e-004
 3.836950e-009  0.0000e+000  0.0000e+000  1.5987e-004  0.0000e+000  3.0536e-004
 3.856950e-009  0.0000e+000  0.0000e+000  1.5697e-004  0.0000e+000  3.0623e-004
 3.876950e-009  0.0000e+000  0.0000e+000  1.5528e-004  0.0000e+000  3.0569e-004
 3.896950e-009  0.0000e+000  0.0000e+000  1.5436e-004  0.0000e+000  3.0591e-004
 3.900000e-009  0.0000e+000  0.0000e+000  1.5427e-004  2.0680e-013  3.0585e-004
 3.900999e-009  0.0000e+000  0.0000e+000  2.2704e-004  1.0000e+000  3.4898e-004
 3.901449e-009  0.0000e+000  0.0000e+000  2.0798e-004  1.0000e+000  3.3495e-004
 3.905950e-009  0.0000e+000  0.0000e+000  1.9260e-004  1.0000e+000  3.1722e-004
 3.925950e-009  0.0000e+000  0.0000e+000  1.4723e-004  1.0000e+000  2.9741e-004
 3.945950e-009  0.0000e+000  0.0000e+000  1.3781e-004  1.0000e+000  3.0798e-004
 3.965950e-009  0.0000e+000  0.0000e+000  1.3876e-004  1.0000e+000  3.0338e-004
 3.985950e-009  0.0000e+000  0.0000e+000  1.4200e-004  1.0000e+000  3.0607e-004
 4.000000e-009  0.0000e+000  0.0000e+000  1.4429e-004  1.0000e+000  3.0511e-004
 4.001000e-009  0.0000e+000  1.0000e+000  1.4464e-004  1.0000e+000  2.8615e-003
 4.001450e-009  0.0000e+000  1.0000e+000  1.4400e-004  1.0000e+000 -3.6742e-003
 4.004663e-009  0.0000e+000  1.0000e+000  1.4595e-004  1.0000e+000  1.7191e-002
 4.008902e-009  0.0000e+000  1.0000e+000  1.5326e-004  1.0000e+000  1.3237e-001
 4.013199e-009  0.0000e+000  1.0000e+000  1.6318e-004  1.0000e+000  3.4541e-001
 4.018794e-009  0.0000e+000  1.0000e+000  1.6855e-004  1.0000e+000  5.7785e-001
 4.025768e-009  0.0000e+000  1.0000e+000  1.5945e-004  1.0000e+000  7.5054e-001
 4.035835e-009  0.0000e+000  1.0000e+000  7.3767e-005  1.0000e+000  8.8099e-001
 4.051000e-009  0.0000e+000  1.0000e+000 -1.3501e-004  1.0000e+000  9.6417e-001
 4.051999e-009  0.0000e+000  1.0000e+000 -1.5832e-004  3.1020e-013  9.6648e-001
 4.052449e-009  0.0000e+000  1.0000e+000 -1.2332e-004  0.0000e+000  9.6751e-001
 4.056950e-009  0.0000e+000  1.0000e+000  1.3539e-005  0.0000e+000  9.7531e-001
 4.076950e-009  0.0000e+000  1.0000e+000  3.6069e-004  0.0000e+000  9.9534e-001
 4.096950e-009  0.0000e+000  1.0000e+000  3.8470e-004  0.0000e+000  9.9856e-001
 4.116950e-009  0.0000e+000  1.0000e+000  3.3785e-004  0.0000e+000  9.9909e-001
 4.136950e-009  0.0000e+000  1.0000e+000  2.8768e-004  0.0000e+000  9.9918e-001
 4.156950e-009  0.0000e+000  1.0000e+000  2.4821e-004  0.0000e+000  9.9919e-001
 4.176950e-009  0.0000e+000  1.0000e+000  2.1988e-004  0.0000e+000  9.9920e-001
 4.196950e-009  0.0000e+000  1.0000e+000  1.9998e-004  0.0000e+000  9.9920e-001
 4.199999e-009  0.0000e+000  1.0000e+000  1.9760e-004  0.0000e+000  9.9920e-001
 4.202500e-009  0.0000e+000  1.0000e+000  6.0476e-005  1.0000e+000  9.9926e-001
 4.203625e-009  0.0000e+000  1.0000e+000 -2.2549e-005  1.0000e+000  9.9927e-001
 4.214875e-009  0.0000e+000  1.0000e+000 -2.4135e-004  1.0000e+000  9.9921e-001
 4.234152e-009  0.0000e+000  1.0000e+000  3.9741e-003  1.0000e+000  9.9912e-001
 4.254152e-009  0.0000e+000  1.0000e+000  2.0440e-002  1.0000e+000  9.9909e-001
 4.274152e-009  0.0000e+000  1.0000e+000  5.5238e-002  1.0000e+000  9.9909e-001
 4.294152e-009  0.0000e+000  1.0000e+000  1.1610e-001  1.0000e+000  9.9909e-001
 4.314152e-009  0.0000e+000  1.0000e+000  2.1830e-001  1.0000e+000  9.9910e-001
 4.334152e-009  0.0000e+000  1.0000e+000  3.6166e-001  1.0000e+000  9.9911e-001
 4.351000e-009  0.0000e+000  1.0000e+000  4.9934e-001  1.0000e+000  9.9912e-001
 4.351999e-009  0.0000e+000  1.0000e+000  5.0768e-001  1.0347e-013  9.9911e-001
 4.352450e-009  0.0000e+000  1.0000e+000  5.1142e-001  0.0000e+000  9.9912e-001
 4.356950e-009  0.0000e+000  1.0000e+000  5.4407e-001  0.0000e+000  9.9916e-001
 4.376950e-009  0.0000e+000  1.0000e+000  6.3280e-001  0.0000e+000  9.9926e-001
 4.396950e-009  0.0000e+000  1.0000e+000  6.1431e-001  0.0000e+000  9.9930e-001
 4.416950e-009  0.0000e+000  1.0000e+000  5.0671e-001  0.0000e+000  9.9930e-001
 4.436950e-009  0.0000e+000  1.0000e+000  3.4337e-001  0.0000e+000  9.9928e-001
 4.456950e-009  0.0000e+000  1.0000e+000  1.8311e-001  0.0000e+000  9.9926e-001
 4.476950e-009  0.0000e+000  1.0000e+000  7.9087e-002  0.0000e+000  9.9925e-001
 4.496950e-009  0.0000e+000  1.0000e+000  3.0565e-002  0.0000e+000  9.9924e-001
 4.499999e-009  0.0000e+000  1.0000e+000  2.6566e-002  0.0000e+000  9.9923e-001
 4.502500e-009  0.0000e+000  1.0000e+000  2.3720e-002  1.0000e+000  9.9929e-001
 4.503625e-009  0.0000e+000  1.0000e+000  2.2499e-002  1.0000e+000  9.9929e-001
 4.514875e-009  0.0000e+000  1.0000e+000  1.4518e-002  1.0000e+000  9.9922e-001
 4.534345e-009  0.0000e+000  1.0000e+000  1.9645e-002  1.0000e+000  9.9912e-001
 4.554345e-009  0.0000e+000  1.0000e+000  4.7948e-002  1.0000e+000  9.9910e-001
 4.574345e-009  0.0000e+000  1.0000e+000  1.0151e-001  1.0000e+000  9.9910e-001
 4.594345e-009  0.0000e+000  1.0000e+000  1.9438e-001  1.0000e+000  9.9910e-001
 4.614345e-009  0.0000e+000  1.0000e+000  3.3061e-001  1.0000e+000  9.9911e-001
 4.634345e-009  0.0000e+000  1.0000e+000  4.9177e-001  1.0000e+000  9.9912e-001
 4.650999e-009  0.0000e+000  1.0000e+000  6.2655e-001  1.0000e+000  9.9913e-001
 4.653500e-009  0.0000e+000  1.0000e+000  6.4521e-001  0.0000e+000  9.9914e-001
 4.654625e-009  0.0000e+000  1.0000e+000  6.5337e-001  0.0000e+000  9.9915e-001
 4.665875e-009  0.0000e+000  1.0000e+000  7.2033e-001  0.0000e+000  9.9923e-001
 4.685875e-009  0.0000e+000  1.0000e+000  7.6320e-001  0.0000e+000  9.9930e-001
 4.705875e-009  0.0000e+000  1.0000e+000  7.1139e-001  0.0000e+000  9.9931e-001
 4.725875e-009  0.0000e+000  1.0000e+000  5.8158e-001  0.0000e+000  9.9930e-001
 4.745875e-009  0.0000e+000  1.0000e+000  4.0060e-001  0.0000e+000  9.9928e-001
 4.765875e-009  0.0000e+000  1.0000e+000  2.2000e-001  0.0000e+000  9.9926e-001
 4.785875e-009  0.0000e+000  1.0000e+000  9.6594e-002  0.0000e+000  9.9925e-001
 4.800000e-009  0.0000e+000  1.0000e+000  5.0560e-002  0.0000e+000  9.9924e-001
 4.801000e-009  0.0000e+000  1.0000e+000  4.8308e-002  1.0000e+000  9.9929e-001
 4.8014500e-009  0.0000e+000  1.0000e+000  4.7280e-002  1.0000e+000  9.9929e-001
 4.805950e-009  0.0000e+000  1.0000e+000  3.9276e-002  1.0000e+000  9.9929e-001
 4.825950e-009  0.0000e+000  1.0000e+000  2.2764e-002  1.0000e+000  9.9915e-001
 4.845950e-009  0.0000e+000  1.0000e+000  3.8738e-002  1.0000e+000  9.9911e-001
 4.865950e-009  0.0000e+000  1.0000e+000  8.0923e-002  1.0000e+000  9.9909e-001
 4.885950e-009  0.0000e+000  1.0000e+000  1.5813e-001  1.0000e+000  9.9910e-001
 4.905950e-009  0.0000e+000  1.0000e+000  2.8023e-001  1.0000e+000  9.9910e-001
 4.925950e-009  0.0000e+000  1.0000e+000  4.3535e-001  1.0000e+000  9.9912e-001
 4.945950e-009  0.0000e+000  1.0000e+000  5.9857e-001  1.0000e+000  9.9912e-001
 4.951000e-009  0.0000e+000  1.0000e+000  6.3825e-001  1.0000e+000  9.9913e-001
 4.952000e-009  0.0000e+000  1.0000e+000  6.4587e-001  0.0000e+000  9.9912e-001
 4.9524500e-009  0.0000e+000  1.0000e+000  6.4929e-001  0.0000e+000  9.9913e-001
 4.956950e-009  0.0000e+000  1.0000e+000  6.7935e-001  0.0000e+000  9.9917e-001
 4.976950e-009  0.0000e+000  1.0000e+000  7.6409e-001  0.0000e+000  9.9928e-001
 4.996950e-009  0.0000e+000  1.0000e+000  7.5392e-001  0.0000e+000  9.9931e-001
 5.016950e-009  0.0000e+000  1.0000e+000  6.5746e-001  0.0000e+000  9.9931e-001
 5.036950e-009  0.0000e+000  1.0000e+000  4.9583e-001  0.0000e+000  9.9929e-001
 5.056950e-009  0.0000e+000  1.0000e+000  3.0555e-001  0.0000e+000  9.9927e-001
 5.076950e-009  0.0000e+000  1.0000e+000  1.4817e-001  0.0000e+000  9.9926e-001
 5.096950e-009  0.0000e+000  1.0000e+000  6.0175e-002  0.0000e+000  9.9924e-001
 5.100000e-009  0.0000e+000  1.0000e+000  5.2370e-002  2.0680e-013  9.9924e-001
 5.100999e-009  0.0000e+000  1.0000e+000  5.0045e-002  1.0000e+000  9.9929e-001
 5.1014500e-009  0.0000e+000  1.0000e+000  4.8983e-002  1.0000e+000  9.9929e-001
 5.105950e-009  0.0000e+000  1.0000e+000  4.0701e-002  1.0000e+000  9.9929e-001
 5.125950e-009  0.0000e+000  1.0000e+000  2.3397e-002  1.0000e+000  9.9916e-001
 5.145950e-009  0.0000e+000  1.0000e+000  3.9184e-002  1.0000e+000  9.9911e-001
 5.165950e-009  0.0000e+000  1.0000e+000  8.1432e-002  1.0000e+000  9.9910e-001
 5.185950e-009  0.0000e+000  1.0000e+000  1.5890e-001  1.0000e+000  9.9910e-001
 5.205950e-009  0.0000e+000  1.0000e+000  2.8128e-001  1.0000e+000  9.9911e-001
 5.225950e-009  0.0000e+000  1.0000e+000  4.3653e-001  1.0000e+000  9.9912e-001
 5.245950e-009  0.0000e+000  1.0000e+000  5.9969e-001  1.0000e+000  9.9912e-001
 5.251000e-009  0.0000e+000  1.0000e+000  6.3933e-001  1.0000e+000  9.9913e-001
 5.251999e-009  0.0000e+000  1.0000e+000  6.4693e-001  3.1020e-013  9.9912e-001
 5.2524500e-009  0.0000e+000  1.0000e+000  6.5035e-001  0.0000e+000  9.9913e-001
 5.256950e-009  0.0000e+000  1.0000e+000  6.8036e-001  0.0000e+000  9.9917e-001
 5.276950e-009  0.0000e+000  1.0000e+000  7.6498e-001  0.0000e+000  9.9928e-001
 5.296950e-009  0.0000e+000  1.0000e+000  7.5482e-001  0.0000e+000  9.9931e-001
 5.316950e-009  0.0000e+000  1.0000e+000  6.5843e-001  0.0000e+000  9.9931e-001
 5.336950e-009  0.0000e+000  1.0000e+000  4.9685e-001  0.0000e+000  9.9929e-001
 5.356950e-009  0.0000e+000  1.0000e+000  3.0645e-001  0.0000e+000  9.9927e-001
 5.376950e-009  0.0000e+000  1.0000e+000  1.4874e-001  0.0000e+000  9.9926e-001
 5.396950e-009  0.0000e+000  1.0000e+000  6.0438e-002  0.0000e+000  9.9924e-001
 5.400000e-009  0.0000e+000  1.0000e+000  5.2600e-002  4.1359e-013  9.9924e-001
 5.400999e-009  0.0000e+000  1.0000e+000  5.0265e-002  1.0000e+000  9.9929e-001
 5.4014500e-009  0.0000e+000  1.0000e+000  4.9199e-002  1.0000e+000  9.9929e-001
 5.405950e-009  0.0000e+000  1.0000e+000  4.0881e-002  1.0000e+000  9.9929e-001
 5.425950e-009  0.0000e+000  1.0000e+000  2.3474e-002  1.0000e+000  9.9916e-001
 5.445950e-009  0.0000e+000  1.0000e+000  3.9233e-002  1.0000e+000  9.9911e-001
 5.465950e-009  0.0000e+000  1.0000e+000  8.1482e-002  1.0000e+000  9.9910e-001
 5.485950e-009  0.0000e+000  1.0000e+000  1.5897e-001  1.0000e+000  9.9910e-001
 5.505950e-009  0.0000e+000  1.0000e+000  2.8138e-001  1.0000e+000  9.9911e-001
 5.525950e-009  0.0000e+000  1.0000e+000  4.3664e-001  1.0000e+000  9.9912e-001
 5.545950e-009  0.0000e+000  1.0000e+000  5.9980e-001  1.0000e+000  9.9913e-001
 5.550999e-009  0.0000e+000  1.0000e+000  6.3943e-001  1.0000e+000  9.9913e-001
 5.553499e-009  0.0000e+000  1.0000e+000  6.5778e-001  0.0000e+000  9.9914e-001
 5.554625e-009  0.0000e+000  1.0000e+000  6.6580e-001  0.0000e+000  9.9916e-001
 5.565875e-009  0.0000e+000  1.0000e+000  7.3162e-001  0.0000e+000  9.9924e-001
 5.585875e-009  0.0000e+000  1.0000e+000  7.7375e-001  0.0000e+000  9.9930e-001
 5.605875e-009  0.0000e+000  1.0000e+000  7.2256e-001  0.0000e+000  9.9932e-001
 5.625875e-009  0.0000e+000  1.0000e+000  5.9368e-001  0.0000e+000  9.9930e-001
 5.645875e-009  0.0000e+000  1.0000e+000  4.1272e-001  0.0000e+000  9.9929e-001
 5.665875e-009  0.0000e+000  1.0000e+000  2.2938e-001  0.0000e+000  9.9927e-001
 5.685875e-009  0.0000e+000  1.0000e+000  1.0159e-001  0.0000e+000  9.9925e-001
 5.699999e-009  0.0000e+000  1.0000e+000  5.3297e-002  0.0000e+000  9.9924e-001
 5.702500e-009  0.0000e+000  1.0000e+000  4.7730e-002  1.0000e+000  9.9930e-001
 5.703625e-009  0.0000e+000  1.0000e+000  4.5351e-002  1.0000e+000  9.9930e-001
 5.714875e-009  0.0000e+000  1.0000e+000  2.8390e-002  1.0000e+000  9.9923e-001
 5.734367e-009  0.0000e+000  1.0000e+000  2.6643e-002  1.0000e+000  9.9913e-001
 5.754367e-009  0.0000e+000  1.0000e+000  5.3726e-002  1.0000e+000  9.9910e-001
 5.774367e-009  0.0000e+000  1.0000e+000  1.0899e-001  1.0000e+000  9.9910e-001
 5.794367e-009  0.0000e+000  1.0000e+000  2.0535e-001  1.0000e+000  9.9910e-001
 5.814367e-009  0.0000e+000  1.0000e+000  3.4449e-001  1.0000e+000  9.9911e-001
 5.834367e-009  0.0000e+000  1.0000e+000  5.0652e-001  1.0000e+000  9.9912e-001
 5.850999e-009  0.0000e+000  1.0000e+000  6.3993e-001  1.0000e+000  9.9913e-001
 5.853500e-009  0.0000e+000  1.0000e+000  6.5827e-001  0.0000e+000  9.9914e-001
 5.854625e-009  0.0000e+000  1.0000e+000  6.6628e-001  0.0000e+000  9.9916e-001
 5.865875e-009  0.0000e+000  1.0000e+000  7.3207e-001  0.0000e+000  9.9924e-001
 5.885875e-009  0.0000e+000  1.0000e+000  7.7417e-001  0.0000e+000  9.9930e-001
 5.905875e-009  0.0000e+000  1.0000e+000  7.2302e-001  0.0000e+000  9.9932e-001
 5.925875e-009  0.0000e+000  1.0000e+000  5.9418e-001  0.0000e+000  9.9930e-001
 5.945875e-009  0.0000e+000  1.0000e+000  4.1323e-001  0.0000e+000  9.9929e-001
 5.965875e-009  0.0000e+000  1.0000e+000  2.2978e-001  0.0000e+000  9.9927e-001
 5.985875e-009  0.0000e+000  1.0000e+000  1.0181e-001  0.0000e+000  9.9925e-001
 5.999999e-009  0.0000e+000  1.0000e+000  5.3416e-002  0.0000e+000  9.9924e-001
 6.001000e-009  0.0000e+000  1.0000e+000  5.1042e-002  1.0000e+000  9.9929e-001
 6.0014500e-009  0.0000e+000  1.0000e+000  4.9961e-002  1.0000e+000  9.9929e-001
 6.005950e-009  0.0000e+000  1.0000e+000  4.1515e-002  1.0000e+000  9.9929e-001
 6.025950e-009  0.0000e+000  1.0000e+000  2.3720e-002  1.0000e+000  9.9916e-001
 6.045950e-009  0.0000e+000  1.0000e+000  3.9340e-002  1.0000e+000  9.9911e-001
 6.065950e-009  0.0000e+000  1.0000e+000  8.1548e-002  1.0000e+000  9.9910e-001
 6.085950e-009  0.0000e+000  1.0000e+000  1.5903e-001  1.0000e+000  9.9911e-001
 6.105950e-009  0.0000e+000  1.0000e+000  2.8145e-001  1.0000e+000  9.9911e-001
 6.125950e-009  0.0000e+000  1.0000e+000  4.3672e-001  1.0000e+000  9.9912e-001
 6.145950e-009  0.0000e+000  1.0000e+000  5.9987e-001  1.0000e+000  9.9913e-001
 6.150999e-009  0.0000e+000  1.0000e+000  6.3949e-001  1.0000e+000  9.9913e-001
 6.152000e-009  0.0000e+000  1.0000e+000  6.4709e-001  0.0000e+000  9.9912e-001
 6.1524500e-009  0.0000e+000  1.0000e+000  6.5051e-001  0.0000e+000  9.9913e-001
 6.156950e-009  0.0000e+000  1.0000e+000  6.8052e-001  0.0000e+000  9.9918e-001
 6.176950e-009  0.0000e+000  1.0000e+000  7.6511e-001  0.0000e+000  9.9928e-001
 6.196950e-009  0.0000e+000  1.0000e+000  7.5495e-001  0.0000e+000  9.9931e-001
 6.216950e-009  0.0000e+000  1.0000e+000  6.5857e-001  0.0000e+000  9.9931e-001
 6.236950e-009  0.0000e+000  1.0000e+000  4.9700e-001  0.0000e+000  9.9929e-001
 6.256950e-009  0.0000e+000  1.0000e+000  3.0658e-001  0.0000e+000  9.9928e-001
 6.276950e-009  0.0000e+000  1.0000e+000  1.4883e-001  0.0000e+000  9.9926e-001
 6.296950e-009  0.0000e+000  1.0000e+000  6.0475e-002  0.0000e+000  9.9925e-001
 6.300000e-009  0.0000e+000  1.0000e+000  5.2633e-002  2.0680e-013  9.9924e-001
 6.300999e-009  0.0000e+000  1.0000e+000  5.0296e-002  1.0000e+000  9.9929e-001
 6.3014500e-009  0.0000e+000  1.0000e+000  4.9230e-002  1.0000e+000  9.9929e-001
 6.305950e-009  0.0000e+000  1.0000e+000  4.0907e-002  1.0000e+000  9.9929e-001
 6.325950e-009  0.0000e+000  1.0000e+000  2.3485e-002  1.0000e+000  9.9916e-001
 6.345950e-009  0.0000e+000  1.0000e+000  3.9239e-002  1.0000e+000  9.9911e-001
 6.365950e-009  0.0000e+000  1.0000e+000  8.1489e-002  1.0000e+000  9.9910e-001
 6.385950e-009  0.0000e+000  1.0000e+000  1.5898e-001  1.0000e+000  9.9911e-001
 6.405950e-009  0.0000e+000  1.0000e+000  2.8139e-001  1.0000e+000  9.9911e-001
 6.425950e-009  0.0000e+000  1.0000e+000  4.3666e-001  1.0000e+000  9.9912e-001
 6.445950e-009  0.0000e+000  1.0000e+000  5.9981e-001  1.0000e+000  9.9913e-001
 6.451000e-009  0.0000e+000  1.0000e+000  6.3944e-001  1.0000e+000  9.9913e-001
 6.451999e-009  0.0000e+000  1.0000e+000  6.4704e-001  3.1020e-013  9.9912e-001
 6.4524500e-009  0.0000e+000  1.0000e+000  6.5046e-001  0.0000e+000  9.9913e-001
 6.456950e-009  0.0000e+000  1.0000e+000  6.8047e-001  0.0000e+000  9.9918e-001
 6.476950e-009  0.0000e+000  1.0000e+000  7.6507e-001  0.0000e+000  9.9928e-001
 6.496950e-009  0.0000e+000  1.0000e+000  7.5491e-001  0.0000e+000  9.9932e-001
 6.516950e-009  0.0000e+000  1.0000e+000  6.5854e-001  0.0000e+000  9.9931e-001
 6.536950e-009  0.0000e+000  1.0000e+000  4.9696e-001  0.0000e+000  9.9930e-001
 6.556950e-009  0.0000e+000  1.0000e+000  3.0655e-001  0.0000e+000  9.9928e-001
 6.576950e-009  0.0000e+000  1.0000e+000  1.4880e-001  0.0000e+000  9.9926e-001
 6.596950e-009  0.0000e+000  1.0000e+000  6.0465e-002  0.0000e+000  9.9925e-001
 6.599999e-009  0.0000e+000  1.0000e+000  5.2624e-002  0.0000e+000  9.9924e-001
 6.602499e-009  0.0000e+000  1.0000e+000  4.7128e-002  1.0000e+000  9.9930e-001
 6.603625e-009  0.0000e+000  1.0000e+000  4.4778e-002  1.0000e+000  9.9930e-001
 6.614875e-009  0.0000e+000  1.0000e+000  2.8049e-002  1.0000e+000  9.9923e-001
 6.634367e-009  0.0000e+000  1.0000e+000  2.6511e-002  1.0000e+000  9.9913e-001
 6.654367e-009  0.0000e+000  1.0000e+000  5.3673e-002  1.0000e+000  9.9910e-001
 6.674367e-009  0.0000e+000  1.0000e+000  1.0896e-001  1.0000e+000  9.9910e-001
 6.694367e-009  0.0000e+000  1.0000e+000  2.0533e-001  1.0000e+000  9.9911e-001
 6.714367e-009  0.0000e+000  1.0000e+000  3.4448e-001  1.0000e+000  9.9911e-001
 6.734367e-009  0.0000e+000  1.0000e+000  5.0652e-001  1.0000e+000  9.9912e-001
 6.751000e-009  0.0000e+000  1.0000e+000  6.3993e-001  1.0000e+000  9.9913e-001
 6.751999e-009  0.0000e+000  1.0000e+000  6.4753e-001  1.0347e-013  9.9912e-001
 6.7524500e-009  0.0000e+000  1.0000e+000  6.5094e-001  0.0000e+000  9.9913e-001
 6.756950e-009  0.0000e+000  1.0000e+000  6.8093e-001  0.0000e+000  9.9918e-001
 6.776950e-009  0.0000e+000  1.0000e+000  7.6549e-001  0.0000e+000  9.9928e-001
 6.796950e-009  0.0000e+000  1.0000e+000  7.5534e-001  0.0000e+000  9.9932e-001
 6.816950e-009  0.0000e+000  1.0000e+000  6.5902e-001  0.0000e+000  9.9931e-001
 6.836950e-009  0.0000e+000  1.0000e+000  4.9748e-001  0.0000e+000  9.9930e-001
 6.856950e-009  0.0000e+000  1.0000e+000  3.0701e-001  0.0000e+000  9.9928e-001
 6.876950e-009  0.0000e+000  1.0000e+000  1.4910e-001  0.0000e+000  9.9926e-001
 6.896950e-009  0.0000e+000  1.0000e+000  6.0600e-002  0.0000e+000  9.9925e-001
 6.899999e-009  0.0000e+000  1.0000e+000  5.2742e-002  0.0000e+000  9.9924e-001
 6.902500e-009  0.0000e+000  1.0000e+000  4.7234e-002  1.0000e+000  9.9930e-001
 6.903625e-009  0.0000e+000  1.0000e+000  4.4879e-002  1.0000e+000  9.9930e-001
 6.914875e-009  0.0000e+000  1.0000e+000  2.8111e-002  1.0000e+000  9.9923e-001
 6.934367e-009  0.0000e+000  1.0000e+000  2.6542e-002  1.0000e+000  9.9913e-001
 6.954367e-009  0.0000e+000  1.0000e+000  5.3698e-002  1.0000e+000  9.9910e-001
 6.974367e-009  0.0000e+000  1.0000e+000  1.0899e-001  1.0000e+000  9.9910e-001
 6.994367e-009  0.0000e+000  1.0000e+000  2.0538e-001  1.0000e+000  9.9911e-001
 7.000000e-009  0.0000e+000  1.0000e+000  2.4138e-001  1.0000e+000  9.9911e-001
 7.001000e-009  1.0000e+000  1.0000e+000  2.4818e-001  1.0000e+000  9.3332e-001
 7.0014500e-009  1.0000e+000  1.0000e+000  2.5126e-001  1.0000e+000  8.9218e-001
 7.005950e-009  1.0000e+000  1.0000e+000  2.8294e-001  1.0000e+000  6.1606e-001
 7.013273e-009  1.0000e+000  1.0000e+000  3.3371e-001  1.0000e+000  2.7452e-001
 7.020797e-009  1.0000e+000  1.0000e+000  3.8111e-001  1.0000e+000  9.9005e-002
 7.031585e-009  1.0000e+000  1.0000e+000  4.3154e-001  1.0000e+000  2.1027e-002
 7.050999e-009  1.0000e+000  1.0000e+000  4.6059e-001  1.0000e+000  4.6058e-003
 7.053500e-009  1.0000e+000  1.0000e+000  4.5655e-001  0.0000e+000  4.6741e-003
 7.054625e-009  1.0000e+000  1.0000e+000  4.5410e-001  0.0000e+000  4.5962e-003
 7.065875e-009  1.0000e+000  1.0000e+000  4.0344e-001  0.0000e+000  3.5976e-003
 7.085414e-009  1.0000e+000  1.0000e+000  2.5112e-001  0.0000e+000  2.3285e-003
 7.105414e-009  1.0000e+000  1.0000e+000  1.1348e-001  0.0000e+000  1.7962e-003
 7.125414e-009  1.0000e+000  1.0000e+000  4.3298e-002  0.0000e+000  1.4130e-003
 7.145414e-009  1.0000e+000  1.0000e+000  1.5454e-002  0.0000e+000  1.1932e-003
 7.165414e-009  1.0000e+000  1.0000e+000  5.4571e-003  0.0000e+000  1.0248e-003
 7.185414e-009  1.0000e+000  1.0000e+000  1.9872e-003  0.0000e+000  9.1156e-004
 7.199999e-009  1.0000e+000  1.0000e+000  1.0402e-003  0.0000e+000  8.4221e-004
 7.201000e-009  1.0000e+000  1.0000e+000  1.0429e-003  1.0000e+000  8.6782e-004
 7.2014500e-009  1.0000e+000  1.0000e+000  9.9572e-004  1.0000e+000  8.5209e-004
 7.205950e-009  1.0000e+000  1.0000e+000  7.7808e-004  1.0000e+000  8.1754e-004
 7.225950e-009  1.0000e+000  1.0000e+000  2.6684e-004  1.0000e+000  7.4249e-004
 7.245950e-009  1.0000e+000  1.0000e+000  2.6807e-004  1.0000e+000  7.0518e-004
 7.265950e-009  1.0000e+000  1.0000e+000  3.0275e-004  1.0000e+000  6.5397e-004
 7.285950e-009  1.0000e+000  1.0000e+000  3.0787e-004  1.0000e+000  6.1872e-004
 7.305950e-009  1.0000e+000  1.0000e+000  2.9351e-004  1.0000e+000  5.8419e-004
 7.325950e-009  1.0000e+000  1.0000e+000  2.7234e-004  1.0000e+000  5.5649e-004
 7.345950e-009  1.0000e+000  1.0000e+000  2.5118e-004  1.0000e+000  5.3145e-004
 7.350999e-009  1.0000e+000  1.0000e+000  2.4621e-004  1.0000e+000  5.2581e-004
 7.352000e-009  1.0000e+000  1.0000e+000  1.8044e-004  0.0000e+000  4.9518e-004
 7.3524500e-009  1.0000e+000  1.0000e+000  2.0015e-004  0.0000e+000  5.0517e-004
 7.356950e-009  1.0000e+000  1.0000e+000  2.2180e-004  0.0000e+000  5.1480e-004
 7.376950e-009  1.0000e+000  1.0000e+000  2.5965e-004  0.0000e+000  5.0815e-004
 7.396950e-009  1.0000e+000  1.0000e+000  2.2917e-004  0.0000e+000  4.7905e-004
 7.416950e-009  1.0000e+000  1.0000e+000  1.9852e-004  0.0000e+000  4.6661e-004
 7.436950e-009  1.0000e+000  1.0000e+000  1.7828e-004  0.0000e+000  4.4991e-004
 7.456950e-009  1.0000e+000  1.0000e+000  1.6657e-004  0.0000e+000  4.3819e-004
 7.476950e-009  1.0000e+000  1.0000e+000  1.6021e-004  0.0000e+000  4.2623e-004
 7.496950e-009  1.0000e+000  1.0000e+000  1.5687e-004  0.0000e+000  4.1619e-004
 7.499999e-009  1.0000e+000  1.0000e+000  1.5654e-004  0.0000e+000  4.1464e-004
 7.502499e-009  1.0000e+000  1.0000e+000  2.1085e-004  1.0000e+000  4.4085e-004
 7.503624e-009  1.0000e+000  1.0000e+000  1.9885e-004  1.0000e+000  4.2976e-004
 7.514874e-009  1.0000e+000  1.0000e+000  1.5867e-004  1.0000e+000  3.9974e-004
 7.534874e-009  1.0000e+000  1.0000e+000  1.3430e-004  1.0000e+000  3.9957e-004
 7.554874e-009  1.0000e+000  1.0000e+000  1.3664e-004  1.0000e+000  3.8974e-004
 7.574874e-009  1.0000e+000  1.0000e+000  1.4343e-004  1.0000e+000  3.8430e-004
 7.594874e-009  1.0000e+000  1.0000e+000  1.5027e-004  1.0000e+000  3.7716e-004
 7.614874e-009  1.0000e+000  1.0000e+000  1.5467e-004  1.0000e+000  3.7134e-004
 7.634874e-009  1.0000e+000  1.0000e+000  1.5813e-004  1.0000e+000  3.6556e-004
 7.651000e-009  1.0000e+000  1.0000e+000  1.5938e-004  1.0000e+000  3.6119e-004
 7.651999e-009  1.0000e+000  1.0000e+000  9.0794e-005  3.1020e-013  3.2934e-004
 7.6524500e-009  1.0000e+000  1.0000e+000  1.1012e-004  0.0000e+000  3.3977e-004
 7.656949e-009  1.0000e+000  1.0000e+000  1.3017e-004  0.0000e+000  3.5271e-004
 7.676949e-009  1.0000e+000  1.0000e+000  1.8059e-004  0.0000e+000  3.6226e-004
 7.696949e-009  1.0000e+000  1.0000e+000  1.7966e-004  0.0000e+000  3.4802e-004
 7.716949e-009  1.0000e+000  1.0000e+000  1.7068e-004  0.0000e+000  3.4709e-004
 7.736949e-009  1.0000e+000  1.0000e+000  1.6339e-004  0.0000e+000  3.4067e-004
 7.756949e-009  1.0000e+000  1.0000e+000  1.5883e-004  0.0000e+000  3.3765e-004
 7.776949e-009  1.0000e+000  1.0000e+000  1.5625e-004  0.0000e+000  3.3345e-004
 7.796949e-009  1.0000e+000  1.0000e+000  1.5486e-004  0.0000e+000  3.3023e-004
 7.800000e-009  1.0000e+000  1.0000e+000  1.5472e-004  4.1359e-013  3.2967e-004
 7.800999e-009  1.0000e+000  1.0000e+000  2.2700e-004  1.0000e+000  3.7224e-004
 7.8014500e-009  1.0000e+000  1.0000e+000  2.0777e-004  1.0000e+000  3.5819e-004
 7.805949e-009  1.0000e+000  1.0000e+000  1.9118e-004  1.0000e+000  3.3969e-004
 7.825949e-009  1.0000e+000  1.0000e+000  1.4363e-004  1.0000e+000  3.1684e-004
 7.845949e-009  1.0000e+000  1.0000e+000  1.3581e-004  1.0000e+000  3.2468e-004
 7.865949e-009  1.0000e+000  1.0000e+000  1.3884e-004  1.0000e+000  3.1731e-004
 7.885949e-009  1.0000e+000  1.0000e+000  1.4382e-004  1.0000e+000  3.1778e-004
 7.905949e-009  1.0000e+000  1.0000e+000  1.4815e-004  1.0000e+000  3.1406e-004
 7.925949e-009  1.0000e+000  1.0000e+000  1.5141e-004  1.0000e+000  3.1245e-004
 7.945949e-009  1.0000e+000  1.0000e+000  1.5371e-004  1.0000e+000  3.0990e-004
 7.950999e-009  1.0000e+000  1.0000e+000  1.5416e-004  1.0000e+000  3.0945e-004
 7.953499e-009  1.0000e+000  1.0000e+000  1.0196e-004  0.0000e+000  2.8876e-004
 7.954624e-009  1.0000e+000  1.0000e+000  1.1401e-004  0.0000e+000  2.9676e-004
 7.965874e-009  1.0000e+000  1.0000e+000  1.5423e-004  0.0000e+000  3.1472e-004
 7.985874e-009  1.0000e+000  1.0000e+000  1.7520e-004  0.0000e+000  3.0519e-004
 8.005874e-009  1.0000e+000  1.0000e+000  1.7100e-004  0.0000e+000  3.0532e-004
 8.025874e-009  1.0000e+000  1.0000e+000  1.6471e-004  0.0000e+000  3.0164e-004
 8.045874e-009  1.0000e+000  1.0000e+000  1.5955e-004  0.0000e+000  3.0031e-004
 8.065874e-009  1.0000e+000  1.0000e+000  1.5695e-004  0.0000e+000  2.9818e-004
 8.085874e-009  1.0000e+000  1.0000e+000  1.5500e-004  0.0000e+000  2.9661e-004
 8.099999e-009  1.0000e+000  1.0000e+000  1.5466e-004  0.0000e+000  2.9544e-004
 8.102499e-009  1.0000e+000  1.0000e+000  2.1085e-004  1.0000e+000  3.2322e-004
 8.103624e-009  1.0000e+000  1.0000e+000  1.9960e-004  1.0000e+000  3.1268e-004
 8.114874e-009  1.0000e+000  1.0000e+000  1.6391e-004  1.0000e+000  2.8714e-004
 8.134874e-009  1.0000e+000  1.0000e+000  1.3907e-004  1.0000e+000  2.9371e-004
 8.154874e-009  1.0000e+000  1.0000e+000  1.3723e-004  1.0000e+000  2.8924e-004
 8.174874e-009  1.0000e+000  1.0000e+000  1.4042e-004  1.0000e+000  2.8978e-004
 8.194874e-009  1.0000e+000  1.0000e+000  1.4496e-004  1.0000e+000  2.8828e-004
 8.214874e-009  1.0000e+000  1.0000e+000  1.4813e-004  1.0000e+000  2.8747e-004
 8.234874e-009  1.0000e+000  1.0000e+000  1.5106e-004  1.0000e+000  2.8626e-004
 8.251000e-009  1.0000e+000  1.0000e+000  1.5227e-004  1.0000e+000  2.8537e-004
 8.251999e-009  1.0000e+000  1.0000e+000  8.2833e-005  0.0000e+000  2.5334e-004
 8.2524500e-009  1.0000e+000  1.0000e+000  1.0195e-004  0.0000e+000  2.6386e-004
 8.256949e-009  1.0000e+000  1.0000e+000  1.2057e-004  0.0000e+000  2.7762e-004
 8.276949e-009  1.0000e+000  1.0000e+000  1.6948e-004  0.0000e+000  2.9130e-004
 8.296949e-009  1.0000e+000  1.0000e+000  1.7210e-004  0.0000e+000  2.8108e-004
 8.316949e-009  1.0000e+000  1.0000e+000  1.6625e-004  0.0000e+000  2.8356e-004
 8.336949e-009  1.0000e+000  1.0000e+000  1.6097e-004  0.0000e+000  2.8036e-004
 8.356949e-009  1.0000e+000  1.0000e+000  1.5755e-004  0.0000e+000  2.8025e-004
 8.376949e-009  1.0000e+000  1.0000e+000  1.5558e-004  0.0000e+000  2.7879e-004
 8.396949e-009  1.0000e+000  1.0000e+000  1.5452e-004  0.0000e+000  2.7811e-004
 8.399999e-009  1.0000e+000  1.0000e+000  1.5441e-004  0.0000e+000  2.7792e-004
 8.402499e-009  1.0000e+000  1.0000e+000  2.1095e-004  1.0000e+000  3.0585e-004
 8.403624e-009  1.0000e+000  1.0000e+000  1.9978e-004  1.0000e+000  2.9536e-004
 8.414874e-009  1.0000e+000  1.0000e+000  1.6453e-004  1.0000e+000  2.7019e-004
 8.434874e-009  1.0000e+000  1.0000e+000  1.3968e-004  1.0000e+000  2.7736e-004
 8.454874e-009  1.0000e+000  1.0000e+000  1.3744e-004  1.0000e+000  2.7348e-004
 8.474874e-009  1.0000e+000  1.0000e+000  1.4025e-004  1.0000e+000  2.7477e-004
 8.494874e-009  1.0000e+000  1.0000e+000  1.4447e-004  1.0000e+000  2.7340e-004
 8.514874e-009  1.0000e+000  1.0000e+000  1.4745e-004  1.0000e+000  2.7341e-004
 8.534874e-009  1.0000e+000  1.0000e+000  1.5028e-004  1.0000e+000  2.7261e-004
 8.551000e-009  1.0000e+000  1.0000e+000  1.5143e-004  1.0000e+000  2.7216e-004
 8.551999e-009  1.0000e+000  1.0000e+000  8.1858e-005  5.1703e-013  2.4009e-004
 8.5524499e-009  1.0000e+000  1.0000e+000  1.0094e-004  0.0000e+000  2.5062e-004
 8.556949e-009  1.0000e+000  1.0000e+000  1.1931e-004  0.0000e+000  2.6446e-004
 8.576949e-009  1.0000e+000  1.0000e+000  1.6788e-004  0.0000e+000  2.7863e-004
 8.596949e-009  1.0000e+000  1.0000e+000  1.7099e-004  0.0000e+000  2.6892e-004
 8.616949e-009  1.0000e+000  1.0000e+000  1.6560e-004  0.0000e+000  2.7184e-004
 8.636949e-009  1.0000e+000  1.0000e+000  1.6061e-004  0.0000e+000  2.6905e-004
 8.656949e-009  1.0000e+000  1.0000e+000  1.5736e-004  0.0000e+000  2.6933e-004
 8.676949e-009  1.0000e+000  1.0000e+000  1.5549e-004  0.0000e+000  2.6824e-004
 8.696949e-009  1.0000e+000  1.0000e+000  1.5447e-004  0.0000e+000  2.6791e-004
 8.700000e-009  1.0000e+000  1.0000e+000  1.5437e-004  2.0680e-013  2.6778e-004
 8.700999e-009  1.0000e+000  1.0000e+000  2.2701e-004  1.0000e+000  3.1064e-004
 8.7014500e-009  1.0000e+000  1.0000e+000  2.0791e-004  1.0000e+000  2.9669e-004
 8.705949e-009  1.0000e+000  1.0000e+000  1.9222e-004  1.0000e+000  2.7889e-004
 8.725949e-009  1.0000e+000  1.0000e+000  1.4629e-004  1.0000e+000  2.5863e-004
 8.745949e-009  1.0000e+000  1.0000e+000  1.3724e-004  1.0000e+000  2.6871e-004
 8.765949e-009  1.0000e+000  1.0000e+000  1.3870e-004  1.0000e+000  2.6370e-004
 8.785949e-009  1.0000e+000  1.0000e+000  1.4239e-004  1.0000e+000  2.6593e-004
 8.805949e-009  1.0000e+000  1.0000e+000  1.4588e-004  1.0000e+000  2.6445e-004
 8.825949e-009  1.0000e+000  1.0000e+000  1.4866e-004  1.0000e+000  2.6489e-004
 8.845949e-009  1.0000e+000  1.0000e+000  1.5070e-004  1.0000e+000  2.6419e-004
 8.850999e-009  1.0000e+000  1.0000e+000  1.5111e-004  1.0000e+000  2.6420e-004
 8.853499e-009  1.0000e+000  1.0000e+000  9.8097e-005  0.0000e+000  2.4351e-004
 8.854624e-009  1.0000e+000  1.0000e+000  1.0988e-004  0.0000e+000  2.5158e-004
 8.865874e-009  1.0000e+000  1.0000e+000  1.4863e-004  0.0000e+000  2.7052e-004
 8.885874e-009  1.0000e+000  1.0000e+000  1.7035e-004  0.0000e+000  2.6293e-004
 8.905874e-009  1.0000e+000  1.0000e+000  1.6791e-004  0.0000e+000  2.6474e-004
 8.925874e-009  1.0000e+000  1.0000e+000  1.6295e-004  0.0000e+000  2.6263e-004
 8.945874e-009  1.0000e+000  1.0000e+000  1.5860e-004  0.0000e+000  2.6276e-004
 8.965874e-009  1.0000e+000  1.0000e+000  1.5645e-004  0.0000e+000  2.6202e-004
 8.985874e-009  1.0000e+000  1.0000e+000  1.5474e-004  0.0000e+000  2.6176e-004
 8.999999e-009  1.0000e+000  1.0000e+000  1.5450e-004  0.0000e+000  2.6148e-004
 9.002499e-009  1.0000e+000  1.0000e+000  2.1106e-004  1.0000e+000  2.8952e-004
 9.003624e-009  1.0000e+000  1.0000e+000  1.9995e-004  1.0000e+000  2.7908e-004
 9.014874e-009  1.0000e+000  1.0000e+000  1.6513e-004  1.0000e+000  2.5425e-004
 9.034874e-009  1.0000e+000  1.0000e+000  1.4026e-004  1.0000e+000  2.6185e-004
 9.054874e-009  1.0000e+000  1.0000e+000  1.3767e-004  1.0000e+000  2.5844e-004
 9.074874e-009  1.0000e+000  1.0000e+000  1.4011e-004  1.0000e+000  2.6018e-004
 9.094874e-009  1.0000e+000  1.0000e+000  1.4405e-004  1.0000e+000  2.5930e-004
 9.114874e-009  1.0000e+000  1.0000e+000  1.4681e-004  1.0000e+000  2.5952e-004
 9.134874e-009  1.0000e+000  1.0000e+000  1.4953e-004  1.0000e+000  2.5935e-004
 9.151000e-009  1.0000e+000  1.0000e+000  1.5063e-004  1.0000e+000  2.5914e-004
 9.152000e-009  1.0000e+000  1.0000e+000  8.0915e-005  1.0347e-013  2.2703e-004
 9.1524500e-009  1.0000e+000  1.0000e+000  9.9966e-005  0.0000e+000  2.3757e-004
 9.156949e-009  1.0000e+000  1.0000e+000  1.1806e-004  0.0000e+000  2.5150e-004
 9.176949e-009  1.0000e+000  1.0000e+000  1.6626e-004  0.0000e+000  2.6610e-004
 9.196949e-009  1.0000e+000  1.0000e+000  1.6986e-004  0.0000e+000  2.5682e-004
 9.216949e-009  1.0000e+000  1.0000e+000  1.6493e-004  0.0000e+000  2.6011e-004
 9.236949e-009  1.0000e+000  1.0000e+000  1.6024e-004  0.0000e+000  2.5769e-004
 9.256949e-009  1.0000e+000  1.0000e+000  1.5716e-004  0.0000e+000  2.5831e-004
 9.276949e-009  1.0000e+000  1.0000e+000  1.5538e-004  0.0000e+000  2.5754e-004
 9.296949e-009  1.0000e+000  1.0000e+000  1.5442e-004  0.0000e+000  2.5753e-004
 9.300000e-009  1.0000e+000  1.0000e+000  1.5432e-004  6.2039e-013  2.5744e-004
 9.301000e-009  1.0000e+000  1.0000e+000  2.2702e-004  1.0000e+000  3.0035e-004
 9.3014500e-009  1.0000e+000  1.0000e+000  2.0794e-004  1.0000e+000  2.8640e-004
 9.305949e-009  1.0000e+000  1.0000e+000  1.9240e-004  1.0000e+000  2.6869e-004
 9.325949e-009  1.0000e+000  1.0000e+000  1.4675e-004  1.0000e+000  2.4872e-004
 9.345949e-009  1.0000e+000  1.0000e+000  1.3751e-004  1.0000e+000  2.5905e-004
 9.365949e-009  1.0000e+000  1.0000e+000  1.3872e-004  1.0000e+000  2.5430e-004
 9.385949e-009  1.0000e+000  1.0000e+000  1.4219e-004  1.0000e+000  2.5678e-004
 9.405949e-009  1.0000e+000  1.0000e+000  1.4553e-004  1.0000e+000  2.5558e-004
 9.425949e-009  1.0000e+000  1.0000e+000  1.4819e-004  1.0000e+000  2.5613e-004
 9.445949e-009  1.0000e+000  1.0000e+000  1.5018e-004  1.0000e+000  2.5583e-004
 9.450999e-009  1.0000e+000  1.0000e+000  1.5058e-004  1.0000e+000  2.5585e-004
 9.453499e-009  1.0000e+000  1.0000e+000  9.7388e-005  0.0000e+000  2.3514e-004
 9.454624e-009  1.0000e+000  1.0000e+000  1.0911e-004  0.0000e+000  2.4322e-004
 9.465874e-009  1.0000e+000  1.0000e+000  1.4754e-004  0.0000e+000  2.6228e-004
 9.485874e-009  1.0000e+000  1.0000e+000  1.6938e-004  0.0000e+000  2.5497e-004
 9.505874e-009  1.0000e+000  1.0000e+000  1.6729e-004  0.0000e+000  2.5702e-004
 9.525874e-009  1.0000e+000  1.0000e+000  1.6260e-004  0.0000e+000  2.5514e-004
 9.545874e-009  1.0000e+000  1.0000e+000  1.5841e-004  0.0000e+000  2.5548e-004
 9.565874e-009  1.0000e+000  1.0000e+000  1.5635e-004  0.0000e+000  2.5494e-004
 9.585874e-009  1.0000e+000  1.0000e+000  1.5469e-004  0.0000e+000  2.5487e-004
 9.600000e-009  1.0000e+000  1.0000e+000  1.5447e-004  0.0000e+000  2.5472e-004
 9.600999e-009  1.0000e+000  1.0000e+000  2.2703e-004  1.0000e+000  2.9763e-004
 9.6014499e-009  1.0000e+000  1.0000e+000  2.0796e-004  1.0000e+000  2.8369e-004
 9.605949e-009  1.0000e+000  1.0000e+000  1.9246e-004  1.0000e+000  2.6602e-004
 9.625949e-009  1.0000e+000  1.0000e+000  1.4689e-004  1.0000e+000  2.4613e-004
 9.645949e-009  1.0000e+000  1.0000e+000  1.3760e-004  1.0000e+000  2.5651e-004
 9.665949e-009  1.0000e+000  1.0000e+000  1.3873e-004  1.0000e+000  2.5183e-004
 9.685949e-009  1.0000e+000  1.0000e+000  1.4214e-004  1.0000e+000  2.5437e-004
 9.705949e-009  1.0000e+000  1.0000e+000  1.4543e-004  1.0000e+000  2.5323e-004
 9.725949e-009  1.0000e+000  1.0000e+000  1.4805e-004  1.0000e+000  2.5381e-004
 9.745949e-009  1.0000e+000  1.0000e+000  1.5002e-004  1.0000e+000  2.5359e-004
 9.750999e-009  1.0000e+000  1.0000e+000  1.5041e-004  1.0000e+000  2.5363e-004
 9.753499e-009  1.0000e+000  1.0000e+000  9.7172e-005  0.0000e+000  2.3291e-004
 9.754624e-009  1.0000e+000  1.0000e+000  1.0888e-004  0.0000e+000  2.4099e-004
 9.765874e-009  1.0000e+000  1.0000e+000  1.4720e-004  0.0000e+000  2.6008e-004
 9.785874e-009  1.0000e+000  1.0000e+000  1.6908e-004  0.0000e+000  2.5285e-004
 9.805874e-009  1.0000e+000  1.0000e+000  1.6710e-004  0.0000e+000  2.5495e-004
 9.825874e-009  1.0000e+000  1.0000e+000  1.6249e-004  0.0000e+000  2.5313e-004
 9.845874e-009  1.0000e+000  1.0000e+000  1.5835e-004  0.0000e+000  2.5352e-004
 9.865874e-009  1.0000e+000  1.0000e+000  1.5632e-004  0.0000e+000  2.5303e-004
 9.885874e-009  1.0000e+000  1.0000e+000  1.5468e-004  0.0000e+000  2.5301e-004
 9.899999e-009  1.0000e+000  1.0000e+000  1.5446e-004  0.0000e+000  2.5290e-004
 9.902499e-009  1.0000e+000  1.0000e+000  2.1113e-004  1.0000e+000  2.8101e-004
 9.903624e-009  1.0000e+000  1.0000e+000  2.0006e-004  1.0000e+000  2.7058e-004
 9.914874e-009  1.0000e+000  1.0000e+000  1.6550e-004  1.0000e+000  2.4589e-004
 9.934874e-009  1.0000e+000  1.0000e+000  1.4064e-004  1.0000e+000  2.5368e-004
 9.954874e-009  1.0000e+000  1.0000e+000  1.3782e-004  1.0000e+000  2.5048e-004
 9.974874e-009  1.0000e+000  1.0000e+000  1.4004e-004  1.0000e+000  2.5241e-004
 9.994874e-009  1.0000e+000  1.0000e+000  1.4380e-004  1.0000e+000  2.5173e-004
 1.000000e-008  1.0000e+000  1.0000e+000  1.4430e-004  1.0000e+000  2.5193e-004

* BEGIN NON-GRAPHICAL DATA

Power Results
VPower from time 0 to 1e-008
Average power consumed -> 4.003952e-005 watts
Max power 3.488449e-003 at time 1.001e-009 
Min power 3.094066e-010 at time 1.50145e-009 


* END NON-GRAPHICAL DATA
*

* Parsing                      0.01 seconds
* Setup                        0.01 seconds
* DC operating point           0.00 seconds
* Transient Analysis           0.20 seconds
* Overhead                     0.54 seconds
* -----------------------------------------
* Total                        0.77 seconds

* Simulation completed

* End of T-Spice output file
