* T-Spice 13.00 Simulation	Mon Feb 11 14:44:01 2019	C:\Users\makif\Google Drive\TEZ ÇALIÞMAM\çizim\Counter_TDC\Counter_TDC\counter_TDC2.sp
* Command line: tspice -o "C:\Users\makif\Google Drive\TEZ ÇALIÞMAM\çizim\Counter_TDC\Counter_TDC\counter_TDC2.out" "C:\Users\makif\Google Drive\TEZ ÇALIÞMAM\çizim\Counter_TDC\Counter_TDC\counter_TDC2.sp" 
* T-Spice Win32 13.00.20080321.01:01:33

*SEDIT: Alter blocks = 0

* Accuracy and Convergence options:
* numndset|dchold = 100
* 
* Timestep and Integration options:
*  relq|relchgtol = 0.0005
* 
* Model Evaluation options:
*            dcap = 2                    defnrb = 0 [sq]               defnrd = 0 [sq]
*          defnrs = 0 [sq]                 tnom = 25 [deg C]
* 
* General options:
*            temp = 25 [deg C]          threads = 8
* 
* Output options:
*           acout = 1                    ingold = 0
* 


*  Device and node counts:
*             MOSFETs - 14                MOSFET geometries - 4       
*                BJTs - 0                             JFETs - 0       
*             MESFETs - 0                            Diodes - 0       
*          Capacitors - 0                         Resistors - 0       
*           Inductors - 0                  Mutual inductors - 0       
*  Transmission lines - 0        Coupled transmission lines - 0       
*     Voltage sources - 4                   Current sources - 0       
*                VCVS - 0                              VCCS - 0       
*                CCVS - 0                              CCCS - 0       
*    V-control switch - 0                  I-control switch - 0       
*       Macro devices - 0        External C model instances - 0       
*         HDL devices - 0       
*         Subcircuits - 0              Subcircuit instances - 4       
*   Independent nodes - 7                    Boundary nodes - 5       
*         Total nodes - 12      


*SEDIT: Alter=0
*SEDIT: Analysis types DCOP 0 ACMODEL 0 AC 0 TRANSIENT 1 TRANSFER 0 NOISE 0 

*WEDIT: .tran   1e-010   1e-007
TRANSIENT ANALYSIS
Time<s>        v(Stop,Gnd)<V>  v(Start,Gnd)<V>  v(Out,Gnd)<V>  v(Clock,Gnd)<V>  v(Time,Gnd)<V>
 0.000000e+000  3.3000e+000  0.0000e+000  1.7015e-008  0.0000e+000  2.3839e-009
 1.000000e-012  3.3000e+000  0.0000e+000  2.1307e-001  3.3000e+000  9.3532e-002
 1.315000e-012  3.3000e+000  0.0000e+000  1.9570e-001  3.3000e+000  8.9668e-002
 4.465000e-012  3.3000e+000  0.0000e+000  9.0999e-002  3.3000e+000  6.2483e-002
 9.884126e-012  3.3000e+000  0.0000e+000 -2.2421e-002  3.3000e+000  2.7751e-002
 1.582385e-011  3.3000e+000  0.0000e+000 -4.0687e-002  3.3000e+000  1.0966e-002
 2.460989e-011  3.3000e+000  0.0000e+000 -2.3662e-002  3.3000e+000  2.3433e-003
 4.006722e-011  3.3000e+000  0.0000e+000 -3.6451e-003  3.3000e+000  8.9633e-005
 7.269002e-011  3.3000e+000  0.0000e+000  1.0844e-003  3.3000e+000  8.5555e-004
 1.592432e-010  3.3000e+000  0.0000e+000 -2.3781e-004  3.3000e+000  1.2449e-004
 3.592432e-010  3.3000e+000  0.0000e+000  2.0146e-004  3.3000e+000  1.2607e-005
 5.592432e-010  3.3000e+000  0.0000e+000 -1.5456e-004  3.3000e+000  4.8503e-005
 7.592432e-010  3.3000e+000  0.0000e+000  1.2685e-004  3.3000e+000 -1.1945e-005
 9.592432e-010  3.3000e+000  0.0000e+000 -1.0360e-004  3.3000e+000  3.8075e-005
 1.159243e-009  3.3000e+000  0.0000e+000  8.8976e-005  3.3000e+000 -1.3704e-005
 1.359243e-009  3.3000e+000  0.0000e+000 -7.5608e-005  3.3000e+000  2.9055e-005
 1.559243e-009  3.3000e+000  0.0000e+000  6.6654e-005  3.3000e+000 -1.0657e-005
 1.759243e-009  3.3000e+000  0.0000e+000 -5.7971e-005  3.3000e+000  2.1487e-005
 1.959243e-009  3.3000e+000  0.0000e+000  5.1897e-005  3.3000e+000 -7.0789e-006
 2.159243e-009  3.3000e+000  0.0000e+000 -4.5716e-005  3.3000e+000  1.5687e-005
 2.359243e-009  3.3000e+000  0.0000e+000  4.1286e-005  3.3000e+000 -4.1030e-006
 2.559243e-009  3.3000e+000  0.0000e+000 -3.6639e-005  3.3000e+000  1.1427e-005
 2.759243e-009  3.3000e+000  0.0000e+000  3.3253e-005  3.3000e+000 -1.9251e-006
 2.959243e-009  3.3000e+000  0.0000e+000 -2.9623e-005  3.3000e+000  8.3998e-006
 3.159243e-009  3.3000e+000  0.0000e+000  2.6959e-005  3.3000e+000 -4.3889e-007
 3.359243e-009  3.3000e+000  0.0000e+000 -2.4061e-005  3.3000e+000  6.2787e-006
 3.559243e-009  3.3000e+000  0.0000e+000  2.1932e-005  3.3000e+000  5.2579e-007
 3.759243e-009  3.3000e+000  0.0000e+000 -1.9592e-005  3.3000e+000  4.8034e-006
 3.959243e-009  3.3000e+000  0.0000e+000  1.7879e-005  3.3000e+000  1.1195e-006
 4.159243e-009  3.3000e+000  0.0000e+000 -1.5976e-005  3.3000e+000  3.7779e-006
 4.359243e-009  3.3000e+000  0.0000e+000  1.4592e-005  3.3000e+000  1.4607e-006
 4.559243e-009  3.3000e+000  0.0000e+000 -1.3038e-005  3.3000e+000  3.0611e-006
 4.759243e-009  3.3000e+000  0.0000e+000  1.1919e-005  3.3000e+000  1.6361e-006
 4.959243e-009  3.3000e+000  0.0000e+000 -1.0646e-005  3.3000e+000  2.5404e-006
 5.001000e-009  3.3000e+000  0.0000e+000  6.7643e-006  3.3000e+000  2.0584e-006
 5.002000e-009  3.3000e+000  0.0000e+000 -2.2212e-001  0.0000e+000 -7.6680e-002
 5.0023150e-009  3.3000e+000  0.0000e+000 -2.0027e-001  0.0000e+000 -7.2663e-002
 5.005465e-009  3.3000e+000  0.0000e+000 -8.2664e-002  0.0000e+000 -4.5200e-002
 5.017517e-009  3.3000e+000  0.0000e+000  6.5123e-002  0.0000e+000  8.1987e-003
 5.036362e-009  3.3000e+000  0.0000e+000  4.4217e-004  0.0000e+000  5.6087e-003
 5.080896e-009  3.3000e+000  0.0000e+000  1.8753e-003  0.0000e+000 -1.2723e-003
 5.280896e-009  3.3000e+000  0.0000e+000 -1.9173e-003  0.0000e+000  9.3888e-004
 5.480896e-009  3.3000e+000  0.0000e+000  1.9272e-003  0.0000e+000 -6.8779e-004
 5.680896e-009  3.3000e+000  0.0000e+000 -1.9014e-003  0.0000e+000  5.0045e-004
 5.880896e-009  3.3000e+000  0.0000e+000  1.8518e-003  0.0000e+000 -3.5485e-004
 6.080896e-009  3.3000e+000  0.0000e+000 -1.7765e-003  0.0000e+000  2.4731e-004
 6.280896e-009  3.3000e+000  0.0000e+000  1.6982e-003  0.0000e+000 -1.6540e-004
 6.480896e-009  3.3000e+000  0.0000e+000 -1.6008e-003  0.0000e+000  1.0543e-004
 6.680896e-009  3.3000e+000  0.0000e+000  1.5118e-003  0.0000e+000 -6.1032e-005
 6.880896e-009  3.3000e+000  0.0000e+000 -1.4084e-003  0.0000e+000  2.8836e-005
 7.080896e-009  3.3000e+000  0.0000e+000  1.3190e-003  0.0000e+000 -6.0793e-006
 7.280896e-009  3.3000e+000  0.0000e+000 -1.2187e-003  0.0000e+000 -1.0211e-005
 7.480896e-009  3.3000e+000  0.0000e+000  1.1346e-003  0.0000e+000  2.0958e-005
 7.680896e-009  3.3000e+000  0.0000e+000 -1.0421e-003  0.0000e+000 -2.8029e-005
 7.880896e-009  3.3000e+000  0.0000e+000  9.6594e-004  0.0000e+000  3.2310e-005
 8.080896e-009  3.3000e+000  0.0000e+000 -8.8342e-004  0.0000e+000 -3.4435e-005
 8.280896e-009  3.3000e+000  0.0000e+000  8.1612e-004  0.0000e+000  3.5290e-005
 8.480896e-009  3.3000e+000  0.0000e+000 -7.4400e-004  0.0000e+000 -3.4884e-005
 8.680896e-009  3.3000e+000  0.0000e+000  6.8561e-004  0.0000e+000  3.4037e-005
 8.880896e-009  3.3000e+000  0.0000e+000 -6.2350e-004  0.0000e+000 -3.2453e-005
 9.080896e-009  3.3000e+000  0.0000e+000  5.7348e-004  0.0000e+000  3.0858e-005
 9.280896e-009  3.3000e+000  0.0000e+000 -5.2057e-004  0.0000e+000 -2.8834e-005
 9.480896e-009  3.3000e+000  0.0000e+000  4.7811e-004  0.0000e+000  2.7006e-005
 9.680896e-009  3.3000e+000  0.0000e+000 -4.3338e-004  0.0000e+000 -2.4928e-005
 9.880896e-009  3.3000e+000  0.0000e+000  3.9759e-004  0.0000e+000  2.3129e-005
 1.000000e-008  3.3000e+000  0.0000e+000 -3.3553e-004  0.0000e+000 -1.9949e-005
 1.0000999e-008  0.0000e+000  0.0000e+000  1.9606e-001  3.3000e+000 -1.3657e-001
 1.0001314e-008  0.0000e+000  0.0000e+000  1.8353e-001  3.3000e+000 -1.3535e-001
 1.000446e-008  0.0000e+000  0.0000e+000  1.0259e-001  3.3000e+000 -1.2327e-001
 1.002197e-008  0.0000e+000  0.0000e+000 -6.5374e-002  3.3000e+000 -6.7390e-002
 1.004734e-008  0.0000e+000  0.0000e+000  7.5555e-003  3.3000e+000 -2.3291e-002
 1.010380e-008  0.0000e+000  0.0000e+000 -9.8593e-003  3.3000e+000  1.9383e-004
 1.030380e-008  0.0000e+000  0.0000e+000  9.1642e-003  3.3000e+000 -2.0529e-004
 1.050380e-008  0.0000e+000  0.0000e+000 -8.4249e-003  3.3000e+000  8.4660e-005
 1.070380e-008  0.0000e+000  0.0000e+000  7.7215e-003  3.3000e+000  3.7792e-005
 1.090380e-008  0.0000e+000  0.0000e+000 -7.0371e-003  3.3000e+000 -1.0429e-004
 1.110380e-008  0.0000e+000  0.0000e+000  6.4074e-003  3.3000e+000  1.4911e-004
 1.130380e-008  0.0000e+000  0.0000e+000 -5.8159e-003  3.3000e+000 -1.5762e-004
 1.150380e-008  0.0000e+000  0.0000e+000  5.2793e-003  3.3000e+000  1.6512e-004
 1.170380e-008  0.0000e+000  0.0000e+000 -4.7828e-003  3.3000e+000 -1.5254e-004
 1.190380e-008  0.0000e+000  0.0000e+000  4.3352e-003  3.3000e+000  1.4849e-004
 1.210380e-008  0.0000e+000  0.0000e+000 -4.0076e-003  3.3000e+000 -1.3207e-004
 1.230380e-008  0.0000e+000  0.0000e+000  3.7333e-003  3.3000e+000  1.2665e-004
 1.250380e-008  0.0000e+000  0.0000e+000 -3.4341e-003  3.3000e+000 -1.1004e-004
 1.270380e-008  0.0000e+000  0.0000e+000  3.1878e-003  3.3000e+000  1.0552e-004
 1.290380e-008  0.0000e+000  0.0000e+000 -2.9217e-003  3.3000e+000 -9.0980e-005
 1.310380e-008  0.0000e+000  0.0000e+000  2.7041e-003  3.3000e+000  8.7992e-005
 1.330380e-008  0.0000e+000  0.0000e+000 -2.4709e-003  3.3000e+000 -7.5455e-005
 1.350380e-008  0.0000e+000  0.0000e+000  2.2811e-003  3.3000e+000  7.3729e-005
 1.370380e-008  0.0000e+000  0.0000e+000 -2.0790e-003  3.3000e+000 -6.2793e-005
 1.390380e-008  0.0000e+000  0.0000e+000  1.9152e-003  3.3000e+000  6.1999e-005
 1.410380e-008  0.0000e+000  0.0000e+000 -1.7417e-003  3.3000e+000 -5.2322e-005
 1.430380e-008  0.0000e+000  0.0000e+000  1.6015e-003  3.3000e+000  5.2220e-005
 1.450380e-008  0.0000e+000  0.0000e+000 -1.4537e-003  3.3000e+000 -4.3562e-005
 1.470380e-008  0.0000e+000  0.0000e+000  1.3346e-003  3.3000e+000  4.3989e-005
 1.490380e-008  0.0000e+000  0.0000e+000 -1.2096e-003  3.3000e+000 -3.6182e-005
 1.500100e-008  0.0000e+000  0.0000e+000  1.0003e-003  3.3000e+000  3.3618e-005
 1.502599e-008  0.0000e+000  0.0000e+000 -1.3576e-002  0.0000e+000 -1.9763e-002
 1.503387e-008  0.0000e+000  0.0000e+000  7.5437e-003  0.0000e+000 -8.2271e-003
 1.511262e-008  0.0000e+000  0.0000e+000  2.9876e-003  0.0000e+000  8.6395e-003
 1.530022e-008  0.0000e+000  0.0000e+000 -5.0259e-003  0.0000e+000 -7.6517e-003
 1.550022e-008  0.0000e+000  0.0000e+000  6.3555e-003  0.0000e+000  6.6636e-003
 1.570022e-008  0.0000e+000  0.0000e+000 -7.1029e-003  0.0000e+000 -5.7053e-003
 1.590022e-008  0.0000e+000  0.0000e+000  7.5780e-003  0.0000e+000  4.8327e-003
 1.610022e-008  0.0000e+000  0.0000e+000 -7.7052e-003  0.0000e+000 -4.0565e-003
 1.630022e-008  0.0000e+000  0.0000e+000  7.7036e-003  0.0000e+000  3.3880e-003
 1.650022e-008  0.0000e+000  0.0000e+000 -7.5073e-003  0.0000e+000 -2.8157e-003
 1.670022e-008  0.0000e+000  0.0000e+000  7.2588e-003  0.0000e+000  2.3358e-003
 1.690022e-008  0.0000e+000  0.0000e+000 -6.9102e-003  0.0000e+000 -1.9332e-003
 1.710022e-008  0.0000e+000  0.0000e+000  6.5507e-003  0.0000e+000  1.6002e-003
 1.730022e-008  0.0000e+000  0.0000e+000 -6.1468e-003  0.0000e+000 -1.3238e-003
 1.750022e-008  0.0000e+000  0.0000e+000  5.7538e-003  0.0000e+000  1.0970e-003
 1.770022e-008  0.0000e+000  0.0000e+000 -5.3481e-003  0.0000e+000 -9.0968e-004
 1.790022e-008  0.0000e+000  0.0000e+000  4.9639e-003  0.0000e+000  7.5644e-004
 1.810022e-008  0.0000e+000  0.0000e+000 -4.5839e-003  0.0000e+000 -6.3009e-004
 1.830022e-008  0.0000e+000  0.0000e+000  4.2295e-003  0.0000e+000  5.2673e-004
 1.850022e-008  0.0000e+000  0.0000e+000 -3.9768e-003  0.0000e+000 -4.4254e-004
 1.870022e-008  0.0000e+000  0.0000e+000  3.7463e-003  0.0000e+000  3.7476e-004
 1.890022e-008  0.0000e+000  0.0000e+000 -3.4932e-003  0.0000e+000 -3.1675e-004
 1.910022e-008  0.0000e+000  0.0000e+000  3.2733e-003  0.0000e+000  2.7026e-004
 1.930022e-008  0.0000e+000  0.0000e+000 -3.0331e-003  0.0000e+000 -2.3033e-004
 1.950022e-008  0.0000e+000  0.0000e+000  2.8296e-003  0.0000e+000  1.9829e-004
 1.970022e-008  0.0000e+000  0.0000e+000 -2.6088e-003  0.0000e+000 -1.7059e-004
 1.990022e-008  0.0000e+000  0.0000e+000  2.4248e-003  0.0000e+000  1.4827e-004
 2.000000e-008  0.0000e+000  0.0000e+000 -1.9964e-003  0.0000e+000 -1.1228e-004
 2.0001000e-008  0.0000e+000  0.0000e+000  2.0538e-001  3.3000e+000  9.0998e-002
 2.0001315e-008  0.0000e+000  0.0000e+000  1.9214e-001  3.3000e+000  8.8371e-002
 2.000446e-008  0.0000e+000  0.0000e+000  1.0663e-001  3.3000e+000  6.7630e-002
 2.002104e-008  0.0000e+000  0.0000e+000 -6.6708e-002  3.3000e+000  2.8090e-003
 2.004497e-008  0.0000e+000  0.0000e+000  4.6331e-003  3.3000e+000 -9.4562e-003
 2.009883e-008  0.0000e+000  0.0000e+000 -8.2381e-003  3.3000e+000 -1.6886e-003
 2.029155e-008  0.0000e+000  0.0000e+000  7.6784e-003  3.3000e+000  1.3673e-003
 2.049155e-008  0.0000e+000  0.0000e+000 -7.0866e-003  3.3000e+000 -1.0962e-003
 2.069155e-008  0.0000e+000  0.0000e+000  6.5149e-003  3.3000e+000  8.7783e-004
 2.089155e-008  0.0000e+000  0.0000e+000 -5.9524e-003  3.3000e+000 -6.9257e-004
 2.109155e-008  0.0000e+000  0.0000e+000  5.4306e-003  3.3000e+000  5.5221e-004
 2.129155e-008  0.0000e+000  0.0000e+000 -4.9373e-003  3.3000e+000 -4.3482e-004
 2.149155e-008  0.0000e+000  0.0000e+000  4.4876e-003  3.3000e+000  3.5027e-004
 2.169155e-008  0.0000e+000  0.0000e+000 -4.1619e-003  3.3000e+000 -2.7844e-004
 2.189155e-008  0.0000e+000  0.0000e+000  3.7752e-003  3.3000e+000  2.2972e-004
 2.209155e-008  0.0000e+000  0.0000e+000 -3.4803e-003  3.3000e+000 -1.8561e-004
 2.229155e-008  0.0000e+000  0.0000e+000  3.2342e-003  3.3000e+000  1.5814e-004
 2.249155e-008  0.0000e+000  0.0000e+000 -2.9675e-003  3.3000e+000 -1.2979e-004
 2.269155e-008  0.0000e+000  0.0000e+000  2.7485e-003  3.3000e+000  1.1398e-004
 2.289155e-008  0.0000e+000  0.0000e+000 -2.5132e-003  3.3000e+000 -9.5066e-005
 2.309155e-008  0.0000e+000  0.0000e+000  2.3213e-003  3.3000e+000  8.6014e-005
 2.329155e-008  0.0000e+000  0.0000e+000 -2.1167e-003  3.3000e+000 -7.2576e-005
 2.349155e-008  0.0000e+000  0.0000e+000  1.9506e-003  3.3000e+000  6.7381e-005
 2.369155e-008  0.0000e+000  0.0000e+000 -1.7745e-003  3.3000e+000 -5.7165e-005
 2.389155e-008  0.0000e+000  0.0000e+000  1.6321e-003  3.3000e+000  5.4211e-005
 2.409155e-008  0.0000e+000  0.0000e+000 -1.4818e-003  3.3000e+000 -4.5970e-005
 2.429155e-008  0.0000e+000  0.0000e+000  1.3607e-003  3.3000e+000  4.4372e-005
 2.449155e-008  0.0000e+000  0.0000e+000 -1.2334e-003  3.3000e+000 -3.7419e-005
 2.469155e-008  0.0000e+000  0.0000e+000  1.1310e-003  3.3000e+000  3.6695e-005
 2.489155e-008  0.0000e+000  0.0000e+000 -1.0238e-003  3.3000e+000 -3.0646e-005
 2.500100e-008  0.0000e+000  0.0000e+000  8.6522e-004  3.3000e+000  2.8268e-005
 2.502600e-008  0.0000e+000  0.0000e+000 -1.3600e-002  0.0000e+000 -1.9771e-002
 2.503387e-008  0.0000e+000  0.0000e+000  7.5349e-003  0.0000e+000 -8.2321e-003
 2.511262e-008  0.0000e+000  0.0000e+000  2.9946e-003  0.0000e+000  8.6409e-003
 2.530022e-008  0.0000e+000  0.0000e+000 -5.0322e-003  0.0000e+000 -7.6528e-003
 2.550022e-008  0.0000e+000  0.0000e+000  6.3612e-003  0.0000e+000  6.6644e-003
 2.570022e-008  0.0000e+000  0.0000e+000 -7.1079e-003  0.0000e+000 -5.7059e-003
 2.590022e-008  0.0000e+000  0.0000e+000  7.5826e-003  0.0000e+000  4.8331e-003
 2.610022e-008  0.0000e+000  0.0000e+000 -7.7093e-003  0.0000e+000 -4.0569e-003
 2.630022e-008  0.0000e+000  0.0000e+000  7.7074e-003  0.0000e+000  3.3883e-003
 2.650022e-008  0.0000e+000  0.0000e+000 -7.5107e-003  0.0000e+000 -2.8160e-003
 2.670022e-008  0.0000e+000  0.0000e+000  7.2619e-003  0.0000e+000  2.3360e-003
 2.690022e-008  0.0000e+000  0.0000e+000 -6.9129e-003  0.0000e+000 -1.9333e-003
 2.710022e-008  0.0000e+000  0.0000e+000  6.5532e-003  0.0000e+000  1.6004e-003
 2.730022e-008  0.0000e+000  0.0000e+000 -6.1491e-003  0.0000e+000 -1.3240e-003
 2.750022e-008  0.0000e+000  0.0000e+000  5.7559e-003  0.0000e+000  1.0971e-003
 2.770022e-008  0.0000e+000  0.0000e+000 -5.3500e-003  0.0000e+000 -9.0978e-004
 2.790022e-008  0.0000e+000  0.0000e+000  4.9655e-003  0.0000e+000  7.5652e-004
 2.810022e-008  0.0000e+000  0.0000e+000 -4.5855e-003  0.0000e+000 -6.3017e-004
 2.830022e-008  0.0000e+000  0.0000e+000  4.2309e-003  0.0000e+000  5.2679e-004
 2.850022e-008  0.0000e+000  0.0000e+000 -3.9781e-003  0.0000e+000 -4.4260e-004
 2.870022e-008  0.0000e+000  0.0000e+000  3.7476e-003  0.0000e+000  3.7482e-004
 2.890022e-008  0.0000e+000  0.0000e+000 -3.4944e-003  0.0000e+000 -3.1680e-004
 2.910022e-008  0.0000e+000  0.0000e+000  3.2744e-003  0.0000e+000  2.7030e-004
 2.930022e-008  0.0000e+000  0.0000e+000 -3.0342e-003  0.0000e+000 -2.3037e-004
 2.950022e-008  0.0000e+000  0.0000e+000  2.8305e-003  0.0000e+000  1.9833e-004
 2.970022e-008  0.0000e+000  0.0000e+000 -2.6097e-003  0.0000e+000 -1.7063e-004
 2.990022e-008  0.0000e+000  0.0000e+000  2.4256e-003  0.0000e+000  1.4831e-004
 3.000000e-008  0.0000e+000  0.0000e+000 -1.9971e-003  1.0919e-011 -1.1231e-004
 3.0000999e-008  0.0000e+000  0.0000e+000  2.0538e-001  3.3000e+000  9.1015e-002
 3.0001314e-008  0.0000e+000  0.0000e+000  1.9214e-001  3.3000e+000  8.8388e-002
 3.000446e-008  0.0000e+000  0.0000e+000  1.0664e-001  3.3000e+000  6.7644e-002
 3.002104e-008  0.0000e+000  0.0000e+000 -6.6708e-002  3.3000e+000  2.8142e-003
 3.004497e-008  0.0000e+000  0.0000e+000  4.6325e-003  3.3000e+000 -9.4556e-003
 3.009883e-008  0.0000e+000  0.0000e+000 -8.2379e-003  3.3000e+000 -1.6896e-003
 3.029154e-008  0.0000e+000  0.0000e+000  7.6781e-003  3.3000e+000  1.3669e-003
 3.049154e-008  0.0000e+000  0.0000e+000 -7.0864e-003  3.3000e+000 -1.0970e-003
 3.069154e-008  0.0000e+000  0.0000e+000  6.5147e-003  3.3000e+000  8.7734e-004
 3.089154e-008  0.0000e+000  0.0000e+000 -5.9522e-003  3.3000e+000 -6.9326e-004
 3.109154e-008  0.0000e+000  0.0000e+000  5.4304e-003  3.3000e+000  5.5171e-004
 3.129154e-008  0.0000e+000  0.0000e+000 -4.9372e-003  3.3000e+000 -4.3544e-004
 3.149154e-008  0.0000e+000  0.0000e+000  4.4874e-003  3.3000e+000  3.4978e-004
 3.169154e-008  0.0000e+000  0.0000e+000 -4.1618e-003  3.3000e+000 -2.7900e-004
 3.189154e-008  0.0000e+000  0.0000e+000  3.7751e-003  3.3000e+000  2.2924e-004
 3.209154e-008  0.0000e+000  0.0000e+000 -3.4803e-003  3.3000e+000 -1.8613e-004
 3.229154e-008  0.0000e+000  0.0000e+000  3.2342e-003  3.3000e+000  1.5767e-004
 3.249154e-008  0.0000e+000  0.0000e+000 -2.9675e-003  3.3000e+000 -1.3027e-004
 3.269154e-008  0.0000e+000  0.0000e+000  2.7484e-003  3.3000e+000  1.1354e-004
 3.289154e-008  0.0000e+000  0.0000e+000 -2.5132e-003  3.3000e+000 -9.5517e-005
 3.309154e-008  0.0000e+000  0.0000e+000  2.3213e-003  3.3000e+000  8.5587e-005
 3.329154e-008  0.0000e+000  0.0000e+000 -2.1166e-003  3.3000e+000 -7.3001e-005
 3.349154e-008  0.0000e+000  0.0000e+000  1.9505e-003  3.3000e+000  6.6974e-005
 3.369154e-008  0.0000e+000  0.0000e+000 -1.7744e-003  3.3000e+000 -5.7566e-005
 3.389154e-008  0.0000e+000  0.0000e+000  1.6320e-003  3.3000e+000  5.3823e-005
 3.409154e-008  0.0000e+000  0.0000e+000 -1.4818e-003  3.3000e+000 -4.6349e-005
 3.429154e-008  0.0000e+000  0.0000e+000  1.3606e-003  3.3000e+000  4.4003e-005
 3.449154e-008  0.0000e+000  0.0000e+000 -1.2334e-003  3.3000e+000 -3.7780e-005
 3.469154e-008  0.0000e+000  0.0000e+000  1.1310e-003  3.3000e+000  3.6343e-005
 3.489154e-008  0.0000e+000  0.0000e+000 -1.0238e-003  3.3000e+000 -3.0989e-005
 3.500100e-008  0.0000e+000  0.0000e+000  8.6521e-004  3.3000e+000  2.7929e-005
 3.5001999e-008  0.0000e+000  0.0000e+000 -2.2169e-001  1.0918e-011 -8.1007e-002
 3.50023149e-008  0.0000e+000  0.0000e+000 -1.9994e-001  0.0000e+000 -7.8051e-002
 3.5005464e-008  0.0000e+000  0.0000e+000 -8.2576e-002  0.0000e+000 -5.5994e-002
 3.501754e-008  0.0000e+000  0.0000e+000  6.5332e-002  0.0000e+000 -5.2878e-003
 3.503641e-008  0.0000e+000  0.0000e+000  5.2429e-004  0.0000e+000  5.4557e-003
 3.508098e-008  0.0000e+000  0.0000e+000  1.7142e-003  0.0000e+000  7.6942e-004
 3.528098e-008  0.0000e+000  0.0000e+000 -1.7648e-003  0.0000e+000 -7.1559e-004
 3.548098e-008  0.0000e+000  0.0000e+000  1.7831e-003  0.0000e+000  6.4263e-004
 3.568098e-008  0.0000e+000  0.0000e+000 -1.7667e-003  0.0000e+000 -5.6278e-004
 3.588098e-008  0.0000e+000  0.0000e+000  1.7276e-003  0.0000e+000  4.8714e-004
 3.608098e-008  0.0000e+000  0.0000e+000 -1.6633e-003  0.0000e+000 -4.1554e-004
 3.628098e-008  0.0000e+000  0.0000e+000  1.5952e-003  0.0000e+000  3.5370e-004
 3.648098e-008  0.0000e+000  0.0000e+000 -1.5083e-003  0.0000e+000 -2.9800e-004
 3.668098e-008  0.0000e+000  0.0000e+000  1.4283e-003  0.0000e+000  2.5179e-004
 3.688098e-008  0.0000e+000  0.0000e+000 -1.3340e-003  0.0000e+000 -2.1112e-004
 3.708098e-008  0.0000e+000  0.0000e+000  1.2523e-003  0.0000e+000  1.7808e-004
 3.728098e-008  0.0000e+000  0.0000e+000 -1.1595e-003  0.0000e+000 -1.4932e-004
 3.748098e-008  0.0000e+000  0.0000e+000  1.0815e-003  0.0000e+000  1.2621e-004
 3.768098e-008  0.0000e+000  0.0000e+000 -9.9518e-004  0.0000e+000 -1.0619e-004
 3.788098e-008  0.0000e+000  0.0000e+000  9.2382e-004  0.0000e+000  9.0185e-005
 3.808098e-008  0.0000e+000  0.0000e+000 -8.4611e-004  0.0000e+000 -7.6301e-005
 3.828098e-008  0.0000e+000  0.0000e+000  7.8263e-004  0.0000e+000  6.5229e-005
 3.848098e-008  0.0000e+000  0.0000e+000 -7.1428e-004  0.0000e+000 -5.5577e-005
 3.868098e-008  0.0000e+000  0.0000e+000  6.5888e-004  0.0000e+000  4.7874e-005
 3.888098e-008  0.0000e+000  0.0000e+000 -5.9973e-004  0.0000e+000 -4.1105e-005
 3.908098e-008  0.0000e+000  0.0000e+000  5.5204e-004  0.0000e+000  3.5693e-005
 3.928098e-008  0.0000e+000  0.0000e+000 -5.0145e-004  0.0000e+000 -3.0886e-005
 3.948098e-008  0.0000e+000  0.0000e+000  4.6082e-004  0.0000e+000  2.7032e-005
 3.968098e-008  0.0000e+000  0.0000e+000 -4.1792e-004  0.0000e+000 -2.3564e-005
 3.988098e-008  0.0000e+000  0.0000e+000  3.8358e-004  0.0000e+000  2.0779e-005
 4.000000e-008  0.0000e+000  0.0000e+000 -3.2388e-004  0.0000e+000 -1.6745e-005
 4.0001000e-008  0.0000e+000  3.3000e+000  2.1493e-001  3.3000e+000  2.6837e-001
 4.00013150e-008  0.0000e+000  3.3000e+000  2.0086e-001  3.3000e+000  2.5940e-001
 4.0004464e-008  0.0000e+000  3.3000e+000  1.1014e-001  3.3000e+000  1.8327e-001
 4.002009e-008  0.0000e+000  3.3000e+000 -6.8760e-002  3.3000e+000 -8.6070e-002
 4.003429e-008  0.0000e+000  3.3000e+000 -1.0465e-002  3.3000e+000 -1.5086e-001
 4.004476e-008  0.0000e+000  3.3000e+000 -7.8219e-003  3.3000e+000 -1.0708e-001
 4.005325e-008  0.0000e+000  3.3000e+000 -3.7227e-003  3.3000e+000 -2.7842e-002
 4.006111e-008  0.0000e+000  3.3000e+000 -1.2361e-003  3.3000e+000  8.1351e-002
 4.006981e-008  0.0000e+000  3.3000e+000  8.3878e-004  3.3000e+000  2.5043e-001
 4.008068e-008  0.0000e+000  3.3000e+000  1.7441e-003  3.3000e+000  5.0040e-001
 4.009376e-008  0.0000e+000  3.3000e+000  1.1230e-003  3.3000e+000  7.9860e-001
 4.010815e-008  0.0000e+000  3.3000e+000  7.7275e-004  3.3000e+000  1.1167e+000
 4.012349e-008  0.0000e+000  3.3000e+000 -6.4008e-003  3.3000e+000  1.4381e+000
 4.013980e-008  0.0000e+000  3.3000e+000 -2.2646e-002  3.3000e+000  1.7447e+000
 4.015834e-008  0.0000e+000  3.3000e+000 -3.4857e-002  3.3000e+000  2.0406e+000
 4.017980e-008  0.0000e+000  3.3000e+000 -4.6532e-002  3.3000e+000  2.3225e+000
 4.020622e-008  0.0000e+000  3.3000e+000  7.3588e-002  3.3000e+000  2.5824e+000
 4.023051e-008  0.0000e+000  3.3000e+000  6.3280e-001  3.3000e+000  2.7577e+000
 4.025002e-008  0.0000e+000  3.3000e+000  1.8472e+000  3.3000e+000  2.8703e+000
 4.026213e-008  0.0000e+000  3.3000e+000  2.6468e+000  3.3000e+000  2.9317e+000
 4.027320e-008  0.0000e+000  3.3000e+000  3.0084e+000  3.3000e+000  2.9802e+000
 4.028927e-008  0.0000e+000  3.3000e+000  3.2013e+000  3.3000e+000  3.0387e+000
 4.031154e-008  0.0000e+000  3.3000e+000  3.2661e+000  3.3000e+000  3.1039e+000
 4.034148e-008  0.0000e+000  3.3000e+000  3.2841e+000  3.3000e+000  3.1703e+000
 4.038845e-008  0.0000e+000  3.3000e+000  3.2969e+000  3.3000e+000  3.2360e+000
 4.048534e-008  0.0000e+000  3.3000e+000  3.3002e+000  3.3000e+000  3.2902e+000
 4.068534e-008  0.0000e+000  3.3000e+000  3.2999e+000  3.3000e+000  3.3023e+000
 4.088534e-008  0.0000e+000  3.3000e+000  3.3000e+000  3.3000e+000  3.2994e+000
 4.108534e-008  0.0000e+000  3.3000e+000  3.3000e+000  3.3000e+000  3.3002e+000
 4.128534e-008  0.0000e+000  3.3000e+000  3.2999e+000  3.3000e+000  3.2999e+000
 4.148534e-008  0.0000e+000  3.3000e+000  3.3001e+000  3.3000e+000  3.3000e+000
 4.168534e-008  0.0000e+000  3.3000e+000  3.2999e+000  3.3000e+000  3.3000e+000
 4.188534e-008  0.0000e+000  3.3000e+000  3.3000e+000  3.3000e+000  3.3000e+000
 4.208534e-008  0.0000e+000  3.3000e+000  3.3000e+000  3.3000e+000  3.3000e+000
 4.228534e-008  0.0000e+000  3.3000e+000  3.3000e+000  3.3000e+000  3.3000e+000
 4.248534e-008  0.0000e+000  3.3000e+000  3.3000e+000  3.3000e+000  3.3000e+000
 4.268534e-008  0.0000e+000  3.3000e+000  3.3000e+000  3.3000e+000  3.3000e+000
 4.288534e-008  0.0000e+000  3.3000e+000  3.3000e+000  3.3000e+000  3.3000e+000
 4.308534e-008  0.0000e+000  3.3000e+000  3.3000e+000  3.3000e+000  3.3000e+000
 4.328534e-008  0.0000e+000  3.3000e+000  3.3000e+000  3.3000e+000  3.3000e+000
 4.348534e-008  0.0000e+000  3.3000e+000  3.3000e+000  3.3000e+000  3.3000e+000
 4.368534e-008  0.0000e+000  3.3000e+000  3.3000e+000  3.3000e+000  3.3000e+000
 4.388534e-008  0.0000e+000  3.3000e+000  3.3000e+000  3.3000e+000  3.3000e+000
 4.408534e-008  0.0000e+000  3.3000e+000  3.3000e+000  3.3000e+000  3.3000e+000
 4.428534e-008  0.0000e+000  3.3000e+000  3.3000e+000  3.3000e+000  3.3000e+000
 4.448534e-008  0.0000e+000  3.3000e+000  3.3000e+000  3.3000e+000  3.3000e+000
 4.468534e-008  0.0000e+000  3.3000e+000  3.3000e+000  3.3000e+000  3.3000e+000
 4.488534e-008  0.0000e+000  3.3000e+000  3.3000e+000  3.3000e+000  3.3000e+000
 4.500100e-008  0.0000e+000  3.3000e+000  3.3000e+000  3.3000e+000  3.3000e+000
 4.502600e-008  0.0000e+000  3.3000e+000  3.3239e+000  0.0000e+000  3.3249e+000
 4.503387e-008  0.0000e+000  3.3000e+000  3.2755e+000  0.0000e+000  3.3482e+000
 4.504150e-008  0.0000e+000  3.3000e+000  3.1574e+000  0.0000e+000  3.3628e+000
 4.504965e-008  0.0000e+000  3.3000e+000  2.8341e+000  0.0000e+000  3.3678e+000
 4.505996e-008  0.0000e+000  3.3000e+000  2.0481e+000  0.0000e+000  3.3681e+000
 4.506912e-008  0.0000e+000  3.3000e+000  1.0839e+000  0.0000e+000  3.3644e+000
 4.507369e-008  0.0000e+000  3.3000e+000  6.4542e-001  0.0000e+000  3.3620e+000
 4.507825e-008  0.0000e+000  3.3000e+000  3.5687e-001  0.0000e+000  3.3601e+000
 4.508336e-008  0.0000e+000  3.3000e+000  1.8141e-001  0.0000e+000  3.3585e+000
 4.509069e-008  0.0000e+000  3.3000e+000  7.4541e-002  0.0000e+000  3.3563e+000
 4.510417e-008  0.0000e+000  3.3000e+000  2.4286e-002  0.0000e+000  3.3506e+000
 4.513515e-008  0.0000e+000  3.3000e+000  6.5765e-003  0.0000e+000  3.3346e+000
 4.520777e-008  0.0000e+000  3.3000e+000 -2.1527e-003  0.0000e+000  3.3098e+000
 4.540777e-008  0.0000e+000  3.3000e+000  1.6180e-003  0.0000e+000  3.2975e+000
 4.560777e-008  0.0000e+000  3.3000e+000 -1.2505e-003  0.0000e+000  3.3007e+000
 4.580777e-008  0.0000e+000  3.3000e+000  1.0172e-003  0.0000e+000  3.2998e+000
 4.600777e-008  0.0000e+000  3.3000e+000 -8.2785e-004  0.0000e+000  3.3001e+000
 4.620777e-008  0.0000e+000  3.3000e+000  7.0261e-004  0.0000e+000  3.2999e+000
 4.640777e-008  0.0000e+000  3.3000e+000 -5.9675e-004  0.0000e+000  3.3000e+000
 4.660777e-008  0.0000e+000  3.3000e+000  5.2249e-004  0.0000e+000  3.3000e+000
 4.680777e-008  0.0000e+000  3.3000e+000 -4.5587e-004  0.0000e+000  3.3000e+000
 4.700777e-008  0.0000e+000  3.3000e+000  4.0680e-004  0.0000e+000  3.3000e+000
 4.720777e-008  0.0000e+000  3.3000e+000 -3.6033e-004  0.0000e+000  3.3000e+000
 4.740777e-008  0.0000e+000  3.3000e+000  3.2494e-004  0.0000e+000  3.3000e+000
 4.760777e-008  0.0000e+000  3.3000e+000 -2.9011e-004  0.0000e+000  3.3000e+000
 4.780777e-008  0.0000e+000  3.3000e+000  2.6302e-004  0.0000e+000  3.3000e+000
 4.800777e-008  0.0000e+000  3.3000e+000 -2.3575e-004  0.0000e+000  3.3000e+000
 4.820777e-008  0.0000e+000  3.3000e+000  2.1433e-004  0.0000e+000  3.3000e+000
 4.840777e-008  0.0000e+000  3.3000e+000 -1.9247e-004  0.0000e+000  3.3000e+000
 4.860777e-008  0.0000e+000  3.3000e+000  1.7521e-004  0.0000e+000  3.3000e+000
 4.880777e-008  0.0000e+000  3.3000e+000 -1.5747e-004  0.0000e+000  3.3000e+000
 4.900777e-008  0.0000e+000  3.3000e+000  1.4343e-004  0.0000e+000  3.3000e+000
 4.920777e-008  0.0000e+000  3.3000e+000 -1.2895e-004  0.0000e+000  3.3000e+000
 4.940777e-008  0.0000e+000  3.3000e+000  1.1749e-004  0.0000e+000  3.3000e+000
 4.960777e-008  0.0000e+000  3.3000e+000 -1.0564e-004  0.0000e+000  3.3000e+000
 4.980777e-008  0.0000e+000  3.3000e+000  9.6264e-005  0.0000e+000  3.3000e+000
 5.000000e-008  0.0000e+000  3.3000e+000 -8.6170e-005  0.0000e+000  3.3000e+000
 5.002500e-008  0.0000e+000  3.3000e+000 -1.9641e-002  3.3000e+000  3.3234e+000
 5.003287e-008  0.0000e+000  3.3000e+000 -6.6009e-002  3.3000e+000  3.3065e+000
 5.005928e-008  0.0000e+000  3.3000e+000  2.0152e-002  3.3000e+000  3.2695e+000
 5.007826e-008  0.0000e+000  3.3000e+000  4.1853e-001  3.3000e+000  3.2545e+000
 5.009499e-008  0.0000e+000  3.3000e+000  1.3412e+000  3.3000e+000  3.2467e+000
 5.010546e-008  0.0000e+000  3.3000e+000  2.1806e+000  3.3000e+000  3.2463e+000
 5.011395e-008  0.0000e+000  3.3000e+000  2.7015e+000  3.3000e+000  3.2469e+000
 5.012367e-008  0.0000e+000  3.3000e+000  3.0066e+000  3.3000e+000  3.2471e+000
 5.013901e-008  0.0000e+000  3.3000e+000  3.1978e+000  3.3000e+000  3.2474e+000
 5.016073e-008  0.0000e+000  3.3000e+000  3.2652e+000  3.3000e+000  3.2511e+000
 5.019010e-008  0.0000e+000  3.3000e+000  3.2837e+000  3.3000e+000  3.2614e+000
 5.023615e-008  0.0000e+000  3.3000e+000  3.2967e+000  3.3000e+000  3.2778e+000
 5.033110e-008  0.0000e+000  3.3000e+000  3.3003e+000  3.3000e+000  3.2957e+000
 5.053110e-008  0.0000e+000  3.3000e+000  3.2999e+000  3.3000e+000  3.3011e+000
 5.073110e-008  0.0000e+000  3.3000e+000  3.3000e+000  3.3000e+000  3.2997e+000
 5.093110e-008  0.0000e+000  3.3000e+000  3.3000e+000  3.3000e+000  3.3001e+000
 5.113110e-008  0.0000e+000  3.3000e+000  3.3000e+000  3.3000e+000  3.3000e+000
 5.133110e-008  0.0000e+000  3.3000e+000  3.3000e+000  3.3000e+000  3.3000e+000
 5.153110e-008  0.0000e+000  3.3000e+000  3.3000e+000  3.3000e+000  3.3000e+000
 5.173110e-008  0.0000e+000  3.3000e+000  3.3000e+000  3.3000e+000  3.3000e+000
 5.193110e-008  0.0000e+000  3.3000e+000  3.3000e+000  3.3000e+000  3.3000e+000
 5.213110e-008  0.0000e+000  3.3000e+000  3.3000e+000  3.3000e+000  3.3000e+000
 5.233110e-008  0.0000e+000  3.3000e+000  3.3000e+000  3.3000e+000  3.3000e+000
 5.253110e-008  0.0000e+000  3.3000e+000  3.3000e+000  3.3000e+000  3.3000e+000
 5.273110e-008  0.0000e+000  3.3000e+000  3.3000e+000  3.3000e+000  3.3000e+000
 5.293110e-008  0.0000e+000  3.3000e+000  3.3000e+000  3.3000e+000  3.3000e+000
 5.313110e-008  0.0000e+000  3.3000e+000  3.3000e+000  3.3000e+000  3.3000e+000
 5.333110e-008  0.0000e+000  3.3000e+000  3.3000e+000  3.3000e+000  3.3000e+000
 5.353110e-008  0.0000e+000  3.3000e+000  3.3000e+000  3.3000e+000  3.3000e+000
 5.373110e-008  0.0000e+000  3.3000e+000  3.3000e+000  3.3000e+000  3.3000e+000
 5.393110e-008  0.0000e+000  3.3000e+000  3.3000e+000  3.3000e+000  3.3000e+000
 5.413110e-008  0.0000e+000  3.3000e+000  3.3000e+000  3.3000e+000  3.3000e+000
 5.433110e-008  0.0000e+000  3.3000e+000  3.3000e+000  3.3000e+000  3.3000e+000
 5.453110e-008  0.0000e+000  3.3000e+000  3.3000e+000  3.3000e+000  3.3000e+000
 5.473110e-008  0.0000e+000  3.3000e+000  3.3000e+000  3.3000e+000  3.3000e+000
 5.493110e-008  0.0000e+000  3.3000e+000  3.3000e+000  3.3000e+000  3.3000e+000
 5.500100e-008  0.0000e+000  3.3000e+000  3.3000e+000  3.3000e+000  3.3000e+000
 5.5002000e-008  0.0000e+000  3.3000e+000  3.0425e+000  0.0000e+000  3.1996e+000
 5.50023150e-008  0.0000e+000  3.3000e+000  3.0611e+000  0.0000e+000  3.2058e+000
 5.5005464e-008  0.0000e+000  3.3000e+000  3.1965e+000  0.0000e+000  3.2482e+000
 5.5010865e-008  0.0000e+000  3.3000e+000  3.3837e+000  0.0000e+000  3.3038e+000
 5.5015910e-008  0.0000e+000  3.3000e+000  3.4787e+000  0.0000e+000  3.3284e+000
 5.5020861e-008  0.0000e+000  3.3000e+000  3.5253e+000  0.0000e+000  3.3416e+000
 5.5025966e-008  0.0000e+000  3.3000e+000  3.5146e+000  0.0000e+000  3.3515e+000
 5.5031344e-008  0.0000e+000  3.3000e+000  3.4391e+000  0.0000e+000  3.3597e+000
 5.503707e-008  0.0000e+000  3.3000e+000  3.3069e+000  0.0000e+000  3.3665e+000
 5.504376e-008  0.0000e+000  3.3000e+000  3.1150e+000  0.0000e+000  3.3718e+000
 5.505217e-008  0.0000e+000  3.3000e+000  2.6661e+000  0.0000e+000  3.3745e+000
 5.506330e-008  0.0000e+000  3.3000e+000  1.6739e+000  0.0000e+000  3.3717e+000
 5.506961e-008  0.0000e+000  3.3000e+000  9.8514e-001  0.0000e+000  3.3682e+000
 5.5074150e-008  0.0000e+000  3.3000e+000  5.7606e-001  0.0000e+000  3.3656e+000
 5.5078413e-008  0.0000e+000  3.3000e+000  3.2912e-001  0.0000e+000  3.3636e+000
 5.5083569e-008  0.0000e+000  3.3000e+000  1.6660e-001  0.0000e+000  3.3618e+000
 5.509125e-008  0.0000e+000  3.3000e+000  6.6642e-002  0.0000e+000  3.3590e+000
 5.510587e-008  0.0000e+000  3.3000e+000  2.1410e-002  0.0000e+000  3.3518e+000
 5.513920e-008  0.0000e+000  3.3000e+000  5.3922e-003  0.0000e+000  3.3337e+000
 5.521984e-008  0.0000e+000  3.3000e+000 -2.2163e-003  0.0000e+000  3.3076e+000
 5.541984e-008  0.0000e+000  3.3000e+000  1.7100e-003  0.0000e+000  3.2980e+000
 5.561984e-008  0.0000e+000  3.3000e+000 -1.3564e-003  0.0000e+000  3.3006e+000
 5.581984e-008  0.0000e+000  3.3000e+000  1.1296e-003  0.0000e+000  3.2998e+000
 5.601984e-008  0.0000e+000  3.3000e+000 -9.3969e-004  0.0000e+000  3.3001e+000
 5.621984e-008  0.0000e+000  3.3000e+000  8.1163e-004  0.0000e+000  3.2999e+000
 5.641984e-008  0.0000e+000  3.3000e+000 -6.9957e-004  0.0000e+000  3.3000e+000
 5.661984e-008  0.0000e+000  3.3000e+000  6.1934e-004  0.0000e+000  3.3000e+000
 5.681984e-008  0.0000e+000  3.3000e+000 -5.4513e-004  0.0000e+000  3.3000e+000
 5.701984e-008  0.0000e+000  3.3000e+000  4.8957e-004  0.0000e+000  3.3000e+000
 5.721984e-008  0.0000e+000  3.3000e+000 -4.3580e-004  0.0000e+000  3.3000e+000
 5.741984e-008  0.0000e+000  3.3000e+000  3.9438e-004  0.0000e+000  3.3000e+000
 5.761984e-008  0.0000e+000  3.3000e+000 -3.5308e-004  0.0000e+000  3.3000e+000
 5.781984e-008  0.0000e+000  3.3000e+000  3.2075e-004  0.0000e+000  3.3000e+000
 5.801984e-008  0.0000e+000  3.3000e+000 -2.8794e-004  0.0000e+000  3.3000e+000
 5.821984e-008  0.0000e+000  3.3000e+000  2.6206e-004  0.0000e+000  3.3000e+000
 5.841984e-008  0.0000e+000  3.3000e+000 -2.3555e-004  0.0000e+000  3.3000e+000
 5.861984e-008  0.0000e+000  3.3000e+000  2.1456e-004  0.0000e+000  3.3000e+000
 5.881984e-008  0.0000e+000  3.3000e+000 -1.9294e-004  0.0000e+000  3.3000e+000
 5.901984e-008  0.0000e+000  3.3000e+000  1.7581e-004  0.0000e+000  3.3000e+000
 5.921984e-008  0.0000e+000  3.3000e+000 -1.5812e-004  0.0000e+000  3.3000e+000
 5.941984e-008  0.0000e+000  3.3000e+000  1.4410e-004  0.0000e+000  3.3000e+000
 5.961984e-008  0.0000e+000  3.3000e+000 -1.2960e-004  0.0000e+000  3.3000e+000
 5.981984e-008  0.0000e+000  3.3000e+000  1.1811e-004  0.0000e+000  3.3000e+000
 6.000000e-008  0.0000e+000  3.3000e+000 -1.0496e-004  2.1838e-011  3.3000e+000
 6.0000999e-008  0.0000e+000  3.3000e+000  2.2097e-001  3.3000e+000  3.4066e+000
 6.00013150e-008  0.0000e+000  3.3000e+000  2.0609e-001  3.3000e+000  3.4032e+000
 6.0004465e-008  0.0000e+000  3.3000e+000  1.0659e-001  3.3000e+000  3.3769e+000
 6.001871e-008  0.0000e+000  3.3000e+000 -1.1232e-001  3.3000e+000  3.3170e+000
 6.003701e-008  0.0000e+000  3.3000e+000 -8.3357e-002  3.3000e+000  3.2902e+000
 6.005779e-008  0.0000e+000  3.3000e+000  2.3796e-002  3.3000e+000  3.2664e+000
 6.007697e-008  0.0000e+000  3.3000e+000  3.7451e-001  3.3000e+000  3.2511e+000
 6.009359e-008  0.0000e+000  3.3000e+000  1.2586e+000  3.3000e+000  3.2441e+000
 6.010421e-008  0.0000e+000  3.3000e+000  2.1110e+000  3.3000e+000  3.2439e+000
 6.011262e-008  0.0000e+000  3.3000e+000  2.6558e+000  3.3000e+000  3.2447e+000
 6.012195e-008  0.0000e+000  3.3000e+000  2.9758e+000  3.3000e+000  3.2452e+000
 6.013626e-008  0.0000e+000  3.3000e+000  3.1803e+000  3.3000e+000  3.2458e+000
 6.015709e-008  0.0000e+000  3.3000e+000  3.2608e+000  3.3000e+000  3.2492e+000
 6.018509e-008  0.0000e+000  3.3000e+000  3.2816e+000  3.3000e+000  3.2589e+000
 6.022782e-008  0.0000e+000  3.3000e+000  3.2955e+000  3.3000e+000  3.2749e+000
 6.031190e-008  0.0000e+000  3.3000e+000  3.3003e+000  3.3000e+000  3.2935e+000
 6.051190e-008  0.0000e+000  3.3000e+000  3.2999e+000  3.3000e+000  3.3016e+000
 6.071190e-008  0.0000e+000  3.3000e+000  3.3000e+000  3.3000e+000  3.2996e+000
 6.091190e-008  0.0000e+000  3.3000e+000  3.3000e+000  3.3000e+000  3.3001e+000
 6.111190e-008  0.0000e+000  3.3000e+000  3.3000e+000  3.3000e+000  3.3000e+000
 6.131190e-008  0.0000e+000  3.3000e+000  3.3000e+000  3.3000e+000  3.3000e+000
 6.151190e-008  0.0000e+000  3.3000e+000  3.3000e+000  3.3000e+000  3.3000e+000
 6.171190e-008  0.0000e+000  3.3000e+000  3.3000e+000  3.3000e+000  3.3000e+000
 6.191190e-008  0.0000e+000  3.3000e+000  3.3000e+000  3.3000e+000  3.3000e+000
 6.211190e-008  0.0000e+000  3.3000e+000  3.3000e+000  3.3000e+000  3.3000e+000
 6.231190e-008  0.0000e+000  3.3000e+000  3.3000e+000  3.3000e+000  3.3000e+000
 6.251190e-008  0.0000e+000  3.3000e+000  3.3000e+000  3.3000e+000  3.3000e+000
 6.271190e-008  0.0000e+000  3.3000e+000  3.3000e+000  3.3000e+000  3.3000e+000
 6.291190e-008  0.0000e+000  3.3000e+000  3.3000e+000  3.3000e+000  3.3000e+000
 6.311190e-008  0.0000e+000  3.3000e+000  3.3000e+000  3.3000e+000  3.3000e+000
 6.331190e-008  0.0000e+000  3.3000e+000  3.3000e+000  3.3000e+000  3.3000e+000
 6.351190e-008  0.0000e+000  3.3000e+000  3.3000e+000  3.3000e+000  3.3000e+000
 6.371190e-008  0.0000e+000  3.3000e+000  3.3000e+000  3.3000e+000  3.3000e+000
 6.391190e-008  0.0000e+000  3.3000e+000  3.3000e+000  3.3000e+000  3.3000e+000
 6.411190e-008  0.0000e+000  3.3000e+000  3.3000e+000  3.3000e+000  3.3000e+000
 6.431190e-008  0.0000e+000  3.3000e+000  3.3000e+000  3.3000e+000  3.3000e+000
 6.451190e-008  0.0000e+000  3.3000e+000  3.3000e+000  3.3000e+000  3.3000e+000
 6.471190e-008  0.0000e+000  3.3000e+000  3.3000e+000  3.3000e+000  3.3000e+000
 6.491190e-008  0.0000e+000  3.3000e+000  3.3000e+000  3.3000e+000  3.3000e+000
 6.500100e-008  0.0000e+000  3.3000e+000  3.3000e+000  3.3000e+000  3.3000e+000
 6.502600e-008  0.0000e+000  3.3000e+000  3.3239e+000  0.0000e+000  3.3249e+000
 6.503387e-008  0.0000e+000  3.3000e+000  3.2755e+000  0.0000e+000  3.3482e+000
 6.504150e-008  0.0000e+000  3.3000e+000  3.1574e+000  0.0000e+000  3.3628e+000
 6.504965e-008  0.0000e+000  3.3000e+000  2.8341e+000  0.0000e+000  3.3678e+000
 6.505996e-008  0.0000e+000  3.3000e+000  2.0480e+000  0.0000e+000  3.3681e+000
 6.506912e-008  0.0000e+000  3.3000e+000  1.0839e+000  0.0000e+000  3.3644e+000
 6.5073692e-008  0.0000e+000  3.3000e+000  6.4541e-001  0.0000e+000  3.3620e+000
 6.5078258e-008  0.0000e+000  3.3000e+000  3.5687e-001  0.0000e+000  3.3601e+000
 6.5083367e-008  0.0000e+000  3.3000e+000  1.8141e-001  0.0000e+000  3.3585e+000
 6.509069e-008  0.0000e+000  3.3000e+000  7.4540e-002  0.0000e+000  3.3563e+000
 6.510417e-008  0.0000e+000  3.3000e+000  2.4285e-002  0.0000e+000  3.3506e+000
 6.513515e-008  0.0000e+000  3.3000e+000  6.5763e-003  0.0000e+000  3.3346e+000
 6.520777e-008  0.0000e+000  3.3000e+000 -2.1527e-003  0.0000e+000  3.3098e+000
 6.540777e-008  0.0000e+000  3.3000e+000  1.6180e-003  0.0000e+000  3.2975e+000
 6.560777e-008  0.0000e+000  3.3000e+000 -1.2505e-003  0.0000e+000  3.3007e+000
 6.580777e-008  0.0000e+000  3.3000e+000  1.0173e-003  0.0000e+000  3.2998e+000
 6.600777e-008  0.0000e+000  3.3000e+000 -8.2787e-004  0.0000e+000  3.3001e+000
 6.620777e-008  0.0000e+000  3.3000e+000  7.0263e-004  0.0000e+000  3.2999e+000
 6.640777e-008  0.0000e+000  3.3000e+000 -5.9678e-004  0.0000e+000  3.3000e+000
 6.660777e-008  0.0000e+000  3.3000e+000  5.2251e-004  0.0000e+000  3.3000e+000
 6.680777e-008  0.0000e+000  3.3000e+000 -4.5589e-004  0.0000e+000  3.3000e+000
 6.700777e-008  0.0000e+000  3.3000e+000  4.0682e-004  0.0000e+000  3.3000e+000
 6.720777e-008  0.0000e+000  3.3000e+000 -3.6035e-004  0.0000e+000  3.3000e+000
 6.740777e-008  0.0000e+000  3.3000e+000  3.2495e-004  0.0000e+000  3.3000e+000
 6.760777e-008  0.0000e+000  3.3000e+000 -2.9012e-004  0.0000e+000  3.3000e+000
 6.780777e-008  0.0000e+000  3.3000e+000  2.6304e-004  0.0000e+000  3.3000e+000
 6.800777e-008  0.0000e+000  3.3000e+000 -2.3576e-004  0.0000e+000  3.3000e+000
 6.820777e-008  0.0000e+000  3.3000e+000  2.1434e-004  0.0000e+000  3.3000e+000
 6.840777e-008  0.0000e+000  3.3000e+000 -1.9248e-004  0.0000e+000  3.3000e+000
 6.860777e-008  0.0000e+000  3.3000e+000  1.7522e-004  0.0000e+000  3.3000e+000
 6.880777e-008  0.0000e+000  3.3000e+000 -1.5747e-004  0.0000e+000  3.3000e+000
 6.900777e-008  0.0000e+000  3.3000e+000  1.4344e-004  0.0000e+000  3.3000e+000
 6.920777e-008  0.0000e+000  3.3000e+000 -1.2896e-004  0.0000e+000  3.3000e+000
 6.940777e-008  0.0000e+000  3.3000e+000  1.1750e-004  0.0000e+000  3.3000e+000
 6.960777e-008  0.0000e+000  3.3000e+000 -1.0564e-004  0.0000e+000  3.3000e+000
 6.980777e-008  0.0000e+000  3.3000e+000  9.6269e-005  0.0000e+000  3.3000e+000
 7.000000e-008  0.0000e+000  3.3000e+000 -8.6175e-005  1.0919e-011  3.3000e+000
 7.0001000e-008  3.3000e+000  3.3000e+000  2.2670e-001  3.3000e+000  3.5698e+000
 7.00013150e-008  3.3000e+000  3.3000e+000  2.1138e-001  3.3000e+000  3.5571e+000
 7.0004465e-008  3.3000e+000  3.3000e+000  1.0804e-001  3.3000e+000  3.4435e+000
 7.001818e-008  3.3000e+000  3.3000e+000 -1.1514e-001  3.3000e+000  3.0067e+000
 7.003563e-008  3.3000e+000  3.3000e+000 -9.0943e-002  3.3000e+000  2.5655e+000
 7.005525e-008  3.3000e+000  3.3000e+000  2.1697e-002  3.3000e+000  2.0579e+000
 7.007583e-008  3.3000e+000  3.3000e+000  2.5812e-001  3.3000e+000  1.5176e+000
 7.009604e-008  3.3000e+000  3.3000e+000  3.9166e-001  3.3000e+000  1.0233e+000
 7.011384e-008  3.3000e+000  3.3000e+000  3.0493e-001  3.3000e+000  6.6905e-001
 7.013182e-008  3.3000e+000  3.3000e+000  1.4510e-001  3.3000e+000  4.1207e-001
 7.015314e-008  3.3000e+000  3.3000e+000  4.8182e-002  3.3000e+000  2.1890e-001
 7.018228e-008  3.3000e+000  3.3000e+000  1.0814e-002  3.3000e+000  8.8403e-002
 7.023078e-008  3.3000e+000  3.3000e+000  1.9910e-003  3.3000e+000  1.6672e-002
 7.033962e-008  3.3000e+000  3.3000e+000 -1.3061e-003  3.3000e+000  1.6705e-003
 7.053962e-008  3.3000e+000  3.3000e+000  1.1663e-003  3.3000e+000  2.2870e-003
 7.073962e-008  3.3000e+000  3.3000e+000 -1.0326e-003  3.3000e+000  3.3023e-005
 7.093962e-008  3.3000e+000  3.3000e+000  9.2615e-004  3.3000e+000  9.0329e-004
 7.113962e-008  3.3000e+000  3.3000e+000 -8.3114e-004  3.3000e+000  9.9533e-005
 7.133962e-008  3.3000e+000  3.3000e+000  7.5825e-004  3.3000e+000  4.6296e-004
 7.153962e-008  3.3000e+000  3.3000e+000 -6.8283e-004  3.3000e+000  1.2869e-004
 7.173962e-008  3.3000e+000  3.3000e+000  6.2386e-004  3.3000e+000  2.8097e-004
 7.193962e-008  3.3000e+000  3.3000e+000 -5.6241e-004  3.3000e+000  1.2634e-004
 7.213962e-008  3.3000e+000  3.3000e+000  5.1390e-004  3.3000e+000  1.9469e-004
 7.233962e-008  3.3000e+000  3.3000e+000 -4.6328e-004  3.3000e+000  1.1341e-004
 7.253962e-008  3.3000e+000  3.3000e+000  4.2319e-004  3.3000e+000  1.4764e-004
 7.273962e-008  3.3000e+000  3.3000e+000 -3.8137e-004  3.3000e+000  9.9724e-005
 7.293962e-008  3.3000e+000  3.3000e+000  3.4822e-004  3.3000e+000  1.1949e-004
 7.313962e-008  3.3000e+000  3.3000e+000 -3.1368e-004  3.3000e+000  8.7345e-005
 7.333962e-008  3.3000e+000  3.3000e+000  2.8630e-004  3.3000e+000  1.0074e-004
 7.353962e-008  3.3000e+000  3.3000e+000 -2.5780e-004  3.3000e+000  7.7058e-005
 7.373962e-008  3.3000e+000  3.3000e+000  2.3523e-004  3.3000e+000  8.7204e-005
 7.393962e-008  3.3000e+000  3.3000e+000 -2.1174e-004  3.3000e+000  6.8712e-005
 7.413962e-008  3.3000e+000  3.3000e+000  1.9315e-004  3.3000e+000  7.6848e-005
 7.433962e-008  3.3000e+000  3.3000e+000 -1.7381e-004  3.3000e+000  6.1941e-005
 7.453962e-008  3.3000e+000  3.3000e+000  1.5852e-004  3.3000e+000  6.8611e-005
 7.473962e-008  3.3000e+000  3.3000e+000 -1.4261e-004  3.3000e+000  5.6390e-005
 7.493962e-008  3.3000e+000  3.3000e+000  1.3006e-004  3.3000e+000  6.1882e-005
 7.500100e-008  3.3000e+000  3.3000e+000 -9.1705e-005  3.3000e+000  5.4192e-005
 7.502600e-008  3.3000e+000  3.3000e+000 -1.3766e-002  0.0000e+000 -1.9543e-002
 7.503387e-008  3.3000e+000  3.3000e+000  7.4731e-003  0.0000e+000 -8.1598e-003
 7.511262e-008  3.3000e+000  3.3000e+000  3.0456e-003  0.0000e+000  8.4921e-003
 7.530021e-008  3.3000e+000  3.3000e+000 -5.0771e-003  0.0000e+000 -7.3675e-003
 7.550021e-008  3.3000e+000  3.3000e+000  6.4017e-003  0.0000e+000  6.4797e-003
 7.570021e-008  3.3000e+000  3.3000e+000 -7.1435e-003  0.0000e+000 -5.4585e-003
 7.590021e-008  3.3000e+000  3.3000e+000  7.6142e-003  0.0000e+000  4.7109e-003
 7.610021e-008  3.3000e+000  3.3000e+000 -7.7369e-003  0.0000e+000 -3.8894e-003
 7.630021e-008  3.3000e+000  3.3000e+000  7.7315e-003  0.0000e+000  3.3394e-003
 7.650021e-008  3.3000e+000  3.3000e+000 -7.5317e-003  0.0000e+000 -2.7199e-003
 7.670021e-008  3.3000e+000  3.3000e+000  7.2803e-003  0.0000e+000  2.3429e-003
 7.690021e-008  3.3000e+000  3.3000e+000 -6.9289e-003  0.0000e+000 -1.8865e-003
 7.710021e-008  3.3000e+000  3.3000e+000  6.5672e-003  0.0000e+000  1.6409e-003
 7.730021e-008  3.3000e+000  3.3000e+000 -6.1614e-003  0.0000e+000 -1.3058e-003
 7.750021e-008  3.3000e+000  3.3000e+000  5.7668e-003  0.0000e+000  1.1539e-003
 7.770021e-008  3.3000e+000  3.3000e+000 -5.3597e-003  0.0000e+000 -9.0527e-004
 7.790021e-008  3.3000e+000  3.3000e+000  4.9742e-003  0.0000e+000  8.1805e-004
 7.810021e-008  3.3000e+000  3.3000e+000 -4.5933e-003  0.0000e+000 -6.3009e-004
 7.830021e-008  3.3000e+000  3.3000e+000  4.2380e-003  0.0000e+000  5.8651e-004
 7.850021e-008  3.3000e+000  3.3000e+000 -3.9849e-003  0.0000e+000 -4.4210e-004
 7.870021e-008  3.3000e+000  3.3000e+000  3.7540e-003  0.0000e+000  4.3006e-004
 7.890021e-008  3.3000e+000  3.3000e+000 -3.5006e-003  0.0000e+000 -3.1392e-004
 7.910021e-008  3.3000e+000  3.3000e+000  3.2804e-003  0.0000e+000  3.1979e-004
 7.930021e-008  3.3000e+000  3.3000e+000 -3.0399e-003  0.0000e+000 -2.2425e-004
 7.950021e-008  3.3000e+000  3.3000e+000  2.8360e-003  0.0000e+000  2.4203e-004
 7.970021e-008  3.3000e+000  3.3000e+000 -2.6149e-003  0.0000e+000 -1.6135e-004
 7.990021e-008  3.3000e+000  3.3000e+000  2.4306e-003  0.0000e+000  1.8678e-004
 8.000000e-008  3.3000e+000  3.3000e+000 -2.0014e-003  0.0000e+000 -9.8412e-005
 8.0001000e-008  3.3000e+000  3.3000e+000  2.0533e-001  3.3000e+000  9.0211e-002
 8.00013150e-008  3.3000e+000  3.3000e+000  1.9209e-001  3.3000e+000  8.7547e-002
 8.0004465e-008  3.3000e+000  3.3000e+000  1.0660e-001  3.3000e+000  6.6726e-002
 8.002104e-008  3.3000e+000  3.3000e+000 -6.6692e-002  3.3000e+000  2.6415e-003
 8.004498e-008  3.3000e+000  3.3000e+000  4.6494e-003  3.3000e+000 -8.6834e-003
 8.009885e-008  3.3000e+000  3.3000e+000 -8.2576e-003  3.3000e+000 -1.9085e-003
 8.029145e-008  3.3000e+000  3.3000e+000  7.6988e-003  3.3000e+000  1.4802e-003
 8.049145e-008  3.3000e+000  3.3000e+000 -7.1071e-003  3.3000e+000 -1.0684e-003
 8.069145e-008  3.3000e+000  3.3000e+000  6.5348e-003  3.3000e+000  8.5375e-004
 8.089145e-008  3.3000e+000  3.3000e+000 -5.9711e-003  3.3000e+000 -6.0155e-004
 8.109145e-008  3.3000e+000  3.3000e+000  5.4478e-003  3.3000e+000  5.0554e-004
 8.129145e-008  3.3000e+000  3.3000e+000 -4.9530e-003  3.3000e+000 -3.4697e-004
 8.149145e-008  3.3000e+000  3.3000e+000  4.5016e-003  3.3000e+000  3.1618e-004
 8.169145e-008  3.3000e+000  3.3000e+000 -4.1750e-003  3.3000e+000 -2.0941e-004
 8.189145e-008  3.3000e+000  3.3000e+000  3.7868e-003  3.3000e+000  2.1288e-004
 8.209145e-008  3.3000e+000  3.3000e+000 -3.4909e-003  3.3000e+000 -1.3417e-004
 8.229145e-008  3.3000e+000  3.3000e+000  3.2441e-003  3.3000e+000  1.5498e-004
 8.249145e-008  3.3000e+000  3.3000e+000 -2.9765e-003  3.3000e+000 -9.1345e-005
 8.269145e-008  3.3000e+000  3.3000e+000  2.7568e-003  3.3000e+000  1.1999e-004
 8.289145e-008  3.3000e+000  3.3000e+000 -2.5207e-003  3.3000e+000 -6.5197e-005
 8.309145e-008  3.3000e+000  3.3000e+000  2.3282e-003  3.3000e+000  9.7431e-005
 8.329145e-008  3.3000e+000  3.3000e+000 -2.1230e-003  3.3000e+000 -4.8080e-005
 8.349145e-008  3.3000e+000  3.3000e+000  1.9564e-003  3.3000e+000  8.1713e-005
 8.369145e-008  3.3000e+000  3.3000e+000 -1.7798e-003  3.3000e+000 -3.5995e-005
 8.389145e-008  3.3000e+000  3.3000e+000  1.6369e-003  3.3000e+000  6.9943e-005
 8.409145e-008  3.3000e+000  3.3000e+000 -1.4862e-003  3.3000e+000 -2.6893e-005
 8.429145e-008  3.3000e+000  3.3000e+000  1.3647e-003  3.3000e+000  6.0636e-005
 8.449145e-008  3.3000e+000  3.3000e+000 -1.2371e-003  3.3000e+000 -1.9715e-005
 8.469145e-008  3.3000e+000  3.3000e+000  1.1344e-003  3.3000e+000  5.3012e-005
 8.489145e-008  3.3000e+000  3.3000e+000 -1.0269e-003  3.3000e+000 -1.3900e-005
 8.500100e-008  3.3000e+000  3.3000e+000  8.6795e-004  3.3000e+000  4.4610e-005
 8.5002000e-008  3.3000e+000  3.3000e+000 -2.2165e-001  0.0000e+000 -8.0423e-002
 8.50023150e-008  3.3000e+000  3.3000e+000 -1.9991e-001  0.0000e+000 -7.7434e-002
 8.5005464e-008  3.3000e+000  3.3000e+000 -8.2561e-002  0.0000e+000 -5.5308e-002
 8.501754e-008  3.3000e+000  3.3000e+000  6.5321e-002  0.0000e+000 -5.0192e-003
 8.503642e-008  3.3000e+000  3.3000e+000  5.0771e-004  0.0000e+000  4.9403e-003
 8.508099e-008  3.3000e+000  3.3000e+000  1.7307e-003  0.0000e+000  8.0542e-004
 8.528099e-008  3.3000e+000  3.3000e+000 -1.7812e-003  0.0000e+000 -6.4112e-004
 8.548099e-008  3.3000e+000  3.3000e+000  1.7994e-003  0.0000e+000  5.6512e-004
 8.568099e-008  3.3000e+000  3.3000e+000 -1.7827e-003  0.0000e+000 -4.4730e-004
 8.588099e-008  3.3000e+000  3.3000e+000  1.7429e-003  0.0000e+000  4.0442e-004
 8.608099e-008  3.3000e+000  3.3000e+000 -1.6777e-003  0.0000e+000 -3.1412e-004
 8.628099e-008  3.3000e+000  3.3000e+000  1.6087e-003  0.0000e+000  2.9267e-004
 8.648099e-008  3.3000e+000  3.3000e+000 -1.5207e-003  0.0000e+000 -2.2131e-004
 8.668099e-008  3.3000e+000  3.3000e+000  1.4398e-003  0.0000e+000  2.1422e-004
 8.688099e-008  3.3000e+000  3.3000e+000 -1.3445e-003  0.0000e+000 -1.5621e-004
 8.708099e-008  3.3000e+000  3.3000e+000  1.2617e-003  0.0000e+000  1.5884e-004
 8.728099e-008  3.3000e+000  3.3000e+000 -1.1681e-003  0.0000e+000 -1.1038e-004
 8.748099e-008  3.3000e+000  3.3000e+000  1.0892e-003  0.0000e+000  1.1957e-004
 8.768099e-008  3.3000e+000  3.3000e+000 -1.0021e-003  0.0000e+000 -7.7971e-005
 8.788099e-008  3.3000e+000  3.3000e+000  9.3003e-004  0.0000e+000  9.1562e-005
 8.808099e-008  3.3000e+000  3.3000e+000 -8.5164e-004  0.0000e+000 -5.4937e-005
 8.828099e-008  3.3000e+000  3.3000e+000  7.8762e-004  0.0000e+000  7.1439e-005
 8.848099e-008  3.3000e+000  3.3000e+000 -7.1872e-004  0.0000e+000 -3.8458e-005
 8.868099e-008  3.3000e+000  3.3000e+000  6.6288e-004  0.0000e+000  5.6841e-005
 8.888099e-008  3.3000e+000  3.3000e+000 -6.0330e-004  0.0000e+000 -2.6572e-005
 8.908099e-008  3.3000e+000  3.3000e+000  5.5526e-004  0.0000e+000  4.6130e-005
 8.928099e-008  3.3000e+000  3.3000e+000 -5.0433e-004  0.0000e+000 -1.7919e-005
 8.948099e-008  3.3000e+000  3.3000e+000  4.6342e-004  0.0000e+000  3.8168e-005
 8.968099e-008  3.3000e+000  3.3000e+000 -4.2025e-004  0.0000e+000 -1.1554e-005
 8.988099e-008  3.3000e+000  3.3000e+000  3.8568e-004  0.0000e+000  3.2167e-005
 9.000000e-008  3.3000e+000  3.3000e+000 -3.2562e-004  0.0000e+000 -5.3621e-006
 9.002500e-008  3.3000e+000  3.3000e+000  2.1846e-002  3.3000e+000  2.5128e-002
 9.003750e-008  3.3000e+000  3.3000e+000 -7.0287e-003  3.3000e+000  7.8701e-003
 9.016250e-008  3.3000e+000  3.3000e+000 -3.0741e-003  3.3000e+000 -1.0878e-002
 9.036250e-008  3.3000e+000  3.3000e+000  6.0397e-003  3.3000e+000  9.7640e-003
 9.056250e-008  3.3000e+000  3.3000e+000 -7.3971e-003  3.3000e+000 -8.1412e-003
 9.076250e-008  3.3000e+000  3.3000e+000  8.0327e-003  3.3000e+000  6.5640e-003
 9.096250e-008  3.3000e+000  3.3000e+000 -8.0682e-003  3.3000e+000 -5.1239e-003
 9.116250e-008  3.3000e+000  3.3000e+000  7.8678e-003  3.3000e+000  3.9839e-003
 9.136250e-008  3.3000e+000  3.3000e+000 -7.4566e-003  3.3000e+000 -3.0292e-003
 9.156250e-008  3.3000e+000  3.3000e+000  6.9905e-003  3.3000e+000  2.3351e-003
 9.176250e-008  3.3000e+000  3.3000e+000 -6.4694e-003  3.3000e+000 -1.7584e-003
 9.196250e-008  3.3000e+000  3.3000e+000  5.9603e-003  3.3000e+000  1.3664e-003
 9.216250e-008  3.3000e+000  3.3000e+000 -5.4551e-003  3.3000e+000 -1.0271e-003
 9.236250e-008  3.3000e+000  3.3000e+000  4.9839e-003  3.3000e+000  8.1498e-004
 9.256250e-008  3.3000e+000  3.3000e+000 -4.5364e-003  3.3000e+000 -6.1304e-004
 9.276250e-008  3.3000e+000  3.3000e+000  4.1269e-003  3.3000e+000  5.0248e-004
 9.296250e-008  3.3000e+000  3.3000e+000 -3.8222e-003  3.3000e+000 -3.7780e-004
 9.316250e-008  3.3000e+000  3.3000e+000  3.5631e-003  3.3000e+000  3.2555e-004
 9.336250e-008  3.3000e+000  3.3000e+000 -3.2800e-003  3.3000e+000 -2.4291e-004
 9.356250e-008  3.3000e+000  3.3000e+000  3.0454e-003  3.3000e+000  2.2060e-004
 9.376250e-008  3.3000e+000  3.3000e+000 -2.7917e-003  3.3000e+000 -1.6218e-004
 9.396250e-008  3.3000e+000  3.3000e+000  2.5837e-003  3.3000e+000  1.5674e-004
 9.416250e-008  3.3000e+000  3.3000e+000 -2.3606e-003  3.3000e+000 -1.1232e-004
 9.436250e-008  3.3000e+000  3.3000e+000  2.1789e-003  3.3000e+000  1.1637e-004
 9.456250e-008  3.3000e+000  3.3000e+000 -1.9855e-003  3.3000e+000 -8.0230e-005
 9.476250e-008  3.3000e+000  3.3000e+000  1.8285e-003  3.3000e+000  8.9709e-005
 9.496250e-008  3.3000e+000  3.3000e+000 -1.6625e-003  3.3000e+000 -5.8652e-005
 9.500100e-008  3.3000e+000  3.3000e+000  1.0146e-003  3.3000e+000  4.6043e-005
 9.5002000e-008  3.3000e+000  3.3000e+000 -2.2151e-001  0.0000e+000 -8.0434e-002
 9.50023150e-008  3.3000e+000  3.3000e+000 -1.9977e-001  0.0000e+000 -7.7446e-002
 9.5005465e-008  3.3000e+000  3.3000e+000 -8.2482e-002  0.0000e+000 -5.5322e-002
 9.501755e-008  3.3000e+000  3.3000e+000  6.5334e-002  0.0000e+000 -5.0199e-003
 9.503644e-008  3.3000e+000  3.3000e+000  4.7157e-004  0.0000e+000  4.9331e-003
 9.508103e-008  3.3000e+000  3.3000e+000  1.7467e-003  0.0000e+000  7.9582e-004
 9.528103e-008  3.3000e+000  3.3000e+000 -1.7952e-003  0.0000e+000 -6.4527e-004
 9.548103e-008  3.3000e+000  3.3000e+000  1.8119e-003  0.0000e+000  5.5722e-004
 9.568103e-008  3.3000e+000  3.3000e+000 -1.7940e-003  0.0000e+000 -4.5215e-004
 9.588103e-008  3.3000e+000  3.3000e+000  1.7530e-003  0.0000e+000  3.9748e-004
 9.608103e-008  3.3000e+000  3.3000e+000 -1.6869e-003  0.0000e+000 -3.1923e-004
 9.628103e-008  3.3000e+000  3.3000e+000  1.6171e-003  0.0000e+000  2.8638e-004
 9.648103e-008  3.3000e+000  3.3000e+000 -1.5282e-003  0.0000e+000 -2.2649e-004
 9.668103e-008  3.3000e+000  3.3000e+000  1.4467e-003  0.0000e+000  2.0840e-004
 9.688103e-008  3.3000e+000  3.3000e+000 -1.3506e-003  0.0000e+000 -1.6136e-004
 9.708103e-008  3.3000e+000  3.3000e+000  1.2674e-003  0.0000e+000  1.5339e-004
 9.728103e-008  3.3000e+000  3.3000e+000 -1.1732e-003  0.0000e+000 -1.1543e-004
 9.748103e-008  3.3000e+000  3.3000e+000  1.0939e-003  0.0000e+000  1.1441e-004
 9.768103e-008  3.3000e+000  3.3000e+000 -1.0063e-003  0.0000e+000 -8.2894e-005
 9.788103e-008  3.3000e+000  3.3000e+000  9.3393e-004  0.0000e+000  8.6659e-005
 9.808103e-008  3.3000e+000  3.3000e+000 -8.5517e-004  0.0000e+000 -5.9714e-005
 9.828103e-008  3.3000e+000  3.3000e+000  7.9085e-004  0.0000e+000  6.6751e-005
 9.848103e-008  3.3000e+000  3.3000e+000 -7.2165e-004  0.0000e+000 -4.3083e-005
 9.868103e-008  3.3000e+000  3.3000e+000  6.6556e-004  0.0000e+000  5.2344e-005
 9.888103e-008  3.3000e+000  3.3000e+000 -6.0573e-004  0.0000e+000 -3.1042e-005
 9.908103e-008  3.3000e+000  3.3000e+000  5.5749e-004  0.0000e+000  4.1805e-005
 9.928103e-008  3.3000e+000  3.3000e+000 -5.0634e-004  0.0000e+000 -2.2236e-005
 9.948103e-008  3.3000e+000  3.3000e+000  4.6526e-004  0.0000e+000  3.4001e-005
 9.968103e-008  3.3000e+000  3.3000e+000 -4.2191e-004  0.0000e+000 -1.5723e-005
 9.988103e-008  3.3000e+000  3.3000e+000  3.8721e-004  0.0000e+000  2.8145e-005
 1.000000e-007  3.3000e+000  3.3000e+000 -3.2688e-004  2.1838e-011 -9.4131e-006
*

* Parsing                      0.02 seconds
* Setup                        0.11 seconds
* DC operating point           0.00 seconds
* Transient Analysis           0.05 seconds
* Overhead                     0.88 seconds
* -----------------------------------------
* Total                        1.07 seconds

* Simulation completed

* End of T-Spice output file
