* T-Spice 13.00 Simulation	Thu May 09 21:56:29 2019	C:\Users\makif\Google Drive\TEZ ÇALIÞMAM\çizim\Counter_TDC\Counter_TDC\deneme.sp
* Command line: tspice -o "C:\Users\makif\Google Drive\TEZ ÇALIÞMAM\çizim\Counter_TDC\Counter_TDC\deneme.out" "C:\Users\makif\Google Drive\TEZ ÇALIÞMAM\çizim\Counter_TDC\Counter_TDC\deneme.sp" 
* T-Spice Win32 13.00.20080321.01:01:33
* Warning : "130nm.md" line 1 Invalid binned model NMOS
*         : "130nm.md" line 1 Binned models must define LMIN, LMAX, WMIN, and WMAX, and have a name suffix of .# (e.g. nch.1)
* Warning : "130nm.md" line 142 Invalid binned model PMOS
*         : "130nm.md" line 142 Binned models must define LMIN, LMAX, WMIN, and WMAX, and have a name suffix of .# (e.g. nch.1)
* Warning : Device XINV_1.MN1 - Acde = 0.3 is too small.
* Warning : Device Xnew_INV_1.MN1 - Acde = 0.3 is too small.
* Warning : Device Xschimit_trigger_1.MNMOS_1 - Acde = 0.3 is too small.
* Warning : Device Xschimit_trigger_1.MNMOS_2 - Acde = 0.3 is too small.
* Warning : Device Xschimit_trigger_2_1.MNMOS_1 - Acde = 0.3 is too small.

*SEDIT: Alter blocks = 0

* Accuracy and Convergence options:
* numndset|dchold = 100
* 
* Timestep and Integration options:
*  relq|relchgtol = 0.0005
* 
* Model Evaluation options:
*            dcap = 2                    defnrb = 0 [sq]               defnrd = 0 [sq]
*          defnrs = 0 [sq]                 tnom = 25 [deg C]
* 
* General options:
*            temp = 25 [deg C]          threads = 8
* 
* Output options:
*           acout = 1                    ingold = 0
* 


*  Device and node counts:
*             MOSFETs - 60                MOSFET geometries - 32      
*                BJTs - 0                             JFETs - 0       
*             MESFETs - 0                            Diodes - 0       
*          Capacitors - 0                         Resistors - 0       
*           Inductors - 0                  Mutual inductors - 0       
*  Transmission lines - 0        Coupled transmission lines - 0       
*     Voltage sources - 3                   Current sources - 0       
*                VCVS - 0                              VCCS - 0       
*                CCVS - 0                              CCCS - 0       
*    V-control switch - 0                  I-control switch - 0       
*       Macro devices - 0        External C model instances - 0       
*         HDL devices - 0       
*         Subcircuits - 0              Subcircuit instances - 12      
*   Independent nodes - 150                  Boundary nodes - 4       
*         Total nodes - 154     

* *** 8 WARNING MESSAGES GENERATED DURING SETUP


*SEDIT: Alter=0
*SEDIT: Analysis types DCOP 0 ACMODEL 0 AC 0 TRANSIENT 1 TRANSFER 0 NOISE 0 

*WEDIT: .tran   1e-011   1e-008
TRANSIENT ANALYSIS
Time<s>        v(In,Gnd)<V>  v(Out6,Gnd)<V>  v(Out7,Gnd)<V>  v(Out8,Gnd)<V>  v(Out9,Gnd)<V>  v(Out10,Gnd)<V>  v(In,Gnd)<V>  v(Out1,Gnd)<V>  v(Out2,Gnd)<V>  v(Out3,Gnd)<V>  v(Out4,Gnd)<V>  v(Out5,Gnd)<V>
 0.000000e+000  0.0000e+000  1.6119e+000  3.3000e+000  3.3000e+000  1.7162e+000  3.3000e+000  0.0000e+000  1.4579e-006  7.0111e-005  2.9312e+000  1.4020e-004  1.4591e-006
 6.250000e-013  0.0000e+000  1.6119e+000  3.3000e+000  3.3000e+000  1.7162e+000  3.3000e+000  0.0000e+000  1.4579e-006  7.0111e-005  2.9312e+000  1.4020e-004  1.4591e-006
 1.000000e-012  0.0000e+000  1.6119e+000  3.3000e+000  3.3000e+000  1.7162e+000  3.3000e+000  0.0000e+000  1.4579e-006  7.0111e-005  2.9312e+000  1.4020e-004  1.4591e-006
 3.500000e-012  0.0000e+000  1.6119e+000  3.3000e+000  3.3000e+000  1.7162e+000  3.3000e+000  0.0000e+000  1.4579e-006  7.0111e-005  2.9312e+000  1.4020e-004  1.4591e-006
 2.350000e-011  0.0000e+000  1.6119e+000  3.3000e+000  3.3000e+000  1.7162e+000  3.3000e+000  0.0000e+000  1.4579e-006  7.0111e-005  2.9312e+000  1.4020e-004  1.4591e-006
 4.350000e-011  0.0000e+000  1.6119e+000  3.3000e+000  3.3000e+000  1.7162e+000  3.3000e+000  0.0000e+000  1.4579e-006  7.0111e-005  2.9312e+000  1.4020e-004  1.4591e-006
 6.350000e-011  0.0000e+000  1.6119e+000  3.3000e+000  3.3000e+000  1.7162e+000  3.3000e+000  0.0000e+000  1.4579e-006  7.0111e-005  2.9312e+000  1.4020e-004  1.4591e-006
 8.350000e-011  0.0000e+000  1.6119e+000  3.3000e+000  3.3000e+000  1.7162e+000  3.3000e+000  0.0000e+000  1.4579e-006  7.0111e-005  2.9312e+000  1.4020e-004  1.4591e-006
 1.035000e-010  0.0000e+000  1.6119e+000  3.3000e+000  3.3000e+000  1.7162e+000  3.3000e+000  0.0000e+000  1.4579e-006  7.0111e-005  2.9312e+000  1.4020e-004  1.4591e-006
 1.235000e-010  0.0000e+000  1.6119e+000  3.3000e+000  3.3000e+000  1.7162e+000  3.3000e+000  0.0000e+000  1.4579e-006  7.0111e-005  2.9312e+000  1.4020e-004  1.4591e-006
 1.435000e-010  0.0000e+000  1.6119e+000  3.3000e+000  3.3000e+000  1.7162e+000  3.3000e+000  0.0000e+000  1.4579e-006  7.0111e-005  2.9312e+000  1.4020e-004  1.4591e-006
 1.635000e-010  0.0000e+000  1.6119e+000  3.3000e+000  3.3000e+000  1.7162e+000  3.3000e+000  0.0000e+000  1.4579e-006  7.0111e-005  2.9312e+000  1.4020e-004  1.4591e-006
 1.835000e-010  0.0000e+000  1.6119e+000  3.3000e+000  3.3000e+000  1.7162e+000  3.3000e+000  0.0000e+000  1.4579e-006  7.0111e-005  2.9312e+000  1.4020e-004  1.4591e-006
 2.035000e-010  0.0000e+000  1.6119e+000  3.3000e+000  3.3000e+000  1.7162e+000  3.3000e+000  0.0000e+000  1.4579e-006  7.0111e-005  2.9312e+000  1.4020e-004  1.4591e-006
 2.235000e-010  0.0000e+000  1.6119e+000  3.3000e+000  3.3000e+000  1.7162e+000  3.3000e+000  0.0000e+000  1.4579e-006  7.0111e-005  2.9312e+000  1.4020e-004  1.4591e-006
 2.435000e-010  0.0000e+000  1.6119e+000  3.3000e+000  3.3000e+000  1.7162e+000  3.3000e+000  0.0000e+000  1.4579e-006  7.0111e-005  2.9312e+000  1.4020e-004  1.4591e-006
 2.635000e-010  0.0000e+000  1.6119e+000  3.3000e+000  3.3000e+000  1.7162e+000  3.3000e+000  0.0000e+000  1.4579e-006  7.0111e-005  2.9312e+000  1.4020e-004  1.4591e-006
 2.835000e-010  0.0000e+000  1.6119e+000  3.3000e+000  3.3000e+000  1.7162e+000  3.3000e+000  0.0000e+000  1.4579e-006  7.0111e-005  2.9312e+000  1.4020e-004  1.4591e-006
 3.035000e-010  0.0000e+000  1.6119e+000  3.3000e+000  3.3000e+000  1.7162e+000  3.3000e+000  0.0000e+000  1.4579e-006  7.0111e-005  2.9312e+000  1.4020e-004  1.4591e-006
 3.235000e-010  0.0000e+000  1.6119e+000  3.3000e+000  3.3000e+000  1.7162e+000  3.3000e+000  0.0000e+000  1.4579e-006  7.0111e-005  2.9312e+000  1.4020e-004  1.4591e-006
 3.435000e-010  0.0000e+000  1.6119e+000  3.3000e+000  3.3000e+000  1.7162e+000  3.3000e+000  0.0000e+000  1.4579e-006  7.0111e-005  2.9312e+000  1.4020e-004  1.4591e-006
 3.635000e-010  0.0000e+000  1.6119e+000  3.3000e+000  3.3000e+000  1.7162e+000  3.3000e+000  0.0000e+000  1.4579e-006  7.0111e-005  2.9312e+000  1.4020e-004  1.4591e-006
 3.834999e-010  0.0000e+000  1.6119e+000  3.3000e+000  3.3000e+000  1.7162e+000  3.3000e+000  0.0000e+000  1.4579e-006  7.0111e-005  2.9312e+000  1.4020e-004  1.4591e-006
 4.034999e-010  0.0000e+000  1.6119e+000  3.3000e+000  3.3000e+000  1.7162e+000  3.3000e+000  0.0000e+000  1.4579e-006  7.0111e-005  2.9312e+000  1.4020e-004  1.4591e-006
 4.234999e-010  0.0000e+000  1.6119e+000  3.3000e+000  3.3000e+000  1.7162e+000  3.3000e+000  0.0000e+000  1.4579e-006  7.0111e-005  2.9312e+000  1.4020e-004  1.4591e-006
 4.434999e-010  0.0000e+000  1.6119e+000  3.3000e+000  3.3000e+000  1.7162e+000  3.3000e+000  0.0000e+000  1.4579e-006  7.0111e-005  2.9312e+000  1.4020e-004  1.4591e-006
 4.634999e-010  0.0000e+000  1.6119e+000  3.3000e+000  3.3000e+000  1.7162e+000  3.3000e+000  0.0000e+000  1.4579e-006  7.0111e-005  2.9312e+000  1.4020e-004  1.4591e-006
 4.834999e-010  0.0000e+000  1.6119e+000  3.3000e+000  3.3000e+000  1.7162e+000  3.3000e+000  0.0000e+000  1.4579e-006  7.0111e-005  2.9312e+000  1.4020e-004  1.4591e-006
 5.035000e-010  0.0000e+000  1.6119e+000  3.3000e+000  3.3000e+000  1.7162e+000  3.3000e+000  0.0000e+000  1.4579e-006  7.0111e-005  2.9312e+000  1.4020e-004  1.4591e-006
 5.235000e-010  0.0000e+000  1.6119e+000  3.3000e+000  3.3000e+000  1.7162e+000  3.3000e+000  0.0000e+000  1.4579e-006  7.0111e-005  2.9312e+000  1.4020e-004  1.4591e-006
 5.435000e-010  0.0000e+000  1.6119e+000  3.3000e+000  3.3000e+000  1.7162e+000  3.3000e+000  0.0000e+000  1.4579e-006  7.0111e-005  2.9312e+000  1.4020e-004  1.4591e-006
 5.635000e-010  0.0000e+000  1.6119e+000  3.3000e+000  3.3000e+000  1.7162e+000  3.3000e+000  0.0000e+000  1.4579e-006  7.0111e-005  2.9312e+000  1.4020e-004  1.4591e-006
 5.835000e-010  0.0000e+000  1.6119e+000  3.3000e+000  3.3000e+000  1.7162e+000  3.3000e+000  0.0000e+000  1.4579e-006  7.0111e-005  2.9312e+000  1.4020e-004  1.4591e-006
 6.035000e-010  0.0000e+000  1.6119e+000  3.3000e+000  3.3000e+000  1.7162e+000  3.3000e+000  0.0000e+000  1.4579e-006  7.0111e-005  2.9312e+000  1.4020e-004  1.4591e-006
 6.235000e-010  0.0000e+000  1.6119e+000  3.3000e+000  3.3000e+000  1.7162e+000  3.3000e+000  0.0000e+000  1.4579e-006  7.0111e-005  2.9312e+000  1.4020e-004  1.4591e-006
 6.435000e-010  0.0000e+000  1.6119e+000  3.3000e+000  3.3000e+000  1.7162e+000  3.3000e+000  0.0000e+000  1.4579e-006  7.0111e-005  2.9312e+000  1.4020e-004  1.4591e-006
 6.635000e-010  0.0000e+000  1.6119e+000  3.3000e+000  3.3000e+000  1.7162e+000  3.3000e+000  0.0000e+000  1.4579e-006  7.0111e-005  2.9312e+000  1.4020e-004  1.4591e-006
 6.835000e-010  0.0000e+000  1.6119e+000  3.3000e+000  3.3000e+000  1.7162e+000  3.3000e+000  0.0000e+000  1.4579e-006  7.0111e-005  2.9312e+000  1.4020e-004  1.4591e-006
 7.035000e-010  0.0000e+000  1.6119e+000  3.3000e+000  3.3000e+000  1.7162e+000  3.3000e+000  0.0000e+000  1.4579e-006  7.0111e-005  2.9312e+000  1.4020e-004  1.4591e-006
 7.235000e-010  0.0000e+000  1.6119e+000  3.3000e+000  3.3000e+000  1.7162e+000  3.3000e+000  0.0000e+000  1.4579e-006  7.0111e-005  2.9312e+000  1.4020e-004  1.4591e-006
 7.435000e-010  0.0000e+000  1.6119e+000  3.3000e+000  3.3000e+000  1.7162e+000  3.3000e+000  0.0000e+000  1.4579e-006  7.0111e-005  2.9312e+000  1.4020e-004  1.4591e-006
 7.635000e-010  0.0000e+000  1.6119e+000  3.3000e+000  3.3000e+000  1.7162e+000  3.3000e+000  0.0000e+000  1.4579e-006  7.0111e-005  2.9312e+000  1.4020e-004  1.4591e-006
 7.835000e-010  0.0000e+000  1.6119e+000  3.3000e+000  3.3000e+000  1.7162e+000  3.3000e+000  0.0000e+000  1.4579e-006  7.0111e-005  2.9312e+000  1.4020e-004  1.4591e-006
 8.035000e-010  0.0000e+000  1.6119e+000  3.3000e+000  3.3000e+000  1.7162e+000  3.3000e+000  0.0000e+000  1.4579e-006  7.0111e-005  2.9312e+000  1.4020e-004  1.4591e-006
 8.235000e-010  0.0000e+000  1.6119e+000  3.3000e+000  3.3000e+000  1.7162e+000  3.3000e+000  0.0000e+000  1.4579e-006  7.0111e-005  2.9312e+000  1.4020e-004  1.4591e-006
 8.435000e-010  0.0000e+000  1.6119e+000  3.3000e+000  3.3000e+000  1.7162e+000  3.3000e+000  0.0000e+000  1.4579e-006  7.0111e-005  2.9312e+000  1.4020e-004  1.4591e-006
 8.635000e-010  0.0000e+000  1.6119e+000  3.3000e+000  3.3000e+000  1.7162e+000  3.3000e+000  0.0000e+000  1.4579e-006  7.0111e-005  2.9312e+000  1.4020e-004  1.4591e-006
 8.835000e-010  0.0000e+000  1.6119e+000  3.3000e+000  3.3000e+000  1.7162e+000  3.3000e+000  0.0000e+000  1.4579e-006  7.0111e-005  2.9312e+000  1.4020e-004  1.4591e-006
 9.035000e-010  0.0000e+000  1.6119e+000  3.3000e+000  3.3000e+000  1.7162e+000  3.3000e+000  0.0000e+000  1.4579e-006  7.0111e-005  2.9312e+000  1.4020e-004  1.4591e-006
 9.235000e-010  0.0000e+000  1.6119e+000  3.3000e+000  3.3000e+000  1.7162e+000  3.3000e+000  0.0000e+000  1.4579e-006  7.0111e-005  2.9312e+000  1.4020e-004  1.4591e-006
 9.435000e-010  0.0000e+000  1.6119e+000  3.3000e+000  3.3000e+000  1.7162e+000  3.3000e+000  0.0000e+000  1.4579e-006  7.0111e-005  2.9312e+000  1.4020e-004  1.4591e-006
 9.635000e-010  0.0000e+000  1.6119e+000  3.3000e+000  3.3000e+000  1.7162e+000  3.3000e+000  0.0000e+000  1.4579e-006  7.0111e-005  2.9312e+000  1.4020e-004  1.4591e-006
 9.835000e-010  0.0000e+000  1.6119e+000  3.3000e+000  3.3000e+000  1.7162e+000  3.3000e+000  0.0000e+000  1.4579e-006  7.0111e-005  2.9312e+000  1.4020e-004  1.4591e-006
 1.003500e-009  0.0000e+000  1.6119e+000  3.3000e+000  3.3000e+000  1.7162e+000  3.3000e+000  0.0000e+000  1.4579e-006  7.0111e-005  2.9312e+000  1.4020e-004  1.4591e-006
 1.023500e-009  0.0000e+000  1.6119e+000  3.3000e+000  3.3000e+000  1.7162e+000  3.3000e+000  0.0000e+000  1.4579e-006  7.0111e-005  2.9312e+000  1.4020e-004  1.4591e-006
 1.043500e-009  0.0000e+000  1.6119e+000  3.3000e+000  3.3000e+000  1.7162e+000  3.3000e+000  0.0000e+000  1.4579e-006  7.0111e-005  2.9312e+000  1.4020e-004  1.4591e-006
 1.063500e-009  0.0000e+000  1.6119e+000  3.3000e+000  3.3000e+000  1.7162e+000  3.3000e+000  0.0000e+000  1.4579e-006  7.0111e-005  2.9312e+000  1.4020e-004  1.4591e-006
 1.083500e-009  0.0000e+000  1.6119e+000  3.3000e+000  3.3000e+000  1.7162e+000  3.3000e+000  0.0000e+000  1.4579e-006  7.0111e-005  2.9312e+000  1.4020e-004  1.4591e-006
 1.103500e-009  0.0000e+000  1.6119e+000  3.3000e+000  3.3000e+000  1.7162e+000  3.3000e+000  0.0000e+000  1.4579e-006  7.0111e-005  2.9312e+000  1.4020e-004  1.4591e-006
 1.123500e-009  0.0000e+000  1.6119e+000  3.3000e+000  3.3000e+000  1.7162e+000  3.3000e+000  0.0000e+000  1.4579e-006  7.0111e-005  2.9312e+000  1.4020e-004  1.4591e-006
 1.143500e-009  0.0000e+000  1.6119e+000  3.3000e+000  3.3000e+000  1.7162e+000  3.3000e+000  0.0000e+000  1.4579e-006  7.0111e-005  2.9312e+000  1.4020e-004  1.4591e-006
 1.163499e-009  0.0000e+000  1.6119e+000  3.3000e+000  3.3000e+000  1.7162e+000  3.3000e+000  0.0000e+000  1.4579e-006  7.0111e-005  2.9312e+000  1.4020e-004  1.4591e-006
 1.183499e-009  0.0000e+000  1.6119e+000  3.3000e+000  3.3000e+000  1.7162e+000  3.3000e+000  0.0000e+000  1.4579e-006  7.0111e-005  2.9312e+000  1.4020e-004  1.4591e-006
 1.203499e-009  0.0000e+000  1.6119e+000  3.3000e+000  3.3000e+000  1.7162e+000  3.3000e+000  0.0000e+000  1.4579e-006  7.0111e-005  2.9312e+000  1.4020e-004  1.4591e-006
 1.223499e-009  0.0000e+000  1.6119e+000  3.3000e+000  3.3000e+000  1.7162e+000  3.3000e+000  0.0000e+000  1.4579e-006  7.0111e-005  2.9312e+000  1.4020e-004  1.4591e-006
 1.243499e-009  0.0000e+000  1.6119e+000  3.3000e+000  3.3000e+000  1.7162e+000  3.3000e+000  0.0000e+000  1.4579e-006  7.0111e-005  2.9312e+000  1.4020e-004  1.4591e-006
 1.263499e-009  0.0000e+000  1.6119e+000  3.3000e+000  3.3000e+000  1.7162e+000  3.3000e+000  0.0000e+000  1.4579e-006  7.0111e-005  2.9312e+000  1.4020e-004  1.4591e-006
 1.283499e-009  0.0000e+000  1.6119e+000  3.3000e+000  3.3000e+000  1.7162e+000  3.3000e+000  0.0000e+000  1.4579e-006  7.0111e-005  2.9312e+000  1.4020e-004  1.4591e-006
 1.303499e-009  0.0000e+000  1.6119e+000  3.3000e+000  3.3000e+000  1.7162e+000  3.3000e+000  0.0000e+000  1.4579e-006  7.0111e-005  2.9312e+000  1.4020e-004  1.4591e-006
 1.323499e-009  0.0000e+000  1.6119e+000  3.3000e+000  3.3000e+000  1.7162e+000  3.3000e+000  0.0000e+000  1.4579e-006  7.0111e-005  2.9312e+000  1.4020e-004  1.4591e-006
 1.343499e-009  0.0000e+000  1.6119e+000  3.3000e+000  3.3000e+000  1.7162e+000  3.3000e+000  0.0000e+000  1.4579e-006  7.0111e-005  2.9312e+000  1.4020e-004  1.4591e-006
 1.363499e-009  0.0000e+000  1.6119e+000  3.3000e+000  3.3000e+000  1.7162e+000  3.3000e+000  0.0000e+000  1.4579e-006  7.0111e-005  2.9312e+000  1.4020e-004  1.4591e-006
 1.383499e-009  0.0000e+000  1.6119e+000  3.3000e+000  3.3000e+000  1.7162e+000  3.3000e+000  0.0000e+000  1.4579e-006  7.0111e-005  2.9312e+000  1.4020e-004  1.4591e-006
 1.403499e-009  0.0000e+000  1.6119e+000  3.3000e+000  3.3000e+000  1.7162e+000  3.3000e+000  0.0000e+000  1.4579e-006  7.0111e-005  2.9312e+000  1.4020e-004  1.4591e-006
 1.423499e-009  0.0000e+000  1.6119e+000  3.3000e+000  3.3000e+000  1.7162e+000  3.3000e+000  0.0000e+000  1.4579e-006  7.0111e-005  2.9312e+000  1.4020e-004  1.4591e-006
 1.443499e-009  0.0000e+000  1.6119e+000  3.3000e+000  3.3000e+000  1.7162e+000  3.3000e+000  0.0000e+000  1.4579e-006  7.0111e-005  2.9312e+000  1.4020e-004  1.4591e-006
 1.463499e-009  0.0000e+000  1.6119e+000  3.3000e+000  3.3000e+000  1.7162e+000  3.3000e+000  0.0000e+000  1.4579e-006  7.0111e-005  2.9312e+000  1.4020e-004  1.4591e-006
 1.483499e-009  0.0000e+000  1.6119e+000  3.3000e+000  3.3000e+000  1.7162e+000  3.3000e+000  0.0000e+000  1.4579e-006  7.0111e-005  2.9312e+000  1.4020e-004  1.4591e-006
 1.503499e-009  0.0000e+000  1.6119e+000  3.3000e+000  3.3000e+000  1.7162e+000  3.3000e+000  0.0000e+000  1.4579e-006  7.0111e-005  2.9312e+000  1.4020e-004  1.4591e-006
 1.523499e-009  0.0000e+000  1.6119e+000  3.3000e+000  3.3000e+000  1.7162e+000  3.3000e+000  0.0000e+000  1.4579e-006  7.0111e-005  2.9312e+000  1.4020e-004  1.4591e-006
 1.543499e-009  0.0000e+000  1.6119e+000  3.3000e+000  3.3000e+000  1.7162e+000  3.3000e+000  0.0000e+000  1.4579e-006  7.0111e-005  2.9312e+000  1.4020e-004  1.4591e-006
 1.563499e-009  0.0000e+000  1.6119e+000  3.3000e+000  3.3000e+000  1.7162e+000  3.3000e+000  0.0000e+000  1.4579e-006  7.0111e-005  2.9312e+000  1.4020e-004  1.4591e-006
 1.583499e-009  0.0000e+000  1.6119e+000  3.3000e+000  3.3000e+000  1.7162e+000  3.3000e+000  0.0000e+000  1.4579e-006  7.0111e-005  2.9312e+000  1.4020e-004  1.4591e-006
 1.603499e-009  0.0000e+000  1.6119e+000  3.3000e+000  3.3000e+000  1.7162e+000  3.3000e+000  0.0000e+000  1.4579e-006  7.0111e-005  2.9312e+000  1.4020e-004  1.4591e-006
 1.623499e-009  0.0000e+000  1.6119e+000  3.3000e+000  3.3000e+000  1.7162e+000  3.3000e+000  0.0000e+000  1.4579e-006  7.0111e-005  2.9312e+000  1.4020e-004  1.4591e-006
 1.643499e-009  0.0000e+000  1.6119e+000  3.3000e+000  3.3000e+000  1.7162e+000  3.3000e+000  0.0000e+000  1.4579e-006  7.0111e-005  2.9312e+000  1.4020e-004  1.4591e-006
 1.663499e-009  0.0000e+000  1.6119e+000  3.3000e+000  3.3000e+000  1.7162e+000  3.3000e+000  0.0000e+000  1.4579e-006  7.0111e-005  2.9312e+000  1.4020e-004  1.4591e-006
 1.683499e-009  0.0000e+000  1.6119e+000  3.3000e+000  3.3000e+000  1.7162e+000  3.3000e+000  0.0000e+000  1.4579e-006  7.0111e-005  2.9312e+000  1.4020e-004  1.4591e-006
 1.703499e-009  0.0000e+000  1.6119e+000  3.3000e+000  3.3000e+000  1.7162e+000  3.3000e+000  0.0000e+000  1.4579e-006  7.0111e-005  2.9312e+000  1.4020e-004  1.4591e-006
 1.723499e-009  0.0000e+000  1.6119e+000  3.3000e+000  3.3000e+000  1.7162e+000  3.3000e+000  0.0000e+000  1.4579e-006  7.0111e-005  2.9312e+000  1.4020e-004  1.4591e-006
 1.743499e-009  0.0000e+000  1.6119e+000  3.3000e+000  3.3000e+000  1.7162e+000  3.3000e+000  0.0000e+000  1.4579e-006  7.0111e-005  2.9312e+000  1.4020e-004  1.4591e-006
 1.763499e-009  0.0000e+000  1.6119e+000  3.3000e+000  3.3000e+000  1.7162e+000  3.3000e+000  0.0000e+000  1.4579e-006  7.0111e-005  2.9312e+000  1.4020e-004  1.4591e-006
 1.783499e-009  0.0000e+000  1.6119e+000  3.3000e+000  3.3000e+000  1.7162e+000  3.3000e+000  0.0000e+000  1.4579e-006  7.0111e-005  2.9312e+000  1.4020e-004  1.4591e-006
 1.803499e-009  0.0000e+000  1.6119e+000  3.3000e+000  3.3000e+000  1.7162e+000  3.3000e+000  0.0000e+000  1.4579e-006  7.0111e-005  2.9312e+000  1.4020e-004  1.4591e-006
 1.823499e-009  0.0000e+000  1.6119e+000  3.3000e+000  3.3000e+000  1.7162e+000  3.3000e+000  0.0000e+000  1.4579e-006  7.0111e-005  2.9312e+000  1.4020e-004  1.4591e-006
 1.843499e-009  0.0000e+000  1.6119e+000  3.3000e+000  3.3000e+000  1.7162e+000  3.3000e+000  0.0000e+000  1.4579e-006  7.0111e-005  2.9312e+000  1.4020e-004  1.4591e-006
 1.863499e-009  0.0000e+000  1.6119e+000  3.3000e+000  3.3000e+000  1.7162e+000  3.3000e+000  0.0000e+000  1.4579e-006  7.0111e-005  2.9312e+000  1.4020e-004  1.4591e-006
 1.883499e-009  0.0000e+000  1.6119e+000  3.3000e+000  3.3000e+000  1.7162e+000  3.3000e+000  0.0000e+000  1.4579e-006  7.0111e-005  2.9312e+000  1.4020e-004  1.4591e-006
 1.903499e-009  0.0000e+000  1.6119e+000  3.3000e+000  3.3000e+000  1.7162e+000  3.3000e+000  0.0000e+000  1.4579e-006  7.0111e-005  2.9312e+000  1.4020e-004  1.4591e-006
 1.923499e-009  0.0000e+000  1.6119e+000  3.3000e+000  3.3000e+000  1.7162e+000  3.3000e+000  0.0000e+000  1.4579e-006  7.0111e-005  2.9312e+000  1.4020e-004  1.4591e-006
 1.943499e-009  0.0000e+000  1.6119e+000  3.3000e+000  3.3000e+000  1.7162e+000  3.3000e+000  0.0000e+000  1.4579e-006  7.0111e-005  2.9312e+000  1.4020e-004  1.4591e-006
 1.963499e-009  0.0000e+000  1.6119e+000  3.3000e+000  3.3000e+000  1.7162e+000  3.3000e+000  0.0000e+000  1.4579e-006  7.0111e-005  2.9312e+000  1.4020e-004  1.4591e-006
 1.983499e-009  0.0000e+000  1.6119e+000  3.3000e+000  3.3000e+000  1.7162e+000  3.3000e+000  0.0000e+000  1.4579e-006  7.0111e-005  2.9312e+000  1.4020e-004  1.4591e-006
 2.003499e-009  0.0000e+000  1.6119e+000  3.3000e+000  3.3000e+000  1.7162e+000  3.3000e+000  0.0000e+000  1.4579e-006  7.0111e-005  2.9312e+000  1.4020e-004  1.4591e-006
 2.023499e-009  0.0000e+000  1.6119e+000  3.3000e+000  3.3000e+000  1.7162e+000  3.3000e+000  0.0000e+000  1.4579e-006  7.0111e-005  2.9312e+000  1.4020e-004  1.4591e-006
 2.043499e-009  0.0000e+000  1.6119e+000  3.3000e+000  3.3000e+000  1.7162e+000  3.3000e+000  0.0000e+000  1.4579e-006  7.0111e-005  2.9312e+000  1.4020e-004  1.4591e-006
 2.063499e-009  0.0000e+000  1.6119e+000  3.3000e+000  3.3000e+000  1.7162e+000  3.3000e+000  0.0000e+000  1.4579e-006  7.0111e-005  2.9312e+000  1.4020e-004  1.4591e-006
 2.083499e-009  0.0000e+000  1.6119e+000  3.3000e+000  3.3000e+000  1.7162e+000  3.3000e+000  0.0000e+000  1.4579e-006  7.0111e-005  2.9312e+000  1.4020e-004  1.4591e-006
 2.103499e-009  0.0000e+000  1.6119e+000  3.3000e+000  3.3000e+000  1.7162e+000  3.3000e+000  0.0000e+000  1.4579e-006  7.0111e-005  2.9312e+000  1.4020e-004  1.4591e-006
 2.123499e-009  0.0000e+000  1.6119e+000  3.3000e+000  3.3000e+000  1.7162e+000  3.3000e+000  0.0000e+000  1.4579e-006  7.0111e-005  2.9312e+000  1.4020e-004  1.4591e-006
 2.143499e-009  0.0000e+000  1.6119e+000  3.3000e+000  3.3000e+000  1.7162e+000  3.3000e+000  0.0000e+000  1.4579e-006  7.0111e-005  2.9312e+000  1.4020e-004  1.4591e-006
 2.163499e-009  0.0000e+000  1.6119e+000  3.3000e+000  3.3000e+000  1.7162e+000  3.3000e+000  0.0000e+000  1.4579e-006  7.0111e-005  2.9312e+000  1.4020e-004  1.4591e-006
 2.183499e-009  0.0000e+000  1.6119e+000  3.3000e+000  3.3000e+000  1.7162e+000  3.3000e+000  0.0000e+000  1.4579e-006  7.0111e-005  2.9312e+000  1.4020e-004  1.4591e-006
 2.203499e-009  0.0000e+000  1.6119e+000  3.3000e+000  3.3000e+000  1.7162e+000  3.3000e+000  0.0000e+000  1.4579e-006  7.0111e-005  2.9312e+000  1.4020e-004  1.4591e-006
 2.223499e-009  0.0000e+000  1.6119e+000  3.3000e+000  3.3000e+000  1.7162e+000  3.3000e+000  0.0000e+000  1.4579e-006  7.0111e-005  2.9312e+000  1.4020e-004  1.4591e-006
 2.243499e-009  0.0000e+000  1.6119e+000  3.3000e+000  3.3000e+000  1.7162e+000  3.3000e+000  0.0000e+000  1.4579e-006  7.0111e-005  2.9312e+000  1.4020e-004  1.4591e-006
 2.263499e-009  0.0000e+000  1.6119e+000  3.3000e+000  3.3000e+000  1.7162e+000  3.3000e+000  0.0000e+000  1.4579e-006  7.0111e-005  2.9312e+000  1.4020e-004  1.4591e-006
 2.283499e-009  0.0000e+000  1.6119e+000  3.3000e+000  3.3000e+000  1.7162e+000  3.3000e+000  0.0000e+000  1.4579e-006  7.0111e-005  2.9312e+000  1.4020e-004  1.4591e-006
 2.303499e-009  0.0000e+000  1.6119e+000  3.3000e+000  3.3000e+000  1.7162e+000  3.3000e+000  0.0000e+000  1.4579e-006  7.0111e-005  2.9312e+000  1.4020e-004  1.4591e-006
 2.323499e-009  0.0000e+000  1.6119e+000  3.3000e+000  3.3000e+000  1.7162e+000  3.3000e+000  0.0000e+000  1.4579e-006  7.0111e-005  2.9312e+000  1.4020e-004  1.4591e-006
 2.343499e-009  0.0000e+000  1.6119e+000  3.3000e+000  3.3000e+000  1.7162e+000  3.3000e+000  0.0000e+000  1.4579e-006  7.0111e-005  2.9312e+000  1.4020e-004  1.4591e-006
 2.363499e-009  0.0000e+000  1.6119e+000  3.3000e+000  3.3000e+000  1.7162e+000  3.3000e+000  0.0000e+000  1.4579e-006  7.0111e-005  2.9312e+000  1.4020e-004  1.4591e-006
 2.383499e-009  0.0000e+000  1.6119e+000  3.3000e+000  3.3000e+000  1.7162e+000  3.3000e+000  0.0000e+000  1.4579e-006  7.0111e-005  2.9312e+000  1.4020e-004  1.4591e-006
 2.403499e-009  0.0000e+000  1.6119e+000  3.3000e+000  3.3000e+000  1.7162e+000  3.3000e+000  0.0000e+000  1.4579e-006  7.0111e-005  2.9312e+000  1.4020e-004  1.4591e-006
 2.423499e-009  0.0000e+000  1.6119e+000  3.3000e+000  3.3000e+000  1.7162e+000  3.3000e+000  0.0000e+000  1.4579e-006  7.0111e-005  2.9312e+000  1.4020e-004  1.4591e-006
 2.443499e-009  0.0000e+000  1.6119e+000  3.3000e+000  3.3000e+000  1.7162e+000  3.3000e+000  0.0000e+000  1.4579e-006  7.0111e-005  2.9312e+000  1.4020e-004  1.4591e-006
 2.463499e-009  0.0000e+000  1.6119e+000  3.3000e+000  3.3000e+000  1.7162e+000  3.3000e+000  0.0000e+000  1.4579e-006  7.0111e-005  2.9312e+000  1.4020e-004  1.4591e-006
 2.483499e-009  0.0000e+000  1.6119e+000  3.3000e+000  3.3000e+000  1.7162e+000  3.3000e+000  0.0000e+000  1.4579e-006  7.0111e-005  2.9312e+000  1.4020e-004  1.4591e-006
 2.503499e-009  0.0000e+000  1.6119e+000  3.3000e+000  3.3000e+000  1.7162e+000  3.3000e+000  0.0000e+000  1.4579e-006  7.0111e-005  2.9312e+000  1.4020e-004  1.4591e-006
 2.523499e-009  0.0000e+000  1.6119e+000  3.3000e+000  3.3000e+000  1.7162e+000  3.3000e+000  0.0000e+000  1.4579e-006  7.0111e-005  2.9312e+000  1.4020e-004  1.4591e-006
 2.543499e-009  0.0000e+000  1.6119e+000  3.3000e+000  3.3000e+000  1.7162e+000  3.3000e+000  0.0000e+000  1.4579e-006  7.0111e-005  2.9312e+000  1.4020e-004  1.4591e-006
 2.563499e-009  0.0000e+000  1.6119e+000  3.3000e+000  3.3000e+000  1.7162e+000  3.3000e+000  0.0000e+000  1.4579e-006  7.0111e-005  2.9312e+000  1.4020e-004  1.4591e-006
 2.583499e-009  0.0000e+000  1.6119e+000  3.3000e+000  3.3000e+000  1.7162e+000  3.3000e+000  0.0000e+000  1.4579e-006  7.0111e-005  2.9312e+000  1.4020e-004  1.4591e-006
 2.603499e-009  0.0000e+000  1.6119e+000  3.3000e+000  3.3000e+000  1.7162e+000  3.3000e+000  0.0000e+000  1.4579e-006  7.0111e-005  2.9312e+000  1.4020e-004  1.4591e-006
 2.623499e-009  0.0000e+000  1.6119e+000  3.3000e+000  3.3000e+000  1.7162e+000  3.3000e+000  0.0000e+000  1.4579e-006  7.0111e-005  2.9312e+000  1.4020e-004  1.4591e-006
 2.643499e-009  0.0000e+000  1.6119e+000  3.3000e+000  3.3000e+000  1.7162e+000  3.3000e+000  0.0000e+000  1.4579e-006  7.0111e-005  2.9312e+000  1.4020e-004  1.4591e-006
 2.663499e-009  0.0000e+000  1.6119e+000  3.3000e+000  3.3000e+000  1.7162e+000  3.3000e+000  0.0000e+000  1.4579e-006  7.0111e-005  2.9312e+000  1.4020e-004  1.4591e-006
 2.683499e-009  0.0000e+000  1.6119e+000  3.3000e+000  3.3000e+000  1.7162e+000  3.3000e+000  0.0000e+000  1.4579e-006  7.0111e-005  2.9312e+000  1.4020e-004  1.4591e-006
 2.703499e-009  0.0000e+000  1.6119e+000  3.3000e+000  3.3000e+000  1.7162e+000  3.3000e+000  0.0000e+000  1.4579e-006  7.0111e-005  2.9312e+000  1.4020e-004  1.4591e-006
 2.723499e-009  0.0000e+000  1.6119e+000  3.3000e+000  3.3000e+000  1.7162e+000  3.3000e+000  0.0000e+000  1.4579e-006  7.0111e-005  2.9312e+000  1.4020e-004  1.4591e-006
 2.743499e-009  0.0000e+000  1.6119e+000  3.3000e+000  3.3000e+000  1.7162e+000  3.3000e+000  0.0000e+000  1.4579e-006  7.0111e-005  2.9312e+000  1.4020e-004  1.4591e-006
 2.763499e-009  0.0000e+000  1.6119e+000  3.3000e+000  3.3000e+000  1.7162e+000  3.3000e+000  0.0000e+000  1.4579e-006  7.0111e-005  2.9312e+000  1.4020e-004  1.4591e-006
 2.783499e-009  0.0000e+000  1.6119e+000  3.3000e+000  3.3000e+000  1.7162e+000  3.3000e+000  0.0000e+000  1.4579e-006  7.0111e-005  2.9312e+000  1.4020e-004  1.4591e-006
 2.803499e-009  0.0000e+000  1.6119e+000  3.3000e+000  3.3000e+000  1.7162e+000  3.3000e+000  0.0000e+000  1.4579e-006  7.0111e-005  2.9312e+000  1.4020e-004  1.4591e-006
 2.823499e-009  0.0000e+000  1.6119e+000  3.3000e+000  3.3000e+000  1.7162e+000  3.3000e+000  0.0000e+000  1.4579e-006  7.0111e-005  2.9312e+000  1.4020e-004  1.4591e-006
 2.843499e-009  0.0000e+000  1.6119e+000  3.3000e+000  3.3000e+000  1.7162e+000  3.3000e+000  0.0000e+000  1.4579e-006  7.0111e-005  2.9312e+000  1.4020e-004  1.4591e-006
 2.863499e-009  0.0000e+000  1.6119e+000  3.3000e+000  3.3000e+000  1.7162e+000  3.3000e+000  0.0000e+000  1.4579e-006  7.0111e-005  2.9312e+000  1.4020e-004  1.4591e-006
 2.883499e-009  0.0000e+000  1.6119e+000  3.3000e+000  3.3000e+000  1.7162e+000  3.3000e+000  0.0000e+000  1.4579e-006  7.0111e-005  2.9312e+000  1.4020e-004  1.4591e-006
 2.903499e-009  0.0000e+000  1.6119e+000  3.3000e+000  3.3000e+000  1.7162e+000  3.3000e+000  0.0000e+000  1.4579e-006  7.0111e-005  2.9312e+000  1.4020e-004  1.4591e-006
 2.923499e-009  0.0000e+000  1.6119e+000  3.3000e+000  3.3000e+000  1.7162e+000  3.3000e+000  0.0000e+000  1.4579e-006  7.0111e-005  2.9312e+000  1.4020e-004  1.4591e-006
 2.943499e-009  0.0000e+000  1.6119e+000  3.3000e+000  3.3000e+000  1.7162e+000  3.3000e+000  0.0000e+000  1.4579e-006  7.0111e-005  2.9312e+000  1.4020e-004  1.4591e-006
 2.963499e-009  0.0000e+000  1.6119e+000  3.3000e+000  3.3000e+000  1.7162e+000  3.3000e+000  0.0000e+000  1.4579e-006  7.0111e-005  2.9312e+000  1.4020e-004  1.4591e-006
 2.983499e-009  0.0000e+000  1.6119e+000  3.3000e+000  3.3000e+000  1.7162e+000  3.3000e+000  0.0000e+000  1.4579e-006  7.0111e-005  2.9312e+000  1.4020e-004  1.4591e-006
 3.000000e-009  0.0000e+000  1.6119e+000  3.3000e+000  3.3000e+000  1.7162e+000  3.3000e+000  0.0000e+000  1.4579e-006  7.0111e-005  2.9312e+000  1.4020e-004  1.4591e-006
 3.001000e-009  3.3000e+000  4.4178e+000  4.7961e+000  3.3771e+000  1.7202e+000  4.1532e+000  3.3000e+000  5.3464e-002  2.5397e-002  2.4973e+000  3.1785e-002  1.5015e-001
 3.001500e-009  3.3000e+000  4.3974e+000  4.7713e+000  3.3641e+000  1.7172e+000  4.1138e+000  3.3000e+000  4.5170e-002 -1.2385e-002  2.1119e+000 -1.4744e-002  1.1673e-001
 3.0017500e-009  3.3000e+000  4.3864e+000  4.7623e+000  3.3578e+000  1.7172e+000  4.0943e+000  3.3000e+000  4.1101e-002 -2.8640e-002  1.9206e+000 -3.4903e-002  1.0105e-001
 3.002618e-009  3.3000e+000  4.3478e+000  4.7343e+000  3.3380e+000  1.7172e+000  4.0284e+000  3.3000e+000  2.7458e-002 -5.7499e-002  1.2940e+000 -6.4490e-002  5.1916e-002
 3.003280e-009  3.3000e+000  4.3184e+000  4.7153e+000  3.3257e+000  1.7172e+000  3.9925e+000  3.3000e+000  1.7535e-002 -5.1428e-002  9.3265e-001 -4.6744e-002  2.0806e-002
 3.003941e-009  3.3000e+000  4.2899e+000  4.6935e+000  3.3158e+000  1.7172e+000  3.9576e+000  3.3000e+000  8.0355e-003 -3.3574e-002  6.9168e-001 -1.1995e-002 -9.6986e-003
 3.004751e-009  3.3000e+000  4.2563e+000  4.6655e+000  3.3060e+000  1.7172e+000  3.9126e+000  3.3000e+000 -2.9003e-003 -7.1837e-003  4.9815e-001  3.3043e-002 -4.7655e-002
 3.005856e-009  3.3000e+000  4.2127e+000  4.6266e+000  3.2955e+000  1.7172e+000  3.8445e+000  3.3000e+000 -1.6930e-002  2.4574e-002  3.4840e-001  9.3456e-002 -8.8648e-002
 3.007535e-009  3.3000e+000  4.1512e+000  4.5705e+000  3.2826e+000  1.7172e+000  3.7252e+000  3.3000e+000 -3.4959e-002  6.8072e-002  2.6080e-001  1.9338e-001 -1.2451e-001
 3.009498e-009  3.3000e+000  4.0854e+000  4.5175e+000  3.2692e+000  1.7172e+000  3.5661e+000  3.3000e+000 -4.9273e-002  1.2539e-001  2.5390e-001  3.9843e-001 -1.2703e-001
 3.011466e-009  3.3000e+000  4.0250e+000  4.4714e+000  3.2562e+000  1.7172e+000  3.3884e+000  3.3000e+000 -5.4643e-002  2.2489e-001  2.7799e-001  8.5941e-001 -1.0449e-001
 3.013207e-009  3.3000e+000  3.9752e+000  4.4362e+000  3.2450e+000  1.7172e+000  3.2158e+000  3.3000e+000 -5.3678e-002  4.4806e-001  3.0239e-001  1.4309e+000 -7.1525e-002
 3.014592e-009  3.3000e+000  3.9377e+000  4.4096e+000  3.2361e+000  1.7172e+000  3.0683e+000  3.3000e+000 -4.9347e-002  7.3849e-001  3.1940e-001  1.9055e+000 -4.0553e-002
 3.015988e-009  3.3000e+000  3.9012e+000  4.3819e+000  3.2274e+000  1.7172e+000  2.9112e+000  3.3000e+000 -4.2244e-002  1.1098e+000  3.3355e-001  2.3054e+000 -6.5339e-003
 3.017364e-009  3.3000e+000  3.8663e+000  4.3533e+000  3.2189e+000  1.7172e+000  2.7481e+000  3.3000e+000 -3.2975e-002  1.5147e+000  3.4467e-001  2.5630e+000  2.6840e-002
 3.018702e-009  3.3000e+000  3.8330e+000  4.3238e+000  3.2109e+000  1.7172e+000  2.5824e+000  3.3000e+000 -2.2202e-002  1.8994e+000  3.5313e-001  2.7329e+000  6.3720e-002
 3.020197e-009  3.3000e+000  3.7963e+000  4.2889e+000  3.2023e+000  1.7172e+000  2.3896e+000  3.3000e+000 -8.5184e-003  2.2650e+000  3.6033e-001  2.8735e+000  1.1369e-001
 3.022068e-009  3.3000e+000  3.7509e+000  4.2419e+000  3.1921e+000  1.7172e+000  2.1390e+000  3.3000e+000  9.9637e-003  2.5728e+000  3.6679e-001  3.0004e+000  1.9535e-001
 3.024788e-009  3.3000e+000  3.6854e+000  4.1668e+000  3.1779e+000  1.7172e+000  1.7907e+000  3.3000e+000  3.9633e-002  2.8449e+000  3.7266e-001  3.1214e+000  3.9907e-001
 3.028177e-009  3.3000e+000  3.6049e+000  4.0587e+000  3.1612e+000  1.7172e+000  1.4149e+000  3.3000e+000  8.3256e-002  3.0441e+000  3.7646e-001  3.2070e+000  9.3746e-001
 3.030952e-009  3.3000e+000  3.5398e+000  3.9538e+000  3.1483e+000  1.7172e+000  1.1466e+000  3.3000e+000  1.2608e-001  3.1396e+000  3.7794e-001  3.2454e+000  1.4830e+000
 3.033253e-009  3.3000e+000  3.4867e+000  3.8522e+000  3.1382e+000  1.7172e+000  9.4936e-001  3.3000e+000  1.6827e-001  3.1909e+000  3.7862e-001  3.2647e+000  1.9201e+000
 3.035677e-009  3.3000e+000  3.4321e+000  3.7293e+000  3.1281e+000  1.7172e+000  7.6652e-001  3.3000e+000  2.2156e-001  3.2274e+000  3.7903e-001  3.2779e+000  2.2596e+000
 3.038822e-009  3.3000e+000  3.3633e+000  3.5403e+000  3.1156e+000  1.7172e+000  5.7099e-001  3.3000e+000  3.1011e-001  3.2573e+000  3.7932e-001  3.2879e+000  2.5009e+000
 3.043097e-009  3.3000e+000  3.2733e+000  3.2183e+000  3.0999e+000  1.7172e+000  3.7197e-001  3.3000e+000  4.9379e-001  3.2796e+000  3.7948e-001  3.2949e+000  2.7112e+000
 3.048854e-009  3.3000e+000  3.1582e+000  2.6348e+000  3.0807e+000  1.7172e+000  1.9449e-001  3.3000e+000  8.6027e-001  3.2927e+000  3.7956e-001  3.2984e+000  2.9032e+000
 3.054569e-009  3.3000e+000  3.0607e+000  1.9802e+000  3.0638e+000  1.7172e+000  8.9704e-002  3.3000e+000  1.3105e+000  3.2972e+000  3.7957e-001  3.2995e+000  3.0307e+000
 3.059688e-009  3.3000e+000  2.9988e+000  1.4866e+000  3.0502e+000  1.7172e+000  3.4464e-002  3.3000e+000  1.7241e+000  3.2988e+000  3.7958e-001  3.2997e+000  3.1096e+000
 3.064844e-009  3.3000e+000  2.9495e+000  1.0726e+000  3.0378e+000  1.7172e+000  1.2291e-003  3.3000e+000  2.0902e+000  3.2994e+000  3.7957e-001  3.2999e+000  3.1658e+000
 3.069758e-009  3.3000e+000  2.9100e+000  7.6718e-001  3.0271e+000  1.7172e+000 -1.6569e-002  3.3000e+000  2.3486e+000  3.2996e+000  3.7958e-001  3.2998e+000  3.2040e+000
 3.075101e-009  3.3000e+000  2.8697e+000  5.1490e-001  3.0166e+000  1.7172e+000 -2.6159e-002  3.3000e+000  2.5505e+000  3.2997e+000  3.7957e-001  3.2999e+000  3.2333e+000
 3.081495e-009  3.3000e+000  2.8163e+000  2.9814e-001  3.0054e+000  1.7172e+000 -2.9954e-002  3.3000e+000  2.7295e+000  3.2998e+000  3.7958e-001  3.2999e+000  3.2571e+000
 3.089749e-009  3.3000e+000  2.7399e+000  1.2065e-001  2.9929e+000  1.7172e+000 -2.8654e-002  3.3000e+000  2.8957e+000  3.2998e+000  3.7957e-001  3.2999e+000  3.2758e+000
 3.100845e-009  3.3000e+000  2.6339e+000 -1.8635e-003  2.9789e+000  1.7172e+000 -2.3524e-002  3.3000e+000  3.0443e+000  3.2998e+000  3.7958e-001  3.2999e+000  3.2891e+000
 3.114579e-009  3.3000e+000  2.5065e+000 -5.6067e-002  2.9652e+000  1.7172e+000 -1.7039e-002  3.3000e+000  3.1547e+000  3.2998e+000  3.7957e-001  3.2999e+000  3.2960e+000
 3.132190e-009  3.3000e+000  2.3807e+000 -6.3365e-002  2.9522e+000  1.7172e+000 -1.1265e-002  3.3000e+000  3.2301e+000  3.2998e+000  3.7958e-001  3.2999e+000  3.2990e+000
 3.152190e-009  3.3000e+000  2.3386e+000 -4.9099e-002  2.9419e+000  1.7172e+000 -7.3519e-003  3.3000e+000  3.2698e+000  3.2998e+000  3.7957e-001  3.2999e+000  3.2998e+000
 3.162190e-009  3.3000e+000  2.3432e+000 -4.1416e-002  2.9381e+000  1.7172e+000 -6.1666e-003  3.3000e+000  3.2798e+000  3.2998e+000  3.7958e-001  3.2999e+000  3.2999e+000
 3.182190e-009  3.3000e+000  2.3433e+000 -2.9228e-002  2.9323e+000  1.7172e+000 -4.3824e-003  3.3000e+000  3.2912e+000  3.2998e+000  3.7957e-001  3.2999e+000  3.2999e+000
 3.202190e-009  3.3000e+000  2.3434e+000 -2.0951e-002  2.9283e+000  1.7172e+000 -3.3224e-003  3.3000e+000  3.2962e+000  3.2998e+000  3.7958e-001  3.2999e+000  3.3000e+000
 3.222190e-009  3.3000e+000  2.3433e+000 -1.5422e-002  2.9256e+000  1.7172e+000 -2.5358e-003  3.3000e+000  3.2984e+000  3.2998e+000  3.7957e-001  3.2999e+000  3.3000e+000
 3.242190e-009  3.3000e+000  2.3434e+000 -1.1670e-002  2.9237e+000  1.7172e+000 -2.0572e-003  3.3000e+000  3.2993e+000  3.2998e+000  3.7958e-001  3.2999e+000  3.3000e+000
 3.262190e-009  3.3000e+000  2.3433e+000 -9.0451e-003  2.9225e+000  1.7172e+000 -1.6336e-003  3.3000e+000  3.2997e+000  3.2998e+000  3.7957e-001  3.2999e+000  3.3000e+000
 3.282190e-009  3.3000e+000  2.3434e+000 -7.1631e-003  2.9216e+000  1.7172e+000 -1.3925e-003  3.3000e+000  3.2999e+000  3.2998e+000  3.7958e-001  3.2999e+000  3.3000e+000
 3.302190e-009  3.3000e+000  2.3433e+000 -5.7750e-003  2.9210e+000  1.7172e+000 -1.1301e-003  3.3000e+000  3.2999e+000  3.2998e+000  3.7957e-001  3.2999e+000  3.3000e+000
 3.322190e-009  3.3000e+000  2.3433e+000 -4.7322e-003  2.9206e+000  1.7172e+000 -1.0024e-003  3.3000e+000  3.3000e+000  3.2998e+000  3.7958e-001  3.2999e+000  3.3000e+000
 3.342190e-009  3.3000e+000  2.3433e+000 -3.9295e-003  2.9203e+000  1.7172e+000 -8.2148e-004  3.3000e+000  3.3000e+000  3.2998e+000  3.7957e-001  3.2999e+000  3.3000e+000
 3.362190e-009  3.3000e+000  2.3433e+000 -3.3051e-003  2.9202e+000  1.7172e+000 -7.5416e-004  3.3000e+000  3.3000e+000  3.2998e+000  3.7958e-001  3.2999e+000  3.3000e+000
 3.382190e-009  3.3000e+000  2.3433e+000 -2.8080e-003  2.9200e+000  1.7172e+000 -6.1857e-004  3.3000e+000  3.3000e+000  3.2998e+000  3.7957e-001  3.2999e+000  3.3000e+000
 3.402190e-009  3.3000e+000  2.3433e+000 -2.4110e-003  2.9199e+000  1.7172e+000 -5.8630e-004  3.3000e+000  3.3000e+000  3.2998e+000  3.7958e-001  3.2999e+000  3.3000e+000
 3.422190e-009  3.3000e+000  2.3433e+000 -2.0867e-003  2.9199e+000  1.7172e+000 -4.7789e-004  3.3000e+000  3.3000e+000  3.2998e+000  3.7957e-001  3.2999e+000  3.3000e+000
 3.442190e-009  3.3000e+000  2.3433e+000 -1.8230e-003  2.9198e+000  1.7172e+000 -4.6750e-004  3.3000e+000  3.3000e+000  3.2998e+000  3.7958e-001  3.2999e+000  3.3000e+000
 3.462190e-009  3.3000e+000  2.3433e+000 -1.6029e-003  2.9198e+000  1.7172e+000 -3.7642e-004  3.3000e+000  3.3000e+000  3.2998e+000  3.7957e-001  3.2999e+000  3.3000e+000
 3.482190e-009  3.3000e+000  2.3433e+000 -1.4214e-003  2.9198e+000  1.7172e+000 -3.8045e-004  3.3000e+000  3.3000e+000  3.2998e+000  3.7958e-001  3.2999e+000  3.3000e+000
 3.502190e-009  3.3000e+000  2.3433e+000 -1.2669e-003  2.9198e+000  1.7172e+000 -2.7729e-004  3.3000e+000  3.3000e+000  3.2998e+000  3.7957e-001  3.2999e+000  3.3000e+000
 3.522190e-009  3.3000e+000  2.3433e+000 -1.1382e-003  2.9198e+000  1.7172e+000 -3.1239e-004  3.3000e+000  3.3000e+000  3.2998e+000  3.7958e-001  3.2999e+000  3.3000e+000
 3.542190e-009  3.3000e+000  2.3433e+000 -1.0263e-003  2.9198e+000  1.7172e+000 -2.2365e-004  3.3000e+000  3.3000e+000  3.2998e+000  3.7957e-001  3.2999e+000  3.3000e+000
 3.562190e-009  3.3000e+000  2.3433e+000 -9.3262e-004  2.9197e+000  1.7172e+000 -2.6183e-004  3.3000e+000  3.3000e+000  3.2998e+000  3.7958e-001  3.2999e+000  3.3000e+000
 3.582190e-009  3.3000e+000  2.3433e+000 -8.4945e-004  2.9197e+000  1.7172e+000 -1.8156e-004  3.3000e+000  3.3000e+000  3.2998e+000  3.7957e-001  3.2999e+000  3.3000e+000
 3.602190e-009  3.3000e+000  2.3433e+000 -7.7951e-004  2.9197e+000  1.7172e+000 -2.2264e-004  3.3000e+000  3.3000e+000  3.2998e+000  3.7958e-001  3.2999e+000  3.3000e+000
 3.622190e-009  3.3000e+000  2.3433e+000 -7.0978e-004  2.9197e+000  1.7172e+000 -1.4823e-004  3.3000e+000  3.3000e+000  3.2998e+000  3.7957e-001  3.2999e+000  3.3000e+000
 3.642190e-009  3.3000e+000  2.3433e+000 -6.5984e-004  2.9197e+000  1.7172e+000 -1.9169e-004  3.3000e+000  3.3000e+000  3.2998e+000  3.7958e-001  3.2999e+000  3.3000e+000
 3.662190e-009  3.3000e+000  2.3433e+000 -6.0125e-004  2.9197e+000  1.7172e+000 -1.2156e-004  3.3000e+000  3.3000e+000  3.2998e+000  3.7957e-001  3.2999e+000  3.3000e+000
 3.682190e-009  3.3000e+000  2.3433e+000 -5.6729e-004  2.9197e+000  1.7172e+000 -1.6689e-004  3.3000e+000  3.3000e+000  3.2998e+000  3.7958e-001  3.2999e+000  3.3000e+000
 3.702190e-009  3.3000e+000  2.3433e+000 -5.2159e-004  2.9197e+000  1.7172e+000 -1.0001e-004  3.3000e+000  3.3000e+000  3.2998e+000  3.7957e-001  3.2999e+000  3.3000e+000
 3.722190e-009  3.3000e+000  2.3433e+000 -4.9529e-004  2.9197e+000  1.7172e+000 -1.4679e-004  3.3000e+000  3.3000e+000  3.2998e+000  3.7958e-001  3.2999e+000  3.3000e+000
 3.742190e-009  3.3000e+000  2.3433e+000 -4.5781e-004  2.9197e+000  1.7172e+000 -8.2259e-005  3.3000e+000  3.3000e+000  3.2998e+000  3.7957e-001  3.2999e+000  3.3000e+000
 3.762190e-009  3.3000e+000  2.3433e+000 -4.3728e-004  2.9197e+000  1.7172e+000 -1.3035e-004  3.3000e+000  3.3000e+000  3.2998e+000  3.7958e-001  3.2999e+000  3.3000e+000
 3.782190e-009  3.3000e+000  2.3433e+000 -4.0583e-004  2.9197e+000  1.7172e+000 -6.7091e-005  3.3000e+000  3.3000e+000  3.2998e+000  3.7957e-001  3.2999e+000  3.3000e+000
 3.802190e-009  3.3000e+000  2.3433e+000 -3.8975e-004  2.9197e+000  1.7172e+000 -1.1673e-004  3.3000e+000  3.3000e+000  3.2998e+000  3.7958e-001  3.2999e+000  3.3000e+000
 3.822190e-009  3.3000e+000  2.3433e+000 -3.6289e-004  2.9197e+000  1.7172e+000 -5.4417e-005  3.3000e+000  3.3000e+000  3.2998e+000  3.7957e-001  3.2999e+000  3.3000e+000
 3.842190e-009  3.3000e+000  2.3433e+000 -3.5026e-004  2.9197e+000  1.7172e+000 -1.0536e-004  3.3000e+000  3.3000e+000  3.2998e+000  3.7958e-001  3.2999e+000  3.3000e+000
 3.862190e-009  3.3000e+000  2.3433e+000 -3.2697e-004  2.9197e+000  1.7172e+000 -4.3842e-005  3.3000e+000  3.3000e+000  3.2998e+000  3.7957e-001  3.2999e+000  3.3000e+000
 3.882190e-009  3.3000e+000  2.3433e+000 -3.1705e-004  2.9197e+000  1.7172e+000 -9.5815e-005  3.3000e+000  3.3000e+000  3.2998e+000  3.7958e-001  3.2999e+000  3.3000e+000
 3.902190e-009  3.3000e+000  2.3433e+000 -2.9659e-004  2.9197e+000  1.7172e+000 -3.4947e-005  3.3000e+000  3.3000e+000  3.2998e+000  3.7957e-001  3.2999e+000  3.3000e+000
 3.922190e-009  3.3000e+000  2.3433e+000 -2.8882e-004  2.9197e+000  1.7172e+000 -8.7753e-005  3.3000e+000  3.3000e+000  3.2998e+000  3.7958e-001  3.2999e+000  3.3000e+000
 3.942190e-009  3.3000e+000  2.3433e+000 -2.7063e-004  2.9197e+000  1.7172e+000 -2.7411e-005  3.3000e+000  3.3000e+000  3.2998e+000  3.7957e-001  3.2999e+000  3.3000e+000
 3.962190e-009  3.3000e+000  2.3433e+000 -2.6460e-004  2.9197e+000  1.7172e+000 -8.0898e-005  3.3000e+000  3.3000e+000  3.2998e+000  3.7958e-001  3.2999e+000  3.3000e+000
 3.982190e-009  3.3000e+000  2.3433e+000 -2.4826e-004  2.9197e+000  1.7172e+000 -2.0985e-005  3.3000e+000  3.3000e+000  3.2998e+000  3.7957e-001  3.2999e+000  3.3000e+000
 4.002190e-009  3.3000e+000  2.3433e+000 -2.4364e-004  2.9197e+000  1.7172e+000 -7.5032e-005  3.3000e+000  3.3000e+000  3.2998e+000  3.7958e-001  3.2999e+000  3.3000e+000
 4.022190e-009  3.3000e+000  2.3433e+000 -2.2875e-004  2.9197e+000  1.7172e+000 -1.5471e-005  3.3000e+000  3.3000e+000  3.2998e+000  3.7957e-001  3.2999e+000  3.3000e+000
 4.042190e-009  3.3000e+000  2.3433e+000 -2.2533e-004  2.9197e+000  1.7172e+000 -6.9980e-005  3.3000e+000  3.3000e+000  3.2998e+000  3.7958e-001  3.2999e+000  3.3000e+000
 4.062190e-009  3.3000e+000  2.3433e+000 -2.1162e-004  2.9197e+000  1.7172e+000 -1.0712e-005  3.3000e+000  3.3000e+000  3.2998e+000  3.7957e-001  3.2999e+000  3.3000e+000
 4.082190e-009  3.3000e+000  2.3433e+000 -2.0921e-004  2.9197e+000  1.7172e+000 -6.5604e-005  3.3000e+000  3.3000e+000  3.2998e+000  3.7958e-001  3.2999e+000  3.3000e+000
 4.102190e-009  3.3000e+000  2.3433e+000 -1.9652e-004  2.9197e+000  1.7172e+000 -6.5806e-006  3.3000e+000  3.3000e+000  3.2998e+000  3.7957e-001  3.2999e+000  3.3000e+000
 4.122190e-009  3.3000e+000  2.3433e+000 -1.9497e-004  2.9197e+000  1.7172e+000 -6.1792e-005  3.3000e+000  3.3000e+000  3.2998e+000  3.7958e-001  3.2999e+000  3.3000e+000
 4.142190e-009  3.3000e+000  2.3433e+000 -1.8305e-004  2.9197e+000  1.7172e+000 -2.9759e-006  3.3000e+000  3.3000e+000  3.2998e+000  3.7957e-001  3.2999e+000  3.3000e+000
 4.162190e-009  3.3000e+000  2.3433e+000 -1.8229e-004  2.9197e+000  1.7172e+000 -5.8452e-005  3.3000e+000  3.3000e+000  3.2998e+000  3.7958e-001  3.2999e+000  3.3000e+000
 4.182190e-009  3.3000e+000  2.3433e+000 -1.7103e-004  2.9197e+000  1.7172e+000  1.8517e-007  3.3000e+000  3.3000e+000  3.2998e+000  3.7957e-001  3.2999e+000  3.3000e+000
 4.202190e-009  3.3000e+000  2.3433e+000 -1.7096e-004  2.9197e+000  1.7172e+000 -5.5512e-005  3.3000e+000  3.3000e+000  3.2998e+000  3.7958e-001  3.2999e+000  3.3000e+000
 4.222190e-009  3.3000e+000  2.3433e+000 -1.6025e-004  2.9197e+000  1.7172e+000  2.9705e-006  3.3000e+000  3.3000e+000  3.2998e+000  3.7957e-001  3.2999e+000  3.3000e+000
 4.242190e-009  3.3000e+000  2.3433e+000 -1.6078e-004  2.9197e+000  1.7172e+000 -5.2911e-005  3.3000e+000  3.3000e+000  3.2998e+000  3.7958e-001  3.2999e+000  3.3000e+000
 4.262190e-009  3.3000e+000  2.3433e+000 -1.5056e-004  2.9197e+000  1.7172e+000  5.4357e-006  3.3000e+000  3.3000e+000  3.2998e+000  3.7957e-001  3.2999e+000  3.3000e+000
 4.282190e-009  3.3000e+000  2.3433e+000 -1.5160e-004  2.9197e+000  1.7172e+000 -5.0599e-005  3.3000e+000  3.3000e+000  3.2998e+000  3.7958e-001  3.2999e+000  3.3000e+000
 4.302190e-009  3.3000e+000  2.3433e+000 -1.4180e-004  2.9197e+000  1.7172e+000  7.6270e-006  3.3000e+000  3.3000e+000  3.2998e+000  3.7957e-001  3.2999e+000  3.3000e+000
 4.322190e-009  3.3000e+000  2.3433e+000 -1.4329e-004  2.9197e+000  1.7172e+000 -4.8534e-005  3.3000e+000  3.3000e+000  3.2998e+000  3.7958e-001  3.2999e+000  3.3000e+000
 4.342190e-009  3.3000e+000  2.3433e+000 -1.3385e-004  2.9197e+000  1.7172e+000  9.5825e-006  3.3000e+000  3.3000e+000  3.2998e+000  3.7957e-001  3.2999e+000  3.3000e+000
 4.362190e-009  3.3000e+000  2.3433e+000 -1.3574e-004  2.9197e+000  1.7172e+000 -4.6683e-005  3.3000e+000  3.3000e+000  3.2998e+000  3.7958e-001  3.2999e+000  3.3000e+000
 4.382190e-009  3.3000e+000  2.3433e+000 -1.2662e-004  2.9197e+000  1.7172e+000  1.1334e-005  3.3000e+000  3.3000e+000  3.2998e+000  3.7957e-001  3.2999e+000  3.3000e+000
 4.402190e-009  3.3000e+000  2.3433e+000 -1.2885e-004  2.9197e+000  1.7172e+000 -4.5017e-005  3.3000e+000  3.3000e+000  3.2998e+000  3.7958e-001  3.2999e+000  3.3000e+000
 4.422190e-009  3.3000e+000  2.3433e+000 -1.2000e-004  2.9197e+000  1.7172e+000  1.2909e-005  3.3000e+000  3.3000e+000  3.2998e+000  3.7957e-001  3.2999e+000  3.3000e+000
 4.442190e-009  3.3000e+000  2.3433e+000 -1.2254e-004  2.9197e+000  1.7172e+000 -4.3511e-005  3.3000e+000  3.3000e+000  3.2998e+000  3.7958e-001  3.2999e+000  3.3000e+000
 4.462190e-009  3.3000e+000  2.3433e+000 -1.1394e-004  2.9197e+000  1.7172e+000  1.4330e-005  3.3000e+000  3.3000e+000  3.2998e+000  3.7957e-001  3.2999e+000  3.3000e+000
 4.482190e-009  3.3000e+000  2.3433e+000 -1.1675e-004  2.9197e+000  1.7172e+000 -4.2145e-005  3.3000e+000  3.3000e+000  3.2998e+000  3.7958e-001  3.2999e+000  3.3000e+000
 4.502190e-009  3.3000e+000  2.3433e+000 -1.0836e-004  2.9197e+000  1.7172e+000  1.5616e-005  3.3000e+000  3.3000e+000  3.2998e+000  3.7957e-001  3.2999e+000  3.3000e+000
 4.522190e-009  3.3000e+000  2.3433e+000 -1.1142e-004  2.9197e+000  1.7172e+000 -4.0902e-005  3.3000e+000  3.3000e+000  3.2998e+000  3.7958e-001  3.2999e+000  3.3000e+000
 4.542190e-009  3.3000e+000  2.3433e+000 -1.0322e-004  2.9197e+000  1.7172e+000  1.6783e-005  3.3000e+000  3.3000e+000  3.2998e+000  3.7957e-001  3.2999e+000  3.3000e+000
 4.562190e-009  3.3000e+000  2.3433e+000 -1.0650e-004  2.9197e+000  1.7172e+000 -3.9768e-005  3.3000e+000  3.3000e+000  3.2998e+000  3.7958e-001  3.2999e+000  3.3000e+000
 4.582190e-009  3.3000e+000  2.3433e+000 -9.8469e-005  2.9197e+000  1.7172e+000  1.7845e-005  3.3000e+000  3.3000e+000  3.2998e+000  3.7957e-001  3.2999e+000  3.3000e+000
 4.602190e-009  3.3000e+000  2.3433e+000 -1.0025e-004  2.9197e+000  1.7172e+000 -3.8728e-005  3.3000e+000  3.3000e+000  3.2998e+000  3.7958e-001  3.2999e+000  3.3000e+000
 4.622190e-009  3.3000e+000  2.3433e+000 -9.4404e-005  2.9197e+000  1.7172e+000  1.8814e-005  3.3000e+000  3.3000e+000  3.2998e+000  3.7957e-001  3.2999e+000  3.3000e+000
 4.642190e-009  3.3000e+000  2.3433e+000 -9.7465e-005  2.9197e+000  1.7172e+000 -3.7773e-005  3.3000e+000  3.3000e+000  3.2998e+000  3.7958e-001  3.2999e+000  3.3000e+000
 4.662190e-009  3.3000e+000  2.3433e+000 -9.0098e-005  2.9197e+000  1.7172e+000  1.9702e-005  3.3000e+000  3.3000e+000  3.2998e+000  3.7957e-001  3.2999e+000  3.3000e+000
 4.682190e-009  3.3000e+000  2.3433e+000 -9.2132e-005  2.9197e+000  1.7172e+000 -3.6894e-005  3.3000e+000  3.3000e+000  3.2998e+000  3.7958e-001  3.2999e+000  3.3000e+000
 4.702190e-009  3.3000e+000  2.3433e+000 -8.6518e-005  2.9197e+000  1.7172e+000  2.0516e-005  3.3000e+000  3.3000e+000  3.2998e+000  3.7957e-001  3.2999e+000  3.3000e+000
 4.722190e-009  3.3000e+000  2.3433e+000 -8.8328e-005  2.9197e+000  1.7172e+000 -3.6081e-005  3.3000e+000  3.3000e+000  3.2998e+000  3.7958e-001  3.2999e+000  3.3000e+000
 4.742190e-009  3.3000e+000  2.3433e+000 -8.3047e-005  2.9197e+000  1.7172e+000  2.1264e-005  3.3000e+000  3.3000e+000  3.2998e+000  3.7957e-001  3.2999e+000  3.3000e+000
 4.762190e-009  3.3000e+000  2.3433e+000 -8.4911e-005  2.9197e+000  1.7172e+000 -3.5329e-005  3.3000e+000  3.3000e+000  3.2998e+000  3.7958e-001  3.2999e+000  3.3000e+000
 4.782190e-009  3.3000e+000  2.3433e+000 -7.9738e-005  2.9197e+000  1.7172e+000  2.1953e-005  3.3000e+000  3.3000e+000  3.2998e+000  3.7957e-001  3.2999e+000  3.3000e+000
 4.802190e-009  3.3000e+000  2.3433e+000 -8.1743e-005  2.9197e+000  1.7172e+000 -3.4630e-005  3.3000e+000  3.3000e+000  3.2998e+000  3.7958e-001  3.2999e+000  3.3000e+000
 4.822190e-009  3.3000e+000  2.3433e+000 -7.6622e-005  2.9197e+000  1.7172e+000  2.2589e-005  3.3000e+000  3.3000e+000  3.2998e+000  3.7957e-001  3.2999e+000  3.3000e+000
 4.842190e-009  3.3000e+000  2.3433e+000 -7.8781e-005  2.9197e+000  1.7172e+000 -3.3981e-005  3.3000e+000  3.3000e+000  3.2998e+000  3.7958e-001  3.2999e+000  3.3000e+000
 4.862190e-009  3.3000e+000  2.3433e+000 -7.3694e-005  2.9197e+000  1.7172e+000  2.3178e-005  3.3000e+000  3.3000e+000  3.2998e+000  3.7957e-001  3.2999e+000  3.3000e+000
 4.882190e-009  3.3000e+000  2.3433e+000 -7.6000e-005  2.9197e+000  1.7172e+000 -3.3375e-005  3.3000e+000  3.3000e+000  3.2998e+000  3.7958e-001  3.2999e+000  3.3000e+000
 4.902190e-009  3.3000e+000  2.3433e+000 -7.0941e-005  2.9197e+000  1.7172e+000  2.3723e-005  3.3000e+000  3.3000e+000  3.2998e+000  3.7957e-001  3.2999e+000  3.3000e+000
 4.922190e-009  3.3000e+000  2.3433e+000 -7.3385e-005  2.9197e+000  1.7172e+000 -3.2808e-005  3.3000e+000  3.3000e+000  3.2998e+000  3.7958e-001  3.2999e+000  3.3000e+000
 4.942190e-009  3.3000e+000  2.3433e+000 -6.8350e-005  2.9197e+000  1.7172e+000  2.4229e-005  3.3000e+000  3.3000e+000  3.2998e+000  3.7957e-001  3.2999e+000  3.3000e+000
 4.962190e-009  3.3000e+000  2.3433e+000 -7.0922e-005  2.9197e+000  1.7172e+000 -3.2278e-005  3.3000e+000  3.3000e+000  3.2998e+000  3.7958e-001  3.2999e+000  3.3000e+000
 4.982190e-009  3.3000e+000  2.3433e+000 -6.5906e-005  2.9197e+000  1.7172e+000  2.4700e-005  3.3000e+000  3.3000e+000  3.2998e+000  3.7957e-001  3.2999e+000  3.3000e+000
 5.002190e-009  3.3000e+000  2.3433e+000 -6.8598e-005  2.9197e+000  1.7172e+000 -3.1780e-005  3.3000e+000  3.3000e+000  3.2998e+000  3.7958e-001  3.2999e+000  3.3000e+000
 5.022190e-009  3.3000e+000  2.3433e+000 -6.3599e-005  2.9197e+000  1.7172e+000  2.5138e-005  3.3000e+000  3.3000e+000  3.2998e+000  3.7957e-001  3.2999e+000  3.3000e+000
 5.042190e-009  3.3000e+000  2.3433e+000 -6.6401e-005  2.9197e+000  1.7172e+000 -3.1313e-005  3.3000e+000  3.3000e+000  3.2998e+000  3.7958e-001  3.2999e+000  3.3000e+000
 5.062190e-009  3.3000e+000  2.3433e+000 -6.1417e-005  2.9197e+000  1.7172e+000  2.5546e-005  3.3000e+000  3.3000e+000  3.2998e+000  3.7957e-001  3.2999e+000  3.3000e+000
 5.082190e-009  3.3000e+000  2.3433e+000 -6.4323e-005  2.9197e+000  1.7172e+000 -3.0872e-005  3.3000e+000  3.3000e+000  3.2998e+000  3.7958e-001  3.2999e+000  3.3000e+000
 5.102190e-009  3.3000e+000  2.3433e+000 -5.9352e-005  2.9197e+000  1.7172e+000  2.5928e-005  3.3000e+000  3.3000e+000  3.2998e+000  3.7957e-001  3.2999e+000  3.3000e+000
 5.122190e-009  3.3000e+000  2.3433e+000 -6.2353e-005  2.9197e+000  1.7172e+000 -3.0457e-005  3.3000e+000  3.3000e+000  3.2998e+000  3.7958e-001  3.2999e+000  3.3000e+000
 5.142190e-009  3.3000e+000  2.3433e+000 -5.7393e-005  2.9197e+000  1.7172e+000  2.6284e-005  3.3000e+000  3.3000e+000  3.2998e+000  3.7957e-001  3.2999e+000  3.3000e+000
 5.162190e-009  3.3000e+000  2.3433e+000 -6.0485e-005  2.9197e+000  1.7172e+000 -3.0064e-005  3.3000e+000  3.3000e+000  3.2998e+000  3.7958e-001  3.2999e+000  3.3000e+000
 5.182190e-009  3.3000e+000  2.3433e+000 -5.5535e-005  2.9197e+000  1.7172e+000  2.6618e-005  3.3000e+000  3.3000e+000  3.2998e+000  3.7957e-001  3.2999e+000  3.3000e+000
 5.202190e-009  3.3000e+000  2.3433e+000 -5.8710e-005  2.9197e+000  1.7172e+000 -2.9693e-005  3.3000e+000  3.3000e+000  3.2998e+000  3.7958e-001  3.2999e+000  3.3000e+000
 5.222190e-009  3.3000e+000  2.3433e+000 -5.3768e-005  2.9197e+000  1.7172e+000  2.6931e-005  3.3000e+000  3.3000e+000  3.2998e+000  3.7957e-001  3.2999e+000  3.3000e+000
 5.242190e-009  3.3000e+000  2.3433e+000 -5.7022e-005  2.9197e+000  1.7172e+000 -2.9341e-005  3.3000e+000  3.3000e+000  3.2998e+000  3.7958e-001  3.2999e+000  3.3000e+000
 5.262190e-009  3.3000e+000  2.3433e+000 -5.2088e-005  2.9197e+000  1.7172e+000  2.7224e-005  3.3000e+000  3.3000e+000  3.2998e+000  3.7957e-001  3.2999e+000  3.3000e+000
 5.282190e-009  3.3000e+000  2.3433e+000 -5.5415e-005  2.9197e+000  1.7172e+000 -2.9007e-005  3.3000e+000  3.3000e+000  3.2998e+000  3.7958e-001  3.2999e+000  3.3000e+000
 5.302190e-009  3.3000e+000  2.3433e+000 -5.0487e-005  2.9197e+000  1.7172e+000  2.7499e-005  3.3000e+000  3.3000e+000  3.2998e+000  3.7957e-001  3.2999e+000  3.3000e+000
 5.322190e-009  3.3000e+000  2.3433e+000 -5.3883e-005  2.9197e+000  1.7172e+000 -2.8690e-005  3.3000e+000  3.3000e+000  3.2998e+000  3.7958e-001  3.2999e+000  3.3000e+000
 5.342190e-009  3.3000e+000  2.3433e+000 -4.8961e-005  2.9197e+000  1.7172e+000  2.7758e-005  3.3000e+000  3.3000e+000  3.2998e+000  3.7957e-001  3.2999e+000  3.3000e+000
 5.362190e-009  3.3000e+000  2.3433e+000 -5.2422e-005  2.9197e+000  1.7172e+000 -2.8388e-005  3.3000e+000  3.3000e+000  3.2998e+000  3.7958e-001  3.2999e+000  3.3000e+000
 5.382190e-009  3.3000e+000  2.3433e+000 -4.7505e-005  2.9197e+000  1.7172e+000  2.8001e-005  3.3000e+000  3.3000e+000  3.2998e+000  3.7957e-001  3.2999e+000  3.3000e+000
 5.402190e-009  3.3000e+000  2.3433e+000 -5.1026e-005  2.9197e+000  1.7172e+000 -2.8100e-005  3.3000e+000  3.3000e+000  3.2998e+000  3.7958e-001  3.2999e+000  3.3000e+000
 5.422190e-009  3.3000e+000  2.3433e+000 -4.6113e-005  2.9197e+000  1.7172e+000  2.8231e-005  3.3000e+000  3.3000e+000  3.2998e+000  3.7957e-001  3.2999e+000  3.3000e+000
 5.442190e-009  3.3000e+000  2.3433e+000 -4.9691e-005  2.9197e+000  1.7172e+000 -2.7825e-005  3.3000e+000  3.3000e+000  3.2998e+000  3.7958e-001  3.2999e+000  3.3000e+000
 5.462190e-009  3.3000e+000  2.3433e+000 -4.4783e-005  2.9197e+000  1.7172e+000  2.8446e-005  3.3000e+000  3.3000e+000  3.2998e+000  3.7957e-001  3.2999e+000  3.3000e+000
 5.482190e-009  3.3000e+000  2.3433e+000 -4.8415e-005  2.9197e+000  1.7172e+000 -2.7563e-005  3.3000e+000  3.3000e+000  3.2998e+000  3.7958e-001  3.2999e+000  3.3000e+000
 5.502190e-009  3.3000e+000  2.3433e+000 -4.3509e-005  2.9197e+000  1.7172e+000  2.8650e-005  3.3000e+000  3.3000e+000  3.2998e+000  3.7957e-001  3.2999e+000  3.3000e+000
 5.522190e-009  3.3000e+000  2.3433e+000 -4.7192e-005  2.9197e+000  1.7172e+000 -2.7313e-005  3.3000e+000  3.3000e+000  3.2998e+000  3.7958e-001  3.2999e+000  3.3000e+000
 5.542190e-009  3.3000e+000  2.3433e+000 -4.2289e-005  2.9197e+000  1.7172e+000  2.8842e-005  3.3000e+000  3.3000e+000  3.2998e+000  3.7957e-001  3.2999e+000  3.3000e+000
 5.562190e-009  3.3000e+000  2.3433e+000 -4.6020e-005  2.9197e+000  1.7172e+000 -2.7073e-005  3.3000e+000  3.3000e+000  3.2998e+000  3.7958e-001  3.2999e+000  3.3000e+000
 5.582190e-009  3.3000e+000  2.3433e+000 -4.1120e-005  2.9197e+000  1.7172e+000  2.9023e-005  3.3000e+000  3.3000e+000  3.2998e+000  3.7957e-001  3.2999e+000  3.3000e+000
 5.602190e-009  3.3000e+000  2.3433e+000 -4.4895e-005  2.9197e+000  1.7172e+000 -2.6843e-005  3.3000e+000  3.3000e+000  3.2998e+000  3.7958e-001  3.2999e+000  3.3000e+000
 5.622190e-009  3.3000e+000  2.3433e+000 -3.9998e-005  2.9197e+000  1.7172e+000  2.9195e-005  3.3000e+000  3.3000e+000  3.2998e+000  3.7957e-001  3.2999e+000  3.3000e+000
 5.642190e-009  3.3000e+000  2.3433e+000 -4.3815e-005  2.9197e+000  1.7172e+000 -2.6622e-005  3.3000e+000  3.3000e+000  3.2998e+000  3.7958e-001  3.2999e+000  3.3000e+000
 5.662190e-009  3.3000e+000  2.3433e+000 -3.8920e-005  2.9197e+000  1.7172e+000  2.9357e-005  3.3000e+000  3.3000e+000  3.2998e+000  3.7957e-001  3.2999e+000  3.3000e+000
 5.682190e-009  3.3000e+000  2.3433e+000 -4.2778e-005  2.9197e+000  1.7172e+000 -2.6410e-005  3.3000e+000  3.3000e+000  3.2998e+000  3.7958e-001  3.2999e+000  3.3000e+000
 5.702190e-009  3.3000e+000  2.3433e+000 -3.7885e-005  2.9197e+000  1.7172e+000  2.9510e-005  3.3000e+000  3.3000e+000  3.2998e+000  3.7957e-001  3.2999e+000  3.3000e+000
 5.722190e-009  3.3000e+000  2.3433e+000 -4.1780e-005  2.9197e+000  1.7172e+000 -2.6207e-005  3.3000e+000  3.3000e+000  3.2998e+000  3.7958e-001  3.2999e+000  3.3000e+000
 5.742190e-009  3.3000e+000  2.3433e+000 -3.6889e-005  2.9197e+000  1.7172e+000  2.9654e-005  3.3000e+000  3.3000e+000  3.2998e+000  3.7957e-001  3.2999e+000  3.3000e+000
 5.762190e-009  3.3000e+000  2.3433e+000 -4.0821e-005  2.9197e+000  1.7172e+000 -2.6011e-005  3.3000e+000  3.3000e+000  3.2998e+000  3.7958e-001  3.2999e+000  3.3000e+000
 5.782190e-009  3.3000e+000  2.3433e+000 -3.5931e-005  2.9197e+000  1.7172e+000  2.9791e-005  3.3000e+000  3.3000e+000  3.2998e+000  3.7957e-001  3.2999e+000  3.3000e+000
 5.802190e-009  3.3000e+000  2.3433e+000 -3.9896e-005  2.9197e+000  1.7172e+000 -2.5822e-005  3.3000e+000  3.3000e+000  3.2998e+000  3.7958e-001  3.2999e+000  3.3000e+000
 5.822190e-009  3.3000e+000  2.3433e+000 -3.5008e-005  2.9197e+000  1.7172e+000  2.9921e-005  3.3000e+000  3.3000e+000  3.2998e+000  3.7957e-001  3.2999e+000  3.3000e+000
 5.842190e-009  3.3000e+000  2.3433e+000 -3.9006e-005  2.9197e+000  1.7172e+000 -2.5640e-005  3.3000e+000  3.3000e+000  3.2998e+000  3.7958e-001  3.2999e+000  3.3000e+000
 5.862190e-009  3.3000e+000  2.3433e+000 -3.4119e-005  2.9197e+000  1.7172e+000  3.0044e-005  3.3000e+000  3.3000e+000  3.2998e+000  3.7957e-001  3.2999e+000  3.3000e+000
 5.882190e-009  3.3000e+000  2.3433e+000 -3.8147e-005  2.9197e+000  1.7172e+000 -2.5465e-005  3.3000e+000  3.3000e+000  3.2998e+000  3.7958e-001  3.2999e+000  3.3000e+000
 5.902190e-009  3.3000e+000  2.3433e+000 -3.3262e-005  2.9197e+000  1.7172e+000  3.0160e-005  3.3000e+000  3.3000e+000  3.2998e+000  3.7957e-001  3.2999e+000  3.3000e+000
 5.922190e-009  3.3000e+000  2.3433e+000 -3.7318e-005  2.9197e+000  1.7172e+000 -2.5296e-005  3.3000e+000  3.3000e+000  3.2998e+000  3.7958e-001  3.2999e+000  3.3000e+000
 5.942190e-009  3.3000e+000  2.3433e+000 -3.2435e-005  2.9197e+000  1.7172e+000  3.0271e-005  3.3000e+000  3.3000e+000  3.2998e+000  3.7957e-001  3.2999e+000  3.3000e+000
 5.962190e-009  3.3000e+000  2.3433e+000 -3.6518e-005  2.9197e+000  1.7172e+000 -2.5132e-005  3.3000e+000  3.3000e+000  3.2998e+000  3.7958e-001  3.2999e+000  3.3000e+000
 5.982190e-009  3.3000e+000  2.3433e+000 -3.1636e-005  2.9197e+000  1.7172e+000  3.0375e-005  3.3000e+000  3.3000e+000  3.2998e+000  3.7957e-001  3.2999e+000  3.3000e+000
 6.002190e-009  3.3000e+000  2.3433e+000 -3.5746e-005  2.9197e+000  1.7172e+000 -2.4974e-005  3.3000e+000  3.3000e+000  3.2998e+000  3.7958e-001  3.2999e+000  3.3000e+000
 6.022190e-009  3.3000e+000  2.3433e+000 -3.0865e-005  2.9197e+000  1.7172e+000  3.0474e-005  3.3000e+000  3.3000e+000  3.2998e+000  3.7957e-001  3.2999e+000  3.3000e+000
 6.042190e-009  3.3000e+000  2.3433e+000 -3.4999e-005  2.9197e+000  1.7172e+000 -2.4822e-005  3.3000e+000  3.3000e+000  3.2998e+000  3.7958e-001  3.2999e+000  3.3000e+000
 6.062190e-009  3.3000e+000  2.3433e+000 -3.0119e-005  2.9197e+000  1.7172e+000  3.0568e-005  3.3000e+000  3.3000e+000  3.2998e+000  3.7957e-001  3.2999e+000  3.3000e+000
 6.082190e-009  3.3000e+000  2.3433e+000 -3.4276e-005  2.9197e+000  1.7172e+000 -2.4674e-005  3.3000e+000  3.3000e+000  3.2998e+000  3.7958e-001  3.2999e+000  3.3000e+000
 6.102190e-009  3.3000e+000  2.3433e+000 -2.9399e-005  2.9197e+000  1.7172e+000  3.0657e-005  3.3000e+000  3.3000e+000  3.2998e+000  3.7957e-001  3.2999e+000  3.3000e+000
 6.122190e-009  3.3000e+000  2.3433e+000 -3.3577e-005  2.9197e+000  1.7172e+000 -2.4530e-005  3.3000e+000  3.3000e+000  3.2998e+000  3.7958e-001  3.2999e+000  3.3000e+000
 6.142190e-009  3.3000e+000  2.3433e+000 -2.8701e-005  2.9197e+000  1.7172e+000  3.0742e-005  3.3000e+000  3.3000e+000  3.2998e+000  3.7957e-001  3.2999e+000  3.3000e+000
 6.162190e-009  3.3000e+000  2.3433e+000 -3.2901e-005  2.9197e+000  1.7172e+000 -2.4391e-005  3.3000e+000  3.3000e+000  3.2998e+000  3.7958e-001  3.2999e+000  3.3000e+000
 6.182190e-009  3.3000e+000  2.3433e+000 -2.8026e-005  2.9197e+000  1.7172e+000  3.0822e-005  3.3000e+000  3.3000e+000  3.2998e+000  3.7957e-001  3.2999e+000  3.3000e+000
 6.202190e-009  3.3000e+000  2.3433e+000 -3.2246e-005  2.9197e+000  1.7172e+000 -2.4256e-005  3.3000e+000  3.3000e+000  3.2998e+000  3.7958e-001  3.2999e+000  3.3000e+000
 6.222190e-009  3.3000e+000  2.3433e+000 -2.7372e-005  2.9197e+000  1.7172e+000  3.0898e-005  3.3000e+000  3.3000e+000  3.2998e+000  3.7957e-001  3.2999e+000  3.3000e+000
 6.242190e-009  3.3000e+000  2.3433e+000 -3.1610e-005  2.9197e+000  1.7172e+000 -2.4126e-005  3.3000e+000  3.3000e+000  3.2998e+000  3.7958e-001  3.2999e+000  3.3000e+000
 6.262190e-009  3.3000e+000  2.3433e+000 -2.6739e-005  2.9197e+000  1.7172e+000  3.0969e-005  3.3000e+000  3.3000e+000  3.2998e+000  3.7957e-001  3.2999e+000  3.3000e+000
 6.282190e-009  3.3000e+000  2.3433e+000 -3.0995e-005  2.9197e+000  1.7172e+000 -2.3998e-005  3.3000e+000  3.3000e+000  3.2998e+000  3.7958e-001  3.2999e+000  3.3000e+000
 6.302190e-009  3.3000e+000  2.3433e+000 -2.6124e-005  2.9197e+000  1.7172e+000  3.1038e-005  3.3000e+000  3.3000e+000  3.2998e+000  3.7957e-001  3.2999e+000  3.3000e+000
 6.322190e-009  3.3000e+000  2.3433e+000 -3.0397e-005  2.9197e+000  1.7172e+000 -2.3875e-005  3.3000e+000  3.3000e+000  3.2998e+000  3.7958e-001  3.2999e+000  3.3000e+000
 6.342190e-009  3.3000e+000  2.3433e+000 -2.5529e-005  2.9197e+000  1.7172e+000  3.1102e-005  3.3000e+000  3.3000e+000  3.2998e+000  3.7957e-001  3.2999e+000  3.3000e+000
 6.362190e-009  3.3000e+000  2.3433e+000 -2.9818e-005  2.9197e+000  1.7172e+000 -2.3755e-005  3.3000e+000  3.3000e+000  3.2998e+000  3.7958e-001  3.2999e+000  3.3000e+000
 6.382190e-009  3.3000e+000  2.3433e+000 -2.4951e-005  2.9197e+000  1.7172e+000  3.1163e-005  3.3000e+000  3.3000e+000  3.2998e+000  3.7957e-001  3.2999e+000  3.3000e+000
 6.402190e-009  3.3000e+000  2.3433e+000 -2.9255e-005  2.9197e+000  1.7172e+000 -2.3638e-005  3.3000e+000  3.3000e+000  3.2998e+000  3.7958e-001  3.2999e+000  3.3000e+000
 6.422190e-009  3.3000e+000  2.3433e+000 -2.4390e-005  2.9197e+000  1.7172e+000  3.1221e-005  3.3000e+000  3.3000e+000  3.2998e+000  3.7957e-001  3.2999e+000  3.3000e+000
 6.442190e-009  3.3000e+000  2.3433e+000 -2.8709e-005  2.9197e+000  1.7172e+000 -2.3524e-005  3.3000e+000  3.3000e+000  3.2998e+000  3.7958e-001  3.2999e+000  3.3000e+000
 6.462190e-009  3.3000e+000  2.3433e+000 -2.3845e-005  2.9197e+000  1.7172e+000  3.1276e-005  3.3000e+000  3.3000e+000  3.2998e+000  3.7957e-001  3.2999e+000  3.3000e+000
 6.482190e-009  3.3000e+000  2.3433e+000 -2.8178e-005  2.9197e+000  1.7172e+000 -2.3413e-005  3.3000e+000  3.3000e+000  3.2998e+000  3.7958e-001  3.2999e+000  3.3000e+000
 6.502190e-009  3.3000e+000  2.3433e+000 -2.3316e-005  2.9197e+000  1.7172e+000  3.1328e-005  3.3000e+000  3.3000e+000  3.2998e+000  3.7957e-001  3.2999e+000  3.3000e+000
 6.522190e-009  3.3000e+000  2.3433e+000 -2.7661e-005  2.9197e+000  1.7172e+000 -2.3305e-005  3.3000e+000  3.3000e+000  3.2998e+000  3.7958e-001  3.2999e+000  3.3000e+000
 6.542190e-009  3.3000e+000  2.3433e+000 -2.2801e-005  2.9197e+000  1.7172e+000  3.1377e-005  3.3000e+000  3.3000e+000  3.2998e+000  3.7957e-001  3.2999e+000  3.3000e+000
 6.562190e-009  3.3000e+000  2.3433e+000 -2.7159e-005  2.9197e+000  1.7172e+000 -2.3200e-005  3.3000e+000  3.3000e+000  3.2998e+000  3.7958e-001  3.2999e+000  3.3000e+000
 6.582190e-009  3.3000e+000  2.3433e+000 -2.2301e-005  2.9197e+000  1.7172e+000  3.1424e-005  3.3000e+000  3.3000e+000  3.2998e+000  3.7957e-001  3.2999e+000  3.3000e+000
 6.602190e-009  3.3000e+000  2.3433e+000 -2.6671e-005  2.9197e+000  1.7172e+000 -2.3097e-005  3.3000e+000  3.3000e+000  3.2998e+000  3.7958e-001  3.2999e+000  3.3000e+000
 6.622190e-009  3.3000e+000  2.3433e+000 -2.1815e-005  2.9197e+000  1.7172e+000  3.1468e-005  3.3000e+000  3.3000e+000  3.2998e+000  3.7957e-001  3.2999e+000  3.3000e+000
 6.642190e-009  3.3000e+000  2.3433e+000 -2.6196e-005  2.9197e+000  1.7172e+000 -2.2997e-005  3.3000e+000  3.3000e+000  3.2998e+000  3.7958e-001  3.2999e+000  3.3000e+000
 6.662190e-009  3.3000e+000  2.3433e+000 -2.1342e-005  2.9197e+000  1.7172e+000  3.1509e-005  3.3000e+000  3.3000e+000  3.2998e+000  3.7957e-001  3.2999e+000  3.3000e+000
 6.682190e-009  3.3000e+000  2.3433e+000 -2.5733e-005  2.9197e+000  1.7172e+000 -2.2899e-005  3.3000e+000  3.3000e+000  3.2998e+000  3.7958e-001  3.2999e+000  3.3000e+000
 6.702190e-009  3.3000e+000  2.3433e+000 -2.0881e-005  2.9197e+000  1.7172e+000  3.1548e-005  3.3000e+000  3.3000e+000  3.2998e+000  3.7957e-001  3.2999e+000  3.3000e+000
 6.722190e-009  3.3000e+000  2.3433e+000 -2.5282e-005  2.9197e+000  1.7172e+000 -2.2803e-005  3.3000e+000  3.3000e+000  3.2998e+000  3.7958e-001  3.2999e+000  3.3000e+000
 6.742190e-009  3.3000e+000  2.3433e+000 -2.0433e-005  2.9197e+000  1.7172e+000  3.1585e-005  3.3000e+000  3.3000e+000  3.2998e+000  3.7957e-001  3.2999e+000  3.3000e+000
 6.762190e-009  3.3000e+000  2.3433e+000 -2.4839e-005  2.9197e+000  1.7172e+000 -2.2710e-005  3.3000e+000  3.3000e+000  3.2998e+000  3.7958e-001  3.2999e+000  3.3000e+000
 6.782190e-009  3.3000e+000  2.3433e+000 -1.9997e-005  2.9197e+000  1.7172e+000  3.1620e-005  3.3000e+000  3.3000e+000  3.2998e+000  3.7957e-001  3.2999e+000  3.3000e+000
 6.802190e-009  3.3000e+000  2.3433e+000 -2.4405e-005  2.9197e+000  1.7172e+000 -2.2619e-005  3.3000e+000  3.3000e+000  3.2998e+000  3.7958e-001  3.2999e+000  3.3000e+000
 6.822190e-009  3.3000e+000  2.3433e+000 -1.9573e-005  2.9197e+000  1.7172e+000  3.1653e-005  3.3000e+000  3.3000e+000  3.2998e+000  3.7957e-001  3.2999e+000  3.3000e+000
 6.842190e-009  3.3000e+000  2.3433e+000 -2.3982e-005  2.9197e+000  1.7172e+000 -2.2529e-005  3.3000e+000  3.3000e+000  3.2998e+000  3.7958e-001  3.2999e+000  3.3000e+000
 6.862190e-009  3.3000e+000  2.3433e+000 -1.9159e-005  2.9197e+000  1.7172e+000  3.1683e-005  3.3000e+000  3.3000e+000  3.2998e+000  3.7957e-001  3.2999e+000  3.3000e+000
 6.882190e-009  3.3000e+000  2.3433e+000 -2.3570e-005  2.9197e+000  1.7172e+000 -2.2442e-005  3.3000e+000  3.3000e+000  3.2998e+000  3.7958e-001  3.2999e+000  3.3000e+000
 6.902190e-009  3.3000e+000  2.3433e+000 -1.8756e-005  2.9197e+000  1.7172e+000  3.1712e-005  3.3000e+000  3.3000e+000  3.2998e+000  3.7957e-001  3.2999e+000  3.3000e+000
 6.922190e-009  3.3000e+000  2.3433e+000 -2.3168e-005  2.9197e+000  1.7172e+000 -2.2356e-005  3.3000e+000  3.3000e+000  3.2998e+000  3.7958e-001  3.2999e+000  3.3000e+000
 6.942190e-009  3.3000e+000  2.3433e+000 -1.8364e-005  2.9197e+000  1.7172e+000  3.1739e-005  3.3000e+000  3.3000e+000  3.2998e+000  3.7957e-001  3.2999e+000  3.3000e+000
 6.962190e-009  3.3000e+000  2.3433e+000 -2.2775e-005  2.9197e+000  1.7172e+000 -2.2273e-005  3.3000e+000  3.3000e+000  3.2998e+000  3.7958e-001  3.2999e+000  3.3000e+000
 6.982190e-009  3.3000e+000  2.3433e+000 -1.7980e-005  2.9197e+000  1.7172e+000  3.1765e-005  3.3000e+000  3.3000e+000  3.2998e+000  3.7957e-001  3.2999e+000  3.3000e+000
 7.002190e-009  3.3000e+000  2.3433e+000 -2.2392e-005  2.9197e+000  1.7172e+000 -2.2190e-005  3.3000e+000  3.3000e+000  3.2998e+000  3.7958e-001  3.2999e+000  3.3000e+000
 7.022190e-009  3.3000e+000  2.3433e+000 -1.7606e-005  2.9197e+000  1.7172e+000  3.1788e-005  3.3000e+000  3.3000e+000  3.2998e+000  3.7957e-001  3.2999e+000  3.3000e+000
 7.042190e-009  3.3000e+000  2.3433e+000 -2.2018e-005  2.9197e+000  1.7172e+000 -2.2110e-005  3.3000e+000  3.3000e+000  3.2998e+000  3.7958e-001  3.2999e+000  3.3000e+000
 7.062190e-009  3.3000e+000  2.3433e+000 -1.7241e-005  2.9197e+000  1.7172e+000  3.1810e-005  3.3000e+000  3.3000e+000  3.2998e+000  3.7957e-001  3.2999e+000  3.3000e+000
 7.082190e-009  3.3000e+000  2.3433e+000 -2.1653e-005  2.9197e+000  1.7172e+000 -2.2031e-005  3.3000e+000  3.3000e+000  3.2998e+000  3.7958e-001  3.2999e+000  3.3000e+000
 7.102190e-009  3.3000e+000  2.3433e+000 -1.6885e-005  2.9197e+000  1.7172e+000  3.1831e-005  3.3000e+000  3.3000e+000  3.2998e+000  3.7957e-001  3.2999e+000  3.3000e+000
 7.122190e-009  3.3000e+000  2.3433e+000 -2.1296e-005  2.9197e+000  1.7172e+000 -2.1954e-005  3.3000e+000  3.3000e+000  3.2998e+000  3.7958e-001  3.2999e+000  3.3000e+000
 7.142190e-009  3.3000e+000  2.3433e+000 -1.6537e-005  2.9197e+000  1.7172e+000  3.1850e-005  3.3000e+000  3.3000e+000  3.2998e+000  3.7957e-001  3.2999e+000  3.3000e+000
 7.162190e-009  3.3000e+000  2.3433e+000 -2.0948e-005  2.9197e+000  1.7172e+000 -2.1878e-005  3.3000e+000  3.3000e+000  3.2998e+000  3.7958e-001  3.2999e+000  3.3000e+000
 7.182190e-009  3.3000e+000  2.3433e+000 -1.6197e-005  2.9197e+000  1.7172e+000  3.1867e-005  3.3000e+000  3.3000e+000  3.2998e+000  3.7957e-001  3.2999e+000  3.3000e+000
 7.202190e-009  3.3000e+000  2.3433e+000 -2.0607e-005  2.9197e+000  1.7172e+000 -2.1804e-005  3.3000e+000  3.3000e+000  3.2998e+000  3.7958e-001  3.2999e+000  3.3000e+000
 7.222190e-009  3.3000e+000  2.3433e+000 -1.5864e-005  2.9197e+000  1.7172e+000  3.1883e-005  3.3000e+000  3.3000e+000  3.2998e+000  3.7957e-001  3.2999e+000  3.3000e+000
 7.242190e-009  3.3000e+000  2.3433e+000 -2.0274e-005  2.9197e+000  1.7172e+000 -2.1731e-005  3.3000e+000  3.3000e+000  3.2998e+000  3.7958e-001  3.2999e+000  3.3000e+000
 7.262190e-009  3.3000e+000  2.3433e+000 -1.5540e-005  2.9197e+000  1.7172e+000  3.1898e-005  3.3000e+000  3.3000e+000  3.2998e+000  3.7957e-001  3.2999e+000  3.3000e+000
 7.282190e-009  3.3000e+000  2.3433e+000 -1.9948e-005  2.9197e+000  1.7172e+000 -2.1659e-005  3.3000e+000  3.3000e+000  3.2998e+000  3.7958e-001  3.2999e+000  3.3000e+000
 7.302190e-009  3.3000e+000  2.3433e+000 -1.5222e-005  2.9197e+000  1.7172e+000  3.1912e-005  3.3000e+000  3.3000e+000  3.2998e+000  3.7957e-001  3.2999e+000  3.3000e+000
 7.322190e-009  3.3000e+000  2.3433e+000 -1.9629e-005  2.9197e+000  1.7172e+000 -2.1588e-005  3.3000e+000  3.3000e+000  3.2998e+000  3.7958e-001  3.2999e+000  3.3000e+000
 7.342190e-009  3.3000e+000  2.3433e+000 -1.4912e-005  2.9197e+000  1.7172e+000  3.1924e-005  3.3000e+000  3.3000e+000  3.2998e+000  3.7957e-001  3.2999e+000  3.3000e+000
 7.362190e-009  3.3000e+000  2.3433e+000 -1.9317e-005  2.9197e+000  1.7172e+000 -2.1519e-005  3.3000e+000  3.3000e+000  3.2998e+000  3.7958e-001  3.2999e+000  3.3000e+000
 7.382190e-009  3.3000e+000  2.3433e+000 -1.4608e-005  2.9197e+000  1.7172e+000  3.1936e-005  3.3000e+000  3.3000e+000  3.2998e+000  3.7957e-001  3.2999e+000  3.3000e+000
 7.402190e-009  3.3000e+000  2.3433e+000 -1.9012e-005  2.9197e+000  1.7172e+000 -2.1451e-005  3.3000e+000  3.3000e+000  3.2998e+000  3.7958e-001  3.2999e+000  3.3000e+000
 7.422190e-009  3.3000e+000  2.3433e+000 -1.4311e-005  2.9197e+000  1.7172e+000  3.1946e-005  3.3000e+000  3.3000e+000  3.2998e+000  3.7957e-001  3.2999e+000  3.3000e+000
 7.442190e-009  3.3000e+000  2.3433e+000 -1.8714e-005  2.9197e+000  1.7172e+000 -2.1384e-005  3.3000e+000  3.3000e+000  3.2998e+000  3.7958e-001  3.2999e+000  3.3000e+000
 7.462190e-009  3.3000e+000  2.3433e+000 -1.4020e-005  2.9197e+000  1.7172e+000  3.1955e-005  3.3000e+000  3.3000e+000  3.2998e+000  3.7957e-001  3.2999e+000  3.3000e+000
 7.482190e-009  3.3000e+000  2.3433e+000 -1.8421e-005  2.9197e+000  1.7172e+000 -2.1318e-005  3.3000e+000  3.3000e+000  3.2998e+000  3.7958e-001  3.2999e+000  3.3000e+000
 7.502190e-009  3.3000e+000  2.3433e+000 -1.3736e-005  2.9197e+000  1.7172e+000  3.1963e-005  3.3000e+000  3.3000e+000  3.2998e+000  3.7957e-001  3.2999e+000  3.3000e+000
 7.522190e-009  3.3000e+000  2.3433e+000 -1.8135e-005  2.9197e+000  1.7172e+000 -2.1254e-005  3.3000e+000  3.3000e+000  3.2998e+000  3.7958e-001  3.2999e+000  3.3000e+000
 7.542190e-009  3.3000e+000  2.3433e+000 -1.3457e-005  2.9197e+000  1.7172e+000  3.1970e-005  3.3000e+000  3.3000e+000  3.2998e+000  3.7957e-001  3.2999e+000  3.3000e+000
 7.562190e-009  3.3000e+000  2.3433e+000 -1.7854e-005  2.9197e+000  1.7172e+000 -2.1190e-005  3.3000e+000  3.3000e+000  3.2998e+000  3.7958e-001  3.2999e+000  3.3000e+000
 7.582190e-009  3.3000e+000  2.3433e+000 -1.3184e-005  2.9197e+000  1.7172e+000  3.1976e-005  3.3000e+000  3.3000e+000  3.2998e+000  3.7957e-001  3.2999e+000  3.3000e+000
 7.602190e-009  3.3000e+000  2.3433e+000 -1.7580e-005  2.9197e+000  1.7172e+000 -2.1127e-005  3.3000e+000  3.3000e+000  3.2998e+000  3.7958e-001  3.2999e+000  3.3000e+000
 7.622190e-009  3.3000e+000  2.3433e+000 -1.2917e-005  2.9197e+000  1.7172e+000  3.1981e-005  3.3000e+000  3.3000e+000  3.2998e+000  3.7957e-001  3.2999e+000  3.3000e+000
 7.642190e-009  3.3000e+000  2.3433e+000 -1.7310e-005  2.9197e+000  1.7172e+000 -2.1066e-005  3.3000e+000  3.3000e+000  3.2998e+000  3.7958e-001  3.2999e+000  3.3000e+000
 7.662190e-009  3.3000e+000  2.3433e+000 -1.2656e-005  2.9197e+000  1.7172e+000  3.1985e-005  3.3000e+000  3.3000e+000  3.2998e+000  3.7957e-001  3.2999e+000  3.3000e+000
 7.682190e-009  3.3000e+000  2.3433e+000 -1.7047e-005  2.9197e+000  1.7172e+000 -2.1005e-005  3.3000e+000  3.3000e+000  3.2998e+000  3.7958e-001  3.2999e+000  3.3000e+000
 7.702190e-009  3.3000e+000  2.3433e+000 -1.2399e-005  2.9197e+000  1.7172e+000  3.1988e-005  3.3000e+000  3.3000e+000  3.2998e+000  3.7957e-001  3.2999e+000  3.3000e+000
 7.722190e-009  3.3000e+000  2.3433e+000 -1.6788e-005  2.9197e+000  1.7172e+000 -2.0945e-005  3.3000e+000  3.3000e+000  3.2998e+000  3.7958e-001  3.2999e+000  3.3000e+000
 7.742190e-009  3.3000e+000  2.3433e+000 -1.2148e-005  2.9197e+000  1.7172e+000  3.1990e-005  3.3000e+000  3.3000e+000  3.2998e+000  3.7957e-001  3.2999e+000  3.3000e+000
 7.762190e-009  3.3000e+000  2.3433e+000 -1.6534e-005  2.9197e+000  1.7172e+000 -2.0886e-005  3.3000e+000  3.3000e+000  3.2998e+000  3.7958e-001  3.2999e+000  3.3000e+000
 7.782190e-009  3.3000e+000  2.3433e+000 -1.1902e-005  2.9197e+000  1.7172e+000  3.1992e-005  3.3000e+000  3.3000e+000  3.2998e+000  3.7957e-001  3.2999e+000  3.3000e+000
 7.802190e-009  3.3000e+000  2.3433e+000 -1.6285e-005  2.9197e+000  1.7172e+000 -2.0828e-005  3.3000e+000  3.3000e+000  3.2998e+000  3.7958e-001  3.2999e+000  3.3000e+000
 7.822190e-009  3.3000e+000  2.3433e+000 -1.1660e-005  2.9197e+000  1.7172e+000  3.1993e-005  3.3000e+000  3.3000e+000  3.2998e+000  3.7957e-001  3.2999e+000  3.3000e+000
 7.842190e-009  3.3000e+000  2.3433e+000 -1.6042e-005  2.9197e+000  1.7172e+000 -2.0771e-005  3.3000e+000  3.3000e+000  3.2998e+000  3.7958e-001  3.2999e+000  3.3000e+000
 7.862190e-009  3.3000e+000  2.3433e+000 -1.1424e-005  2.9197e+000  1.7172e+000  3.1993e-005  3.3000e+000  3.3000e+000  3.2998e+000  3.7957e-001  3.2999e+000  3.3000e+000
 7.882190e-009  3.3000e+000  2.3433e+000 -1.5802e-005  2.9197e+000  1.7172e+000 -2.0715e-005  3.3000e+000  3.3000e+000  3.2998e+000  3.7958e-001  3.2999e+000  3.3000e+000
 7.902190e-009  3.3000e+000  2.3433e+000 -1.1192e-005  2.9197e+000  1.7172e+000  3.1992e-005  3.3000e+000  3.3000e+000  3.2998e+000  3.7957e-001  3.2999e+000  3.3000e+000
 7.922190e-009  3.3000e+000  2.3433e+000 -1.5567e-005  2.9197e+000  1.7172e+000 -2.0659e-005  3.3000e+000  3.3000e+000  3.2998e+000  3.7958e-001  3.2999e+000  3.3000e+000
 7.942190e-009  3.3000e+000  2.3433e+000 -1.0964e-005  2.9197e+000  1.7172e+000  3.1990e-005  3.3000e+000  3.3000e+000  3.2998e+000  3.7957e-001  3.2999e+000  3.3000e+000
 7.962190e-009  3.3000e+000  2.3433e+000 -1.5337e-005  2.9197e+000  1.7172e+000 -2.0604e-005  3.3000e+000  3.3000e+000  3.2998e+000  3.7958e-001  3.2999e+000  3.3000e+000
 7.982190e-009  3.3000e+000  2.3433e+000 -1.0741e-005  2.9197e+000  1.7172e+000  3.1988e-005  3.3000e+000  3.3000e+000  3.2998e+000  3.7957e-001  3.2999e+000  3.3000e+000
 8.002190e-009  3.3000e+000  2.3433e+000 -1.5111e-005  2.9197e+000  1.7172e+000 -2.0550e-005  3.3000e+000  3.3000e+000  3.2998e+000  3.7958e-001  3.2999e+000  3.3000e+000
 8.022190e-009  3.3000e+000  2.3433e+000 -1.0521e-005  2.9197e+000  1.7172e+000  3.1985e-005  3.3000e+000  3.3000e+000  3.2998e+000  3.7957e-001  3.2999e+000  3.3000e+000
 8.042190e-009  3.3000e+000  2.3433e+000 -1.4889e-005  2.9197e+000  1.7172e+000 -2.0497e-005  3.3000e+000  3.3000e+000  3.2998e+000  3.7958e-001  3.2999e+000  3.3000e+000
 8.062190e-009  3.3000e+000  2.3433e+000 -1.0306e-005  2.9197e+000  1.7172e+000  3.1982e-005  3.3000e+000  3.3000e+000  3.2998e+000  3.7957e-001  3.2999e+000  3.3000e+000
 8.082190e-009  3.3000e+000  2.3433e+000 -1.4670e-005  2.9197e+000  1.7172e+000 -2.0444e-005  3.3000e+000  3.3000e+000  3.2998e+000  3.7958e-001  3.2999e+000  3.3000e+000
 8.102190e-009  3.3000e+000  2.3433e+000 -1.0095e-005  2.9197e+000  1.7172e+000  3.1977e-005  3.3000e+000  3.3000e+000  3.2998e+000  3.7957e-001  3.2999e+000  3.3000e+000
 8.122190e-009  3.3000e+000  2.3433e+000 -1.4456e-005  2.9197e+000  1.7172e+000 -2.0392e-005  3.3000e+000  3.3000e+000  3.2998e+000  3.7958e-001  3.2999e+000  3.3000e+000
 8.142190e-009  3.3000e+000  2.3433e+000 -9.8878e-006  2.9197e+000  1.7172e+000  3.1973e-005  3.3000e+000  3.3000e+000  3.2998e+000  3.7957e-001  3.2999e+000  3.3000e+000
 8.162190e-009  3.3000e+000  2.3433e+000 -1.4246e-005  2.9197e+000  1.7172e+000 -2.0341e-005  3.3000e+000  3.3000e+000  3.2998e+000  3.7958e-001  3.2999e+000  3.3000e+000
 8.182190e-009  3.3000e+000  2.3433e+000 -9.6842e-006  2.9197e+000  1.7172e+000  3.1967e-005  3.3000e+000  3.3000e+000  3.2998e+000  3.7957e-001  3.2999e+000  3.3000e+000
 8.202190e-009  3.3000e+000  2.3433e+000 -1.4039e-005  2.9197e+000  1.7172e+000 -2.0290e-005  3.3000e+000  3.3000e+000  3.2998e+000  3.7958e-001  3.2999e+000  3.3000e+000
 8.222190e-009  3.3000e+000  2.3433e+000 -9.4844e-006  2.9197e+000  1.7172e+000  3.1961e-005  3.3000e+000  3.3000e+000  3.2998e+000  3.7957e-001  3.2999e+000  3.3000e+000
 8.242190e-009  3.3000e+000  2.3433e+000 -1.3836e-005  2.9197e+000  1.7172e+000 -2.0240e-005  3.3000e+000  3.3000e+000  3.2998e+000  3.7958e-001  3.2999e+000  3.3000e+000
 8.262190e-009  3.3000e+000  2.3433e+000 -9.2881e-006  2.9197e+000  1.7172e+000  3.1955e-005  3.3000e+000  3.3000e+000  3.2998e+000  3.7957e-001  3.2999e+000  3.3000e+000
 8.282190e-009  3.3000e+000  2.3433e+000 -1.3637e-005  2.9197e+000  1.7172e+000 -2.0190e-005  3.3000e+000  3.3000e+000  3.2998e+000  3.7958e-001  3.2999e+000  3.3000e+000
 8.302190e-009  3.3000e+000  2.3433e+000 -9.0952e-006  2.9197e+000  1.7172e+000  3.1948e-005  3.3000e+000  3.3000e+000  3.2998e+000  3.7957e-001  3.2999e+000  3.3000e+000
 8.322190e-009  3.3000e+000  2.3433e+000 -1.3441e-005  2.9197e+000  1.7172e+000 -2.0142e-005  3.3000e+000  3.3000e+000  3.2998e+000  3.7958e-001  3.2999e+000  3.3000e+000
 8.342190e-009  3.3000e+000  2.3433e+000 -8.9058e-006  2.9197e+000  1.7172e+000  3.1940e-005  3.3000e+000  3.3000e+000  3.2998e+000  3.7957e-001  3.2999e+000  3.3000e+000
 8.362190e-009  3.3000e+000  2.3433e+000 -1.3248e-005  2.9197e+000  1.7172e+000 -2.0093e-005  3.3000e+000  3.3000e+000  3.2998e+000  3.7958e-001  3.2999e+000  3.3000e+000
 8.382190e-009  3.3000e+000  2.3433e+000 -8.7196e-006  2.9197e+000  1.7172e+000  3.1932e-005  3.3000e+000  3.3000e+000  3.2998e+000  3.7957e-001  3.2999e+000  3.3000e+000
 8.402190e-009  3.3000e+000  2.3433e+000 -1.3059e-005  2.9197e+000  1.7172e+000 -2.0046e-005  3.3000e+000  3.3000e+000  3.2998e+000  3.7958e-001  3.2999e+000  3.3000e+000
 8.422190e-009  3.3000e+000  2.3433e+000 -8.5366e-006  2.9197e+000  1.7172e+000  3.1924e-005  3.3000e+000  3.3000e+000  3.2998e+000  3.7957e-001  3.2999e+000  3.3000e+000
 8.442190e-009  3.3000e+000  2.3433e+000 -1.2872e-005  2.9197e+000  1.7172e+000 -1.9998e-005  3.3000e+000  3.3000e+000  3.2998e+000  3.7958e-001  3.2999e+000  3.3000e+000
 8.462190e-009  3.3000e+000  2.3433e+000 -8.3568e-006  2.9197e+000  1.7172e+000  3.1914e-005  3.3000e+000  3.3000e+000  3.2998e+000  3.7957e-001  3.2999e+000  3.3000e+000
 8.482190e-009  3.3000e+000  2.3433e+000 -1.2689e-005  2.9197e+000  1.7172e+000 -1.9952e-005  3.3000e+000  3.3000e+000  3.2998e+000  3.7958e-001  3.2999e+000  3.3000e+000
 8.502190e-009  3.3000e+000  2.3433e+000 -8.1800e-006  2.9197e+000  1.7172e+000  3.1905e-005  3.3000e+000  3.3000e+000  3.2998e+000  3.7957e-001  3.2999e+000  3.3000e+000
 8.522190e-009  3.3000e+000  2.3433e+000 -1.2509e-005  2.9197e+000  1.7172e+000 -1.9906e-005  3.3000e+000  3.3000e+000  3.2998e+000  3.7958e-001  3.2999e+000  3.3000e+000
 8.542190e-009  3.3000e+000  2.3433e+000 -8.0062e-006  2.9197e+000  1.7172e+000  3.1895e-005  3.3000e+000  3.3000e+000  3.2998e+000  3.7957e-001  3.2999e+000  3.3000e+000
 8.562190e-009  3.3000e+000  2.3433e+000 -1.2332e-005  2.9197e+000  1.7172e+000 -1.9860e-005  3.3000e+000  3.3000e+000  3.2998e+000  3.7958e-001  3.2999e+000  3.3000e+000
 8.582190e-009  3.3000e+000  2.3433e+000 -7.8353e-006  2.9197e+000  1.7172e+000  3.1885e-005  3.3000e+000  3.3000e+000  3.2998e+000  3.7957e-001  3.2999e+000  3.3000e+000
 8.602190e-009  3.3000e+000  2.3433e+000 -1.2157e-005  2.9197e+000  1.7172e+000 -1.9815e-005  3.3000e+000  3.3000e+000  3.2998e+000  3.7958e-001  3.2999e+000  3.3000e+000
 8.622190e-009  3.3000e+000  2.3433e+000 -7.6673e-006  2.9197e+000  1.7172e+000  3.1874e-005  3.3000e+000  3.3000e+000  3.2998e+000  3.7957e-001  3.2999e+000  3.3000e+000
 8.642190e-009  3.3000e+000  2.3433e+000 -1.1986e-005  2.9197e+000  1.7172e+000 -1.9770e-005  3.3000e+000  3.3000e+000  3.2998e+000  3.7958e-001  3.2999e+000  3.3000e+000
 8.662190e-009  3.3000e+000  2.3433e+000 -7.5020e-006  2.9197e+000  1.7172e+000  3.1863e-005  3.3000e+000  3.3000e+000  3.2998e+000  3.7957e-001  3.2999e+000  3.3000e+000
 8.682190e-009  3.3000e+000  2.3433e+000 -1.1817e-005  2.9197e+000  1.7172e+000 -1.9726e-005  3.3000e+000  3.3000e+000  3.2998e+000  3.7958e-001  3.2999e+000  3.3000e+000
 8.702190e-009  3.3000e+000  2.3433e+000 -7.3393e-006  2.9197e+000  1.7172e+000  3.1851e-005  3.3000e+000  3.3000e+000  3.2998e+000  3.7957e-001  3.2999e+000  3.3000e+000
 8.722190e-009  3.3000e+000  2.3433e+000 -1.1651e-005  2.9197e+000  1.7172e+000 -1.9683e-005  3.3000e+000  3.3000e+000  3.2998e+000  3.7958e-001  3.2999e+000  3.3000e+000
 8.742190e-009  3.3000e+000  2.3433e+000 -7.1794e-006  2.9197e+000  1.7172e+000  3.1839e-005  3.3000e+000  3.3000e+000  3.2998e+000  3.7957e-001  3.2999e+000  3.3000e+000
 8.762190e-009  3.3000e+000  2.3433e+000 -1.1487e-005  2.9197e+000  1.7172e+000 -1.9640e-005  3.3000e+000  3.3000e+000  3.2998e+000  3.7958e-001  3.2999e+000  3.3000e+000
 8.782190e-009  3.3000e+000  2.3433e+000 -7.0220e-006  2.9197e+000  1.7172e+000  3.1826e-005  3.3000e+000  3.3000e+000  3.2998e+000  3.7957e-001  3.2999e+000  3.3000e+000
 8.802190e-009  3.3000e+000  2.3433e+000 -1.1327e-005  2.9197e+000  1.7172e+000 -1.9597e-005  3.3000e+000  3.3000e+000  3.2998e+000  3.7958e-001  3.2999e+000  3.3000e+000
 8.822190e-009  3.3000e+000  2.3433e+000 -6.8671e-006  2.9197e+000  1.7172e+000  3.1814e-005  3.3000e+000  3.3000e+000  3.2998e+000  3.7957e-001  3.2999e+000  3.3000e+000
 8.842190e-009  3.3000e+000  2.3433e+000 -1.1168e-005  2.9197e+000  1.7172e+000 -1.9554e-005  3.3000e+000  3.3000e+000  3.2998e+000  3.7958e-001  3.2999e+000  3.3000e+000
 8.862190e-009  3.3000e+000  2.3433e+000 -6.7146e-006  2.9197e+000  1.7172e+000  3.1801e-005  3.3000e+000  3.3000e+000  3.2998e+000  3.7957e-001  3.2999e+000  3.3000e+000
 8.882190e-009  3.3000e+000  2.3433e+000 -1.1012e-005  2.9197e+000  1.7172e+000 -1.9513e-005  3.3000e+000  3.3000e+000  3.2998e+000  3.7958e-001  3.2999e+000  3.3000e+000
 8.902190e-009  3.3000e+000  2.3433e+000 -6.5646e-006  2.9197e+000  1.7172e+000  3.1787e-005  3.3000e+000  3.3000e+000  3.2998e+000  3.7957e-001  3.2999e+000  3.3000e+000
 8.922190e-009  3.3000e+000  2.3433e+000 -1.0859e-005  2.9197e+000  1.7172e+000 -1.9471e-005  3.3000e+000  3.3000e+000  3.2998e+000  3.7958e-001  3.2999e+000  3.3000e+000
 8.942190e-009  3.3000e+000  2.3433e+000 -6.4168e-006  2.9197e+000  1.7172e+000  3.1773e-005  3.3000e+000  3.3000e+000  3.2998e+000  3.7957e-001  3.2999e+000  3.3000e+000
 8.962190e-009  3.3000e+000  2.3433e+000 -1.0707e-005  2.9197e+000  1.7172e+000 -1.9430e-005  3.3000e+000  3.3000e+000  3.2998e+000  3.7958e-001  3.2999e+000  3.3000e+000
 8.982190e-009  3.3000e+000  2.3433e+000 -6.2714e-006  2.9197e+000  1.7172e+000  3.1759e-005  3.3000e+000  3.3000e+000  3.2998e+000  3.7957e-001  3.2999e+000  3.3000e+000
 9.002190e-009  3.3000e+000  2.3433e+000 -1.0558e-005  2.9197e+000  1.7172e+000 -1.9389e-005  3.3000e+000  3.3000e+000  3.2998e+000  3.7958e-001  3.2999e+000  3.3000e+000
 9.022190e-009  3.3000e+000  2.3433e+000 -6.1282e-006  2.9197e+000  1.7172e+000  3.1745e-005  3.3000e+000  3.3000e+000  3.2998e+000  3.7957e-001  3.2999e+000  3.3000e+000
 9.042190e-009  3.3000e+000  2.3433e+000 -1.0411e-005  2.9197e+000  1.7172e+000 -1.9349e-005  3.3000e+000  3.3000e+000  3.2998e+000  3.7958e-001  3.2999e+000  3.3000e+000
 9.062190e-009  3.3000e+000  2.3433e+000 -5.9872e-006  2.9197e+000  1.7172e+000  3.1730e-005  3.3000e+000  3.3000e+000  3.2998e+000  3.7957e-001  3.2999e+000  3.3000e+000
 9.082190e-009  3.3000e+000  2.3433e+000 -1.0267e-005  2.9197e+000  1.7172e+000 -1.9309e-005  3.3000e+000  3.3000e+000  3.2998e+000  3.7958e-001  3.2999e+000  3.3000e+000
 9.102190e-009  3.3000e+000  2.3433e+000 -5.8484e-006  2.9197e+000  1.7172e+000  3.1715e-005  3.3000e+000  3.3000e+000  3.2998e+000  3.7957e-001  3.2999e+000  3.3000e+000
 9.122190e-009  3.3000e+000  2.3433e+000 -1.0124e-005  2.9197e+000  1.7172e+000 -1.9269e-005  3.3000e+000  3.3000e+000  3.2998e+000  3.7958e-001  3.2999e+000  3.3000e+000
 9.142190e-009  3.3000e+000  2.3433e+000 -5.7116e-006  2.9197e+000  1.7172e+000  3.1700e-005  3.3000e+000  3.3000e+000  3.2998e+000  3.7957e-001  3.2999e+000  3.3000e+000
 9.162190e-009  3.3000e+000  2.3433e+000 -9.9840e-006  2.9197e+000  1.7172e+000 -1.9230e-005  3.3000e+000  3.3000e+000  3.2998e+000  3.7958e-001  3.2999e+000  3.3000e+000
 9.182190e-009  3.3000e+000  2.3433e+000 -5.5768e-006  2.9197e+000  1.7172e+000  3.1684e-005  3.3000e+000  3.3000e+000  3.2998e+000  3.7957e-001  3.2999e+000  3.3000e+000
 9.202190e-009  3.3000e+000  2.3433e+000 -9.8457e-006  2.9197e+000  1.7172e+000 -1.9191e-005  3.3000e+000  3.3000e+000  3.2998e+000  3.7958e-001  3.2999e+000  3.3000e+000
 9.222190e-009  3.3000e+000  2.3433e+000 -5.4441e-006  2.9197e+000  1.7172e+000  3.1668e-005  3.3000e+000  3.3000e+000  3.2998e+000  3.7957e-001  3.2999e+000  3.3000e+000
 9.242190e-009  3.3000e+000  2.3433e+000 -9.7094e-006  2.9197e+000  1.7172e+000 -1.9153e-005  3.3000e+000  3.3000e+000  3.2998e+000  3.7958e-001  3.2999e+000  3.3000e+000
 9.262190e-009  3.3000e+000  2.3433e+000 -5.3133e-006  2.9197e+000  1.7172e+000  3.1652e-005  3.3000e+000  3.3000e+000  3.2998e+000  3.7957e-001  3.2999e+000  3.3000e+000
 9.282190e-009  3.3000e+000  2.3433e+000 -9.5750e-006  2.9197e+000  1.7172e+000 -1.9115e-005  3.3000e+000  3.3000e+000  3.2998e+000  3.7958e-001  3.2999e+000  3.3000e+000
 9.302190e-009  3.3000e+000  2.3433e+000 -5.1845e-006  2.9197e+000  1.7172e+000  3.1635e-005  3.3000e+000  3.3000e+000  3.2998e+000  3.7957e-001  3.2999e+000  3.3000e+000
 9.322190e-009  3.3000e+000  2.3433e+000 -9.4425e-006  2.9197e+000  1.7172e+000 -1.9077e-005  3.3000e+000  3.3000e+000  3.2998e+000  3.7958e-001  3.2999e+000  3.3000e+000
 9.342190e-009  3.3000e+000  2.3433e+000 -5.0575e-006  2.9197e+000  1.7172e+000  3.1619e-005  3.3000e+000  3.3000e+000  3.2998e+000  3.7957e-001  3.2999e+000  3.3000e+000
 9.362190e-009  3.3000e+000  2.3433e+000 -9.3119e-006  2.9197e+000  1.7172e+000 -1.9039e-005  3.3000e+000  3.3000e+000  3.2998e+000  3.7958e-001  3.2999e+000  3.3000e+000
 9.382190e-009  3.3000e+000  2.3433e+000 -4.9323e-006  2.9197e+000  1.7172e+000  3.1602e-005  3.3000e+000  3.3000e+000  3.2998e+000  3.7957e-001  3.2999e+000  3.3000e+000
 9.402190e-009  3.3000e+000  2.3433e+000 -9.1832e-006  2.9197e+000  1.7172e+000 -1.9002e-005  3.3000e+000  3.3000e+000  3.2998e+000  3.7958e-001  3.2999e+000  3.3000e+000
 9.422190e-009  3.3000e+000  2.3433e+000 -4.8090e-006  2.9197e+000  1.7172e+000  3.1585e-005  3.3000e+000  3.3000e+000  3.2998e+000  3.7957e-001  3.2999e+000  3.3000e+000
 9.442190e-009  3.3000e+000  2.3433e+000 -9.0562e-006  2.9197e+000  1.7172e+000 -1.8965e-005  3.3000e+000  3.3000e+000  3.2998e+000  3.7958e-001  3.2999e+000  3.3000e+000
 9.462190e-009  3.3000e+000  2.3433e+000 -4.6873e-006  2.9197e+000  1.7172e+000  3.1567e-005  3.3000e+000  3.3000e+000  3.2998e+000  3.7957e-001  3.2999e+000  3.3000e+000
 9.482190e-009  3.3000e+000  2.3433e+000 -8.9310e-006  2.9197e+000  1.7172e+000 -1.8929e-005  3.3000e+000  3.3000e+000  3.2998e+000  3.7958e-001  3.2999e+000  3.3000e+000
 9.502190e-009  3.3000e+000  2.3433e+000 -4.5675e-006  2.9197e+000  1.7172e+000  3.1550e-005  3.3000e+000  3.3000e+000  3.2998e+000  3.7957e-001  3.2999e+000  3.3000e+000
 9.522190e-009  3.3000e+000  2.3433e+000 -8.8076e-006  2.9197e+000  1.7172e+000 -1.8893e-005  3.3000e+000  3.3000e+000  3.2998e+000  3.7958e-001  3.2999e+000  3.3000e+000
 9.542190e-009  3.3000e+000  2.3433e+000 -4.4493e-006  2.9197e+000  1.7172e+000  3.1532e-005  3.3000e+000  3.3000e+000  3.2998e+000  3.7957e-001  3.2999e+000  3.3000e+000
 9.562190e-009  3.3000e+000  2.3433e+000 -8.6858e-006  2.9197e+000  1.7172e+000 -1.8857e-005  3.3000e+000  3.3000e+000  3.2998e+000  3.7958e-001  3.2999e+000  3.3000e+000
 9.582190e-009  3.3000e+000  2.3433e+000 -4.3327e-006  2.9197e+000  1.7172e+000  3.1514e-005  3.3000e+000  3.3000e+000  3.2998e+000  3.7957e-001  3.2999e+000  3.3000e+000
 9.602190e-009  3.3000e+000  2.3433e+000 -8.5657e-006  2.9197e+000  1.7172e+000 -1.8821e-005  3.3000e+000  3.3000e+000  3.2998e+000  3.7958e-001  3.2999e+000  3.3000e+000
 9.622190e-009  3.3000e+000  2.3433e+000 -4.2178e-006  2.9197e+000  1.7172e+000  3.1495e-005  3.3000e+000  3.3000e+000  3.2998e+000  3.7957e-001  3.2999e+000  3.3000e+000
 9.642190e-009  3.3000e+000  2.3433e+000 -8.4472e-006  2.9197e+000  1.7172e+000 -1.8785e-005  3.3000e+000  3.3000e+000  3.2998e+000  3.7958e-001  3.2999e+000  3.3000e+000
 9.662190e-009  3.3000e+000  2.3433e+000 -4.1044e-006  2.9197e+000  1.7172e+000  3.1477e-005  3.3000e+000  3.3000e+000  3.2998e+000  3.7957e-001  3.2999e+000  3.3000e+000
 9.682190e-009  3.3000e+000  2.3433e+000 -8.3303e-006  2.9197e+000  1.7172e+000 -1.8750e-005  3.3000e+000  3.3000e+000  3.2998e+000  3.7958e-001  3.2999e+000  3.3000e+000
 9.702190e-009  3.3000e+000  2.3433e+000 -3.9926e-006  2.9197e+000  1.7172e+000  3.1458e-005  3.3000e+000  3.3000e+000  3.2998e+000  3.7957e-001  3.2999e+000  3.3000e+000
 9.722190e-009  3.3000e+000  2.3433e+000 -8.2150e-006  2.9197e+000  1.7172e+000 -1.8715e-005  3.3000e+000  3.3000e+000  3.2998e+000  3.7958e-001  3.2999e+000  3.3000e+000
 9.742190e-009  3.3000e+000  2.3433e+000 -3.8824e-006  2.9197e+000  1.7172e+000  3.1439e-005  3.3000e+000  3.3000e+000  3.2998e+000  3.7957e-001  3.2999e+000  3.3000e+000
 9.762190e-009  3.3000e+000  2.3433e+000 -8.1011e-006  2.9197e+000  1.7172e+000 -1.8681e-005  3.3000e+000  3.3000e+000  3.2998e+000  3.7958e-001  3.2999e+000  3.3000e+000
 9.782190e-009  3.3000e+000  2.3433e+000 -3.7736e-006  2.9197e+000  1.7172e+000  3.1420e-005  3.3000e+000  3.3000e+000  3.2998e+000  3.7957e-001  3.2999e+000  3.3000e+000
 9.802190e-009  3.3000e+000  2.3433e+000 -7.9888e-006  2.9197e+000  1.7172e+000 -1.8647e-005  3.3000e+000  3.3000e+000  3.2998e+000  3.7958e-001  3.2999e+000  3.3000e+000
 9.822190e-009  3.3000e+000  2.3433e+000 -3.6663e-006  2.9197e+000  1.7172e+000  3.1401e-005  3.3000e+000  3.3000e+000  3.2998e+000  3.7957e-001  3.2999e+000  3.3000e+000
 9.842190e-009  3.3000e+000  2.3433e+000 -7.8780e-006  2.9197e+000  1.7172e+000 -1.8612e-005  3.3000e+000  3.3000e+000  3.2998e+000  3.7958e-001  3.2999e+000  3.3000e+000
 9.862190e-009  3.3000e+000  2.3433e+000 -3.5604e-006  2.9197e+000  1.7172e+000  3.1382e-005  3.3000e+000  3.3000e+000  3.2998e+000  3.7957e-001  3.2999e+000  3.3000e+000
 9.882190e-009  3.3000e+000  2.3433e+000 -7.7686e-006  2.9197e+000  1.7172e+000 -1.8579e-005  3.3000e+000  3.3000e+000  3.2998e+000  3.7958e-001  3.2999e+000  3.3000e+000
 9.902190e-009  3.3000e+000  2.3433e+000 -3.4559e-006  2.9197e+000  1.7172e+000  3.1362e-005  3.3000e+000  3.3000e+000  3.2998e+000  3.7957e-001  3.2999e+000  3.3000e+000
 9.922190e-009  3.3000e+000  2.3433e+000 -7.6606e-006  2.9197e+000  1.7172e+000 -1.8545e-005  3.3000e+000  3.3000e+000  3.2998e+000  3.7958e-001  3.2999e+000  3.3000e+000
 9.942190e-009  3.3000e+000  2.3433e+000 -3.3528e-006  2.9197e+000  1.7172e+000  3.1342e-005  3.3000e+000  3.3000e+000  3.2998e+000  3.7957e-001  3.2999e+000  3.3000e+000
 9.962190e-009  3.3000e+000  2.3433e+000 -7.5541e-006  2.9197e+000  1.7172e+000 -1.8512e-005  3.3000e+000  3.3000e+000  3.2998e+000  3.7958e-001  3.2999e+000  3.3000e+000
 9.982190e-009  3.3000e+000  2.3433e+000 -3.2511e-006  2.9197e+000  1.7172e+000  3.1323e-005  3.3000e+000  3.3000e+000  3.2998e+000  3.7957e-001  3.2999e+000  3.3000e+000
 1.000000e-008  3.3000e+000  2.3433e+000 -7.1251e-006  2.9197e+000  1.7172e+000 -1.7871e-005  3.3000e+000  3.3000e+000  3.2998e+000  3.7958e-001  3.2999e+000  3.3000e+000
*

* Parsing                      0.01 seconds
* Setup                        0.03 seconds
* DC operating point           0.01 seconds
* Transient Analysis           0.20 seconds
* Overhead                     0.57 seconds
* -----------------------------------------
* Total                        0.81 seconds

* Simulation completed	with  8 Warnings

* End of T-Spice output file
