* T-Spice 13.00 Simulation	Sun Feb 03 15:57:48 2019	C:\Users\makif\Google Drive\TEZ ÇALIÞMAM\çizim\Counter_TDC\Counter_TDC\dff_deneme.sp
* Command line: tspice -o "C:\Users\makif\Google Drive\TEZ ÇALIÞMAM\çizim\Counter_TDC\Counter_TDC\dff_deneme.out" "C:\Users\makif\Google Drive\TEZ ÇALIÞMAM\çizim\Counter_TDC\Counter_TDC\dff_deneme.sp" 
* T-Spice Win32 13.00.20080321.01:01:33
* Warning : "130nm.md" line 1 Invalid binned model NMOS
*         : "130nm.md" line 1 Binned models must define LMIN, LMAX, WMIN, and WMAX, and have a name suffix of .# (e.g. nch.1)
* Warning : "130nm.md" line 142 Invalid binned model PMOS
*         : "130nm.md" line 142 Binned models must define LMIN, LMAX, WMIN, and WMAX, and have a name suffix of .# (e.g. nch.1)
* Warning : Device XDFFC_1.MN1 - Acde = 0.3 is too small.
* Warning : Device XDFFC_1.MN27 - Acde = 0.3 is too small.
* Warning : Device XDFFC_1.MN11 - Acde = 0.3 is too small.

*SEDIT: Alter blocks = 0

* Accuracy and Convergence options:
* numndset|dchold = 100
* 
* Timestep and Integration options:
*  relq|relchgtol = 0.0005
* 
* Model Evaluation options:
*            dcap = 2                    defnrb = 0 [sq]               defnrd = 0 [sq]
*          defnrs = 0 [sq]                 tnom = 25 [deg C]
* 
* General options:
*            temp = 25 [deg C]          threads = 8
* 
* Output options:
*           acout = 1                    ingold = 0
* 


*  Device and node counts:
*             MOSFETs - 59                MOSFET geometries - 26      
*                BJTs - 0                             JFETs - 0       
*             MESFETs - 0                            Diodes - 0       
*          Capacitors - 0                         Resistors - 0       
*           Inductors - 0                  Mutual inductors - 0       
*  Transmission lines - 0        Coupled transmission lines - 0       
*     Voltage sources - 3                   Current sources - 0       
*                VCVS - 0                              VCCS - 0       
*                CCVS - 0                              CCCS - 0       
*    V-control switch - 0                  I-control switch - 0       
*       Macro devices - 0        External C model instances - 0       
*         HDL devices - 0       
*         Subcircuits - 0              Subcircuit instances - 7       
*   Independent nodes - 149                  Boundary nodes - 4       
*         Total nodes - 153     

* *** 6 WARNING MESSAGES GENERATED DURING SETUP


*SEDIT: Alter=0
*SEDIT: Analysis types DCOP 0 ACMODEL 0 AC 0 TRANSIENT 1 TRANSFER 0 NOISE 0 

*WEDIT: .tran   1e-010   1e-007
TRANSIENT ANALYSIS
Time<s>        v(In,Gnd)<V>  v(Out1,Gnd)<V>  v(Clk,Gnd)<V>
 0.000000e+000  0.0000e+000  3.2999e+000  0.0000e+000
 1.000000e-012  0.0000e+000  3.3107e+000  3.3000e+000
 1.315000e-012  0.0000e+000  3.3094e+000  3.3000e+000
 3.235334e-012  0.0000e+000  3.3042e+000  3.3000e+000
 7.412828e-012  0.0000e+000  3.3016e+000  3.3000e+000
 1.207407e-011  0.0000e+000  3.3131e+000  3.3000e+000
 1.666931e-011  0.0000e+000  3.3241e+000  3.3000e+000
 2.064895e-011  0.0000e+000  3.3195e+000  3.3000e+000
 2.447688e-011  0.0000e+000  3.2957e+000  3.3000e+000
 2.846945e-011  0.0000e+000  3.2535e+000  3.3000e+000
 3.158362e-011  0.0000e+000  3.2106e+000  3.3000e+000
 3.439582e-011  0.0000e+000  3.1665e+000  3.3000e+000
 3.753346e-011  0.0000e+000  3.1142e+000  3.3000e+000
 4.091305e-011  0.0000e+000  3.0546e+000  3.3000e+000
 4.468737e-011  0.0000e+000  2.9779e+000  3.3000e+000
 4.890333e-011  0.0000e+000  2.8595e+000  3.3000e+000
 5.320552e-011  0.0000e+000  2.6839e+000  3.3000e+000
 5.578546e-011  0.0000e+000  2.5483e+000  3.3000e+000
 5.832349e-011  0.0000e+000  2.3918e+000  3.3000e+000
 6.189728e-011  0.0000e+000  2.1376e+000  3.3000e+000
 6.740802e-011  0.0000e+000  1.7078e+000  3.3000e+000
 7.358614e-011  0.0000e+000  1.2599e+000  3.3000e+000
 7.812015e-011  0.0000e+000  9.9391e-001  3.3000e+000
 8.162564e-011  0.0000e+000  8.1561e-001  3.3000e+000
 8.544848e-011  0.0000e+000  6.4353e-001  3.3000e+000
 9.098717e-011  0.0000e+000  4.4747e-001  3.3000e+000
 9.850520e-011  0.0000e+000  2.7003e-001  3.3000e+000
 1.092318e-010  0.0000e+000  1.2229e-001  3.3000e+000
 1.260045e-010  0.0000e+000  2.5735e-002  3.3000e+000
 1.584455e-010  0.0000e+000 -2.8508e-003  3.3000e+000
 2.737650e-010  0.0000e+000  2.8178e-003  3.3000e+000
 4.737650e-010  0.0000e+000 -1.2281e-003  3.3000e+000
 6.737650e-010  0.0000e+000  1.9784e-003  3.3000e+000
 8.737650e-010  0.0000e+000 -5.6878e-004  3.3000e+000
 1.073765e-009  0.0000e+000  1.4589e-003  3.3000e+000
 1.273765e-009  0.0000e+000 -1.5981e-004  3.3000e+000
 1.473765e-009  0.0000e+000  1.1358e-003  3.3000e+000
 1.673765e-009  0.0000e+000  9.2583e-005  3.3000e+000
 1.873765e-009  0.0000e+000  9.3933e-004  3.3000e+000
 2.073765e-009  0.0000e+000  2.4870e-004  3.3000e+000
 2.273765e-009  0.0000e+000  8.1490e-004  3.3000e+000
 2.473765e-009  0.0000e+000  3.4798e-004  3.3000e+000
 2.673765e-009  0.0000e+000  7.3365e-004  3.3000e+000
 2.873765e-009  0.0000e+000  4.1317e-004  3.3000e+000
 3.073765e-009  0.0000e+000  6.8133e-004  3.3000e+000
 3.273765e-009  0.0000e+000  4.5548e-004  3.3000e+000
 3.473765e-009  0.0000e+000  6.4647e-004  3.3000e+000
 3.673765e-009  0.0000e+000  4.8393e-004  3.3000e+000
 3.873765e-009  0.0000e+000  6.2327e-004  3.3000e+000
 4.073765e-009  0.0000e+000  5.0310e-004  3.3000e+000
 4.273765e-009  0.0000e+000  6.0745e-004  3.3000e+000
 4.473765e-009  0.0000e+000  5.1634e-004  3.3000e+000
 4.673765e-009  0.0000e+000  5.9638e-004  3.3000e+000
 4.873765e-009  0.0000e+000  5.2574e-004  3.3000e+000
 5.001000e-009  0.0000e+000  5.8645e-004  3.3000e+000
 5.002000e-009  0.0000e+000 -9.9741e-003  0.0000e+000
 5.0025000e-009  0.0000e+000 -6.3113e-003  0.0000e+000
 5.004649e-009  0.0000e+000  3.8992e-003  0.0000e+000
 5.007059e-009  0.0000e+000  8.7661e-003  0.0000e+000
 5.009365e-009  0.0000e+000  4.7066e-003  0.0000e+000
 5.011517e-009  0.0000e+000 -2.2328e-003  0.0000e+000
 5.013301e-009  0.0000e+000 -4.8974e-003  0.0000e+000
 5.015340e-009  0.0000e+000 -4.8994e-003  0.0000e+000
 5.018253e-009  0.0000e+000 -3.8622e-003  0.0000e+000
 5.021424e-009  0.0000e+000 -3.2291e-003  0.0000e+000
 5.023580e-009  0.0000e+000 -3.1168e-003  0.0000e+000
 5.025561e-009  0.0000e+000 -3.0137e-003  0.0000e+000
 5.028060e-009  0.0000e+000 -2.8653e-003  0.0000e+000
 5.032005e-009  0.0000e+000 -2.6937e-003  0.0000e+000
 5.036796e-009  0.0000e+000 -2.8838e-003  0.0000e+000
 5.041262e-009  0.0000e+000 -3.3591e-003  0.0000e+000
 5.045358e-009  0.0000e+000 -3.3504e-003  0.0000e+000
 5.049937e-009  0.0000e+000 -2.9959e-003  0.0000e+000
 5.056238e-009  0.0000e+000 -2.3054e-003  0.0000e+000
 5.067000e-009  0.0000e+000 -1.1640e-003  0.0000e+000
 5.088630e-009  0.0000e+000  1.5718e-004  0.0000e+000
 5.133829e-009  0.0000e+000  6.5944e-004  0.0000e+000
 5.156428e-009  0.0000e+000  5.7199e-004  0.0000e+000
 5.337278e-009  0.0000e+000  5.5275e-004  0.0000e+000
 5.537278e-009  0.0000e+000  5.6507e-004  0.0000e+000
 5.737278e-009  0.0000e+000  5.5588e-004  0.0000e+000
 5.937278e-009  0.0000e+000  5.6219e-004  0.0000e+000
 6.000000e-009  0.0000e+000  5.5917e-004  0.0000e+000
 6.025000e-009  0.0000e+000  5.5907e-004  0.0000e+000
 6.225000e-009  0.0000e+000  5.5950e-004  0.0000e+000
 6.425000e-009  0.0000e+000  5.5953e-004  0.0000e+000
 6.625000e-009  0.0000e+000  5.5947e-004  0.0000e+000
 6.825000e-009  0.0000e+000  5.5949e-004  0.0000e+000
 7.025000e-009  0.0000e+000  5.5945e-004  0.0000e+000
 7.225000e-009  0.0000e+000  5.5946e-004  0.0000e+000
 7.425000e-009  0.0000e+000  5.5944e-004  0.0000e+000
 7.625000e-009  0.0000e+000  5.5944e-004  0.0000e+000
 7.825000e-009  0.0000e+000  5.5943e-004  0.0000e+000
 8.025000e-009  0.0000e+000  5.5943e-004  0.0000e+000
 8.225000e-009  0.0000e+000  5.5942e-004  0.0000e+000
 8.425000e-009  0.0000e+000  5.5942e-004  0.0000e+000
 8.625000e-009  0.0000e+000  5.5942e-004  0.0000e+000
 8.825000e-009  0.0000e+000  5.5942e-004  0.0000e+000
 9.025000e-009  0.0000e+000  5.5941e-004  0.0000e+000
 9.225000e-009  0.0000e+000  5.5941e-004  0.0000e+000
 9.425000e-009  0.0000e+000  5.5941e-004  0.0000e+000
 9.625000e-009  0.0000e+000  5.5941e-004  0.0000e+000
 9.825000e-009  0.0000e+000  5.5941e-004  0.0000e+000
 1.000000e-008  0.0000e+000  5.5940e-004  0.0000e+000
 1.002500e-008  0.0000e+000  3.1421e-004  3.3000e+000
 1.003750e-008  0.0000e+000 -8.8976e-004  3.3000e+000
 1.004375e-008  0.0000e+000 -7.5085e-004  3.3000e+000
 1.005071e-008  0.0000e+000  1.6662e-004  3.3000e+000
 1.005944e-008  0.0000e+000  9.6587e-004  3.3000e+000
 1.007180e-008  0.0000e+000  1.2988e-003  3.3000e+000
 1.009193e-008  0.0000e+000  1.1065e-003  3.3000e+000
 1.010199e-008  0.0000e+000  9.2845e-004  3.3000e+000
 1.019517e-008  0.0000e+000  4.7311e-004  3.3000e+000
 1.039517e-008  0.0000e+000  6.7334e-004  3.3000e+000
 1.059517e-008  0.0000e+000  5.0013e-004  3.3000e+000
 1.079517e-008  0.0000e+000  6.1977e-004  3.3000e+000
 1.099517e-008  0.0000e+000  5.2830e-004  3.3000e+000
 1.119517e-008  0.0000e+000  5.9226e-004  3.3000e+000
 1.139517e-008  0.0000e+000  5.4451e-004  3.3000e+000
 1.159517e-008  0.0000e+000  5.7743e-004  3.3000e+000
 1.179517e-008  0.0000e+000  5.5329e-004  3.3000e+000
 1.199517e-008  0.0000e+000  5.6938e-004  3.3000e+000
 1.219517e-008  0.0000e+000  5.5784e-004  3.3000e+000
 1.239517e-008  0.0000e+000  5.6504e-004  3.3000e+000
 1.259517e-008  0.0000e+000  5.6008e-004  3.3000e+000
 1.279517e-008  0.0000e+000  5.6273e-004  3.3000e+000
 1.299517e-008  0.0000e+000  5.6107e-004  3.3000e+000
 1.319517e-008  0.0000e+000  5.6151e-004  3.3000e+000
 1.339517e-008  0.0000e+000  5.6142e-004  3.3000e+000
 1.359517e-008  0.0000e+000  5.6087e-004  3.3000e+000
 1.379517e-008  0.0000e+000  5.6147e-004  3.3000e+000
 1.399517e-008  0.0000e+000  5.6055e-004  3.3000e+000
 1.419517e-008  0.0000e+000  5.6136e-004  3.3000e+000
 1.439517e-008  0.0000e+000  5.6039e-004  3.3000e+000
 1.459517e-008  0.0000e+000  5.6121e-004  3.3000e+000
 1.479517e-008  0.0000e+000  5.6030e-004  3.3000e+000
 1.499517e-008  0.0000e+000  5.6105e-004  3.3000e+000
 1.500100e-008  0.0000e+000  5.6062e-004  3.3000e+000
 1.502599e-008  0.0000e+000  2.4058e-003  0.0000e+000
 1.503850e-008  0.0000e+000  2.1528e-003  0.0000e+000
 1.504430e-008  0.0000e+000  1.3213e-003  0.0000e+000
 1.504936e-008  0.0000e+000 -7.6915e-005  0.0000e+000
 1.505489e-008  0.0000e+000 -1.2604e-003  0.0000e+000
 1.506279e-008  0.0000e+000 -1.5614e-003  0.0000e+000
 1.507733e-008  0.0000e+000 -8.1882e-004  0.0000e+000
 1.510421e-008  0.0000e+000  3.6907e-004  0.0000e+000
 1.511765e-008  0.0000e+000  5.1338e-004  0.0000e+000
 1.522229e-008  0.0000e+000  5.9448e-004  0.0000e+000
 1.542229e-008  0.0000e+000  5.3304e-004  0.0000e+000
 1.562229e-008  0.0000e+000  5.8123e-004  0.0000e+000
 1.582229e-008  0.0000e+000  5.4241e-004  0.0000e+000
 1.602229e-008  0.0000e+000  5.7334e-004  0.0000e+000
 1.622229e-008  0.0000e+000  5.4849e-004  0.0000e+000
 1.642229e-008  0.0000e+000  5.6834e-004  0.0000e+000
 1.662229e-008  0.0000e+000  5.5240e-004  0.0000e+000
 1.682229e-008  0.0000e+000  5.6515e-004  0.0000e+000
 1.702229e-008  0.0000e+000  5.5490e-004  0.0000e+000
 1.722229e-008  0.0000e+000  5.6311e-004  0.0000e+000
 1.742229e-008  0.0000e+000  5.5651e-004  0.0000e+000
 1.762229e-008  0.0000e+000  5.6179e-004  0.0000e+000
 1.782229e-008  0.0000e+000  5.5754e-004  0.0000e+000
 1.802229e-008  0.0000e+000  5.6095e-004  0.0000e+000
 1.822229e-008  0.0000e+000  5.5821e-004  0.0000e+000
 1.842229e-008  0.0000e+000  5.6040e-004  0.0000e+000
 1.862229e-008  0.0000e+000  5.5864e-004  0.0000e+000
 1.882229e-008  0.0000e+000  5.6004e-004  0.0000e+000
 1.902229e-008  0.0000e+000  5.5891e-004  0.0000e+000
 1.922229e-008  0.0000e+000  5.5981e-004  0.0000e+000
 1.942229e-008  0.0000e+000  5.5910e-004  0.0000e+000
 1.962229e-008  0.0000e+000  5.5965e-004  0.0000e+000
 1.982229e-008  0.0000e+000  5.5921e-004  0.0000e+000
 2.000000e-008  0.0000e+000  5.5955e-004  0.0000e+000
 2.0001000e-008  0.0000e+000  1.5293e-002  3.3000e+000
 2.0001315e-008  0.0000e+000  1.4371e-002  3.3000e+000
 2.000347e-008  0.0000e+000  8.5915e-003  3.3000e+000
 2.000854e-008  0.0000e+000 -1.4428e-003  3.3000e+000
 2.001107e-008  0.0000e+000 -4.2714e-003  3.3000e+000
 2.001423e-008  0.0000e+000 -5.8910e-003  3.3000e+000
 2.001756e-008  0.0000e+000 -6.1156e-003  3.3000e+000
 2.002085e-008  0.0000e+000 -5.3715e-003  3.3000e+000
 2.002454e-008  0.0000e+000 -3.9186e-003  3.3000e+000
 2.002844e-008  0.0000e+000 -2.1309e-003  3.3000e+000
 2.003147e-008  0.0000e+000 -9.0404e-004  3.3000e+000
 2.003425e-008  0.0000e+000 -6.5760e-005  3.3000e+000
 2.003750e-008  0.0000e+000  5.9658e-004  3.3000e+000
 2.004183e-008  0.0000e+000  1.2172e-003  3.3000e+000
 2.004767e-008  0.0000e+000  1.6680e-003  3.3000e+000
 2.005609e-008  0.0000e+000  1.8396e-003  3.3000e+000
 2.006865e-008  0.0000e+000  1.6396e-003  3.3000e+000
 2.008962e-008  0.0000e+000  1.1230e-003  3.3000e+000
 2.010011e-008  0.0000e+000  9.1158e-004  3.3000e+000
 2.019704e-008  0.0000e+000  4.7090e-004  3.3000e+000
 2.039704e-008  0.0000e+000  6.7523e-004  3.3000e+000
 2.059704e-008  0.0000e+000  4.9693e-004  3.3000e+000
 2.079704e-008  0.0000e+000  6.2329e-004  3.3000e+000
 2.099704e-008  0.0000e+000  5.2453e-004  3.3000e+000
 2.119704e-008  0.0000e+000  5.9594e-004  3.3000e+000
 2.139704e-008  0.0000e+000  5.4100e-004  3.3000e+000
 2.159704e-008  0.0000e+000  5.8067e-004  3.3000e+000
 2.179704e-008  0.0000e+000  5.5034e-004  3.3000e+000
 2.199704e-008  0.0000e+000  5.7202e-004  3.3000e+000
 2.219704e-008  0.0000e+000  5.5550e-004  3.3000e+000
 2.239704e-008  0.0000e+000  5.6709e-004  3.3000e+000
 2.259704e-008  0.0000e+000  5.5829e-004  3.3000e+000
 2.279704e-008  0.0000e+000  5.6427e-004  3.3000e+000
 2.299704e-008  0.0000e+000  5.5974e-004  3.3000e+000
 2.319704e-008  0.0000e+000  5.6265e-004  3.3000e+000
 2.339704e-008  0.0000e+000  5.6045e-004  3.3000e+000
 2.359704e-008  0.0000e+000  5.6170e-004  3.3000e+000
 2.379704e-008  0.0000e+000  5.6077e-004  3.3000e+000
 2.399704e-008  0.0000e+000  5.6113e-004  3.3000e+000
 2.419704e-008  0.0000e+000  5.6087e-004  3.3000e+000
 2.439704e-008  0.0000e+000  5.6078e-004  3.3000e+000
 2.459704e-008  0.0000e+000  5.6087e-004  3.3000e+000
 2.479704e-008  0.0000e+000  5.6056e-004  3.3000e+000
 2.499704e-008  0.0000e+000  5.6083e-004  3.3000e+000
 2.500100e-008  0.0000e+000  5.6025e-004  3.3000e+000
 2.502600e-008  0.0000e+000  2.4057e-003  0.0000e+000
 2.503849e-008  0.0000e+000  2.1527e-003  0.0000e+000
 2.504430e-008  0.0000e+000  1.3213e-003  0.0000e+000
 2.504936e-008  0.0000e+000 -7.6918e-005  0.0000e+000
 2.505489e-008  0.0000e+000 -1.2604e-003  0.0000e+000
 2.506279e-008  0.0000e+000 -1.5614e-003  0.0000e+000
 2.507733e-008  0.0000e+000 -8.1883e-004  0.0000e+000
 2.510421e-008  0.0000e+000  3.6907e-004  0.0000e+000
 2.511765e-008  0.0000e+000  5.1338e-004  0.0000e+000
 2.522229e-008  0.0000e+000  5.9448e-004  0.0000e+000
 2.542229e-008  0.0000e+000  5.3304e-004  0.0000e+000
 2.562229e-008  0.0000e+000  5.8123e-004  0.0000e+000
 2.582229e-008  0.0000e+000  5.4241e-004  0.0000e+000
 2.600000e-008  0.0000e+000  5.7296e-004  0.0000e+000
 2.6001000e-008  3.3000e+000  1.2745e-002  0.0000e+000
 2.6001315e-008  3.3000e+000  1.1493e-002  0.0000e+000
 2.6002373e-008  3.3000e+000  7.5826e-003  0.0000e+000
 2.6003502e-008  3.3000e+000  3.8434e-003  0.0000e+000
 2.6004614e-008  3.3000e+000  1.3333e-003  0.0000e+000
 2.6005996e-008  3.3000e+000 -4.9409e-004  0.0000e+000
 2.6008203e-008  3.3000e+000 -1.6840e-003  0.0000e+000
 2.601224e-008  3.3000e+000 -1.7617e-003  0.0000e+000
 2.601743e-008  3.3000e+000 -9.4276e-004  0.0000e+000
 2.602281e-008  3.3000e+000 -2.1627e-004  0.0000e+000
 2.602780e-008  3.3000e+000  2.0939e-004  0.0000e+000
 2.603260e-008  3.3000e+000  4.5415e-004  0.0000e+000
 2.603598e-008  3.3000e+000  5.5279e-004  0.0000e+000
 2.6038232e-008  3.3000e+000  5.9360e-004  0.0000e+000
 2.6040172e-008  3.3000e+000  6.1640e-004  0.0000e+000
 2.6042360e-008  3.3000e+000  6.3364e-004  0.0000e+000
 2.604566e-008  3.3000e+000  6.4790e-004  0.0000e+000
 2.605016e-008  3.3000e+000  6.5127e-004  0.0000e+000
 2.605642e-008  3.3000e+000  6.3711e-004  0.0000e+000
 2.606586e-008  3.3000e+000  6.0561e-004  0.0000e+000
 2.608155e-008  3.3000e+000  5.7337e-004  0.0000e+000
 2.611182e-008  3.3000e+000  5.6048e-004  0.0000e+000
 2.619382e-008  3.3000e+000  5.6455e-004  0.0000e+000
 2.639382e-008  3.3000e+000  5.5853e-004  0.0000e+000
 2.659382e-008  3.3000e+000  5.6099e-004  0.0000e+000
 2.679382e-008  3.3000e+000  5.5939e-004  0.0000e+000
 2.699382e-008  3.3000e+000  5.5989e-004  0.0000e+000
 2.719382e-008  3.3000e+000  5.5992e-004  0.0000e+000
 2.739382e-008  3.3000e+000  5.5940e-004  0.0000e+000
 2.759382e-008  3.3000e+000  5.6016e-004  0.0000e+000
 2.779382e-008  3.3000e+000  5.5922e-004  0.0000e+000
 2.799382e-008  3.3000e+000  5.6021e-004  0.0000e+000
 2.819382e-008  3.3000e+000  5.5919e-004  0.0000e+000
 2.839382e-008  3.3000e+000  5.6018e-004  0.0000e+000
 2.859382e-008  3.3000e+000  5.5923e-004  0.0000e+000
 2.879382e-008  3.3000e+000  5.6011e-004  0.0000e+000
 2.899382e-008  3.3000e+000  5.5930e-004  0.0000e+000
 2.919382e-008  3.3000e+000  5.6003e-004  0.0000e+000
 2.939382e-008  3.3000e+000  5.5938e-004  0.0000e+000
 2.959382e-008  3.3000e+000  5.5996e-004  0.0000e+000
 2.979382e-008  3.3000e+000  5.5944e-004  0.0000e+000
 2.999382e-008  3.3000e+000  5.5989e-004  0.0000e+000
 3.000000e-008  3.3000e+000  5.5977e-004  1.0919e-011
 3.0000999e-008  3.3000e+000  1.7609e-002  3.3000e+000
 3.0001314e-008  3.3000e+000  1.6829e-002  3.3000e+000
 3.0002437e-008  3.3000e+000  1.1947e-002  3.3000e+000
 3.0003706e-008  3.3000e+000  5.4454e-003  3.3000e+000
 3.0004974e-008  3.3000e+000 -1.7362e-003  3.3000e+000
 3.0006589e-008  3.3000e+000 -1.0104e-002  3.3000e+000
 3.0009279e-008  3.3000e+000 -4.8519e-003  3.3000e+000
 3.001272e-008  3.3000e+000  4.9450e-002  3.3000e+000
 3.001635e-008  3.3000e+000  1.4044e-001  3.3000e+000
 3.001974e-008  3.3000e+000  2.3313e-001  3.3000e+000
 3.002314e-008  3.3000e+000  3.3015e-001  3.3000e+000
 3.002698e-008  3.3000e+000  4.5461e-001  3.3000e+000
 3.003084e-008  3.3000e+000  6.1245e-001  3.3000e+000
 3.003389e-008  3.3000e+000  7.7042e-001  3.3000e+000
 3.0036674e-008  3.3000e+000  9.4289e-001  3.3000e+000
 3.003987e-008  3.3000e+000  1.1733e+000  3.3000e+000
 3.004370e-008  3.3000e+000  1.4790e+000  3.3000e+000
 3.004771e-008  3.3000e+000  1.8048e+000  3.3000e+000
 3.005216e-008  3.3000e+000  2.1371e+000  3.3000e+000
 3.005593e-008  3.3000e+000  2.3846e+000  3.3000e+000
 3.0058478e-008  3.3000e+000  2.5344e+000  3.3000e+000
 3.0061109e-008  3.3000e+000  2.6786e+000  3.3000e+000
 3.0063907e-008  3.3000e+000  2.8159e+000  3.3000e+000
 3.0066661e-008  3.3000e+000  2.9279e+000  3.3000e+000
 3.006970e-008  3.3000e+000  3.0181e+000  3.3000e+000
 3.007327e-008  3.3000e+000  3.0915e+000  3.3000e+000
 3.007699e-008  3.3000e+000  3.1448e+000  3.3000e+000
 3.0079769e-008  3.3000e+000  3.1740e+000  3.3000e+000
 3.0082341e-008  3.3000e+000  3.1948e+000  3.3000e+000
 3.0085215e-008  3.3000e+000  3.2124e+000  3.3000e+000
 3.008878e-008  3.3000e+000  3.2292e+000  3.3000e+000
 3.009372e-008  3.3000e+000  3.2475e+000  3.3000e+000
 3.010099e-008  3.3000e+000  3.2670e+000  3.3000e+000
 3.011165e-008  3.3000e+000  3.2835e+000  3.3000e+000
 3.012844e-008  3.3000e+000  3.2953e+000  3.3000e+000
 3.016104e-008  3.3000e+000  3.3007e+000  3.3000e+000
 3.026393e-008  3.3000e+000  3.2995e+000  3.3000e+000
 3.046393e-008  3.3000e+000  3.3004e+000  3.3000e+000
 3.066393e-008  3.3000e+000  3.2997e+000  3.3000e+000
 3.086393e-008  3.3000e+000  3.3003e+000  3.3000e+000
 3.106393e-008  3.3000e+000  3.2998e+000  3.3000e+000
 3.126393e-008  3.3000e+000  3.3002e+000  3.3000e+000
 3.146393e-008  3.3000e+000  3.2999e+000  3.3000e+000
 3.166393e-008  3.3000e+000  3.3001e+000  3.3000e+000
 3.186393e-008  3.3000e+000  3.2999e+000  3.3000e+000
 3.206393e-008  3.3000e+000  3.3001e+000  3.3000e+000
 3.226393e-008  3.3000e+000  3.2999e+000  3.3000e+000
 3.246393e-008  3.3000e+000  3.3000e+000  3.3000e+000
 3.266393e-008  3.3000e+000  3.3000e+000  3.3000e+000
 3.286393e-008  3.3000e+000  3.3000e+000  3.3000e+000
 3.306393e-008  3.3000e+000  3.3000e+000  3.3000e+000
 3.326393e-008  3.3000e+000  3.3000e+000  3.3000e+000
 3.346393e-008  3.3000e+000  3.3000e+000  3.3000e+000
 3.366393e-008  3.3000e+000  3.3000e+000  3.3000e+000
 3.386393e-008  3.3000e+000  3.3000e+000  3.3000e+000
 3.406393e-008  3.3000e+000  3.3000e+000  3.3000e+000
 3.426393e-008  3.3000e+000  3.3000e+000  3.3000e+000
 3.446393e-008  3.3000e+000  3.3000e+000  3.3000e+000
 3.466393e-008  3.3000e+000  3.3000e+000  3.3000e+000
 3.486393e-008  3.3000e+000  3.3000e+000  3.3000e+000
 3.500100e-008  3.3000e+000  3.3000e+000  3.3000e+000
 3.5001999e-008  3.3000e+000  3.2967e+000  1.0918e-011
 3.50023149e-008  3.3000e+000  3.3006e+000  0.0000e+000
 3.5004666e-008  3.3000e+000  3.3207e+000  0.0000e+000
 3.5007243e-008  3.3000e+000  3.3358e+000  0.0000e+000
 3.5009603e-008  3.3000e+000  3.3427e+000  0.0000e+000
 3.5012062e-008  3.3000e+000  3.3465e+000  0.0000e+000
 3.5014075e-008  3.3000e+000  3.3485e+000  0.0000e+000
 3.5016125e-008  3.3000e+000  3.3499e+000  0.0000e+000
 3.5018923e-008  3.3000e+000  3.3502e+000  0.0000e+000
 3.502256e-008  3.3000e+000  3.3477e+000  0.0000e+000
 3.5025210e-008  3.3000e+000  3.3445e+000  0.0000e+000
 3.5027348e-008  3.3000e+000  3.3420e+000  0.0000e+000
 3.5029705e-008  3.3000e+000  3.3397e+000  0.0000e+000
 3.5033153e-008  3.3000e+000  3.3367e+000  0.0000e+000
 3.503691e-008  3.3000e+000  3.3334e+000  0.0000e+000
 3.504048e-008  3.3000e+000  3.3291e+000  0.0000e+000
 3.504425e-008  3.3000e+000  3.3229e+000  0.0000e+000
 3.504888e-008  3.3000e+000  3.3165e+000  0.0000e+000
 3.505542e-008  3.3000e+000  3.3103e+000  0.0000e+000
 3.506844e-008  3.3000e+000  3.3036e+000  0.0000e+000
 3.509608e-008  3.3000e+000  3.2998e+000  0.0000e+000
 3.516188e-008  3.3000e+000  3.2999e+000  0.0000e+000
 3.536188e-008  3.3000e+000  3.2999e+000  0.0000e+000
 3.556188e-008  3.3000e+000  3.2999e+000  0.0000e+000
 3.576188e-008  3.3000e+000  3.2999e+000  0.0000e+000
 3.596188e-008  3.3000e+000  3.2999e+000  0.0000e+000
 3.616188e-008  3.3000e+000  3.2999e+000  0.0000e+000
 3.636188e-008  3.3000e+000  3.2999e+000  0.0000e+000
 3.656188e-008  3.3000e+000  3.2999e+000  0.0000e+000
 3.676188e-008  3.3000e+000  3.2999e+000  0.0000e+000
 3.696188e-008  3.3000e+000  3.2999e+000  0.0000e+000
 3.716188e-008  3.3000e+000  3.2999e+000  0.0000e+000
 3.736188e-008  3.3000e+000  3.2999e+000  0.0000e+000
 3.756188e-008  3.3000e+000  3.2999e+000  0.0000e+000
 3.776188e-008  3.3000e+000  3.2999e+000  0.0000e+000
 3.796188e-008  3.3000e+000  3.2999e+000  0.0000e+000
 3.816188e-008  3.3000e+000  3.2999e+000  0.0000e+000
 3.836188e-008  3.3000e+000  3.2999e+000  0.0000e+000
 3.856188e-008  3.3000e+000  3.2999e+000  0.0000e+000
 3.876188e-008  3.3000e+000  3.2999e+000  0.0000e+000
 3.896188e-008  3.3000e+000  3.2999e+000  0.0000e+000
 3.916188e-008  3.3000e+000  3.2999e+000  0.0000e+000
 3.936188e-008  3.3000e+000  3.2999e+000  0.0000e+000
 3.956188e-008  3.3000e+000  3.2999e+000  0.0000e+000
 3.976188e-008  3.3000e+000  3.2999e+000  0.0000e+000
 3.996188e-008  3.3000e+000  3.2999e+000  0.0000e+000
 4.000000e-008  3.3000e+000  3.2999e+000  0.0000e+000
 4.0001000e-008  3.3000e+000  3.3128e+000  3.3000e+000
 4.00013150e-008  3.3000e+000  3.3118e+000  3.3000e+000
 4.0002437e-008  3.3000e+000  3.3078e+000  3.3000e+000
 4.0003706e-008  3.3000e+000  3.3032e+000  3.3000e+000
 4.0004974e-008  3.3000e+000  3.2986e+000  3.3000e+000
 4.0006589e-008  3.3000e+000  3.2935e+000  3.3000e+000
 4.0009278e-008  3.3000e+000  3.2861e+000  3.3000e+000
 4.0012648e-008  3.3000e+000  3.2735e+000  3.3000e+000
 4.0016164e-008  3.3000e+000  3.2640e+000  3.3000e+000
 4.0019459e-008  3.3000e+000  3.2591e+000  3.3000e+000
 4.0022874e-008  3.3000e+000  3.2571e+000  3.3000e+000
 4.0026664e-008  3.3000e+000  3.2582e+000  3.3000e+000
 4.0030339e-008  3.3000e+000  3.2618e+000  3.3000e+000
 4.0033333e-008  3.3000e+000  3.2656e+000  3.3000e+000
 4.0036032e-008  3.3000e+000  3.2689e+000  3.3000e+000
 4.0039076e-008  3.3000e+000  3.2721e+000  3.3000e+000
 4.004357e-008  3.3000e+000  3.2766e+000  3.3000e+000
 4.004992e-008  3.3000e+000  3.2828e+000  3.3000e+000
 4.005869e-008  3.3000e+000  3.2893e+000  3.3000e+000
 4.007154e-008  3.3000e+000  3.2950e+000  3.3000e+000
 4.009302e-008  3.3000e+000  3.2990e+000  3.3000e+000
 4.014369e-008  3.3000e+000  3.3000e+000  3.3000e+000
 4.034369e-008  3.3000e+000  3.2997e+000  3.3000e+000
 4.054369e-008  3.3000e+000  3.3001e+000  3.3000e+000
 4.074369e-008  3.3000e+000  3.2998e+000  3.3000e+000
 4.094369e-008  3.3000e+000  3.3001e+000  3.3000e+000
 4.114369e-008  3.3000e+000  3.2999e+000  3.3000e+000
 4.134369e-008  3.3000e+000  3.3001e+000  3.3000e+000
 4.154369e-008  3.3000e+000  3.2999e+000  3.3000e+000
 4.174369e-008  3.3000e+000  3.3001e+000  3.3000e+000
 4.194369e-008  3.3000e+000  3.2999e+000  3.3000e+000
 4.214369e-008  3.3000e+000  3.3000e+000  3.3000e+000
 4.234369e-008  3.3000e+000  3.2999e+000  3.3000e+000
 4.254369e-008  3.3000e+000  3.3000e+000  3.3000e+000
 4.274369e-008  3.3000e+000  3.3000e+000  3.3000e+000
 4.294369e-008  3.3000e+000  3.3000e+000  3.3000e+000
 4.314369e-008  3.3000e+000  3.3000e+000  3.3000e+000
 4.334369e-008  3.3000e+000  3.3000e+000  3.3000e+000
 4.354369e-008  3.3000e+000  3.3000e+000  3.3000e+000
 4.374369e-008  3.3000e+000  3.3000e+000  3.3000e+000
 4.394369e-008  3.3000e+000  3.3000e+000  3.3000e+000
 4.414369e-008  3.3000e+000  3.3000e+000  3.3000e+000
 4.434369e-008  3.3000e+000  3.3000e+000  3.3000e+000
 4.454369e-008  3.3000e+000  3.3000e+000  3.3000e+000
 4.474369e-008  3.3000e+000  3.3000e+000  3.3000e+000
 4.494369e-008  3.3000e+000  3.3000e+000  3.3000e+000
 4.500100e-008  3.3000e+000  3.3000e+000  3.3000e+000
 4.502600e-008  3.3000e+000  3.3350e+000  0.0000e+000
 4.503850e-008  3.3000e+000  3.3340e+000  0.0000e+000
 4.504375e-008  3.3000e+000  3.3317e+000  0.0000e+000
 4.504858e-008  3.3000e+000  3.3283e+000  0.0000e+000
 4.505421e-008  3.3000e+000  3.3204e+000  0.0000e+000
 4.506269e-008  3.3000e+000  3.3110e+000  0.0000e+000
 4.508009e-008  3.3000e+000  3.3025e+000  0.0000e+000
 4.511468e-008  3.3000e+000  3.2996e+000  0.0000e+000
 4.520554e-008  3.3000e+000  3.3001e+000  0.0000e+000
 4.540554e-008  3.3000e+000  3.2998e+000  0.0000e+000
 4.560554e-008  3.3000e+000  3.3000e+000  0.0000e+000
 4.580554e-008  3.3000e+000  3.2998e+000  0.0000e+000
 4.600554e-008  3.3000e+000  3.3000e+000  0.0000e+000
 4.620554e-008  3.3000e+000  3.2998e+000  0.0000e+000
 4.640554e-008  3.3000e+000  3.2999e+000  0.0000e+000
 4.660554e-008  3.3000e+000  3.2999e+000  0.0000e+000
 4.680554e-008  3.3000e+000  3.2999e+000  0.0000e+000
 4.700554e-008  3.3000e+000  3.2999e+000  0.0000e+000
 4.720554e-008  3.3000e+000  3.2999e+000  0.0000e+000
 4.740554e-008  3.3000e+000  3.2999e+000  0.0000e+000
 4.760554e-008  3.3000e+000  3.2999e+000  0.0000e+000
 4.780554e-008  3.3000e+000  3.2999e+000  0.0000e+000
 4.800554e-008  3.3000e+000  3.2999e+000  0.0000e+000
 4.820554e-008  3.3000e+000  3.2999e+000  0.0000e+000
 4.840554e-008  3.3000e+000  3.2999e+000  0.0000e+000
 4.860554e-008  3.3000e+000  3.2999e+000  0.0000e+000
 4.880554e-008  3.3000e+000  3.2999e+000  0.0000e+000
 4.900554e-008  3.3000e+000  3.2999e+000  0.0000e+000
 4.920554e-008  3.3000e+000  3.2999e+000  0.0000e+000
 4.940554e-008  3.3000e+000  3.2999e+000  0.0000e+000
 4.960554e-008  3.3000e+000  3.2999e+000  0.0000e+000
 4.980554e-008  3.3000e+000  3.2999e+000  0.0000e+000
 5.000000e-008  3.3000e+000  3.2999e+000  0.0000e+000
 5.002500e-008  3.3000e+000  3.2775e+000  3.3000e+000
 5.003750e-008  3.3000e+000  3.2748e+000  3.3000e+000
 5.004375e-008  3.3000e+000  3.2759e+000  3.3000e+000
 5.005053e-008  3.3000e+000  3.2810e+000  3.3000e+000
 5.005883e-008  3.3000e+000  3.2876e+000  3.3000e+000
 5.007036e-008  3.3000e+000  3.2936e+000  3.3000e+000
 5.008850e-008  3.3000e+000  3.2981e+000  3.3000e+000
 5.012575e-008  3.3000e+000  3.3001e+000  3.3000e+000
 5.027492e-008  3.3000e+000  3.2996e+000  3.3000e+000
 5.047492e-008  3.3000e+000  3.3002e+000  3.3000e+000
 5.067492e-008  3.3000e+000  3.2998e+000  3.3000e+000
 5.087492e-008  3.3000e+000  3.3001e+000  3.3000e+000
 5.107492e-008  3.3000e+000  3.2999e+000  3.3000e+000
 5.127492e-008  3.3000e+000  3.3001e+000  3.3000e+000
 5.147492e-008  3.3000e+000  3.2999e+000  3.3000e+000
 5.167492e-008  3.3000e+000  3.3001e+000  3.3000e+000
 5.187492e-008  3.3000e+000  3.2999e+000  3.3000e+000
 5.207492e-008  3.3000e+000  3.3000e+000  3.3000e+000
 5.227492e-008  3.3000e+000  3.2999e+000  3.3000e+000
 5.247492e-008  3.3000e+000  3.3000e+000  3.3000e+000
 5.267492e-008  3.3000e+000  3.3000e+000  3.3000e+000
 5.287492e-008  3.3000e+000  3.3000e+000  3.3000e+000
 5.307492e-008  3.3000e+000  3.3000e+000  3.3000e+000
 5.327492e-008  3.3000e+000  3.3000e+000  3.3000e+000
 5.347492e-008  3.3000e+000  3.3000e+000  3.3000e+000
 5.367492e-008  3.3000e+000  3.3000e+000  3.3000e+000
 5.387492e-008  3.3000e+000  3.3000e+000  3.3000e+000
 5.407492e-008  3.3000e+000  3.3000e+000  3.3000e+000
 5.427492e-008  3.3000e+000  3.3000e+000  3.3000e+000
 5.447492e-008  3.3000e+000  3.3000e+000  3.3000e+000
 5.467492e-008  3.3000e+000  3.3000e+000  3.3000e+000
 5.487492e-008  3.3000e+000  3.3000e+000  3.3000e+000
 5.500100e-008  3.3000e+000  3.3000e+000  3.3000e+000
 5.5002000e-008  3.3000e+000  3.2967e+000  0.0000e+000
 5.50023150e-008  3.3000e+000  3.3006e+000  0.0000e+000
 5.5004666e-008  3.3000e+000  3.3208e+000  0.0000e+000
 5.5007239e-008  3.3000e+000  3.3362e+000  0.0000e+000
 5.5009594e-008  3.3000e+000  3.3438e+000  0.0000e+000
 5.5012102e-008  3.3000e+000  3.3488e+000  0.0000e+000
 5.5014806e-008  3.3000e+000  3.3514e+000  0.0000e+000
 5.5017777e-008  3.3000e+000  3.3516e+000  0.0000e+000
 5.5021406e-008  3.3000e+000  3.3489e+000  0.0000e+000
 5.5024576e-008  3.3000e+000  3.3448e+000  0.0000e+000
 5.5026850e-008  3.3000e+000  3.3419e+000  0.0000e+000
 5.5029157e-008  3.3000e+000  3.3395e+000  0.0000e+000
 5.5032395e-008  3.3000e+000  3.3366e+000  0.0000e+000
 5.5036131e-008  3.3000e+000  3.3334e+000  0.0000e+000
 5.5039690e-008  3.3000e+000  3.3294e+000  0.0000e+000
 5.5043346e-008  3.3000e+000  3.3236e+000  0.0000e+000
 5.5047715e-008  3.3000e+000  3.3173e+000  0.0000e+000
 5.505362e-008  3.3000e+000  3.3113e+000  0.0000e+000
 5.506438e-008  3.3000e+000  3.3049e+000  0.0000e+000
 5.508769e-008  3.3000e+000  3.3003e+000  0.0000e+000
 5.513976e-008  3.3000e+000  3.2998e+000  0.0000e+000
 5.533160e-008  3.3000e+000  3.3000e+000  0.0000e+000
 5.553160e-008  3.3000e+000  3.2998e+000  0.0000e+000
 5.573160e-008  3.3000e+000  3.2999e+000  0.0000e+000
 5.593160e-008  3.3000e+000  3.2998e+000  0.0000e+000
 5.600000e-008  3.3000e+000  3.2999e+000  0.0000e+000
 5.6001000e-008  0.0000e+000  3.2927e+000  0.0000e+000
 5.60015000e-008  0.0000e+000  3.2939e+000  0.0000e+000
 5.6002505e-008  0.0000e+000  3.2956e+000  0.0000e+000
 5.6003746e-008  0.0000e+000  3.2974e+000  0.0000e+000
 5.6004941e-008  0.0000e+000  3.2986e+000  0.0000e+000
 5.6006175e-008  0.0000e+000  3.2994e+000  0.0000e+000
 5.6007478e-008  0.0000e+000  3.3001e+000  0.0000e+000
 5.6008556e-008  0.0000e+000  3.3004e+000  0.0000e+000
 5.6009580e-008  0.0000e+000  3.3007e+000  0.0000e+000
 5.6010912e-008  0.0000e+000  3.3008e+000  0.0000e+000
 5.6012649e-008  0.0000e+000  3.3009e+000  0.0000e+000
 5.6014317e-008  0.0000e+000  3.3009e+000  0.0000e+000
 5.6015732e-008  0.0000e+000  3.3009e+000  0.0000e+000
 5.6017268e-008  0.0000e+000  3.3008e+000  0.0000e+000
 5.6019282e-008  0.0000e+000  3.3007e+000  0.0000e+000
 5.6022341e-008  0.0000e+000  3.3005e+000  0.0000e+000
 5.6026705e-008  0.0000e+000  3.3003e+000  0.0000e+000
 5.6031897e-008  0.0000e+000  3.3001e+000  0.0000e+000
 5.6037347e-008  0.0000e+000  3.3001e+000  0.0000e+000
 5.6042767e-008  0.0000e+000  3.3001e+000  0.0000e+000
 5.604842e-008  0.0000e+000  3.3000e+000  0.0000e+000
 5.6053222e-008  0.0000e+000  3.3000e+000  0.0000e+000
 5.6057632e-008  0.0000e+000  3.3000e+000  0.0000e+000
 5.6062923e-008  0.0000e+000  3.3000e+000  0.0000e+000
 5.607149e-008  0.0000e+000  3.3000e+000  0.0000e+000
 5.608798e-008  0.0000e+000  3.2999e+000  0.0000e+000
 5.611581e-008  0.0000e+000  3.2999e+000  0.0000e+000
 5.616713e-008  0.0000e+000  3.2999e+000  0.0000e+000
 5.630403e-008  0.0000e+000  3.2999e+000  0.0000e+000
 5.637247e-008  0.0000e+000  3.2999e+000  0.0000e+000
 5.657247e-008  0.0000e+000  3.2999e+000  0.0000e+000
 5.677247e-008  0.0000e+000  3.2999e+000  0.0000e+000
 5.697247e-008  0.0000e+000  3.2999e+000  0.0000e+000
 5.717247e-008  0.0000e+000  3.2999e+000  0.0000e+000
 5.737247e-008  0.0000e+000  3.2999e+000  0.0000e+000
 5.757247e-008  0.0000e+000  3.2999e+000  0.0000e+000
 5.777247e-008  0.0000e+000  3.2999e+000  0.0000e+000
 5.797247e-008  0.0000e+000  3.2999e+000  0.0000e+000
 5.817247e-008  0.0000e+000  3.2999e+000  0.0000e+000
 5.837247e-008  0.0000e+000  3.2999e+000  0.0000e+000
 5.857247e-008  0.0000e+000  3.2999e+000  0.0000e+000
 5.877247e-008  0.0000e+000  3.2999e+000  0.0000e+000
 5.897247e-008  0.0000e+000  3.2999e+000  0.0000e+000
 5.917247e-008  0.0000e+000  3.2999e+000  0.0000e+000
 5.937247e-008  0.0000e+000  3.2999e+000  0.0000e+000
 5.957247e-008  0.0000e+000  3.2999e+000  0.0000e+000
 5.977247e-008  0.0000e+000  3.2999e+000  0.0000e+000
 5.997247e-008  0.0000e+000  3.2999e+000  0.0000e+000
 6.000000e-008  0.0000e+000  3.2999e+000  2.1838e-011
 6.0000999e-008  0.0000e+000  3.3107e+000  3.3000e+000
 6.00013150e-008  0.0000e+000  3.3094e+000  3.3000e+000
 6.00018726e-008  0.0000e+000  3.3074e+000  3.3000e+000
 6.00024620e-008  0.0000e+000  3.3054e+000  3.3000e+000
 6.0003090e-008  0.0000e+000  3.3036e+000  3.3000e+000
 6.0003885e-008  0.0000e+000  3.3018e+000  3.3000e+000
 6.0004982e-008  0.0000e+000  3.3000e+000  3.3000e+000
 6.0006684e-008  0.0000e+000  3.2998e+000  3.3000e+000
 6.0009594e-008  0.0000e+000  3.3058e+000  3.3000e+000
 6.0013305e-008  0.0000e+000  3.3176e+000  3.3000e+000
 6.0017116e-008  0.0000e+000  3.3253e+000  3.3000e+000
 6.0020796e-008  0.0000e+000  3.3196e+000  3.3000e+000
 6.0024581e-008  0.0000e+000  3.2952e+000  3.3000e+000
 6.0028619e-008  0.0000e+000  3.2519e+000  3.3000e+000
 6.0031727e-008  0.0000e+000  3.2086e+000  3.3000e+000
 6.0034558e-008  0.0000e+000  3.1639e+000  3.3000e+000
 6.0037852e-008  0.0000e+000  3.1088e+000  3.3000e+000
 6.0041570e-008  0.0000e+000  3.0422e+000  3.3000e+000
 6.0045522e-008  0.0000e+000  2.9579e+000  3.3000e+000
 6.0049968e-008  0.0000e+000  2.8211e+000  3.3000e+000
 6.0053422e-008  0.0000e+000  2.6737e+000  3.3000e+000
 6.0055989e-008  0.0000e+000  2.5368e+000  3.3000e+000
 6.0058602e-008  0.0000e+000  2.3734e+000  3.3000e+000
 6.0061514e-008  0.0000e+000  2.1661e+000  3.3000e+000
 6.0064700e-008  0.0000e+000  1.9195e+000  3.3000e+000
 6.0067698e-008  0.0000e+000  1.6809e+000  3.3000e+000
 6.0070572e-008  0.0000e+000  1.4596e+000  3.3000e+000
 6.0073863e-008  0.0000e+000  1.2341e+000  3.3000e+000
 6.0076785e-008  0.0000e+000  1.0611e+000  3.3000e+000
 6.0079369e-008  0.0000e+000  9.2348e-001  3.3000e+000
 6.0082152e-008  0.0000e+000  7.8567e-001  3.3000e+000
 6.0085921e-008  0.0000e+000  6.2012e-001  3.3000e+000
 6.0091489e-008  0.0000e+000  4.3005e-001  3.3000e+000
 6.009916e-008  0.0000e+000  2.5632e-001  3.3000e+000
 6.011023e-008  0.0000e+000  1.1202e-001  3.3000e+000
 6.012774e-008  0.0000e+000  2.0904e-002  3.3000e+000
 6.016260e-008  0.0000e+000 -2.8541e-003  3.3000e+000
 6.025471e-008  0.0000e+000  2.5594e-003  3.3000e+000
 6.045471e-008  0.0000e+000 -1.0108e-003  3.3000e+000
 6.065471e-008  0.0000e+000  1.7943e-003  3.3000e+000
 6.085471e-008  0.0000e+000 -4.1221e-004  3.3000e+000
 6.105471e-008  0.0000e+000  1.3247e-003  3.3000e+000
 6.125471e-008  0.0000e+000 -4.4420e-005  3.3000e+000
 6.145471e-008  0.0000e+000  1.0399e-003  3.3000e+000
 6.165471e-008  0.0000e+000  1.7684e-004  3.3000e+000
 6.185471e-008  0.0000e+000  8.6525e-004  3.3000e+000
 6.205471e-008  0.0000e+000  3.1431e-004  3.3000e+000
 6.225471e-008  0.0000e+000  7.5680e-004  3.3000e+000
 6.245471e-008  0.0000e+000  3.9981e-004  3.3000e+000
 6.265471e-008  0.0000e+000  6.8757e-004  3.3000e+000
 6.285471e-008  0.0000e+000  4.5455e-004  3.3000e+000
 6.305471e-008  0.0000e+000  6.4371e-004  3.3000e+000
 6.325471e-008  0.0000e+000  4.8939e-004  3.3000e+000
 6.345471e-008  0.0000e+000  6.1610e-004  3.3000e+000
 6.365471e-008  0.0000e+000  5.1145e-004  3.3000e+000
 6.385471e-008  0.0000e+000  5.9850e-004  3.3000e+000
 6.405471e-008  0.0000e+000  5.2564e-004  3.3000e+000
 6.425471e-008  0.0000e+000  5.8708e-004  3.3000e+000
 6.445471e-008  0.0000e+000  5.3494e-004  3.3000e+000
 6.465471e-008  0.0000e+000  5.7952e-004  3.3000e+000
 6.485471e-008  0.0000e+000  5.4116e-004  3.3000e+000
 6.500100e-008  0.0000e+000  5.7360e-004  3.3000e+000
 6.502600e-008  0.0000e+000 -5.6477e-003  0.0000e+000
 6.503850e-008  0.0000e+000 -1.9208e-003  0.0000e+000
 6.5044300e-008  0.0000e+000 -1.1411e-003  0.0000e+000
 6.5049366e-008  0.0000e+000 -1.6233e-003  0.0000e+000
 6.5054896e-008  0.0000e+000 -2.2358e-003  0.0000e+000
 6.506279e-008  0.0000e+000 -2.0605e-003  0.0000e+000
 6.507733e-008  0.0000e+000 -9.5975e-004  0.0000e+000
 6.510421e-008  0.0000e+000  3.6991e-004  0.0000e+000
 6.511765e-008  0.0000e+000  5.1242e-004  0.0000e+000
 6.522229e-008  0.0000e+000  5.9533e-004  0.0000e+000
 6.542229e-008  0.0000e+000  5.3224e-004  0.0000e+000
 6.562229e-008  0.0000e+000  5.8199e-004  0.0000e+000
 6.582229e-008  0.0000e+000  5.4168e-004  0.0000e+000
 6.600000e-008  0.0000e+000  5.7366e-004  0.0000e+000
 6.6001000e-008  3.3000e+000  1.2745e-002  0.0000e+000
 6.60013150e-008  3.3000e+000  1.1493e-002  0.0000e+000
 6.6002373e-008  3.3000e+000  7.5816e-003  0.0000e+000
 6.6003502e-008  3.3000e+000  3.8425e-003  0.0000e+000
 6.6004614e-008  3.3000e+000  1.3326e-003  0.0000e+000
 6.6005996e-008  3.3000e+000 -4.9430e-004  0.0000e+000
 6.6008203e-008  3.3000e+000 -1.6839e-003  0.0000e+000
 6.6012242e-008  3.3000e+000 -1.7624e-003  0.0000e+000
 6.6017434e-008  3.3000e+000 -9.4183e-004  0.0000e+000
 6.6022816e-008  3.3000e+000 -2.1532e-004  0.0000e+000
 6.6027801e-008  3.3000e+000  2.1021e-004  0.0000e+000
 6.6032607e-008  3.3000e+000  4.5455e-004  0.0000e+000
 6.6035990e-008  3.3000e+000  5.5298e-004  0.0000e+000
 6.6038238e-008  3.3000e+000  5.9352e-004  0.0000e+000
 6.6040180e-008  3.3000e+000  6.1623e-004  0.0000e+000
 6.6042371e-008  3.3000e+000  6.3346e-004  0.0000e+000
 6.6045678e-008  3.3000e+000  6.4768e-004  0.0000e+000
 6.6050183e-008  3.3000e+000  6.5097e-004  0.0000e+000
 6.6056455e-008  3.3000e+000  6.3672e-004  0.0000e+000
 6.606591e-008  3.3000e+000  6.0530e-004  0.0000e+000
 6.608167e-008  3.3000e+000  5.7322e-004  0.0000e+000
 6.611219e-008  3.3000e+000  5.6050e-004  0.0000e+000
 6.619475e-008  3.3000e+000  5.6456e-004  0.0000e+000
 6.639475e-008  3.3000e+000  5.5850e-004  0.0000e+000
 6.659475e-008  3.3000e+000  5.6103e-004  0.0000e+000
 6.679475e-008  3.3000e+000  5.5935e-004  0.0000e+000
 6.699475e-008  3.3000e+000  5.5992e-004  0.0000e+000
 6.719475e-008  3.3000e+000  5.5990e-004  0.0000e+000
 6.739475e-008  3.3000e+000  5.5943e-004  0.0000e+000
 6.759475e-008  3.3000e+000  5.6014e-004  0.0000e+000
 6.779475e-008  3.3000e+000  5.5923e-004  0.0000e+000
 6.799475e-008  3.3000e+000  5.6020e-004  0.0000e+000
 6.819475e-008  3.3000e+000  5.5920e-004  0.0000e+000
 6.839475e-008  3.3000e+000  5.6017e-004  0.0000e+000
 6.859475e-008  3.3000e+000  5.5923e-004  0.0000e+000
 6.879475e-008  3.3000e+000  5.6011e-004  0.0000e+000
 6.899475e-008  3.3000e+000  5.5930e-004  0.0000e+000
 6.919475e-008  3.3000e+000  5.6003e-004  0.0000e+000
 6.939475e-008  3.3000e+000  5.5937e-004  0.0000e+000
 6.959475e-008  3.3000e+000  5.5996e-004  0.0000e+000
 6.979475e-008  3.3000e+000  5.5944e-004  0.0000e+000
 6.999475e-008  3.3000e+000  5.5989e-004  0.0000e+000
 7.0000000e-008  3.3000e+000  5.5978e-004  1.0919e-011
 7.0001000e-008  3.3000e+000  1.7609e-002  3.3000e+000
 7.00013150e-008  3.3000e+000  1.6829e-002  3.3000e+000
 7.0002437e-008  3.3000e+000  1.1947e-002  3.3000e+000
 7.0003706e-008  3.3000e+000  5.4454e-003  3.3000e+000
 7.0004974e-008  3.3000e+000 -1.7362e-003  3.3000e+000
 7.0006589e-008  3.3000e+000 -1.0104e-002  3.3000e+000
 7.0009279e-008  3.3000e+000 -4.8519e-003  3.3000e+000
 7.0012724e-008  3.3000e+000  4.9450e-002  3.3000e+000
 7.0016356e-008  3.3000e+000  1.4044e-001  3.3000e+000
 7.0019746e-008  3.3000e+000  2.3313e-001  3.3000e+000
 7.0023145e-008  3.3000e+000  3.3015e-001  3.3000e+000
 7.0026981e-008  3.3000e+000  4.5461e-001  3.3000e+000
 7.0030849e-008  3.3000e+000  6.1245e-001  3.3000e+000
 7.0033899e-008  3.3000e+000  7.7042e-001  3.3000e+000
 7.0036674e-008  3.3000e+000  9.4289e-001  3.3000e+000
 7.0039877e-008  3.3000e+000  1.1733e+000  3.3000e+000
 7.0043703e-008  3.3000e+000  1.4790e+000  3.3000e+000
 7.0047719e-008  3.3000e+000  1.8048e+000  3.3000e+000
 7.0052169e-008  3.3000e+000  2.1371e+000  3.3000e+000
 7.0055930e-008  3.3000e+000  2.3846e+000  3.3000e+000
 7.0058478e-008  3.3000e+000  2.5344e+000  3.3000e+000
 7.0061109e-008  3.3000e+000  2.6786e+000  3.3000e+000
 7.0063907e-008  3.3000e+000  2.8159e+000  3.3000e+000
 7.0066661e-008  3.3000e+000  2.9279e+000  3.3000e+000
 7.0069705e-008  3.3000e+000  3.0181e+000  3.3000e+000
 7.0073271e-008  3.3000e+000  3.0915e+000  3.3000e+000
 7.0076999e-008  3.3000e+000  3.1448e+000  3.3000e+000
 7.0079769e-008  3.3000e+000  3.1740e+000  3.3000e+000
 7.0082341e-008  3.3000e+000  3.1948e+000  3.3000e+000
 7.0085215e-008  3.3000e+000  3.2124e+000  3.3000e+000
 7.0088784e-008  3.3000e+000  3.2292e+000  3.3000e+000
 7.0093723e-008  3.3000e+000  3.2475e+000  3.3000e+000
 7.010099e-008  3.3000e+000  3.2670e+000  3.3000e+000
 7.011165e-008  3.3000e+000  3.2835e+000  3.3000e+000
 7.012845e-008  3.3000e+000  3.2953e+000  3.3000e+000
 7.016104e-008  3.3000e+000  3.3007e+000  3.3000e+000
 7.026393e-008  3.3000e+000  3.2995e+000  3.3000e+000
 7.046393e-008  3.3000e+000  3.3004e+000  3.3000e+000
 7.066393e-008  3.3000e+000  3.2997e+000  3.3000e+000
 7.086393e-008  3.3000e+000  3.3003e+000  3.3000e+000
 7.106393e-008  3.3000e+000  3.2998e+000  3.3000e+000
 7.126393e-008  3.3000e+000  3.3002e+000  3.3000e+000
 7.146393e-008  3.3000e+000  3.2999e+000  3.3000e+000
 7.166393e-008  3.3000e+000  3.3001e+000  3.3000e+000
 7.186393e-008  3.3000e+000  3.2999e+000  3.3000e+000
 7.206393e-008  3.3000e+000  3.3001e+000  3.3000e+000
 7.226393e-008  3.3000e+000  3.2999e+000  3.3000e+000
 7.246393e-008  3.3000e+000  3.3000e+000  3.3000e+000
 7.266393e-008  3.3000e+000  3.3000e+000  3.3000e+000
 7.286393e-008  3.3000e+000  3.3000e+000  3.3000e+000
 7.306393e-008  3.3000e+000  3.3000e+000  3.3000e+000
 7.326393e-008  3.3000e+000  3.3000e+000  3.3000e+000
 7.346393e-008  3.3000e+000  3.3000e+000  3.3000e+000
 7.366393e-008  3.3000e+000  3.3000e+000  3.3000e+000
 7.386393e-008  3.3000e+000  3.3000e+000  3.3000e+000
 7.406393e-008  3.3000e+000  3.3000e+000  3.3000e+000
 7.426393e-008  3.3000e+000  3.3000e+000  3.3000e+000
 7.446393e-008  3.3000e+000  3.3000e+000  3.3000e+000
 7.466393e-008  3.3000e+000  3.3000e+000  3.3000e+000
 7.486393e-008  3.3000e+000  3.3000e+000  3.3000e+000
 7.500100e-008  3.3000e+000  3.3000e+000  3.3000e+000
 7.502600e-008  3.3000e+000  3.3345e+000  0.0000e+000
 7.503850e-008  3.3000e+000  3.3341e+000  0.0000e+000
 7.5043750e-008  3.3000e+000  3.3320e+000  0.0000e+000
 7.5048586e-008  3.3000e+000  3.3287e+000  0.0000e+000
 7.5054216e-008  3.3000e+000  3.3208e+000  0.0000e+000
 7.506269e-008  3.3000e+000  3.3113e+000  0.0000e+000
 7.508009e-008  3.3000e+000  3.3026e+000  0.0000e+000
 7.511468e-008  3.3000e+000  3.2995e+000  0.0000e+000
 7.520554e-008  3.3000e+000  3.3001e+000  0.0000e+000
 7.540554e-008  3.3000e+000  3.2997e+000  0.0000e+000
 7.560554e-008  3.3000e+000  3.3000e+000  0.0000e+000
 7.580554e-008  3.3000e+000  3.2998e+000  0.0000e+000
 7.600554e-008  3.3000e+000  3.3000e+000  0.0000e+000
 7.620554e-008  3.3000e+000  3.2998e+000  0.0000e+000
 7.640554e-008  3.3000e+000  3.2999e+000  0.0000e+000
 7.660554e-008  3.3000e+000  3.2999e+000  0.0000e+000
 7.680554e-008  3.3000e+000  3.2999e+000  0.0000e+000
 7.700554e-008  3.3000e+000  3.2999e+000  0.0000e+000
 7.720554e-008  3.3000e+000  3.2999e+000  0.0000e+000
 7.740554e-008  3.3000e+000  3.2999e+000  0.0000e+000
 7.760554e-008  3.3000e+000  3.2999e+000  0.0000e+000
 7.780554e-008  3.3000e+000  3.2999e+000  0.0000e+000
 7.800554e-008  3.3000e+000  3.2999e+000  0.0000e+000
 7.820554e-008  3.3000e+000  3.2999e+000  0.0000e+000
 7.840554e-008  3.3000e+000  3.2999e+000  0.0000e+000
 7.860554e-008  3.3000e+000  3.2999e+000  0.0000e+000
 7.880554e-008  3.3000e+000  3.2999e+000  0.0000e+000
 7.900554e-008  3.3000e+000  3.2999e+000  0.0000e+000
 7.920554e-008  3.3000e+000  3.2999e+000  0.0000e+000
 7.940554e-008  3.3000e+000  3.2999e+000  0.0000e+000
 7.960554e-008  3.3000e+000  3.2999e+000  0.0000e+000
 7.980554e-008  3.3000e+000  3.2999e+000  0.0000e+000
 8.000000e-008  3.3000e+000  3.2999e+000  0.0000e+000
 8.0001000e-008  3.3000e+000  3.3128e+000  3.3000e+000
 8.00013150e-008  3.3000e+000  3.3118e+000  3.3000e+000
 8.0002437e-008  3.3000e+000  3.3078e+000  3.3000e+000
 8.0003706e-008  3.3000e+000  3.3032e+000  3.3000e+000
 8.0004974e-008  3.3000e+000  3.2986e+000  3.3000e+000
 8.0006589e-008  3.3000e+000  3.2935e+000  3.3000e+000
 8.0009278e-008  3.3000e+000  3.2861e+000  3.3000e+000
 8.0012648e-008  3.3000e+000  3.2735e+000  3.3000e+000
 8.0016164e-008  3.3000e+000  3.2640e+000  3.3000e+000
 8.0019459e-008  3.3000e+000  3.2591e+000  3.3000e+000
 8.0022874e-008  3.3000e+000  3.2571e+000  3.3000e+000
 8.0026664e-008  3.3000e+000  3.2582e+000  3.3000e+000
 8.0030339e-008  3.3000e+000  3.2618e+000  3.3000e+000
 8.0033333e-008  3.3000e+000  3.2656e+000  3.3000e+000
 8.0036032e-008  3.3000e+000  3.2689e+000  3.3000e+000
 8.0039076e-008  3.3000e+000  3.2721e+000  3.3000e+000
 8.0043578e-008  3.3000e+000  3.2766e+000  3.3000e+000
 8.0049926e-008  3.3000e+000  3.2828e+000  3.3000e+000
 8.005869e-008  3.3000e+000  3.2893e+000  3.3000e+000
 8.007154e-008  3.3000e+000  3.2950e+000  3.3000e+000
 8.009303e-008  3.3000e+000  3.2990e+000  3.3000e+000
 8.014370e-008  3.3000e+000  3.3000e+000  3.3000e+000
 8.034370e-008  3.3000e+000  3.2997e+000  3.3000e+000
 8.054370e-008  3.3000e+000  3.3001e+000  3.3000e+000
 8.074370e-008  3.3000e+000  3.2998e+000  3.3000e+000
 8.094370e-008  3.3000e+000  3.3001e+000  3.3000e+000
 8.114370e-008  3.3000e+000  3.2999e+000  3.3000e+000
 8.134370e-008  3.3000e+000  3.3001e+000  3.3000e+000
 8.154370e-008  3.3000e+000  3.2999e+000  3.3000e+000
 8.174370e-008  3.3000e+000  3.3001e+000  3.3000e+000
 8.194370e-008  3.3000e+000  3.2999e+000  3.3000e+000
 8.214370e-008  3.3000e+000  3.3000e+000  3.3000e+000
 8.234370e-008  3.3000e+000  3.2999e+000  3.3000e+000
 8.254370e-008  3.3000e+000  3.3000e+000  3.3000e+000
 8.274370e-008  3.3000e+000  3.3000e+000  3.3000e+000
 8.294370e-008  3.3000e+000  3.3000e+000  3.3000e+000
 8.314370e-008  3.3000e+000  3.3000e+000  3.3000e+000
 8.334370e-008  3.3000e+000  3.3000e+000  3.3000e+000
 8.354370e-008  3.3000e+000  3.3000e+000  3.3000e+000
 8.374370e-008  3.3000e+000  3.3000e+000  3.3000e+000
 8.394370e-008  3.3000e+000  3.3000e+000  3.3000e+000
 8.414370e-008  3.3000e+000  3.3000e+000  3.3000e+000
 8.434370e-008  3.3000e+000  3.3000e+000  3.3000e+000
 8.454370e-008  3.3000e+000  3.3000e+000  3.3000e+000
 8.474370e-008  3.3000e+000  3.3000e+000  3.3000e+000
 8.494370e-008  3.3000e+000  3.3000e+000  3.3000e+000
 8.500100e-008  3.3000e+000  3.3000e+000  3.3000e+000
 8.5002000e-008  3.3000e+000  3.2967e+000  0.0000e+000
 8.50023150e-008  3.3000e+000  3.3006e+000  0.0000e+000
 8.5004666e-008  3.3000e+000  3.3208e+000  0.0000e+000
 8.5007240e-008  3.3000e+000  3.3362e+000  0.0000e+000
 8.5009594e-008  3.3000e+000  3.3438e+000  0.0000e+000
 8.5012102e-008  3.3000e+000  3.3488e+000  0.0000e+000
 8.5014807e-008  3.3000e+000  3.3514e+000  0.0000e+000
 8.5017777e-008  3.3000e+000  3.3516e+000  0.0000e+000
 8.5021406e-008  3.3000e+000  3.3489e+000  0.0000e+000
 8.5024577e-008  3.3000e+000  3.3448e+000  0.0000e+000
 8.5026850e-008  3.3000e+000  3.3419e+000  0.0000e+000
 8.5029158e-008  3.3000e+000  3.3395e+000  0.0000e+000
 8.5032395e-008  3.3000e+000  3.3366e+000  0.0000e+000
 8.5036131e-008  3.3000e+000  3.3334e+000  0.0000e+000
 8.5039690e-008  3.3000e+000  3.3294e+000  0.0000e+000
 8.5043347e-008  3.3000e+000  3.3236e+000  0.0000e+000
 8.5047716e-008  3.3000e+000  3.3173e+000  0.0000e+000
 8.5053624e-008  3.3000e+000  3.3113e+000  0.0000e+000
 8.506438e-008  3.3000e+000  3.3049e+000  0.0000e+000
 8.508770e-008  3.3000e+000  3.3003e+000  0.0000e+000
 8.513977e-008  3.3000e+000  3.2998e+000  0.0000e+000
 8.533164e-008  3.3000e+000  3.3000e+000  0.0000e+000
 8.553164e-008  3.3000e+000  3.2998e+000  0.0000e+000
 8.573164e-008  3.3000e+000  3.2999e+000  0.0000e+000
 8.593164e-008  3.3000e+000  3.2998e+000  0.0000e+000
 8.600000e-008  3.3000e+000  3.2999e+000  0.0000e+000
 8.6001000e-008  0.0000e+000  3.2927e+000  0.0000e+000
 8.60015000e-008  0.0000e+000  3.2939e+000  0.0000e+000
 8.6002505e-008  0.0000e+000  3.2956e+000  0.0000e+000
 8.6003746e-008  0.0000e+000  3.2974e+000  0.0000e+000
 8.6004941e-008  0.0000e+000  3.2986e+000  0.0000e+000
 8.6006175e-008  0.0000e+000  3.2994e+000  0.0000e+000
 8.6007478e-008  0.0000e+000  3.3001e+000  0.0000e+000
 8.6008556e-008  0.0000e+000  3.3004e+000  0.0000e+000
 8.6009580e-008  0.0000e+000  3.3007e+000  0.0000e+000
 8.6010912e-008  0.0000e+000  3.3008e+000  0.0000e+000
 8.6012649e-008  0.0000e+000  3.3009e+000  0.0000e+000
 8.6014317e-008  0.0000e+000  3.3009e+000  0.0000e+000
 8.6015732e-008  0.0000e+000  3.3009e+000  0.0000e+000
 8.6017268e-008  0.0000e+000  3.3008e+000  0.0000e+000
 8.6019282e-008  0.0000e+000  3.3007e+000  0.0000e+000
 8.6022341e-008  0.0000e+000  3.3005e+000  0.0000e+000
 8.6026705e-008  0.0000e+000  3.3003e+000  0.0000e+000
 8.6031897e-008  0.0000e+000  3.3001e+000  0.0000e+000
 8.6037347e-008  0.0000e+000  3.3001e+000  0.0000e+000
 8.6042767e-008  0.0000e+000  3.3001e+000  0.0000e+000
 8.6048428e-008  0.0000e+000  3.3000e+000  0.0000e+000
 8.6053221e-008  0.0000e+000  3.3000e+000  0.0000e+000
 8.6057632e-008  0.0000e+000  3.3000e+000  0.0000e+000
 8.6062923e-008  0.0000e+000  3.3000e+000  0.0000e+000
 8.6071498e-008  0.0000e+000  3.3000e+000  0.0000e+000
 8.608798e-008  0.0000e+000  3.2999e+000  0.0000e+000
 8.611580e-008  0.0000e+000  3.2999e+000  0.0000e+000
 8.616712e-008  0.0000e+000  3.2999e+000  0.0000e+000
 8.630401e-008  0.0000e+000  3.2999e+000  0.0000e+000
 8.637246e-008  0.0000e+000  3.2999e+000  0.0000e+000
 8.657246e-008  0.0000e+000  3.2999e+000  0.0000e+000
 8.677246e-008  0.0000e+000  3.2999e+000  0.0000e+000
 8.697246e-008  0.0000e+000  3.2999e+000  0.0000e+000
 8.717246e-008  0.0000e+000  3.2999e+000  0.0000e+000
 8.737246e-008  0.0000e+000  3.2999e+000  0.0000e+000
 8.757246e-008  0.0000e+000  3.2999e+000  0.0000e+000
 8.777246e-008  0.0000e+000  3.2999e+000  0.0000e+000
 8.797246e-008  0.0000e+000  3.2999e+000  0.0000e+000
 8.817246e-008  0.0000e+000  3.2999e+000  0.0000e+000
 8.837246e-008  0.0000e+000  3.2999e+000  0.0000e+000
 8.857246e-008  0.0000e+000  3.2999e+000  0.0000e+000
 8.877246e-008  0.0000e+000  3.2999e+000  0.0000e+000
 8.897246e-008  0.0000e+000  3.2999e+000  0.0000e+000
 8.917246e-008  0.0000e+000  3.2999e+000  0.0000e+000
 8.937246e-008  0.0000e+000  3.2999e+000  0.0000e+000
 8.957246e-008  0.0000e+000  3.2999e+000  0.0000e+000
 8.977246e-008  0.0000e+000  3.2999e+000  0.0000e+000
 8.997246e-008  0.0000e+000  3.2999e+000  0.0000e+000
 9.000000e-008  0.0000e+000  3.2999e+000  0.0000e+000
 9.002500e-008  0.0000e+000  3.1716e+000  3.3000e+000
 9.003750e-008  0.0000e+000  2.9944e+000  3.3000e+000
 9.0043750e-008  0.0000e+000  2.8986e+000  3.3000e+000
 9.0049453e-008  0.0000e+000  2.7576e+000  3.3000e+000
 9.0053885e-008  0.0000e+000  2.5800e+000  3.3000e+000
 9.0056702e-008  0.0000e+000  2.4287e+000  3.3000e+000
 9.0059629e-008  0.0000e+000  2.2411e+000  3.3000e+000
 9.0062726e-008  0.0000e+000  2.0146e+000  3.3000e+000
 9.0065991e-008  0.0000e+000  1.7601e+000  3.3000e+000
 9.0069037e-008  0.0000e+000  1.5232e+000  3.3000e+000
 9.0071936e-008  0.0000e+000  1.3159e+000  3.3000e+000
 9.0074896e-008  0.0000e+000  1.1309e+000  3.3000e+000
 9.0077409e-008  0.0000e+000  9.9148e-001  3.3000e+000
 9.0079943e-008  0.0000e+000  8.6143e-001  3.3000e+000
 9.0083016e-008  0.0000e+000  7.1580e-001  3.3000e+000
 9.0087806e-008  0.0000e+000  5.2568e-001  3.3000e+000
 9.0094409e-008  0.0000e+000  3.3923e-001  3.3000e+000
 9.010359e-008  0.0000e+000  1.7811e-001  3.3000e+000
 9.011736e-008  0.0000e+000  5.7218e-002  3.3000e+000
 9.014114e-008  0.0000e+000  1.5285e-003  3.3000e+000
 9.019909e-008  0.0000e+000  3.8181e-004  3.3000e+000
 9.037037e-008  0.0000e+000  6.2180e-004  3.3000e+000
 9.057037e-008  0.0000e+000  5.6470e-004  3.3000e+000
 9.077037e-008  0.0000e+000  5.0500e-004  3.3000e+000
 9.097037e-008  0.0000e+000  6.4624e-004  3.3000e+000
 9.117037e-008  0.0000e+000  4.4819e-004  3.3000e+000
 9.137037e-008  0.0000e+000  6.8168e-004  3.3000e+000
 9.157037e-008  0.0000e+000  4.2769e-004  3.3000e+000
 9.177037e-008  0.0000e+000  6.9235e-004  3.3000e+000
 9.197037e-008  0.0000e+000  4.2526e-004  3.3000e+000
 9.217037e-008  0.0000e+000  6.8928e-004  3.3000e+000
 9.237037e-008  0.0000e+000  4.3255e-004  3.3000e+000
 9.257037e-008  0.0000e+000  6.7946e-004  3.3000e+000
 9.277037e-008  0.0000e+000  4.4427e-004  3.3000e+000
 9.297037e-008  0.0000e+000  6.6623e-004  3.3000e+000
 9.317037e-008  0.0000e+000  4.5799e-004  3.3000e+000
 9.337037e-008  0.0000e+000  6.5267e-004  3.3000e+000
 9.357037e-008  0.0000e+000  4.7142e-004  3.3000e+000
 9.377037e-008  0.0000e+000  6.3980e-004  3.3000e+000
 9.397037e-008  0.0000e+000  4.8383e-004  3.3000e+000
 9.417037e-008  0.0000e+000  6.2810e-004  3.3000e+000
 9.437037e-008  0.0000e+000  4.9495e-004  3.3000e+000
 9.457037e-008  0.0000e+000  6.1775e-004  3.3000e+000
 9.477037e-008  0.0000e+000  5.0469e-004  3.3000e+000
 9.497037e-008  0.0000e+000  6.0875e-004  3.3000e+000
 9.500100e-008  0.0000e+000  5.2986e-004  3.3000e+000
 9.5002000e-008  0.0000e+000 -1.0017e-002  0.0000e+000
 9.50025000e-008  0.0000e+000 -6.3536e-003  0.0000e+000
 9.5004649e-008  0.0000e+000  3.9089e-003  0.0000e+000
 9.5007058e-008  0.0000e+000  8.8934e-003  0.0000e+000
 9.5009363e-008  0.0000e+000  5.0194e-003  0.0000e+000
 9.5011539e-008  0.0000e+000 -1.5543e-003  0.0000e+000
 9.5013384e-008  0.0000e+000 -3.7482e-003  0.0000e+000
 9.5015612e-008  0.0000e+000 -3.6396e-003  0.0000e+000
 9.5018697e-008  0.0000e+000 -2.7759e-003  0.0000e+000
 9.5021851e-008  0.0000e+000 -2.4870e-003  0.0000e+000
 9.5024056e-008  0.0000e+000 -2.5204e-003  0.0000e+000
 9.5026158e-008  0.0000e+000 -2.5032e-003  0.0000e+000
 9.5028952e-008  0.0000e+000 -2.4494e-003  0.0000e+000
 9.5033389e-008  0.0000e+000 -2.4305e-003  0.0000e+000
 9.5038263e-008  0.0000e+000 -2.9106e-003  0.0000e+000
 9.5042534e-008  0.0000e+000 -3.2860e-003  0.0000e+000
 9.5046671e-008  0.0000e+000 -3.1931e-003  0.0000e+000
 9.5051617e-008  0.0000e+000 -2.7686e-003  0.0000e+000
 9.5058874e-008  0.0000e+000 -1.9748e-003  0.0000e+000
 9.507219e-008  0.0000e+000 -7.1766e-004  0.0000e+000
 9.509834e-008  0.0000e+000  4.1529e-004  0.0000e+000
 9.511141e-008  0.0000e+000  5.2080e-004  0.0000e+000
 9.522596e-008  0.0000e+000  5.8842e-004  0.0000e+000
 9.542596e-008  0.0000e+000  5.3820e-004  0.0000e+000
 9.562596e-008  0.0000e+000  5.7663e-004  0.0000e+000
 9.582596e-008  0.0000e+000  5.4644e-004  0.0000e+000
 9.602596e-008  0.0000e+000  5.6977e-004  0.0000e+000
 9.622596e-008  0.0000e+000  5.5163e-004  0.0000e+000
 9.642596e-008  0.0000e+000  5.6557e-004  0.0000e+000
 9.662596e-008  0.0000e+000  5.5486e-004  0.0000e+000
 9.682596e-008  0.0000e+000  5.6296e-004  0.0000e+000
 9.702596e-008  0.0000e+000  5.5687e-004  0.0000e+000
 9.722596e-008  0.0000e+000  5.6134e-004  0.0000e+000
 9.742596e-008  0.0000e+000  5.5812e-004  0.0000e+000
 9.762596e-008  0.0000e+000  5.6032e-004  0.0000e+000
 9.782596e-008  0.0000e+000  5.5890e-004  0.0000e+000
 9.802596e-008  0.0000e+000  5.5969e-004  0.0000e+000
 9.822596e-008  0.0000e+000  5.5938e-004  0.0000e+000
 9.842596e-008  0.0000e+000  5.5929e-004  0.0000e+000
 9.862596e-008  0.0000e+000  5.5969e-004  0.0000e+000
 9.882596e-008  0.0000e+000  5.5903e-004  0.0000e+000
 9.902596e-008  0.0000e+000  5.5988e-004  0.0000e+000
 9.922596e-008  0.0000e+000  5.5887e-004  0.0000e+000
 9.942596e-008  0.0000e+000  5.6000e-004  0.0000e+000
 9.962596e-008  0.0000e+000  5.5877e-004  0.0000e+000
 9.982596e-008  0.0000e+000  5.6008e-004  0.0000e+000
 1.000000e-007  0.0000e+000  5.5870e-004  2.1838e-011
*

* Parsing                      0.03 seconds
* Setup                        0.13 seconds
* DC operating point           0.02 seconds
* Transient Analysis           0.59 seconds
* Overhead                     1.32 seconds
* -----------------------------------------
* Total                        2.08 seconds

* Simulation completed	with  6 Warnings

* End of T-Spice output file
