* T-Spice 13.00 Simulation	Sat Feb 09 21:28:13 2019	C:\Users\makif\Google Drive\TEZ ÇALIÞMAM\çizim\Counter_TDC\Counter_TDC\DLL_TDC_deneme.sp
* Command line: tspice -o "C:\Users\makif\Google Drive\TEZ ÇALIÞMAM\çizim\Counter_TDC\Counter_TDC\DLL_TDC_deneme.out" "C:\Users\makif\Google Drive\TEZ ÇALIÞMAM\çizim\Counter_TDC\Counter_TDC\DLL_TDC_deneme.sp" 
* T-Spice Win32 13.00.20080321.01:01:33
* Warning : "130nm.md" line 1 Invalid binned model NMOS
*         : "130nm.md" line 1 Binned models must define LMIN, LMAX, WMIN, and WMAX, and have a name suffix of .# (e.g. nch.1)
* Warning : "130nm.md" line 142 Invalid binned model PMOS
*         : "130nm.md" line 142 Binned models must define LMIN, LMAX, WMIN, and WMAX, and have a name suffix of .# (e.g. nch.1)
* Warning : Device Xnew_DFF_1.XNAND2C_1.MN1 - Acde = 0.3 is too small.
* Warning : Device Xbuffer_1.MN1 - Acde = 0.3 is too small.

*SEDIT: Alter blocks = 0

* Accuracy and Convergence options:
* numndset|dchold = 100
* 
* Timestep and Integration options:
*  relq|relchgtol = 0.0005
* 
* Model Evaluation options:
*            dcap = 2                    defnrb = 0 [sq]               defnrd = 0 [sq]
*          defnrs = 0 [sq]                 tnom = 25 [deg C]
* 
* General options:
*            temp = 25 [deg C]          threads = 8
* 
* Output options:
*           acout = 1                    ingold = 0
* 


*  Device and node counts:
*             MOSFETs - 363               MOSFET geometries - 12      
*                BJTs - 0                             JFETs - 0       
*             MESFETs - 0                            Diodes - 0       
*          Capacitors - 0                         Resistors - 0       
*           Inductors - 0                  Mutual inductors - 0       
*  Transmission lines - 0        Coupled transmission lines - 0       
*     Voltage sources - 3                   Current sources - 0       
*                VCVS - 0                              VCCS - 0       
*                CCVS - 0                              CCCS - 0       
*    V-control switch - 0                  I-control switch - 0       
*       Macro devices - 0        External C model instances - 0       
*         HDL devices - 0       
*         Subcircuits - 0              Subcircuit instances - 77      
*   Independent nodes - 908                  Boundary nodes - 4       
*         Total nodes - 912     

* *** 5 WARNING MESSAGES GENERATED DURING SETUP


*SEDIT: Alter=0
*SEDIT: Analysis types DCOP 0 ACMODEL 0 AC 0 TRANSIENT 1 TRANSFER 0 NOISE 0 

*WEDIT: .tran   1e-010   1e-007
TRANSIENT ANALYSIS
Time<s>        v(Start,Gnd)<V>  v(T4,Gnd)<V>  v(T8,Gnd)<V>  v(T12,Gnd)<V>  v(Stop,Gnd)<V>  v(B1,Gnd)<V>  v(B2,Gnd)<V>  v(B3,Gnd)<V>
 0.000000e+000  0.0000e+000  7.0112e-005  7.0112e-005  7.0112e-005  0.0000e+000  3.3000e+000  3.3000e+000  3.3000e+000
 6.250000e-012  0.0000e+000  7.0112e-005  7.0112e-005  7.0112e-005  0.0000e+000  3.3000e+000  3.3000e+000  3.3000e+000
 6.875000e-011  0.0000e+000  7.0112e-005  7.0112e-005  7.0112e-005  0.0000e+000  3.3000e+000  3.3000e+000  3.3000e+000
 2.687500e-010  0.0000e+000  7.0112e-005  7.0112e-005  7.0112e-005  0.0000e+000  3.3000e+000  3.3000e+000  3.3000e+000
 4.687500e-010  0.0000e+000  7.0112e-005  7.0112e-005  7.0112e-005  0.0000e+000  3.3000e+000  3.3000e+000  3.3000e+000
 6.687500e-010  0.0000e+000  7.0112e-005  7.0112e-005  7.0112e-005  0.0000e+000  3.3000e+000  3.3000e+000  3.3000e+000
 8.687500e-010  0.0000e+000  7.0112e-005  7.0112e-005  7.0112e-005  0.0000e+000  3.3000e+000  3.3000e+000  3.3000e+000
 1.068750e-009  0.0000e+000  7.0112e-005  7.0112e-005  7.0112e-005  0.0000e+000  3.3000e+000  3.3000e+000  3.3000e+000
 1.268750e-009  0.0000e+000  7.0112e-005  7.0112e-005  7.0112e-005  0.0000e+000  3.3000e+000  3.3000e+000  3.3000e+000
 1.468750e-009  0.0000e+000  7.0112e-005  7.0112e-005  7.0112e-005  0.0000e+000  3.3000e+000  3.3000e+000  3.3000e+000
 1.668750e-009  0.0000e+000  7.0112e-005  7.0112e-005  7.0112e-005  0.0000e+000  3.3000e+000  3.3000e+000  3.3000e+000
 1.868750e-009  0.0000e+000  7.0112e-005  7.0112e-005  7.0112e-005  0.0000e+000  3.3000e+000  3.3000e+000  3.3000e+000
 2.068750e-009  0.0000e+000  7.0112e-005  7.0112e-005  7.0112e-005  0.0000e+000  3.3000e+000  3.3000e+000  3.3000e+000
 2.268750e-009  0.0000e+000  7.0112e-005  7.0112e-005  7.0112e-005  0.0000e+000  3.3000e+000  3.3000e+000  3.3000e+000
 2.468750e-009  0.0000e+000  7.0112e-005  7.0112e-005  7.0112e-005  0.0000e+000  3.3000e+000  3.3000e+000  3.3000e+000
 2.668750e-009  0.0000e+000  7.0112e-005  7.0112e-005  7.0112e-005  0.0000e+000  3.3000e+000  3.3000e+000  3.3000e+000
 2.868750e-009  0.0000e+000  7.0112e-005  7.0112e-005  7.0112e-005  0.0000e+000  3.3000e+000  3.3000e+000  3.3000e+000
 3.068750e-009  0.0000e+000  7.0112e-005  7.0112e-005  7.0112e-005  0.0000e+000  3.3000e+000  3.3000e+000  3.3000e+000
 3.268750e-009  0.0000e+000  7.0112e-005  7.0112e-005  7.0112e-005  0.0000e+000  3.3000e+000  3.3000e+000  3.3000e+000
 3.468750e-009  0.0000e+000  7.0112e-005  7.0112e-005  7.0112e-005  0.0000e+000  3.3000e+000  3.3000e+000  3.3000e+000
 3.668750e-009  0.0000e+000  7.0112e-005  7.0112e-005  7.0112e-005  0.0000e+000  3.3000e+000  3.3000e+000  3.3000e+000
 3.868750e-009  0.0000e+000  7.0112e-005  7.0112e-005  7.0112e-005  0.0000e+000  3.3000e+000  3.3000e+000  3.3000e+000
 4.068750e-009  0.0000e+000  7.0112e-005  7.0112e-005  7.0112e-005  0.0000e+000  3.3000e+000  3.3000e+000  3.3000e+000
 4.268750e-009  0.0000e+000  7.0112e-005  7.0112e-005  7.0112e-005  0.0000e+000  3.3000e+000  3.3000e+000  3.3000e+000
 4.468750e-009  0.0000e+000  7.0112e-005  7.0112e-005  7.0112e-005  0.0000e+000  3.3000e+000  3.3000e+000  3.3000e+000
 4.668750e-009  0.0000e+000  7.0112e-005  7.0112e-005  7.0112e-005  0.0000e+000  3.3000e+000  3.3000e+000  3.3000e+000
 4.868750e-009  0.0000e+000  7.0112e-005  7.0112e-005  7.0112e-005  0.0000e+000  3.3000e+000  3.3000e+000  3.3000e+000
 5.068750e-009  0.0000e+000  7.0112e-005  7.0112e-005  7.0112e-005  0.0000e+000  3.3000e+000  3.3000e+000  3.3000e+000
 5.268750e-009  0.0000e+000  7.0112e-005  7.0112e-005  7.0112e-005  0.0000e+000  3.3000e+000  3.3000e+000  3.3000e+000
 5.468750e-009  0.0000e+000  7.0112e-005  7.0112e-005  7.0112e-005  0.0000e+000  3.3000e+000  3.3000e+000  3.3000e+000
 5.668750e-009  0.0000e+000  7.0112e-005  7.0112e-005  7.0112e-005  0.0000e+000  3.3000e+000  3.3000e+000  3.3000e+000
 5.868750e-009  0.0000e+000  7.0112e-005  7.0112e-005  7.0112e-005  0.0000e+000  3.3000e+000  3.3000e+000  3.3000e+000
 6.068750e-009  0.0000e+000  7.0112e-005  7.0112e-005  7.0112e-005  0.0000e+000  3.3000e+000  3.3000e+000  3.3000e+000
 6.268750e-009  0.0000e+000  7.0112e-005  7.0112e-005  7.0112e-005  0.0000e+000  3.3000e+000  3.3000e+000  3.3000e+000
 6.468750e-009  0.0000e+000  7.0112e-005  7.0112e-005  7.0112e-005  0.0000e+000  3.3000e+000  3.3000e+000  3.3000e+000
 6.668750e-009  0.0000e+000  7.0112e-005  7.0112e-005  7.0112e-005  0.0000e+000  3.3000e+000  3.3000e+000  3.3000e+000
 6.868750e-009  0.0000e+000  7.0112e-005  7.0112e-005  7.0112e-005  0.0000e+000  3.3000e+000  3.3000e+000  3.3000e+000
 7.068750e-009  0.0000e+000  7.0112e-005  7.0112e-005  7.0112e-005  0.0000e+000  3.3000e+000  3.3000e+000  3.3000e+000
 7.268750e-009  0.0000e+000  7.0112e-005  7.0112e-005  7.0112e-005  0.0000e+000  3.3000e+000  3.3000e+000  3.3000e+000
 7.468750e-009  0.0000e+000  7.0112e-005  7.0112e-005  7.0112e-005  0.0000e+000  3.3000e+000  3.3000e+000  3.3000e+000
 7.668750e-009  0.0000e+000  7.0112e-005  7.0112e-005  7.0112e-005  0.0000e+000  3.3000e+000  3.3000e+000  3.3000e+000
 7.868750e-009  0.0000e+000  7.0112e-005  7.0112e-005  7.0112e-005  0.0000e+000  3.3000e+000  3.3000e+000  3.3000e+000
 8.068750e-009  0.0000e+000  7.0112e-005  7.0112e-005  7.0112e-005  0.0000e+000  3.3000e+000  3.3000e+000  3.3000e+000
 8.268750e-009  0.0000e+000  7.0112e-005  7.0112e-005  7.0112e-005  0.0000e+000  3.3000e+000  3.3000e+000  3.3000e+000
 8.468750e-009  0.0000e+000  7.0112e-005  7.0112e-005  7.0112e-005  0.0000e+000  3.3000e+000  3.3000e+000  3.3000e+000
 8.668750e-009  0.0000e+000  7.0112e-005  7.0112e-005  7.0112e-005  0.0000e+000  3.3000e+000  3.3000e+000  3.3000e+000
 8.868750e-009  0.0000e+000  7.0112e-005  7.0112e-005  7.0112e-005  0.0000e+000  3.3000e+000  3.3000e+000  3.3000e+000
 9.068750e-009  0.0000e+000  7.0112e-005  7.0112e-005  7.0112e-005  0.0000e+000  3.3000e+000  3.3000e+000  3.3000e+000
 9.268750e-009  0.0000e+000  7.0112e-005  7.0112e-005  7.0112e-005  0.0000e+000  3.3000e+000  3.3000e+000  3.3000e+000
 9.468750e-009  0.0000e+000  7.0112e-005  7.0112e-005  7.0112e-005  0.0000e+000  3.3000e+000  3.3000e+000  3.3000e+000
 9.668750e-009  0.0000e+000  7.0112e-005  7.0112e-005  7.0112e-005  0.0000e+000  3.3000e+000  3.3000e+000  3.3000e+000
 9.801000e-009  0.0000e+000  7.0112e-005  7.0112e-005  7.0112e-005  0.0000e+000  3.3000e+000  3.3000e+000  3.3000e+000
 9.826000e-009  0.0000e+000  7.0112e-005  7.0112e-005  7.0112e-005  0.0000e+000  3.3000e+000  3.3000e+000  3.3000e+000
 1.000000e-008  0.0000e+000  7.0112e-005  7.0112e-005  7.0112e-005  0.0000e+000  3.3000e+000  3.3000e+000  3.3000e+000
 1.0000999e-008  0.0000e+000  4.6926e-002  4.6921e-002  5.2017e-002  3.3000e+000  3.3136e+000  3.3117e+000  3.3117e+000
 1.0001314e-008  0.0000e+000  4.3012e-002  4.3008e-002  4.7338e-002  3.3000e+000  3.3130e+000  3.3111e+000  3.3111e+000
 1.000392e-008  0.0000e+000  2.2841e-002  2.2840e-002  2.4006e-002  3.3000e+000  3.3088e+000  3.3076e+000  3.3076e+000
 1.000832e-008  0.0000e+000  2.0117e-003  2.0135e-003  6.1748e-004  3.3000e+000  3.3023e+000  3.3022e+000  3.3022e+000
 1.001338e-008  0.0000e+000 -4.6957e-003 -4.6942e-003 -5.7639e-003  3.3000e+000  3.2981e+000  3.2985e+000  3.2985e+000
 1.002230e-008  0.0000e+000 -5.4195e-003 -5.4199e-003 -5.5338e-003  3.3000e+000  3.2979e+000  3.2983e+000  3.2983e+000
 1.003495e-008  0.0000e+000 -3.1442e-003 -3.1460e-003 -3.0130e-003  3.3000e+000  3.3092e+000  3.3081e+000  3.3081e+000
 1.004953e-008  0.0000e+000 -1.7965e-003 -1.7982e-003 -1.7518e-003  3.3000e+000  3.3314e+000  3.3279e+000  3.3279e+000
 1.006437e-008  0.0000e+000 -8.7879e-004 -8.7749e-004 -8.3552e-004  3.3000e+000  3.3407e+000  3.3373e+000  3.3373e+000
 1.007480e-008  0.0000e+000 -3.8302e-004 -3.7738e-004 -3.4480e-004  3.3000e+000  3.3239e+000  3.3235e+000  3.3235e+000
 1.008232e-008  0.0000e+000 -1.7062e-004 -1.6387e-004 -1.4230e-004  3.3000e+000  3.2989e+000  3.3017e+000  3.3017e+000
 1.009072e-008  0.0000e+000 -3.5170e-005 -2.8899e-005 -1.6562e-005  3.3000e+000  3.2621e+000  3.2688e+000  3.2688e+000
 1.010040e-008  0.0000e+000  2.9733e-005  3.6228e-005  4.1285e-005  3.3000e+000  3.2061e+000  3.2180e+000  3.2180e+000
 1.011032e-008  0.0000e+000  4.0506e-005  4.6941e-005  4.8124e-005  3.3000e+000  3.1315e+000  3.1505e+000  3.1505e+000
 1.012093e-008  0.0000e+000  1.6175e-005  2.3248e-005  2.1922e-005  3.3000e+000  3.0231e+000  3.0534e+000  3.0534e+000
 1.012592e-008  0.0000e+000  1.4403e-005  2.1591e-005  2.1079e-005  3.3000e+000  2.9610e+000  2.9985e+000  2.9985e+000
 1.013026e-008  0.0000e+000  1.7605e-005  2.8841e-005  2.9323e-005  3.3000e+000  2.8993e+000  2.9463e+000  2.9464e+000
 1.013581e-008  0.0000e+000  2.7782e-005  4.5704e-005  4.7294e-005  3.3000e+000  2.8064e+000  2.8706e+000  2.8706e+000
 1.014436e-008  0.0000e+000  2.3231e-005  4.9512e-005  4.9943e-005  3.3000e+000  2.6350e+000  2.7334e+000  2.7334e+000
 1.015894e-008  0.0000e+000  9.2747e-007  2.5710e-005  2.4407e-005  3.3000e+000  2.2805e+000  2.4541e+000  2.4541e+000
 1.017537e-008  0.0000e+000 -5.3211e-005 -2.6423e-006 -3.7905e-006  3.3000e+000  1.8427e+000  2.1011e+000  2.1011e+000
 1.019009e-008  0.0000e+000 -1.0073e-004 -4.3150e-005 -4.5156e-005  3.3000e+000  1.4776e+000  1.7854e+000  1.7854e+000
 1.019884e-008  0.0000e+000 -8.4242e-005 -5.8193e-005 -5.9426e-005  3.3000e+000  1.2865e+000  1.6082e+000  1.6082e+000
 1.020665e-008  0.0000e+000 -2.5687e-005 -4.5806e-005 -4.5083e-005  3.3000e+000  1.1363e+000  1.4605e+000  1.4605e+000
 1.021277e-008  0.0000e+000  1.2853e-005 -2.6825e-005 -2.5129e-005  3.3000e+000  1.0303e+000  1.3519e+000  1.3519e+000
 1.021877e-008  0.0000e+000  4.2902e-005  1.4349e-006  4.0728e-006  3.3000e+000  9.3261e-001  1.2531e+000  1.2530e+000
 1.022475e-008  0.0000e+000  6.3681e-005  2.8593e-005  3.1226e-005  3.3000e+000  8.4139e-001  1.1630e+000  1.1628e+000
 1.023037e-008  0.0000e+000  8.4453e-005  5.3530e-005  5.5820e-005  3.3000e+000  7.6110e-001  1.0842e+000  1.0837e+000
 1.023648e-008  0.0000e+000  1.0611e-004  6.6611e-005  6.7928e-005  3.3000e+000  6.8201e-001  1.0020e+000  1.0013e+000
 1.024325e-008  0.0000e+000  1.3279e-004  8.2122e-005  8.3651e-005  3.3000e+000  6.0399e-001  9.1626e-001  9.1554e-001
 1.025069e-008  0.0000e+000  1.5102e-004  9.4947e-005  9.6592e-005  3.3000e+000  5.2810e-001  8.2882e-001  8.2817e-001
 1.025831e-008  0.0000e+000  1.6430e-004  1.1133e-004  1.1307e-004  3.3000e+000  4.5938e-001  7.4722e-001  7.4657e-001
 1.026652e-008  0.0000e+000  1.6759e-004  1.2327e-004  1.2530e-004  3.3000e+000  3.9412e-001  6.6816e-001  6.6786e-001
 1.027669e-008  0.0000e+000  1.6965e-004  1.3382e-004  1.3578e-004  3.3000e+000  3.2404e-001  5.8021e-001  5.8047e-001
 1.028543e-008  0.0000e+000  1.6267e-004  1.3657e-004  1.3730e-004  3.3000e+000  2.7139e-001  5.1336e-001  5.1391e-001
 1.029246e-008  0.0000e+000  1.5947e-004  1.4111e-004  1.4145e-004  3.3000e+000  2.3357e-001  4.6524e-001  4.6588e-001
 1.029959e-008  0.0000e+000  1.5416e-004  1.4082e-004  1.4051e-004  3.3000e+000  1.9965e-001  4.2123e-001  4.2188e-001
 1.030775e-008  0.0000e+000  1.5311e-004  1.4125e-004  1.4078e-004  3.3000e+000  1.6619e-001  3.7562e-001  3.7623e-001
 1.031517e-008  0.0000e+000  1.4841e-004  1.3516e-004  1.3419e-004  3.3000e+000  1.4040e-001  3.3748e-001  3.3801e-001
 1.031930e-008  0.0000e+000  1.4820e-004  1.3359e-004  1.3278e-004  3.3000e+000  1.2774e-001  3.1731e-001  3.1780e-001
 1.032346e-008  0.0000e+000  1.4409e-004  1.2829e-004  1.2721e-004  3.3000e+000  1.1613e-001  2.9765e-001  2.9810e-001
 1.032913e-008  0.0000e+000  1.4227e-004  1.2526e-004  1.2444e-004  3.3000e+000  1.0194e-001  2.7189e-001  2.7227e-001
 1.033822e-008  0.0000e+000  1.3401e-004  1.1780e-004  1.1690e-004  3.3000e+000  8.2605e-002  2.3330e-001  2.3354e-001
 1.035556e-008  0.0000e+000  1.2269e-004  1.1543e-004  1.1529e-004  3.3000e+000  5.4998e-002  1.7086e-001  1.7088e-001
 1.038456e-008  0.0000e+000  1.0139e-004  1.1028e-004  1.1023e-004  3.3000e+000  2.7357e-002  9.7827e-002  9.7699e-002
 1.043501e-008  0.0000e+000  8.2083e-005  9.5595e-005  9.5485e-005  3.3000e+000  7.2588e-003  3.3766e-002  3.3671e-002
 1.054697e-008  0.0000e+000  6.8016e-005  6.9457e-005  6.9269e-005  3.3000e+000 -8.0640e-004 -1.3753e-003 -1.3705e-003
 1.074697e-008  0.0000e+000  7.1362e-005  7.0527e-005  7.0688e-005  3.3000e+000  4.1512e-004  5.4610e-004  5.4218e-004
 1.094697e-008  0.0000e+000  6.9181e-005  6.9627e-005  6.9485e-005  3.3000e+000 -1.1909e-004 -1.3340e-004 -1.3086e-004
 1.114697e-008  0.0000e+000  7.0921e-005  7.0701e-005  7.0831e-005  3.3000e+000  7.9095e-005  7.4645e-005  7.2929e-005
 1.134697e-008  0.0000e+000  6.9338e-005  6.9435e-005  6.9313e-005  3.3000e+000 -2.3702e-006  2.1820e-006  3.3262e-006
 1.154697e-008  0.0000e+000  7.0873e-005  7.0841e-005  7.0958e-005  3.3000e+000  2.1607e-005  2.0177e-005  1.9403e-005
 1.174697e-008  0.0000e+000  6.9347e-005  6.9345e-005  6.9231e-005  3.3000e+000  1.3781e-005  1.3693e-005  1.4223e-005
 1.194697e-008  0.0000e+000  7.0879e-005  7.0895e-005  7.1008e-005  3.3000e+000  1.1139e-005  1.2576e-005  1.2211e-005
 1.214697e-008  0.0000e+000  6.9336e-005  6.9312e-005  6.9200e-005  3.3000e+000  1.4368e-005  1.2871e-005  1.3121e-005
 1.234697e-008  0.0000e+000  7.0890e-005  7.0916e-005  7.1027e-005  3.3000e+000  8.7241e-006  1.0657e-005  1.0481e-005
 1.254697e-008  0.0000e+000  6.9326e-005  6.9301e-005  6.9190e-005  3.3000e+000  1.3209e-005  1.1525e-005  1.1645e-005
 1.274697e-008  0.0000e+000  7.0899e-005  7.0922e-005  7.1033e-005  3.3000e+000  7.7530e-006  9.6701e-006  9.5821e-006
 1.294697e-008  0.0000e+000  6.9318e-005  6.9299e-005  6.9187e-005  3.3000e+000  1.2214e-005  1.0545e-005  1.0606e-005
 1.314697e-008  0.0000e+000  7.0906e-005  7.0923e-005  7.1034e-005  3.3000e+000  7.1286e-006  8.9890e-006  8.9385e-006
 1.334697e-008  0.0000e+000  6.9312e-005  6.9298e-005  6.9187e-005  3.3000e+000  1.1497e-005  9.8422e-006  9.8795e-006
 1.354697e-008  0.0000e+000  7.0911e-005  7.0922e-005  7.1034e-005  3.3000e+000  6.6513e-006  8.4805e-006  8.4426e-006
 1.374697e-008  0.0000e+000  6.9308e-005  6.9300e-005  6.9188e-005  3.3000e+000  1.0974e-005  9.3140e-006  9.3457e-006
 1.394697e-008  0.0000e+000  7.0915e-005  7.0921e-005  7.1032e-005  3.3000e+000  6.2693e-006  8.0989e-006  8.0616e-006
 1.414697e-008  0.0000e+000  6.9305e-005  6.9301e-005  6.9189e-005  3.3000e+000  1.0578e-005  8.8897e-006  8.9249e-006
 1.434697e-008  0.0000e+000  7.0917e-005  7.0919e-005  7.1031e-005  3.3000e+000  5.9582e-006  7.7997e-006  7.7564e-006
 1.454697e-008  0.0000e+000  6.9303e-005  6.9303e-005  6.9191e-005  3.3000e+000  1.0267e-005  8.5472e-006  8.5905e-006
 1.474697e-008  0.0000e+000  7.0919e-005  7.0917e-005  7.1029e-005  3.3000e+000  5.7017e-006  7.5587e-006  7.5068e-006
 1.494697e-008  0.0000e+000  6.9301e-005  6.9305e-005  6.9193e-005  3.3000e+000  1.0014e-005  8.2650e-006  8.3177e-006
 1.514697e-008  0.0000e+000  7.0920e-005  7.0915e-005  7.1027e-005  3.3000e+000  5.5574e-006  7.3605e-006  7.2996e-006
 1.534697e-008  0.0000e+000  6.9300e-005  6.9308e-005  6.9196e-005  3.3000e+000  9.7749e-006  8.0284e-006  8.0900e-006
 1.554697e-008  0.0000e+000  7.0921e-005  7.0912e-005  7.1024e-005  3.3000e+000  5.3919e-006  7.1949e-006  7.1258e-006
 1.574697e-008  0.0000e+000  6.9300e-005  6.9310e-005  6.9198e-005  3.3000e+000  9.5916e-006  7.8272e-006  7.8966e-006
 1.594697e-008  0.0000e+000  7.0921e-005  7.0910e-005  7.1022e-005  3.3000e+000  5.2427e-006  7.0547e-006  6.9785e-006
 1.614697e-008  0.0000e+000  6.9300e-005  6.9312e-005  6.9201e-005  3.3000e+000  9.4382e-006  7.6540e-006  7.7299e-006
 1.634697e-008  0.0000e+000  7.0921e-005  7.0907e-005  7.1019e-005  3.3000e+000  5.1126e-006  6.9345e-006  6.8525e-006
 1.654697e-008  0.0000e+000  6.9300e-005  6.9315e-005  6.9203e-005  3.3000e+000  9.3061e-006  7.5034e-006  7.5848e-006
 1.674697e-008  0.0000e+000  7.0921e-005  7.0905e-005  7.1016e-005  3.3000e+000  4.9801e-006  6.8305e-006  6.7436e-006
 1.694697e-008  0.0000e+000  6.9301e-005  6.9317e-005  6.9206e-005  3.3000e+000  9.1986e-006  7.3714e-006  7.4573e-006
 1.714697e-008  0.0000e+000  7.0920e-005  7.0903e-005  7.1014e-005  3.3000e+000  4.8783e-006  6.7396e-006  6.6486e-006
 1.734697e-008  0.0000e+000  6.9301e-005  6.9319e-005  6.9208e-005  3.3000e+000  9.0976e-006  7.2546e-006  7.3443e-006
 1.754697e-008  0.0000e+000  7.0920e-005  7.0900e-005  7.1011e-005  3.3000e+000  4.7912e-006  6.6426e-006  6.5482e-006
 1.774697e-008  0.0000e+000  6.9302e-005  6.9322e-005  6.9211e-005  3.3000e+000  9.0067e-006  7.1563e-006  7.2491e-006
 1.794697e-008  0.0000e+000  7.0919e-005  7.0898e-005  7.1009e-005  3.3000e+000  4.7145e-006  6.5708e-006  6.4736e-006
 1.814697e-008  0.0000e+000  6.9302e-005  6.9324e-005  6.9213e-005  3.3000e+000  8.9249e-006  7.0634e-006  7.1587e-006
 1.834697e-008  0.0000e+000  7.0918e-005  7.0896e-005  7.1007e-005  3.3000e+000  4.6462e-006  6.5084e-006  6.4090e-006
 1.854697e-008  0.0000e+000  6.9303e-005  6.9326e-005  6.9215e-005  3.3000e+000  8.8513e-006  6.9792e-006  7.0766e-006
 1.874697e-008  0.0000e+000  7.0917e-005  7.0894e-005  7.1005e-005  3.3000e+000  4.5849e-006  6.4525e-006  6.3513e-006
 1.894697e-008  0.0000e+000  6.9304e-005  6.9328e-005  6.9217e-005  3.3000e+000  8.7845e-006  6.9031e-006  7.0022e-006
 1.914697e-008  0.0000e+000  7.0917e-005  7.0893e-005  7.1003e-005  3.3000e+000  4.5296e-006  6.4021e-006  6.2994e-006
 1.934697e-008  0.0000e+000  6.9305e-005  6.9329e-005  6.9219e-005  3.3000e+000  8.7239e-006  6.8341e-006  6.9345e-006
 1.954697e-008  0.0000e+000  7.0916e-005  7.0891e-005  7.1001e-005  3.3000e+000  4.4795e-006  6.3563e-006  6.2524e-006
 1.974697e-008  0.0000e+000  6.9306e-005  6.9331e-005  6.9221e-005  3.3000e+000  8.6685e-006  6.7713e-006  6.8729e-006
 1.994697e-008  0.0000e+000  7.0915e-005  7.0889e-005  7.0999e-005  3.3000e+000  4.4339e-006  6.3146e-006  6.2096e-006
 2.014697e-008  0.0000e+000  6.9306e-005  6.9332e-005  6.9223e-005  3.3000e+000  8.6178e-006  6.7140e-006  6.8168e-006
 2.034697e-008  0.0000e+000  7.0914e-005  7.0888e-005  7.0997e-005  3.3000e+000  4.3922e-006  6.2762e-006  6.1704e-006
 2.054697e-008  0.0000e+000  6.9307e-005  6.9334e-005  6.9225e-005  3.3000e+000  8.5712e-006  6.6619e-006  6.7664e-006
 2.074697e-008  0.0000e+000  7.0914e-005  7.0886e-005  7.0996e-005  3.3000e+000  4.3540e-006  6.2409e-006  6.1340e-006
 2.094697e-008  0.0000e+000  6.9308e-005  6.9335e-005  6.9226e-005  3.3000e+000  8.5283e-006  6.6149e-006  6.7201e-006
 2.114697e-008  0.0000e+000  7.0913e-005  7.0885e-005  7.0994e-005  3.3000e+000  4.3190e-006  6.2079e-006  6.1005e-006
 2.134697e-008  0.0000e+000  6.9308e-005  6.9336e-005  6.9228e-005  3.3000e+000  8.4886e-006  6.5717e-006  6.6774e-006
 2.154697e-008  0.0000e+000  7.0912e-005  7.0884e-005  7.0993e-005  3.3000e+000  4.2873e-006  6.1772e-006  6.0694e-006
 2.174697e-008  0.0000e+000  6.9309e-005  6.9338e-005  6.9229e-005  3.3000e+000  8.4516e-006  6.5320e-006  6.6380e-006
 2.194697e-008  0.0000e+000  7.0912e-005  7.0883e-005  7.0991e-005  3.3000e+000  4.2580e-006  6.1487e-006  6.0406e-006
 2.214697e-008  0.0000e+000  6.9310e-005  6.9339e-005  6.9230e-005  3.3000e+000  8.4172e-006  6.4952e-006  6.6015e-006
 2.234697e-008  0.0000e+000  7.0911e-005  7.0882e-005  7.0990e-005  3.3000e+000  4.2308e-006  6.1221e-006  6.0137e-006
 2.254697e-008  0.0000e+000  6.9310e-005  6.9340e-005  6.9231e-005  3.3000e+000  8.3852e-006  6.4612e-006  6.5677e-006
 2.274697e-008  0.0000e+000  7.0911e-005  7.0881e-005  7.0989e-005  3.3000e+000  4.2054e-006  6.0972e-006  5.9886e-006
 2.294697e-008  0.0000e+000  6.9311e-005  6.9340e-005  6.9232e-005  3.3000e+000  8.3554e-006  6.4296e-006  6.5363e-006
 2.314697e-008  0.0000e+000  7.0910e-005  7.0880e-005  7.0988e-005  3.3000e+000  4.1817e-006  6.0740e-006  5.9652e-006
 2.334697e-008  0.0000e+000  6.9311e-005  6.9341e-005  6.9233e-005  3.3000e+000  8.3275e-006  6.4001e-006  6.5071e-006
 2.354697e-008  0.0000e+000  7.0910e-005  7.0879e-005  7.0987e-005  3.3000e+000  4.1595e-006  6.0521e-006  5.9432e-006
 2.374697e-008  0.0000e+000  6.9312e-005  6.9342e-005  6.9234e-005  3.3000e+000  8.3015e-006  6.3727e-006  6.4798e-006
 2.394697e-008  0.0000e+000  7.0909e-005  7.0879e-005  7.0986e-005  3.3000e+000  4.1387e-006  6.0316e-006  5.9226e-006
 2.414697e-008  0.0000e+000  6.9312e-005  6.9343e-005  6.9235e-005  3.3000e+000  8.2771e-006  6.3471e-006  6.4543e-006
 2.434697e-008  0.0000e+000  7.0909e-005  7.0878e-005  7.0986e-005  3.3000e+000  4.1192e-006  6.0123e-006  5.9031e-006
 2.454697e-008  0.0000e+000  6.9312e-005  6.9343e-005  6.9236e-005  3.3000e+000  8.2542e-006  6.3232e-006  6.4305e-006
 2.474697e-008  0.0000e+000  7.0908e-005  7.0877e-005  7.0985e-005  3.3000e+000  4.1008e-006  5.9941e-006  5.8848e-006
 2.494697e-008  0.0000e+000  6.9313e-005  6.9344e-005  6.9237e-005  3.3000e+000  8.2328e-006  6.3007e-006  6.4081e-006
 2.514697e-008  0.0000e+000  7.0908e-005  7.0877e-005  7.0984e-005  3.3000e+000  4.0834e-006  5.9768e-006  5.8675e-006
 2.534697e-008  0.0000e+000  6.9313e-005  6.9345e-005  6.9237e-005  3.3000e+000  8.2125e-006  6.2797e-006  6.3871e-006
 2.554697e-008  0.0000e+000  7.0908e-005  7.0876e-005  7.0983e-005  3.3000e+000  4.0671e-006  5.9605e-006  5.8512e-006
 2.574697e-008  0.0000e+000  6.9314e-005  6.9345e-005  6.9238e-005  3.3000e+000  8.1935e-006  6.2599e-006  6.3674e-006
 2.594697e-008  0.0000e+000  7.0907e-005  7.0876e-005  7.0983e-005  3.3000e+000  4.0516e-006  5.9451e-006  5.8357e-006
 2.614697e-008  0.0000e+000  6.9314e-005  6.9346e-005  6.9239e-005  3.3000e+000  8.1755e-006  6.2575e-006  6.3488e-006
 2.634697e-008  0.0000e+000  7.0907e-005  7.0875e-005  7.0982e-005  3.3000e+000  4.0369e-006  5.9251e-006  5.8210e-006
 2.654697e-008  0.0000e+000  6.9314e-005  6.9346e-005  6.9239e-005  3.3000e+000  8.1585e-006  6.2417e-006  6.3474e-006
 2.674697e-008  0.0000e+000  7.0907e-005  7.0875e-005  7.0982e-005  3.3000e+000  4.0230e-006  5.9107e-006  5.8018e-006
 2.694697e-008  0.0000e+000  6.9315e-005  6.9346e-005  6.9240e-005  3.3000e+000  8.1425e-006  6.2251e-006  6.3326e-006
 2.714697e-008  0.0000e+000  7.0906e-005  7.0874e-005  7.0981e-005  3.3000e+000  4.0099e-006  5.8977e-006  5.7881e-006
 2.734697e-008  0.0000e+000  6.9315e-005  6.9347e-005  6.9240e-005  3.3000e+000  8.1273e-006  6.2092e-006  6.3170e-006
 2.754697e-008  0.0000e+000  7.0906e-005  7.0874e-005  7.0981e-005  3.3000e+000  3.9974e-006  5.8854e-006  5.7757e-006
 2.774697e-008  0.0000e+000  6.9315e-005  6.9347e-005  6.9241e-005  3.3000e+000  8.1128e-006  6.1942e-006  6.3020e-006
 2.794697e-008  0.0000e+000  7.0906e-005  7.0874e-005  7.0980e-005  3.3000e+000  3.9855e-006  5.8738e-006  5.7641e-006
 2.814697e-008  0.0000e+000  6.9315e-005  6.9348e-005  6.9241e-005  3.3000e+000  8.0992e-006  6.1799e-006  6.2877e-006
 2.834697e-008  0.0000e+000  7.0906e-005  7.0873e-005  7.0980e-005  3.3000e+000  3.9742e-006  5.8627e-006  5.7530e-006
 2.854697e-008  0.0000e+000  6.9316e-005  6.9348e-005  6.9241e-005  3.3000e+000  8.0861e-006  6.1663e-006  6.2741e-006
 2.874697e-008  0.0000e+000  7.0905e-005  7.0873e-005  7.0979e-005  3.3000e+000  3.9634e-006  5.8522e-006  5.7424e-006
 2.894697e-008  0.0000e+000  6.9316e-005  6.9348e-005  6.9242e-005  3.3000e+000  8.0738e-006  6.1534e-006  6.2612e-006
 2.914697e-008  0.0000e+000  7.0905e-005  7.0872e-005  7.0979e-005  3.3000e+000  3.9532e-006  5.8421e-006  5.7324e-006
 2.934697e-008  0.0000e+000  6.9316e-005  6.9349e-005  6.9242e-005  3.3000e+000  8.0620e-006  6.1413e-006  6.2490e-006
 2.954697e-008  0.0000e+000  7.0905e-005  7.0872e-005  7.0979e-005  3.3000e+000  3.9435e-006  5.8324e-006  5.7228e-006
 2.974697e-008  0.0000e+000  6.9316e-005  6.9349e-005  6.9243e-005  3.3000e+000  8.0508e-006  6.1297e-006  6.2374e-006
 2.994697e-008  0.0000e+000  7.0905e-005  7.0872e-005  7.0978e-005  3.3000e+000  3.9342e-006  5.8232e-006  5.7136e-006
 3.014697e-008  0.0000e+000  6.9317e-005  6.9349e-005  6.9243e-005  3.3000e+000  8.0401e-006  6.1187e-006  6.2263e-006
 3.034697e-008  0.0000e+000  7.0904e-005  7.0872e-005  7.0978e-005  3.3000e+000  3.9253e-006  5.8144e-006  5.7048e-006
 3.054697e-008  0.0000e+000  6.9317e-005  6.9350e-005  6.9243e-005  3.3000e+000  8.0299e-006  6.1082e-006  6.2158e-006
 3.074697e-008  0.0000e+000  7.0904e-005  7.0871e-005  7.0978e-005  3.3000e+000  3.9168e-006  5.8059e-006  5.6964e-006
 3.094697e-008  0.0000e+000  6.9317e-005  6.9350e-005  6.9244e-005  3.3000e+000  8.0201e-006  6.0983e-006  6.2058e-006
 3.114697e-008  0.0000e+000  7.0904e-005  7.0871e-005  7.0977e-005  3.3000e+000  3.9087e-006  5.7978e-006  5.6883e-006
 3.134697e-008  0.0000e+000  6.9317e-005  6.9350e-005  6.9244e-005  3.3000e+000  8.0108e-006  6.0888e-006  6.1963e-006
 3.154697e-008  0.0000e+000  7.0904e-005  7.0871e-005  7.0977e-005  3.3000e+000  3.9010e-006  5.7900e-006  5.6805e-006
 3.174697e-008  0.0000e+000  6.9317e-005  6.9350e-005  6.9244e-005  3.3000e+000  8.0018e-006  6.0797e-006  6.1872e-006
 3.194697e-008  0.0000e+000  7.0903e-005  7.0870e-005  7.0977e-005  3.3000e+000  3.8936e-006  5.7825e-006  5.6731e-006
 3.214697e-008  0.0000e+000  6.9318e-005  6.9351e-005  6.9245e-005  3.3000e+000  7.9933e-006  6.0711e-006  6.1786e-006
 3.234697e-008  0.0000e+000  7.0903e-005  7.0870e-005  7.0976e-005  3.3000e+000  3.8865e-006  5.7754e-006  5.6660e-006
 3.254697e-008  0.0000e+000  6.9318e-005  6.9351e-005  6.9245e-005  3.3000e+000  7.9851e-006  6.0629e-006  6.1703e-006
 3.274697e-008  0.0000e+000  7.0903e-005  7.0870e-005  7.0976e-005  3.3000e+000  3.8798e-006  5.7685e-006  5.6592e-006
 3.294697e-008  0.0000e+000  6.9318e-005  6.9351e-005  6.9245e-005  3.3000e+000  7.9772e-006  6.0550e-006  6.1624e-006
 3.314697e-008  0.0000e+000  7.0903e-005  7.0870e-005  7.0976e-005  3.3000e+000  3.8733e-006  5.7619e-006  5.6526e-006
 3.334697e-008  0.0000e+000  6.9318e-005  6.9351e-005  6.9245e-005  3.3000e+000  7.9697e-006  6.0475e-006  6.1548e-006
 3.354697e-008  0.0000e+000  7.0903e-005  7.0869e-005  7.0976e-005  3.3000e+000  3.8671e-006  5.7556e-006  5.6463e-006
 3.374697e-008  0.0000e+000  6.9318e-005  6.9352e-005  6.9246e-005  3.3000e+000  7.9624e-006  6.0403e-006  6.1476e-006
 3.394697e-008  0.0000e+000  7.0902e-005  7.0869e-005  7.0975e-005  3.3000e+000  3.8612e-006  5.7495e-006  5.6402e-006
 3.414697e-008  0.0000e+000  6.9319e-005  6.9352e-005  6.9246e-005  3.3000e+000  7.9555e-006  6.0334e-006  6.1407e-006
 3.434697e-008  0.0000e+000  7.0902e-005  7.0869e-005  7.0975e-005  3.3000e+000  3.8555e-006  5.7436e-006  5.6344e-006
 3.454697e-008  0.0000e+000  6.9319e-005  6.9352e-005  6.9246e-005  3.3000e+000  7.9488e-006  6.0268e-006  6.1340e-006
 3.474697e-008  0.0000e+000  7.0902e-005  7.0869e-005  7.0975e-005  3.3000e+000  3.8501e-006  5.7380e-006  5.6288e-006
 3.494697e-008  0.0000e+000  6.9319e-005  6.9352e-005  6.9246e-005  3.3000e+000  7.9423e-006  6.0204e-006  6.1277e-006
 3.514697e-008  0.0000e+000  7.0902e-005  7.0869e-005  7.0975e-005  3.3000e+000  3.8449e-006  5.7326e-006  5.6234e-006
 3.534697e-008  0.0000e+000  6.9319e-005  6.9353e-005  6.9247e-005  3.3000e+000  7.9361e-006  6.0144e-006  6.1216e-006
 3.554697e-008  0.0000e+000  7.0902e-005  7.0868e-005  7.0974e-005  3.3000e+000  3.8399e-006  5.7274e-006  5.6182e-006
 3.574697e-008  0.0000e+000  6.9319e-005  6.9353e-005  6.9247e-005  3.3000e+000  7.9302e-006  6.0085e-006  6.1157e-006
 3.594697e-008  0.0000e+000  7.0902e-005  7.0868e-005  7.0974e-005  3.3000e+000  3.8351e-006  5.7224e-006  5.6132e-006
 3.614697e-008  0.0000e+000  6.9320e-005  6.9353e-005  6.9247e-005  3.3000e+000  7.9244e-006  6.0029e-006  6.1101e-006
 3.634697e-008  0.0000e+000  7.0901e-005  7.0868e-005  7.0974e-005  3.3000e+000  3.8305e-006  5.7175e-006  5.6084e-006
 3.654697e-008  0.0000e+000  6.9320e-005  6.9353e-005  6.9247e-005  3.3000e+000  7.9189e-006  5.9976e-006  6.1047e-006
 3.674697e-008  0.0000e+000  7.0901e-005  7.0868e-005  7.0974e-005  3.3000e+000  3.8261e-006  5.7129e-006  5.6038e-006
 3.694697e-008  0.0000e+000  6.9320e-005  6.9353e-005  6.9248e-005  3.3000e+000  7.9135e-006  5.9924e-006  6.0995e-006
 3.714697e-008  0.0000e+000  7.0901e-005  7.0868e-005  7.0973e-005  3.3000e+000  3.8218e-006  5.7084e-006  5.5994e-006
 3.734697e-008  0.0000e+000  6.9320e-005  6.9354e-005  6.9248e-005  3.3000e+000  7.9084e-006  5.9874e-006  6.0945e-006
 3.754697e-008  0.0000e+000  7.0901e-005  7.0867e-005  7.0973e-005  3.3000e+000  3.8178e-006  5.7041e-006  5.5951e-006
 3.774697e-008  0.0000e+000  6.9320e-005  6.9354e-005  6.9248e-005  3.3000e+000  7.9034e-006  5.9826e-006  6.0897e-006
 3.794697e-008  0.0000e+000  7.0901e-005  7.0867e-005  7.0973e-005  3.3000e+000  3.8139e-006  5.7000e-006  5.5910e-006
 3.814697e-008  0.0000e+000  6.9320e-005  6.9354e-005  6.9248e-005  3.3000e+000  7.8986e-006  5.9780e-006  6.0850e-006
 3.834697e-008  0.0000e+000  7.0900e-005  7.0867e-005  7.0973e-005  3.3000e+000  3.8102e-006  5.6960e-006  5.5870e-006
 3.854697e-008  0.0000e+000  6.9321e-005  6.9354e-005  6.9248e-005  3.3000e+000  7.8939e-006  5.9736e-006  6.0806e-006
 3.874697e-008  0.0000e+000  7.0900e-005  7.0867e-005  7.0973e-005  3.3000e+000  3.8066e-006  5.6921e-006  5.5832e-006
 3.894697e-008  0.0000e+000  6.9321e-005  6.9354e-005  6.9249e-005  3.3000e+000  7.8894e-006  5.9693e-006  6.0762e-006
 3.914697e-008  0.0000e+000  7.0900e-005  7.0867e-005  7.0972e-005  3.3000e+000  3.8031e-006  5.6884e-006  5.5795e-006
 3.934697e-008  0.0000e+000  6.9321e-005  6.9354e-005  6.9249e-005  3.3000e+000  7.8851e-006  5.9652e-006  6.0721e-006
 3.954697e-008  0.0000e+000  7.0900e-005  7.0867e-005  7.0972e-005  3.3000e+000  3.7998e-006  5.6848e-006  5.5760e-006
 3.974697e-008  0.0000e+000  6.9321e-005  6.9355e-005  6.9249e-005  3.3000e+000  7.8809e-006  5.9612e-006  6.0681e-006
 3.980000e-008  0.0000e+000  7.0887e-005  7.0854e-005  7.0959e-005  3.3000e+000  3.7914e-006  5.6139e-006  5.5016e-006
 3.9801000e-008  3.3000e+000  7.0072e-005  7.0037e-005  7.0030e-005  3.3000e+000  5.8235e-006  5.5091e-006  5.5105e-006
 3.98013150e-008  3.3000e+000  6.9980e-005  7.0040e-005  7.0033e-005  3.3000e+000  5.8389e-006  5.5205e-006  5.5225e-006
 3.9804311e-008  3.3000e+000  7.0069e-005  7.0076e-005  7.0075e-005  3.3000e+000  5.8691e-006  5.5840e-006  5.5857e-006
 3.980844e-008  3.3000e+000  7.0150e-005  7.0110e-005  7.0113e-005  3.3000e+000  5.9030e-006  5.6639e-006  5.6652e-006
 3.9811443e-008  3.3000e+000  7.0116e-005  7.0119e-005  7.0122e-005  3.3000e+000  5.9190e-006  5.7113e-006  5.7125e-006
 3.9813963e-008  3.3000e+000  6.9850e-005  7.0123e-005  7.0125e-005  3.3000e+000  5.9275e-006  5.7441e-006  5.7451e-006
 3.9816334e-008  3.3000e+000  6.9183e-005  7.0124e-005  7.0126e-005  3.3000e+000  5.9309e-006  5.7697e-006  5.7705e-006
 3.9818821e-008  3.3000e+000  7.0716e-005  7.0124e-005  7.0125e-005  3.3000e+000  5.9430e-006  5.7919e-006  5.7926e-006
 3.9821072e-008  3.3000e+000  7.2916e-005  7.0124e-005  7.0124e-005  3.3000e+000  5.9559e-006  5.8085e-006  5.8092e-006
 3.9823237e-008  3.3000e+000  7.2338e-005  7.0123e-005  7.0123e-005  3.3000e+000  5.9535e-006  5.8218e-006  5.8224e-006
 3.9825687e-008  3.3000e+000  7.0272e-005  7.0122e-005  7.0122e-005  3.3000e+000  5.9422e-006  5.8341e-006  5.8346e-006
 3.9828837e-008  3.3000e+000  6.8447e-005  7.0121e-005  7.0121e-005  3.3000e+000  5.9311e-006  5.8464e-006  5.8468e-006
 3.9832695e-008  3.3000e+000  6.9704e-005  7.0119e-005  7.0119e-005  3.3000e+000  5.9344e-006  5.8571e-006  5.8574e-006
 3.9835991e-008  3.3000e+000  4.5514e-005  7.0118e-005  7.0118e-005  3.3000e+000  5.8188e-006  5.8631e-006  5.8635e-006
 3.9838829e-008  3.3000e+000 -5.8967e-006  7.0117e-005  7.0117e-005  3.3000e+000  5.5835e-006  5.8665e-006  5.8670e-006
 3.9841611e-008  3.3000e+000  9.6846e-005  7.0116e-005  7.0116e-005  3.3000e+000  6.0966e-006  5.8693e-006  5.8692e-006
 3.9844002e-008  3.3000e+000  2.8197e-004  7.0116e-005  7.0116e-005  3.3000e+000  7.0600e-006  5.8713e-006  5.8703e-006
 3.9846365e-008  3.3000e+000  3.7337e-004  7.0115e-005  7.0115e-005  3.3000e+000  7.4491e-006  5.8719e-006  5.8708e-006
 3.9849122e-008  3.3000e+000  3.5508e-004  7.0115e-005  7.0115e-005  3.3000e+000  7.1435e-006  5.8712e-006  5.8708e-006
 3.9852848e-008  3.3000e+000  3.0908e-004  7.0114e-005  7.0114e-005  3.3000e+000  6.5954e-006  5.8696e-006  5.8700e-006
 3.9856714e-008  3.3000e+000 -3.6705e-005  7.0114e-005  7.0114e-005  3.3000e+000  4.6963e-006  5.8664e-006  5.8683e-006
 3.9859989e-008  3.3000e+000 -5.8130e-003  7.0113e-005  7.0113e-005  3.3000e+000 -2.3157e-005  5.8406e-006  5.8665e-006
 3.9863026e-008  3.3000e+000 -8.8070e-003  7.0113e-005  7.0113e-005  3.3000e+000 -3.4426e-005  5.8378e-006  5.8646e-006
 3.9865601e-008  3.3000e+000  2.2514e-003  7.0113e-005  7.0113e-005  3.3000e+000  1.9535e-005  5.8948e-006  5.8630e-006
 3.9867981e-008  3.3000e+000  2.1665e-002  7.0113e-005  7.0113e-005  3.3000e+000  1.1678e-004  5.9819e-006  5.8613e-006
 3.9870645e-008  3.3000e+000  4.7437e-002  7.0113e-005  7.0113e-005  3.3000e+000  2.3848e-004  6.0615e-006  5.8594e-006
 3.9874122e-008  3.3000e+000  8.4200e-002  7.0113e-005  7.0112e-005  3.3000e+000  3.8885e-004  6.1150e-006  5.8568e-006
 3.9877987e-008  3.3000e+000  1.4989e-001  7.0113e-005  7.0112e-005  3.3000e+000  6.3391e-004  6.2105e-006  5.8540e-006
 3.9881151e-008  3.3000e+000  2.6513e-001  7.0113e-005  7.0112e-005  3.3000e+000  1.0751e-003  6.5217e-006  5.8519e-006
 3.9883988e-008  3.3000e+000  4.2603e-001  7.0109e-005  7.0112e-005  3.3000e+000  1.5508e-003  6.7774e-006  5.8499e-006
 3.9887130e-008  3.3000e+000  6.3451e-001  7.0115e-005  7.0112e-005  3.3000e+000  1.6421e-003  6.4298e-006  5.8471e-006
 3.989121e-008  3.3000e+000  9.1783e-001  7.0125e-005  7.0112e-005  3.3000e+000  7.1941e-004  5.1738e-006  5.8432e-006
 3.989582e-008  3.3000e+000  1.2316e+000  7.0088e-005  7.0112e-005  3.3000e+000 -1.0636e-003  3.9062e-006  5.8397e-006
 3.990076e-008  3.3000e+000  1.5419e+000  7.0090e-005  7.0112e-005  3.3000e+000 -3.2740e-003  3.0528e-006  5.8370e-006
 3.990630e-008  3.3000e+000  1.8456e+000  7.0129e-005  7.0112e-005  3.3000e+000 -5.9997e-003  2.5895e-006  5.8346e-006
 3.991318e-008  3.3000e+000  2.1576e+000  7.0118e-005  7.0112e-005  3.3000e+000 -9.5881e-003  2.5422e-006  5.8319e-006
 3.992073e-008  3.3000e+000  2.4303e+000  6.9994e-005  7.0112e-005  3.3000e+000 -1.0447e-002  5.1779e-006  5.8308e-006
 3.992595e-008  3.3000e+000  2.5829e+000  7.0580e-005  7.0112e-005  3.3000e+000 -5.1041e-003  1.1339e-005  5.8327e-006
 3.993014e-008  3.3000e+000  2.6915e+000  7.1557e-005  7.0112e-005  3.3000e+000  4.7536e-003  2.0018e-005  5.8357e-006
 3.9933468e-008  3.3000e+000  2.7676e+000  7.0394e-005  7.0112e-005  3.3000e+000  1.6337e-002  2.7569e-005  5.8368e-006
 3.9936923e-008  3.3000e+000  2.8373e+000  6.8793e-005  7.0112e-005  3.3000e+000  3.1830e-002  3.5314e-005  5.8365e-006
 3.994118e-008  3.3000e+000  2.9115e+000  7.0006e-005  7.0112e-005  3.3000e+000  5.5531e-002  4.3991e-005  5.8342e-006
 3.9944509e-008  3.3000e+000  2.9616e+000  4.4480e-005  7.0112e-005  3.3000e+000  7.7380e-002  4.9749e-005  5.8313e-006
 3.9947380e-008  3.3000e+000  3.0008e+000 -4.1904e-006  7.0112e-005  3.3000e+000  9.8717e-002  5.4040e-005  5.8284e-006
 3.9950181e-008  3.3000e+000  3.0357e+000  1.0473e-004  7.0112e-005  3.3000e+000  1.2183e-001  5.8426e-005  5.8262e-006
 3.9952582e-008  3.3000e+000  3.0623e+000  2.8750e-004  7.0112e-005  3.3000e+000  1.4356e-001  6.2243e-005  5.8246e-006
 3.9954963e-008  3.3000e+000  3.0852e+000  3.7388e-004  7.0112e-005  3.3000e+000  1.6693e-001  6.5124e-005  5.8223e-006
 3.9957750e-008  3.3000e+000  3.1077e+000  3.5054e-004  7.0112e-005  3.3000e+000  1.9667e-001  6.6764e-005  5.8183e-006
 3.9961534e-008  3.3000e+000  3.1314e+000  3.0924e-004  7.0112e-005  3.3000e+000  2.4105e-001  6.3694e-005  5.8099e-006
 3.9965402e-008  3.3000e+000  3.1490e+000 -1.8876e-004  7.0112e-005  3.3000e+000  2.9048e-001  4.1552e-005  5.7883e-006
 3.9968655e-008  3.3000e+000  3.1599e+000 -6.1930e-003  7.0111e-005  3.3000e+000  3.3433e-001 -2.9795e-005  5.7305e-006
 3.9971708e-008  3.3000e+000  3.1681e+000 -8.5397e-003  7.0112e-005  3.3000e+000  3.7718e-001 -1.1582e-004  5.6798e-006
 3.9974273e-008  3.3000e+000  3.1739e+000  3.3275e-003  7.0112e-005  3.3000e+000  4.1455e-001 -1.7528e-004  5.6651e-006
 3.9976672e-008  3.3000e+000  3.1787e+000  2.3330e-002  7.0111e-005  3.3000e+000  4.5108e-001 -3.1332e-004  5.5805e-006
 3.9979380e-008  3.3000e+000  3.1837e+000  4.9621e-002  7.0110e-005  3.3000e+000  4.9449e-001 -7.1812e-004  5.2880e-006
 3.9982616e-008  3.3000e+000  3.1890e+000  8.3875e-002  7.0110e-005  3.3000e+000  5.4963e-001 -1.2352e-003  5.0348e-006
 3.9986307e-008  3.3000e+000  3.1947e+000  1.4505e-001  7.0112e-005  3.3000e+000  6.1796e-001 -1.5653e-003  5.1034e-006
 3.9989434e-008  3.3000e+000  3.1992e+000  2.5384e-001  7.0113e-005  3.3000e+000  6.8088e-001 -1.4700e-003  5.5000e-006
 3.9992236e-008  3.3000e+000  3.2030e+000  4.0961e-001  7.0110e-005  3.3000e+000  7.4136e-001 -1.1767e-003  5.9424e-006
 3.9995310e-008  3.3000e+000  3.2069e+000  6.1194e-001  7.0116e-005  3.3000e+000  8.1215e-001 -1.0867e-003  6.0652e-006
 3.9999260e-008  3.3000e+000  3.2117e+000  8.8580e-001  7.0131e-005  3.3000e+000  9.0947e-001 -1.6904e-003  5.5454e-006
 4.0000000e-008  3.3000e+000  3.2126e+000  9.3754e-001  7.0126e-005  3.3000e+000  9.2838e-001 -1.8928e-003  5.3847e-006
 4.0001000e-008  3.3000e+000  3.1733e+000  9.3462e-001 -6.0744e-002  0.0000e+000  9.5212e-001 -1.5403e-002 -1.2968e-002
 4.0001500e-008  3.3000e+000  3.1839e+000  9.7727e-001 -5.0606e-002  0.0000e+000  9.6778e-001 -1.4752e-002 -1.2199e-002
 4.0003621e-008  3.3000e+000  3.2183e+000  1.1460e+000 -2.5669e-002  0.0000e+000  1.0249e+000 -1.1200e-002 -8.4579e-003
 4.0006477e-008  3.3000e+000  3.2568e+000  1.3637e+000 -2.7794e-003  0.0000e+000  1.0866e+000 -5.8568e-003 -2.9597e-003
 4.0009214e-008  3.3000e+000  3.2810e+000  1.5522e+000  4.8672e-003  0.0000e+000  1.1314e+000 -1.9163e-003  9.4613e-004
 4.0012472e-008  3.3000e+000  3.3005e+000  1.7552e+000  7.3079e-003  0.0000e+000  1.1689e+000  6.6963e-004  3.3133e-003
 4.0016455e-008  3.3000e+000  3.3170e+000  1.9747e+000  7.0512e-003  0.0000e+000  1.1908e+000  9.7327e-004  3.2038e-003
 4.002060e-008  3.3000e+000  3.3282e+000  2.1713e+000  5.8416e-003  0.0000e+000  1.1893e+000 -9.8469e-004  7.0166e-004
 4.0023625e-008  3.3000e+000  3.3338e+000  2.2956e+000  4.9552e-003  0.0000e+000  1.1756e+000 -1.9198e-003 -6.7453e-004
 4.0026129e-008  3.3000e+000  3.3370e+000  2.3878e+000  4.3006e-003  0.0000e+000  1.1591e+000 -1.6041e-003 -7.2742e-004
 4.0028915e-008  3.3000e+000  3.3391e+000  2.4800e+000  3.6786e-003  0.0000e+000  1.1360e+000 -9.7320e-004 -5.0058e-004
 4.0032034e-008  3.3000e+000  3.3399e+000  2.5730e+000  3.0865e-003  0.0000e+000  1.1056e+000 -1.7730e-004 -1.3627e-004
 4.0035283e-008  3.3000e+000  3.3395e+000  2.6626e+000  2.5612e-003  0.0000e+000  1.0699e+000  5.2766e-004  1.5701e-004
 4.0038064e-008  3.3000e+000  3.3385e+000  2.7334e+000  2.1595e-003  0.0000e+000  1.0370e+000  9.5379e-004  2.5567e-004
 4.0040749e-008  3.3000e+000  3.3371e+000  2.7957e+000  1.8203e-003  0.0000e+000  1.0043e+000  1.1975e-003  2.1001e-004
 4.0043744e-008  3.3000e+000  3.3355e+000  2.8582e+000  1.4933e-003  0.0000e+000  9.6735e-001  1.3192e-003  4.7487e-005
 4.0046473e-008  3.3000e+000  3.3339e+000  2.9095e+000  1.2506e-003  0.0000e+000  9.3358e-001  1.3206e-003 -1.6655e-004
 4.0049410e-008  3.3000e+000  3.3322e+000  2.9596e+000  1.0377e-003  0.0000e+000  8.9744e-001  1.3233e-003 -3.9833e-004
 4.0052299e-008  3.3000e+000  3.3304e+000  3.0051e+000  8.3935e-004  0.0000e+000  8.6229e-001  1.3321e-003 -6.0429e-004
 4.0055004e-008  3.3000e+000  3.3286e+000  3.0448e+000  6.6139e-004  0.0000e+000  8.2987e-001  1.3357e-003 -7.7781e-004
 4.0057667e-008  3.3000e+000  3.3267e+000  3.0796e+000  6.8776e-004  0.0000e+000  7.9850e-001  1.3297e-003 -9.4360e-004
 4.0059998e-008  3.3000e+000  3.3250e+000  3.1062e+000  8.0123e-004  0.0000e+000  7.7158e-001  1.3216e-003 -1.0844e-003
 4.0062336e-008  3.3000e+000  3.3232e+000  3.1292e+000  8.2043e-004  0.0000e+000  7.4511e-001  1.3019e-003 -1.2281e-003
 4.0065081e-008  3.3000e+000  3.3210e+000  3.1519e+000  7.1368e-004  0.0000e+000  7.1479e-001  1.2624e-003 -1.3941e-003
 4.0068796e-008  3.3000e+000  3.3179e+000  3.1762e+000  5.7553e-004  0.0000e+000  6.7511e-001  1.1438e-003 -1.6179e-003
 4.0072659e-008  3.3000e+000  3.3147e+000  3.1947e+000  1.4548e-004  0.0000e+000  6.3559e-001  9.0517e-004 -1.8394e-003
 4.0075938e-008  3.3000e+000  3.3122e+000  3.2060e+000 -6.2168e-003  0.0000e+000  6.0350e-001  6.1892e-004 -2.0335e-003
 4.0078972e-008  3.3000e+000  3.3100e+000  3.2140e+000 -9.3580e-003  0.0000e+000  5.7501e-001  3.2806e-004 -2.1903e-003
 4.0081548e-008  3.3000e+000  3.3084e+000  3.2194e+000  2.9419e-003  0.0000e+000  5.5176e-001  6.6437e-005 -2.2726e-003
 4.0083926e-008  3.3000e+000  3.3071e+000  3.2236e+000  2.3792e-002  0.0000e+000  5.3108e-001 -1.8844e-004 -2.3145e-003
 4.0086584e-008  3.3000e+000  3.3058e+000  3.2275e+000  5.0897e-002  0.0000e+000  5.0884e-001 -5.1129e-004 -2.3563e-003
 4.0090047e-008  3.3000e+000  3.3044e+000  3.2318e+000  8.8964e-002  0.0000e+000  4.8126e-001 -1.0044e-003 -2.4170e-003
 4.0093914e-008  3.3000e+000  3.3032e+000  3.2361e+000  1.5866e-001  0.0000e+000  4.5231e-001 -1.6425e-003 -2.4780e-003
 4.0097085e-008  3.3000e+000  3.3024e+000  3.2393e+000  2.8752e-001  0.0000e+000  4.2996e-001 -2.1610e-003 -2.4349e-003
 4.0099923e-008  3.3000e+000  3.3018e+000  3.2419e+000  4.7654e-001  0.0000e+000  4.1092e-001 -2.5836e-003 -2.3435e-003
 4.0103067e-008  3.3000e+000  3.3013e+000  3.2445e+000  7.3066e-001  0.0000e+000  3.9081e-001 -2.9868e-003 -2.2937e-003
 4.0106816e-008  3.3000e+000  3.3008e+000  3.2473e+000  1.0481e+000  0.0000e+000  3.6799e-001 -3.3870e-003 -2.3189e-003
 4.0110814e-008  3.3000e+000  3.3004e+000  3.2499e+000  1.3736e+000  0.0000e+000  3.4485e-001 -3.7212e-003 -2.3960e-003
 4.011502e-008  3.3000e+000  3.3001e+000  3.2525e+000  1.6839e+000  0.0000e+000  3.2157e-001 -3.9910e-003 -2.5242e-003
 4.011994e-008  3.3000e+000  3.2998e+000  3.2555e+000  1.9969e+000  0.0000e+000  2.9563e-001 -4.2106e-003 -2.7204e-003
 4.012552e-008  3.3000e+000  3.2996e+000  3.2588e+000  2.2873e+000  0.0000e+000  2.6759e-001 -4.3609e-003 -2.9827e-003
 4.013226e-008  3.3000e+000  3.2995e+000  3.2629e+000  2.5574e+000  0.0000e+000  2.3592e-001 -4.4171e-003 -3.2748e-003
 4.014109e-008  3.3000e+000  3.2994e+000  3.2680e+000  2.8212e+000  0.0000e+000  1.9852e-001 -4.3294e-003 -3.4957e-003
 4.015339e-008  3.3000e+000  3.2995e+000  3.2743e+000  3.0656e+000  0.0000e+000  1.5452e-001 -3.9869e-003 -3.6262e-003
 4.016978e-008  3.3000e+000  3.2996e+000  3.2809e+000  3.2218e+000  0.0000e+000  1.0915e-001 -3.3365e-003 -3.7230e-003
 4.018680e-008  3.3000e+000  3.2997e+000  3.2864e+000  3.2439e+000  0.0000e+000  7.5352e-002 -2.6176e-003 -3.1449e-003
 4.020194e-008  3.3000e+000  3.2997e+000  3.2906e+000  3.2473e+000  0.0000e+000  5.3988e-002 -2.0499e-003 -2.4217e-003
 4.021105e-008  3.3000e+000  3.2998e+000  3.2926e+000  3.2518e+000  0.0000e+000  4.4160e-002 -1.7534e-003 -2.0453e-003
 4.021972e-008  3.3000e+000  3.2998e+000  3.2941e+000  3.2563e+000  0.0000e+000  3.6458e-002 -1.5078e-003 -1.7329e-003
 4.023336e-008  3.3000e+000  3.2998e+000  3.2960e+000  3.2639e+000  0.0000e+000  2.6916e-002 -1.1794e-003 -1.3291e-003
 4.025237e-008  3.3000e+000  3.2998e+000  3.2977e+000  3.2743e+000  0.0000e+000  1.7565e-002 -8.3110e-004 -9.1474e-004
 4.027892e-008  3.3000e+000  3.2998e+000  3.2989e+000  3.2845e+000  0.0000e+000  9.5915e-003 -4.9871e-004 -5.4210e-004
 4.031793e-008  3.3000e+000  3.2998e+000  3.2996e+000  3.2943e+000  0.0000e+000  3.8320e-003 -2.2703e-004 -2.4458e-004
 4.038769e-008  3.3000e+000  3.2998e+000  3.2998e+000  3.3002e+000  0.0000e+000  5.4792e-004 -3.8289e-005 -4.4487e-005
 4.058769e-008  3.3000e+000  3.2998e+000  3.2998e+000  3.2996e+000  0.0000e+000 -1.3114e-004  2.0518e-005  2.4578e-005
 4.078769e-008  3.3000e+000  3.2998e+000  3.2998e+000  3.2999e+000  0.0000e+000  9.4992e-005  2.1697e-006  2.8429e-006
 4.098769e-008  3.3000e+000  3.2998e+000  3.2998e+000  3.2997e+000  0.0000e+000 -3.7158e-006  6.8192e-006  6.0200e-006
 4.118769e-008  3.3000e+000  3.2998e+000  3.2998e+000  3.2999e+000  0.0000e+000  2.7537e-005  6.2765e-006  7.1409e-006
 4.138769e-008  3.3000e+000  3.2998e+000  3.2998e+000  3.2997e+000  0.0000e+000  1.2607e-005  5.3896e-006  4.9393e-006
 4.158769e-008  3.3000e+000  3.2998e+000  3.2998e+000  3.2998e+000  0.0000e+000  1.5036e-005  6.6682e-006  7.0234e-006
 4.178769e-008  3.3000e+000  3.2998e+000  3.2998e+000  3.2998e+000  0.0000e+000  1.3093e-005  5.2380e-006  5.1505e-006
 4.198769e-008  3.3000e+000  3.2998e+000  3.2998e+000  3.2998e+000  0.0000e+000  1.1711e-005  6.6862e-006  6.7437e-006
 4.218769e-008  3.3000e+000  3.2998e+000  3.2998e+000  3.2998e+000  0.0000e+000  1.1945e-005  5.2207e-006  5.3110e-006
 4.238769e-008  3.3000e+000  3.2998e+000  3.2998e+000  3.2998e+000  0.0000e+000  1.0271e-005  6.6733e-006  6.5988e-006
 4.258769e-008  3.3000e+000  3.2998e+000  3.2998e+000  3.2998e+000  0.0000e+000  1.0951e-005  5.2168e-006  5.3827e-006
 4.278769e-008  3.3000e+000  3.2998e+000  3.2998e+000  3.2998e+000  0.0000e+000  9.3922e-006  6.6619e-006  6.5318e-006
 4.298769e-008  3.3000e+000  3.2998e+000  3.2998e+000  3.2998e+000  0.0000e+000  1.0219e-005  5.2142e-006  5.4103e-006
 4.318769e-008  3.3000e+000  3.2998e+000  3.2998e+000  3.2998e+000  0.0000e+000  8.7702e-006  6.6539e-006  6.5005e-006
 4.338769e-008  3.3000e+000  3.2998e+000  3.2998e+000  3.2998e+000  0.0000e+000  9.6735e-006  5.2111e-006  5.4188e-006
 4.358769e-008  3.3000e+000  3.2998e+000  3.2998e+000  3.2998e+000  0.0000e+000  8.3013e-006  6.6483e-006  6.4853e-006
 4.378769e-008  3.3000e+000  3.2998e+000  3.2998e+000  3.2998e+000  0.0000e+000  9.2549e-006  5.2077e-006  5.4192e-006
 4.398769e-008  3.3000e+000  3.2998e+000  3.2998e+000  3.2998e+000  0.0000e+000  7.9348e-006  6.6442e-006  6.4773e-006
 4.418769e-008  3.3000e+000  3.2998e+000  3.2998e+000  3.2998e+000  0.0000e+000  8.9236e-006  5.2041e-006  5.4165e-006
 4.438769e-008  3.3000e+000  3.2998e+000  3.2998e+000  3.2998e+000  0.0000e+000  7.6422e-006  6.6410e-006  6.4727e-006
 4.458769e-008  3.3000e+000  3.2998e+000  3.2998e+000  3.2998e+000  0.0000e+000  8.6544e-006  5.2005e-006  5.4126e-006
 4.478769e-008  3.3000e+000  3.2998e+000  3.2998e+000  3.2998e+000  0.0000e+000  7.4037e-006  6.6383e-006  6.4697e-006
 4.498769e-008  3.3000e+000  3.2998e+000  3.2998e+000  3.2998e+000  0.0000e+000  8.4312e-006  5.1971e-006  5.4084e-006
 4.518769e-008  3.3000e+000  3.2998e+000  3.2998e+000  3.2998e+000  0.0000e+000  7.2051e-006  6.6360e-006  6.4639e-006
 4.538769e-008  3.3000e+000  3.2998e+000  3.2998e+000  3.2998e+000  0.0000e+000  8.2436e-006  5.1938e-006  5.4111e-006
 4.558769e-008  3.3000e+000  3.2998e+000  3.2998e+000  3.2998e+000  0.0000e+000  7.0373e-006  6.6338e-006  6.4567e-006
 4.578769e-008  3.3000e+000  3.2998e+000  3.2998e+000  3.2998e+000  0.0000e+000  8.0837e-006  5.1907e-006  5.4106e-006
 4.598769e-008  3.3000e+000  3.2998e+000  3.2998e+000  3.2998e+000  0.0000e+000  6.8936e-006  6.6317e-006  6.4531e-006
 4.618769e-008  3.3000e+000  3.2998e+000  3.2998e+000  3.2998e+000  0.0000e+000  7.9459e-006  5.1878e-006  5.4080e-006
 4.638769e-008  3.3000e+000  3.2998e+000  3.2998e+000  3.2998e+000  0.0000e+000  6.7692e-006  6.6298e-006  6.4511e-006
 4.658769e-008  3.3000e+000  3.2998e+000  3.2998e+000  3.2998e+000  0.0000e+000  7.8260e-006  5.1851e-006  5.4047e-006
 4.678769e-008  3.3000e+000  3.2998e+000  3.2998e+000  3.2998e+000  0.0000e+000  6.6605e-006  6.6278e-006  6.4497e-006
 4.698769e-008  3.3000e+000  3.2998e+000  3.2998e+000  3.2998e+000  0.0000e+000  7.7207e-006  5.1826e-006  5.4013e-006
 4.718769e-008  3.3000e+000  3.2998e+000  3.2998e+000  3.2998e+000  0.0000e+000  6.5647e-006  6.6260e-006  6.4484e-006
 4.738769e-008  3.3000e+000  3.2998e+000  3.2998e+000  3.2998e+000  0.0000e+000  7.6276e-006  5.1802e-006  5.3981e-006
 4.758769e-008  3.3000e+000  3.2998e+000  3.2998e+000  3.2998e+000  0.0000e+000  6.4798e-006  6.6241e-006  6.4473e-006
 4.778769e-008  3.3000e+000  3.2998e+000  3.2998e+000  3.2998e+000  0.0000e+000  7.5448e-006  5.1779e-006  5.3950e-006
 4.798769e-008  3.3000e+000  3.2998e+000  3.2998e+000  3.2998e+000  0.0000e+000  6.4039e-006  6.6223e-006  6.4463e-006
 4.818769e-008  3.3000e+000  3.2998e+000  3.2998e+000  3.2998e+000  0.0000e+000  7.4706e-006  5.1758e-006  5.3920e-006
 4.838769e-008  3.3000e+000  3.2998e+000  3.2998e+000  3.2998e+000  0.0000e+000  6.3357e-006  6.6205e-006  6.4452e-006
 4.858769e-008  3.3000e+000  3.2998e+000  3.2998e+000  3.2998e+000  0.0000e+000  7.4038e-006  5.1738e-006  5.3893e-006
 4.878769e-008  3.3000e+000  3.2998e+000  3.2998e+000  3.2998e+000  0.0000e+000  6.2742e-006  6.6188e-006  6.4440e-006
 4.898769e-008  3.3000e+000  3.2998e+000  3.2998e+000  3.2998e+000  0.0000e+000  7.3433e-006  5.1719e-006  5.3868e-006
 4.918769e-008  3.3000e+000  3.2998e+000  3.2998e+000  3.2998e+000  0.0000e+000  6.2184e-006  6.6171e-006  6.4428e-006
 4.938769e-008  3.3000e+000  3.2998e+000  3.2998e+000  3.2998e+000  0.0000e+000  7.2884e-006  5.1701e-006  5.3844e-006
 4.958769e-008  3.3000e+000  3.2998e+000  3.2998e+000  3.2998e+000  0.0000e+000  6.1675e-006  6.6154e-006  6.4415e-006
 4.978769e-008  3.3000e+000  3.2998e+000  3.2998e+000  3.2998e+000  0.0000e+000  7.2384e-006  5.1684e-006  5.3823e-006
 4.998769e-008  3.3000e+000  3.2998e+000  3.2998e+000  3.2998e+000  0.0000e+000  6.1210e-006  6.6138e-006  6.4403e-006
 5.018769e-008  3.3000e+000  3.2998e+000  3.2998e+000  3.2998e+000  0.0000e+000  7.1925e-006  5.1668e-006  5.3802e-006
 5.038769e-008  3.3000e+000  3.2998e+000  3.2998e+000  3.2998e+000  0.0000e+000  6.0783e-006  6.6122e-006  6.4390e-006
 5.058769e-008  3.3000e+000  3.2998e+000  3.2998e+000  3.2998e+000  0.0000e+000  7.1504e-006  5.1652e-006  5.3783e-006
 5.078769e-008  3.3000e+000  3.2998e+000  3.2998e+000  3.2998e+000  0.0000e+000  6.0390e-006  6.6106e-006  6.4377e-006
 5.098769e-008  3.3000e+000  3.2998e+000  3.2998e+000  3.2998e+000  0.0000e+000  7.1116e-006  5.1638e-006  5.3765e-006
 5.118769e-008  3.3000e+000  3.2998e+000  3.2998e+000  3.2998e+000  0.0000e+000  6.0027e-006  6.6091e-006  6.4365e-006
 5.138769e-008  3.3000e+000  3.2998e+000  3.2998e+000  3.2998e+000  0.0000e+000  7.0758e-006  5.1623e-006  5.3748e-006
 5.158769e-008  3.3000e+000  3.2998e+000  3.2998e+000  3.2998e+000  0.0000e+000  5.9691e-006  6.6076e-006  6.4352e-006
 5.178769e-008  3.3000e+000  3.2998e+000  3.2998e+000  3.2998e+000  0.0000e+000  7.0426e-006  5.1610e-006  5.3732e-006
 5.198769e-008  3.3000e+000  3.2998e+000  3.2998e+000  3.2998e+000  0.0000e+000  5.9379e-006  6.6062e-006  6.4339e-006
 5.218769e-008  3.3000e+000  3.2998e+000  3.2998e+000  3.2998e+000  0.0000e+000  7.0118e-006  5.1597e-006  5.3717e-006
 5.238769e-008  3.3000e+000  3.2998e+000  3.2998e+000  3.2998e+000  0.0000e+000  5.9088e-006  6.6048e-006  6.4327e-006
 5.258769e-008  3.3000e+000  3.2998e+000  3.2998e+000  3.2998e+000  0.0000e+000  6.9831e-006  5.1584e-006  5.3702e-006
 5.278769e-008  3.3000e+000  3.2998e+000  3.2998e+000  3.2998e+000  0.0000e+000  5.8818e-006  6.6034e-006  6.4315e-006
 5.298769e-008  3.3000e+000  3.2998e+000  3.2998e+000  3.2998e+000  0.0000e+000  6.9563e-006  5.1572e-006  5.3688e-006
 5.318769e-008  3.3000e+000  3.2998e+000  3.2998e+000  3.2998e+000  0.0000e+000  5.8565e-006  6.6020e-006  6.4303e-006
 5.338769e-008  3.3000e+000  3.2998e+000  3.2998e+000  3.2998e+000  0.0000e+000  6.9313e-006  5.1561e-006  5.3675e-006
 5.358769e-008  3.3000e+000  3.2998e+000  3.2998e+000  3.2998e+000  0.0000e+000  5.8328e-006  6.6007e-006  6.4291e-006
 5.378769e-008  3.3000e+000  3.2998e+000  3.2998e+000  3.2998e+000  0.0000e+000  6.9079e-006  5.1549e-006  5.3663e-006
 5.398769e-008  3.3000e+000  3.2998e+000  3.2998e+000  3.2998e+000  0.0000e+000  5.8105e-006  6.5994e-006  6.4279e-006
 5.418769e-008  3.3000e+000  3.2998e+000  3.2998e+000  3.2998e+000  0.0000e+000  6.8860e-006  5.1539e-006  5.3651e-006
 5.438769e-008  3.3000e+000  3.2998e+000  3.2998e+000  3.2998e+000  0.0000e+000  5.7897e-006  6.5982e-006  6.4267e-006
 5.458769e-008  3.3000e+000  3.2998e+000  3.2998e+000  3.2998e+000  0.0000e+000  6.8654e-006  5.1529e-006  5.3639e-006
 5.478769e-008  3.3000e+000  3.2998e+000  3.2998e+000  3.2998e+000  0.0000e+000  5.7700e-006  6.5969e-006  6.4256e-006
 5.498769e-008  3.3000e+000  3.2998e+000  3.2998e+000  3.2998e+000  0.0000e+000  6.8460e-006  5.1519e-006  5.3628e-006
 5.518769e-008  3.3000e+000  3.2998e+000  3.2998e+000  3.2998e+000  0.0000e+000  5.7515e-006  6.5957e-006  6.4245e-006
 5.538769e-008  3.3000e+000  3.2998e+000  3.2998e+000  3.2998e+000  0.0000e+000  6.8277e-006  5.1509e-006  5.3617e-006
 5.558769e-008  3.3000e+000  3.2998e+000  3.2998e+000  3.2998e+000  0.0000e+000  5.7341e-006  6.5946e-006  6.4234e-006
 5.578769e-008  3.3000e+000  3.2998e+000  3.2998e+000  3.2998e+000  0.0000e+000  6.8105e-006  5.1500e-006  5.3607e-006
 5.598769e-008  3.3000e+000  3.2998e+000  3.2998e+000  3.2998e+000  0.0000e+000  5.7176e-006  6.5934e-006  6.4224e-006
 5.618769e-008  3.3000e+000  3.2998e+000  3.2998e+000  3.2998e+000  0.0000e+000  6.7942e-006  5.1491e-006  5.3597e-006
 5.638769e-008  3.3000e+000  3.2998e+000  3.2998e+000  3.2998e+000  0.0000e+000  5.7020e-006  6.5923e-006  6.4214e-006
 5.658769e-008  3.3000e+000  3.2998e+000  3.2998e+000  3.2998e+000  0.0000e+000  6.7788e-006  5.1483e-006  5.3588e-006
 5.678769e-008  3.3000e+000  3.2998e+000  3.2998e+000  3.2998e+000  0.0000e+000  5.6872e-006  6.5913e-006  6.4203e-006
 5.698769e-008  3.3000e+000  3.2998e+000  3.2998e+000  3.2998e+000  0.0000e+000  6.7642e-006  5.1475e-006  5.3579e-006
 5.718769e-008  3.3000e+000  3.2998e+000  3.2998e+000  3.2998e+000  0.0000e+000  5.6732e-006  6.5902e-006  6.4193e-006
 5.738769e-008  3.3000e+000  3.2998e+000  3.2998e+000  3.2998e+000  0.0000e+000  6.7504e-006  5.1467e-006  5.3571e-006
 5.758769e-008  3.3000e+000  3.2998e+000  3.2998e+000  3.2998e+000  0.0000e+000  5.6599e-006  6.5892e-006  6.4184e-006
 5.778769e-008  3.3000e+000  3.2998e+000  3.2998e+000  3.2998e+000  0.0000e+000  6.7373e-006  5.1459e-006  5.3562e-006
 5.798769e-008  3.3000e+000  3.2998e+000  3.2998e+000  3.2998e+000  0.0000e+000  5.6473e-006  6.5882e-006  6.4174e-006
 5.818769e-008  3.3000e+000  3.2998e+000  3.2998e+000  3.2998e+000  0.0000e+000  6.7248e-006  5.1452e-006  5.3554e-006
 5.838769e-008  3.3000e+000  3.2998e+000  3.2998e+000  3.2998e+000  0.0000e+000  5.6353e-006  6.5872e-006  6.4165e-006
 5.858769e-008  3.3000e+000  3.2998e+000  3.2998e+000  3.2998e+000  0.0000e+000  6.7130e-006  5.1445e-006  5.3547e-006
 5.878769e-008  3.3000e+000  3.2998e+000  3.2998e+000  3.2998e+000  0.0000e+000  5.6239e-006  6.5862e-006  6.4156e-006
 5.898769e-008  3.3000e+000  3.2998e+000  3.2998e+000  3.2998e+000  0.0000e+000  6.7017e-006  5.1438e-006  5.3539e-006
 5.918769e-008  3.3000e+000  3.2998e+000  3.2998e+000  3.2998e+000  0.0000e+000  5.6130e-006  6.5853e-006  6.4147e-006
 5.938769e-008  3.3000e+000  3.2998e+000  3.2998e+000  3.2998e+000  0.0000e+000  6.6910e-006  5.1432e-006  5.3533e-006
 5.958769e-008  3.3000e+000  3.2998e+000  3.2998e+000  3.2998e+000  0.0000e+000  5.6026e-006  6.5844e-006  6.4138e-006
 5.978769e-008  3.3000e+000  3.2998e+000  3.2998e+000  3.2998e+000  0.0000e+000  6.6808e-006  5.1426e-006  5.3526e-006
 5.998769e-008  3.3000e+000  3.2998e+000  3.2998e+000  3.2998e+000  0.0000e+000  5.5927e-006  6.5835e-006  6.4130e-006
 6.018769e-008  3.3000e+000  3.2998e+000  3.2998e+000  3.2998e+000  0.0000e+000  6.6710e-006  5.1420e-006  5.3519e-006
 6.038769e-008  3.3000e+000  3.2998e+000  3.2998e+000  3.2998e+000  0.0000e+000  5.5833e-006  6.5827e-006  6.4121e-006
 6.058769e-008  3.3000e+000  3.2998e+000  3.2998e+000  3.2998e+000  0.0000e+000  6.6617e-006  5.1414e-006  5.3513e-006
 6.078769e-008  3.3000e+000  3.2998e+000  3.2998e+000  3.2998e+000  0.0000e+000  5.5743e-006  6.5818e-006  6.4113e-006
 6.098769e-008  3.3000e+000  3.2998e+000  3.2998e+000  3.2998e+000  0.0000e+000  6.6528e-006  5.1408e-006  5.3507e-006
 6.118769e-008  3.3000e+000  3.2998e+000  3.2998e+000  3.2998e+000  0.0000e+000  5.5657e-006  6.5810e-006  6.4105e-006
 6.138769e-008  3.3000e+000  3.2998e+000  3.2998e+000  3.2998e+000  0.0000e+000  6.6444e-006  5.1403e-006  5.3501e-006
 6.158769e-008  3.3000e+000  3.2998e+000  3.2998e+000  3.2998e+000  0.0000e+000  5.5574e-006  6.5802e-006  6.4097e-006
 6.178769e-008  3.3000e+000  3.2998e+000  3.2998e+000  3.2998e+000  0.0000e+000  6.6362e-006  5.1398e-006  5.3496e-006
 6.198769e-008  3.3000e+000  3.2998e+000  3.2998e+000  3.2998e+000  0.0000e+000  5.5495e-006  6.5794e-006  6.4090e-006
 6.218769e-008  3.3000e+000  3.2998e+000  3.2998e+000  3.2998e+000  0.0000e+000  6.6284e-006  5.1393e-006  5.3491e-006
 6.238769e-008  3.3000e+000  3.2998e+000  3.2998e+000  3.2998e+000  0.0000e+000  5.5420e-006  6.5786e-006  6.4082e-006
 6.258769e-008  3.3000e+000  3.2998e+000  3.2998e+000  3.2998e+000  0.0000e+000  6.6210e-006  5.1388e-006  5.3486e-006
 6.278769e-008  3.3000e+000  3.2998e+000  3.2998e+000  3.2998e+000  0.0000e+000  5.5347e-006  6.5779e-006  6.4074e-006
 6.298769e-008  3.3000e+000  3.2998e+000  3.2998e+000  3.2998e+000  0.0000e+000  6.6139e-006  5.1383e-006  5.3481e-006
 6.318769e-008  3.3000e+000  3.2998e+000  3.2998e+000  3.2998e+000  0.0000e+000  5.5278e-006  6.5771e-006  6.4067e-006
 6.338769e-008  3.3000e+000  3.2998e+000  3.2998e+000  3.2998e+000  0.0000e+000  6.6070e-006  5.1379e-006  5.3476e-006
 6.358769e-008  3.3000e+000  3.2998e+000  3.2998e+000  3.2998e+000  0.0000e+000  5.5211e-006  6.5764e-006  6.4060e-006
 6.378769e-008  3.3000e+000  3.2998e+000  3.2998e+000  3.2998e+000  0.0000e+000  6.6005e-006  5.1375e-006  5.3472e-006
 6.398769e-008  3.3000e+000  3.2998e+000  3.2998e+000  3.2998e+000  0.0000e+000  5.5148e-006  6.5757e-006  6.4053e-006
 6.418769e-008  3.3000e+000  3.2998e+000  3.2998e+000  3.2998e+000  0.0000e+000  6.5942e-006  5.1370e-006  5.3468e-006
 6.438769e-008  3.3000e+000  3.2998e+000  3.2998e+000  3.2998e+000  0.0000e+000  5.5086e-006  6.5750e-006  6.4046e-006
 6.458769e-008  3.3000e+000  3.2998e+000  3.2998e+000  3.2998e+000  0.0000e+000  6.5881e-006  5.1366e-006  5.3464e-006
 6.478769e-008  3.3000e+000  3.2998e+000  3.2998e+000  3.2998e+000  0.0000e+000  5.5027e-006  6.5744e-006  6.4040e-006
 6.498769e-008  3.3000e+000  3.2998e+000  3.2998e+000  3.2998e+000  0.0000e+000  6.5823e-006  5.1363e-006  5.3460e-006
 6.518769e-008  3.3000e+000  3.2998e+000  3.2998e+000  3.2998e+000  0.0000e+000  5.4971e-006  6.5737e-006  6.4033e-006
 6.538769e-008  3.3000e+000  3.2998e+000  3.2998e+000  3.2998e+000  0.0000e+000  6.5767e-006  5.1359e-006  5.3456e-006
 6.558769e-008  3.3000e+000  3.2998e+000  3.2998e+000  3.2998e+000  0.0000e+000  5.4916e-006  6.5731e-006  6.4027e-006
 6.578769e-008  3.3000e+000  3.2998e+000  3.2998e+000  3.2998e+000  0.0000e+000  6.5714e-006  5.1356e-006  5.3452e-006
 6.598769e-008  3.3000e+000  3.2998e+000  3.2998e+000  3.2998e+000  0.0000e+000  5.4864e-006  6.5724e-006  6.4021e-006
 6.618769e-008  3.3000e+000  3.2998e+000  3.2998e+000  3.2998e+000  0.0000e+000  6.5662e-006  5.1352e-006  5.3449e-006
 6.638769e-008  3.3000e+000  3.2998e+000  3.2998e+000  3.2998e+000  0.0000e+000  5.4814e-006  6.5718e-006  6.4015e-006
 6.658769e-008  3.3000e+000  3.2998e+000  3.2998e+000  3.2998e+000  0.0000e+000  6.5613e-006  5.1349e-006  5.3445e-006
 6.678769e-008  3.3000e+000  3.2998e+000  3.2998e+000  3.2998e+000  0.0000e+000  5.4765e-006  6.5712e-006  6.4009e-006
 6.698769e-008  3.3000e+000  3.2998e+000  3.2998e+000  3.2998e+000  0.0000e+000  6.5565e-006  5.1346e-006  5.3442e-006
 6.718769e-008  3.3000e+000  3.2998e+000  3.2998e+000  3.2998e+000  0.0000e+000  5.4719e-006  6.5707e-006  6.4003e-006
 6.738769e-008  3.3000e+000  3.2998e+000  3.2998e+000  3.2998e+000  0.0000e+000  6.5519e-006  5.1343e-006  5.3439e-006
 6.758769e-008  3.3000e+000  3.2998e+000  3.2998e+000  3.2998e+000  0.0000e+000  5.4674e-006  6.5701e-006  6.3997e-006
 6.778769e-008  3.3000e+000  3.2998e+000  3.2998e+000  3.2998e+000  0.0000e+000  6.5475e-006  5.1340e-006  5.3436e-006
 6.798769e-008  3.3000e+000  3.2998e+000  3.2998e+000  3.2998e+000  0.0000e+000  5.4631e-006  6.5695e-006  6.3992e-006
 6.818769e-008  3.3000e+000  3.2998e+000  3.2998e+000  3.2998e+000  0.0000e+000  6.5432e-006  5.1337e-006  5.3433e-006
 6.838769e-008  3.3000e+000  3.2998e+000  3.2998e+000  3.2998e+000  0.0000e+000  5.4589e-006  6.5690e-006  6.3987e-006
 6.858769e-008  3.3000e+000  3.2998e+000  3.2998e+000  3.2998e+000  0.0000e+000  6.5391e-006  5.1335e-006  5.3430e-006
 6.878769e-008  3.3000e+000  3.2998e+000  3.2998e+000  3.2998e+000  0.0000e+000  5.4549e-006  6.5684e-006  6.3981e-006
 6.898769e-008  3.3000e+000  3.2998e+000  3.2998e+000  3.2998e+000  0.0000e+000  6.5351e-006  5.1332e-006  5.3428e-006
 6.918769e-008  3.3000e+000  3.2998e+000  3.2998e+000  3.2998e+000  0.0000e+000  5.4510e-006  6.5679e-006  6.3976e-006
 6.938769e-008  3.3000e+000  3.2998e+000  3.2998e+000  3.2998e+000  0.0000e+000  6.5313e-006  5.1330e-006  5.3425e-006
 6.958769e-008  3.3000e+000  3.2998e+000  3.2998e+000  3.2998e+000  0.0000e+000  5.4473e-006  6.5674e-006  6.3971e-006
 6.978769e-008  3.3000e+000  3.2998e+000  3.2998e+000  3.2998e+000  0.0000e+000  6.5276e-006  5.1328e-006  5.3423e-006
 6.998769e-008  3.3000e+000  3.2998e+000  3.2998e+000  3.2998e+000  0.0000e+000  5.4437e-006  6.5669e-006  6.3966e-006
 7.018769e-008  3.3000e+000  3.2998e+000  3.2998e+000  3.2998e+000  0.0000e+000  6.5240e-006  5.1326e-006  5.3421e-006
 7.038769e-008  3.3000e+000  3.2998e+000  3.2998e+000  3.2998e+000  0.0000e+000  5.4402e-006  6.5664e-006  6.3961e-006
 7.058769e-008  3.3000e+000  3.2998e+000  3.2998e+000  3.2998e+000  0.0000e+000  6.5206e-006  5.1324e-006  5.3418e-006
 7.078769e-008  3.3000e+000  3.2998e+000  3.2998e+000  3.2998e+000  0.0000e+000  5.4369e-006  6.5659e-006  6.3957e-006
 7.098769e-008  3.3000e+000  3.2998e+000  3.2998e+000  3.2998e+000  0.0000e+000  6.5173e-006  5.1322e-006  5.3416e-006
 7.118769e-008  3.3000e+000  3.2998e+000  3.2998e+000  3.2998e+000  0.0000e+000  5.4336e-006  6.5654e-006  6.3952e-006
 7.138769e-008  3.3000e+000  3.2998e+000  3.2998e+000  3.2998e+000  0.0000e+000  6.5141e-006  5.1320e-006  5.3414e-006
 7.158769e-008  3.3000e+000  3.2998e+000  3.2998e+000  3.2998e+000  0.0000e+000  5.4305e-006  6.5650e-006  6.3947e-006
 7.178769e-008  3.3000e+000  3.2998e+000  3.2998e+000  3.2998e+000  0.0000e+000  6.5110e-006  5.1318e-006  5.3412e-006
 7.198769e-008  3.3000e+000  3.2998e+000  3.2998e+000  3.2998e+000  0.0000e+000  5.4275e-006  6.5645e-006  6.3943e-006
 7.218769e-008  3.3000e+000  3.2998e+000  3.2998e+000  3.2998e+000  0.0000e+000  6.5080e-006  5.1316e-006  5.3410e-006
 7.238769e-008  3.3000e+000  3.2998e+000  3.2998e+000  3.2998e+000  0.0000e+000  5.4246e-006  6.5641e-006  6.3939e-006
 7.258769e-008  3.3000e+000  3.2998e+000  3.2998e+000  3.2998e+000  0.0000e+000  6.5051e-006  5.1315e-006  5.3409e-006
 7.278769e-008  3.3000e+000  3.2998e+000  3.2998e+000  3.2998e+000  0.0000e+000  5.4217e-006  6.5636e-006  6.3934e-006
 7.298769e-008  3.3000e+000  3.2998e+000  3.2998e+000  3.2998e+000  0.0000e+000  6.5023e-006  5.1313e-006  5.3407e-006
 7.318769e-008  3.3000e+000  3.2998e+000  3.2998e+000  3.2998e+000  0.0000e+000  5.4190e-006  6.5632e-006  6.3930e-006
 7.338769e-008  3.3000e+000  3.2998e+000  3.2998e+000  3.2998e+000  0.0000e+000  6.4996e-006  5.1312e-006  5.3405e-006
 7.358769e-008  3.3000e+000  3.2998e+000  3.2998e+000  3.2998e+000  0.0000e+000  5.4164e-006  6.5628e-006  6.3926e-006
 7.378769e-008  3.3000e+000  3.2998e+000  3.2998e+000  3.2998e+000  0.0000e+000  6.4970e-006  5.1310e-006  5.3404e-006
 7.398769e-008  3.3000e+000  3.2998e+000  3.2998e+000  3.2998e+000  0.0000e+000  5.4138e-006  6.5623e-006  6.3922e-006
 7.418769e-008  3.3000e+000  3.2998e+000  3.2998e+000  3.2998e+000  0.0000e+000  6.4945e-006  5.1309e-006  5.3402e-006
 7.438769e-008  3.3000e+000  3.2998e+000  3.2998e+000  3.2998e+000  0.0000e+000  5.4114e-006  6.5619e-006  6.3918e-006
 7.458769e-008  3.3000e+000  3.2998e+000  3.2998e+000  3.2998e+000  0.0000e+000  6.4921e-006  5.1308e-006  5.3401e-006
 7.478769e-008  3.3000e+000  3.2998e+000  3.2998e+000  3.2998e+000  0.0000e+000  5.4090e-006  6.5615e-006  6.3914e-006
 7.498769e-008  3.3000e+000  3.2998e+000  3.2998e+000  3.2998e+000  0.0000e+000  6.4897e-006  5.1307e-006  5.3400e-006
 7.518769e-008  3.3000e+000  3.2998e+000  3.2998e+000  3.2998e+000  0.0000e+000  5.4067e-006  6.5611e-006  6.3910e-006
 7.538769e-008  3.3000e+000  3.2998e+000  3.2998e+000  3.2998e+000  0.0000e+000  6.4874e-006  5.1306e-006  5.3399e-006
 7.558769e-008  3.3000e+000  3.2998e+000  3.2998e+000  3.2998e+000  0.0000e+000  5.4044e-006  6.5608e-006  6.3907e-006
 7.578769e-008  3.3000e+000  3.2998e+000  3.2998e+000  3.2998e+000  0.0000e+000  6.4852e-006  5.1305e-006  5.3397e-006
 7.598769e-008  3.3000e+000  3.2998e+000  3.2998e+000  3.2998e+000  0.0000e+000  5.4023e-006  6.5604e-006  6.3903e-006
 7.618769e-008  3.3000e+000  3.2998e+000  3.2998e+000  3.2998e+000  0.0000e+000  6.4831e-006  5.1304e-006  5.3396e-006
 7.638769e-008  3.3000e+000  3.2998e+000  3.2998e+000  3.2998e+000  0.0000e+000  5.4002e-006  6.5600e-006  6.3900e-006
 7.658769e-008  3.3000e+000  3.2998e+000  3.2998e+000  3.2998e+000  0.0000e+000  6.4810e-006  5.1303e-006  5.3395e-006
 7.678769e-008  3.3000e+000  3.2998e+000  3.2998e+000  3.2998e+000  0.0000e+000  5.3982e-006  6.5596e-006  6.3896e-006
 7.698769e-008  3.3000e+000  3.2998e+000  3.2998e+000  3.2998e+000  0.0000e+000  6.4790e-006  5.1302e-006  5.3394e-006
 7.718769e-008  3.3000e+000  3.2998e+000  3.2998e+000  3.2998e+000  0.0000e+000  5.3962e-006  6.5593e-006  6.3893e-006
 7.738769e-008  3.3000e+000  3.2998e+000  3.2998e+000  3.2998e+000  0.0000e+000  6.4771e-006  5.1301e-006  5.3393e-006
 7.758769e-008  3.3000e+000  3.2998e+000  3.2998e+000  3.2998e+000  0.0000e+000  5.3943e-006  6.5589e-006  6.3889e-006
 7.778769e-008  3.3000e+000  3.2998e+000  3.2998e+000  3.2998e+000  0.0000e+000  6.4752e-006  5.1301e-006  5.3392e-006
 7.798769e-008  3.3000e+000  3.2998e+000  3.2998e+000  3.2998e+000  0.0000e+000  5.3925e-006  6.5586e-006  6.3886e-006
 7.818769e-008  3.3000e+000  3.2998e+000  3.2998e+000  3.2998e+000  0.0000e+000  6.4733e-006  5.1300e-006  5.3392e-006
 7.838769e-008  3.3000e+000  3.2998e+000  3.2998e+000  3.2998e+000  0.0000e+000  5.3907e-006  6.5582e-006  6.3883e-006
 7.858769e-008  3.3000e+000  3.2998e+000  3.2998e+000  3.2998e+000  0.0000e+000  6.4716e-006  5.1300e-006  5.3391e-006
 7.878769e-008  3.3000e+000  3.2998e+000  3.2998e+000  3.2998e+000  0.0000e+000  5.3890e-006  6.5579e-006  6.3879e-006
 7.898769e-008  3.3000e+000  3.2998e+000  3.2998e+000  3.2998e+000  0.0000e+000  6.4699e-006  5.1299e-006  5.3390e-006
 7.918769e-008  3.3000e+000  3.2998e+000  3.2998e+000  3.2998e+000  0.0000e+000  5.3873e-006  6.5576e-006  6.3876e-006
 7.938769e-008  3.3000e+000  3.2998e+000  3.2998e+000  3.2998e+000  0.0000e+000  6.4682e-006  5.1299e-006  5.3390e-006
 7.958769e-008  3.3000e+000  3.2998e+000  3.2998e+000  3.2998e+000  0.0000e+000  5.3857e-006  6.5572e-006  6.3873e-006
 7.978769e-008  3.3000e+000  3.2998e+000  3.2998e+000  3.2998e+000  0.0000e+000  6.4666e-006  5.1298e-006  5.3389e-006
 7.998769e-008  3.3000e+000  3.2998e+000  3.2998e+000  3.2998e+000  0.0000e+000  5.3841e-006  6.5569e-006  6.3870e-006
 8.018769e-008  3.3000e+000  3.2998e+000  3.2998e+000  3.2998e+000  0.0000e+000  6.4650e-006  5.1298e-006  5.3389e-006
 8.038769e-008  3.3000e+000  3.2998e+000  3.2998e+000  3.2998e+000  0.0000e+000  5.3826e-006  6.5566e-006  6.3867e-006
 8.058769e-008  3.3000e+000  3.2998e+000  3.2998e+000  3.2998e+000  0.0000e+000  6.4635e-006  5.1298e-006  5.3388e-006
 8.078769e-008  3.3000e+000  3.2998e+000  3.2998e+000  3.2998e+000  0.0000e+000  5.3811e-006  6.5563e-006  6.3864e-006
 8.098769e-008  3.3000e+000  3.2998e+000  3.2998e+000  3.2998e+000  0.0000e+000  6.4621e-006  5.1297e-006  5.3388e-006
 8.118769e-008  3.3000e+000  3.2998e+000  3.2998e+000  3.2998e+000  0.0000e+000  5.3797e-006  6.5560e-006  6.3861e-006
 8.138769e-008  3.3000e+000  3.2998e+000  3.2998e+000  3.2998e+000  0.0000e+000  6.4606e-006  5.1297e-006  5.3387e-006
 8.158769e-008  3.3000e+000  3.2998e+000  3.2998e+000  3.2998e+000  0.0000e+000  5.3783e-006  6.5557e-006  6.3858e-006
 8.178769e-008  3.3000e+000  3.2998e+000  3.2998e+000  3.2998e+000  0.0000e+000  6.4593e-006  5.1297e-006  5.3387e-006
 8.198769e-008  3.3000e+000  3.2998e+000  3.2998e+000  3.2998e+000  0.0000e+000  5.3770e-006  6.5554e-006  6.3855e-006
 8.218769e-008  3.3000e+000  3.2998e+000  3.2998e+000  3.2998e+000  0.0000e+000  6.4579e-006  5.1297e-006  5.3387e-006
 8.238769e-008  3.3000e+000  3.2998e+000  3.2998e+000  3.2998e+000  0.0000e+000  5.3757e-006  6.5551e-006  6.3853e-006
 8.258769e-008  3.3000e+000  3.2998e+000  3.2998e+000  3.2998e+000  0.0000e+000  6.4566e-006  5.1297e-006  5.3386e-006
 8.278769e-008  3.3000e+000  3.2998e+000  3.2998e+000  3.2998e+000  0.0000e+000  5.3744e-006  6.5548e-006  6.3850e-006
 8.298769e-008  3.3000e+000  3.2998e+000  3.2998e+000  3.2998e+000  0.0000e+000  6.4554e-006  5.1297e-006  5.3386e-006
 8.318769e-008  3.3000e+000  3.2998e+000  3.2998e+000  3.2998e+000  0.0000e+000  5.3732e-006  6.5545e-006  6.3847e-006
 8.338769e-008  3.3000e+000  3.2998e+000  3.2998e+000  3.2998e+000  0.0000e+000  6.4542e-006  5.1297e-006  5.3386e-006
 8.358769e-008  3.3000e+000  3.2998e+000  3.2998e+000  3.2998e+000  0.0000e+000  5.3720e-006  6.5542e-006  6.3844e-006
 8.378769e-008  3.3000e+000  3.2998e+000  3.2998e+000  3.2998e+000  0.0000e+000  6.4530e-006  5.1297e-006  5.3386e-006
 8.398769e-008  3.3000e+000  3.2998e+000  3.2998e+000  3.2998e+000  0.0000e+000  5.3709e-006  6.5540e-006  6.3842e-006
 8.418769e-008  3.3000e+000  3.2998e+000  3.2998e+000  3.2998e+000  0.0000e+000  6.4518e-006  5.1297e-006  5.3386e-006
 8.438769e-008  3.3000e+000  3.2998e+000  3.2998e+000  3.2998e+000  0.0000e+000  5.3697e-006  6.5537e-006  6.3839e-006
 8.458769e-008  3.3000e+000  3.2998e+000  3.2998e+000  3.2998e+000  0.0000e+000  6.4507e-006  5.1297e-006  5.3386e-006
 8.478769e-008  3.3000e+000  3.2998e+000  3.2998e+000  3.2998e+000  0.0000e+000  5.3687e-006  6.5534e-006  6.3837e-006
 8.498769e-008  3.3000e+000  3.2998e+000  3.2998e+000  3.2998e+000  0.0000e+000  6.4496e-006  5.1297e-006  5.3386e-006
 8.518769e-008  3.3000e+000  3.2998e+000  3.2998e+000  3.2998e+000  0.0000e+000  5.3676e-006  6.5532e-006  6.3834e-006
 8.538769e-008  3.3000e+000  3.2998e+000  3.2998e+000  3.2998e+000  0.0000e+000  6.4486e-006  5.1297e-006  5.3386e-006
 8.558769e-008  3.3000e+000  3.2998e+000  3.2998e+000  3.2998e+000  0.0000e+000  5.3666e-006  6.5529e-006  6.3832e-006
 8.578769e-008  3.3000e+000  3.2998e+000  3.2998e+000  3.2998e+000  0.0000e+000  6.4475e-006  5.1298e-006  5.3386e-006
 8.598769e-008  3.3000e+000  3.2998e+000  3.2998e+000  3.2998e+000  0.0000e+000  5.3656e-006  6.5526e-006  6.3829e-006
 8.618769e-008  3.3000e+000  3.2998e+000  3.2998e+000  3.2998e+000  0.0000e+000  6.4466e-006  5.1298e-006  5.3386e-006
 8.638769e-008  3.3000e+000  3.2998e+000  3.2998e+000  3.2998e+000  0.0000e+000  5.3646e-006  6.5524e-006  6.3827e-006
 8.658769e-008  3.3000e+000  3.2998e+000  3.2998e+000  3.2998e+000  0.0000e+000  6.4456e-006  5.1298e-006  5.3386e-006
 8.678769e-008  3.3000e+000  3.2998e+000  3.2998e+000  3.2998e+000  0.0000e+000  5.3637e-006  6.5521e-006  6.3825e-006
 8.698769e-008  3.3000e+000  3.2998e+000  3.2998e+000  3.2998e+000  0.0000e+000  6.4447e-006  5.1299e-006  5.3386e-006
 8.718769e-008  3.3000e+000  3.2998e+000  3.2998e+000  3.2998e+000  0.0000e+000  5.3628e-006  6.5519e-006  6.3822e-006
 8.738769e-008  3.3000e+000  3.2998e+000  3.2998e+000  3.2998e+000  0.0000e+000  6.4438e-006  5.1299e-006  5.3387e-006
 8.758769e-008  3.3000e+000  3.2998e+000  3.2998e+000  3.2998e+000  0.0000e+000  5.3619e-006  6.5516e-006  6.3820e-006
 8.778769e-008  3.3000e+000  3.2998e+000  3.2998e+000  3.2998e+000  0.0000e+000  6.4429e-006  5.1299e-006  5.3387e-006
 8.798769e-008  3.3000e+000  3.2998e+000  3.2998e+000  3.2998e+000  0.0000e+000  5.3611e-006  6.5514e-006  6.3817e-006
 8.818769e-008  3.3000e+000  3.2998e+000  3.2998e+000  3.2998e+000  0.0000e+000  6.4420e-006  5.1300e-006  5.3387e-006
 8.838769e-008  3.3000e+000  3.2998e+000  3.2998e+000  3.2998e+000  0.0000e+000  5.3602e-006  6.5511e-006  6.3815e-006
 8.858769e-008  3.3000e+000  3.2998e+000  3.2998e+000  3.2998e+000  0.0000e+000  6.4412e-006  5.1300e-006  5.3387e-006
 8.878769e-008  3.3000e+000  3.2998e+000  3.2998e+000  3.2998e+000  0.0000e+000  5.3594e-006  6.5509e-006  6.3813e-006
 8.898769e-008  3.3000e+000  3.2998e+000  3.2998e+000  3.2998e+000  0.0000e+000  6.4404e-006  5.1301e-006  5.3387e-006
 8.918769e-008  3.3000e+000  3.2998e+000  3.2998e+000  3.2998e+000  0.0000e+000  5.3587e-006  6.5507e-006  6.3811e-006
 8.938769e-008  3.3000e+000  3.2998e+000  3.2998e+000  3.2998e+000  0.0000e+000  6.4396e-006  5.1301e-006  5.3388e-006
 8.958769e-008  3.3000e+000  3.2998e+000  3.2998e+000  3.2998e+000  0.0000e+000  5.3579e-006  6.5504e-006  6.3809e-006
 8.978769e-008  3.3000e+000  3.2998e+000  3.2998e+000  3.2998e+000  0.0000e+000  6.4388e-006  5.1302e-006  5.3388e-006
 8.998769e-008  3.3000e+000  3.2998e+000  3.2998e+000  3.2998e+000  0.0000e+000  5.3572e-006  6.5502e-006  6.3807e-006
 9.018769e-008  3.3000e+000  3.2998e+000  3.2998e+000  3.2998e+000  0.0000e+000  6.4381e-006  5.1302e-006  5.3388e-006
 9.038769e-008  3.3000e+000  3.2998e+000  3.2998e+000  3.2998e+000  0.0000e+000  5.3565e-006  6.5500e-006  6.3805e-006
 9.058769e-008  3.3000e+000  3.2998e+000  3.2998e+000  3.2998e+000  0.0000e+000  6.4374e-006  5.1303e-006  5.3389e-006
 9.078769e-008  3.3000e+000  3.2998e+000  3.2998e+000  3.2998e+000  0.0000e+000  5.3558e-006  6.5498e-006  6.3802e-006
 9.098769e-008  3.3000e+000  3.2998e+000  3.2998e+000  3.2998e+000  0.0000e+000  6.4367e-006  5.1303e-006  5.3389e-006
 9.118769e-008  3.3000e+000  3.2998e+000  3.2998e+000  3.2998e+000  0.0000e+000  5.3551e-006  6.5495e-006  6.3800e-006
 9.138769e-008  3.3000e+000  3.2998e+000  3.2998e+000  3.2998e+000  0.0000e+000  6.4360e-006  5.1304e-006  5.3390e-006
 9.158769e-008  3.3000e+000  3.2998e+000  3.2998e+000  3.2998e+000  0.0000e+000  5.3544e-006  6.5493e-006  6.3798e-006
 9.178769e-008  3.3000e+000  3.2998e+000  3.2998e+000  3.2998e+000  0.0000e+000  6.4353e-006  5.1304e-006  5.3390e-006
 9.198769e-008  3.3000e+000  3.2998e+000  3.2998e+000  3.2998e+000  0.0000e+000  5.3538e-006  6.5491e-006  6.3796e-006
 9.218769e-008  3.3000e+000  3.2998e+000  3.2998e+000  3.2998e+000  0.0000e+000  6.4347e-006  5.1305e-006  5.3391e-006
 9.238769e-008  3.3000e+000  3.2998e+000  3.2998e+000  3.2998e+000  0.0000e+000  5.3532e-006  6.5489e-006  6.3794e-006
 9.258769e-008  3.3000e+000  3.2998e+000  3.2998e+000  3.2998e+000  0.0000e+000  6.4341e-006  5.1306e-006  5.3391e-006
 9.278769e-008  3.3000e+000  3.2998e+000  3.2998e+000  3.2998e+000  0.0000e+000  5.3526e-006  6.5487e-006  6.3792e-006
 9.298769e-008  3.3000e+000  3.2998e+000  3.2998e+000  3.2998e+000  0.0000e+000  6.4335e-006  5.1307e-006  5.3392e-006
 9.318769e-008  3.3000e+000  3.2998e+000  3.2998e+000  3.2998e+000  0.0000e+000  5.3520e-006  6.5484e-006  6.3790e-006
 9.338769e-008  3.3000e+000  3.2998e+000  3.2998e+000  3.2998e+000  0.0000e+000  6.4329e-006  5.1307e-006  5.3392e-006
 9.358769e-008  3.3000e+000  3.2998e+000  3.2998e+000  3.2998e+000  0.0000e+000  5.3514e-006  6.5482e-006  6.3788e-006
 9.378769e-008  3.3000e+000  3.2998e+000  3.2998e+000  3.2998e+000  0.0000e+000  6.4323e-006  5.1308e-006  5.3393e-006
 9.398769e-008  3.3000e+000  3.2998e+000  3.2998e+000  3.2998e+000  0.0000e+000  5.3509e-006  6.5480e-006  6.3786e-006
 9.418769e-008  3.3000e+000  3.2998e+000  3.2998e+000  3.2998e+000  0.0000e+000  6.4317e-006  5.1309e-006  5.3393e-006
 9.438769e-008  3.3000e+000  3.2998e+000  3.2998e+000  3.2998e+000  0.0000e+000  5.3504e-006  6.5478e-006  6.3785e-006
 9.458769e-008  3.3000e+000  3.2998e+000  3.2998e+000  3.2998e+000  0.0000e+000  6.4312e-006  5.1309e-006  5.3394e-006
 9.478769e-008  3.3000e+000  3.2998e+000  3.2998e+000  3.2998e+000  0.0000e+000  5.3498e-006  6.5476e-006  6.3783e-006
 9.498769e-008  3.3000e+000  3.2998e+000  3.2998e+000  3.2998e+000  0.0000e+000  6.4307e-006  5.1310e-006  5.3395e-006
 9.518769e-008  3.3000e+000  3.2998e+000  3.2998e+000  3.2998e+000  0.0000e+000  5.3493e-006  6.5474e-006  6.3781e-006
 9.538769e-008  3.3000e+000  3.2998e+000  3.2998e+000  3.2998e+000  0.0000e+000  6.4302e-006  5.1311e-006  5.3395e-006
 9.558769e-008  3.3000e+000  3.2998e+000  3.2998e+000  3.2998e+000  0.0000e+000  5.3488e-006  6.5472e-006  6.3779e-006
 9.578769e-008  3.3000e+000  3.2998e+000  3.2998e+000  3.2998e+000  0.0000e+000  6.4297e-006  5.1312e-006  5.3396e-006
 9.598769e-008  3.3000e+000  3.2998e+000  3.2998e+000  3.2998e+000  0.0000e+000  5.3484e-006  6.5470e-006  6.3777e-006
 9.618769e-008  3.3000e+000  3.2998e+000  3.2998e+000  3.2998e+000  0.0000e+000  6.4292e-006  5.1313e-006  5.3397e-006
 9.638769e-008  3.3000e+000  3.2998e+000  3.2998e+000  3.2998e+000  0.0000e+000  5.3479e-006  6.5468e-006  6.3775e-006
 9.658769e-008  3.3000e+000  3.2998e+000  3.2998e+000  3.2998e+000  0.0000e+000  6.4287e-006  5.1314e-006  5.3397e-006
 9.678769e-008  3.3000e+000  3.2998e+000  3.2998e+000  3.2998e+000  0.0000e+000  5.3475e-006  6.5466e-006  6.3773e-006
 9.698769e-008  3.3000e+000  3.2998e+000  3.2998e+000  3.2998e+000  0.0000e+000  6.4282e-006  5.1314e-006  5.3398e-006
 9.718769e-008  3.3000e+000  3.2998e+000  3.2998e+000  3.2998e+000  0.0000e+000  5.3470e-006  6.5464e-006  6.3771e-006
 9.738769e-008  3.3000e+000  3.2998e+000  3.2998e+000  3.2998e+000  0.0000e+000  6.4278e-006  5.1315e-006  5.3399e-006
 9.758769e-008  3.3000e+000  3.2998e+000  3.2998e+000  3.2998e+000  0.0000e+000  5.3466e-006  6.5462e-006  6.3770e-006
 9.778769e-008  3.3000e+000  3.2998e+000  3.2998e+000  3.2998e+000  0.0000e+000  6.4274e-006  5.1316e-006  5.3399e-006
 9.798769e-008  3.3000e+000  3.2998e+000  3.2998e+000  3.2998e+000  0.0000e+000  5.3462e-006  6.5460e-006  6.3768e-006
 9.818769e-008  3.3000e+000  3.2998e+000  3.2998e+000  3.2998e+000  0.0000e+000  6.4269e-006  5.1317e-006  5.3400e-006
 9.838769e-008  3.3000e+000  3.2998e+000  3.2998e+000  3.2998e+000  0.0000e+000  5.3458e-006  6.5459e-006  6.3766e-006
 9.858769e-008  3.3000e+000  3.2998e+000  3.2998e+000  3.2998e+000  0.0000e+000  6.4265e-006  5.1318e-006  5.3401e-006
 9.878769e-008  3.3000e+000  3.2998e+000  3.2998e+000  3.2998e+000  0.0000e+000  5.3454e-006  6.5457e-006  6.3765e-006
 9.898769e-008  3.3000e+000  3.2998e+000  3.2998e+000  3.2998e+000  0.0000e+000  6.4261e-006  5.1319e-006  5.3402e-006
 9.918769e-008  3.3000e+000  3.2998e+000  3.2998e+000  3.2998e+000  0.0000e+000  5.3450e-006  6.5455e-006  6.3763e-006
 9.938769e-008  3.3000e+000  3.2998e+000  3.2998e+000  3.2998e+000  0.0000e+000  6.4257e-006  5.1320e-006  5.3402e-006
 9.958769e-008  3.3000e+000  3.2998e+000  3.2998e+000  3.2998e+000  0.0000e+000  5.3446e-006  6.5453e-006  6.3761e-006
 9.978769e-008  3.3000e+000  3.2998e+000  3.2998e+000  3.2998e+000  0.0000e+000  6.4254e-006  5.1321e-006  5.3403e-006
 9.998769e-008  3.3000e+000  3.2998e+000  3.2998e+000  3.2998e+000  0.0000e+000  5.3443e-006  6.5451e-006  6.3760e-006
 1.000000e-007  3.3000e+000  3.2998e+000  3.2998e+000  3.2998e+000  0.0000e+000  6.5328e-006  5.0268e-006  5.2876e-006
*

* Parsing                      0.01 seconds
* Setup                        0.08 seconds
* DC operating point           0.17 seconds
* Transient Analysis           0.82 seconds
* Overhead                     1.22 seconds
* -----------------------------------------
* Total                        2.30 seconds

* Simulation completed	with  5 Warnings

* End of T-Spice output file
