* T-Spice 13.00 Simulation	Sat Feb 09 21:35:36 2019	C:\Users\makif\Google Drive\TEZ ÇALIÞMAM\çizim\Counter_TDC\Counter_TDC\new_DFF.sp
* Command line: tspice -o "C:\Users\makif\Google Drive\TEZ ÇALIÞMAM\çizim\Counter_TDC\Counter_TDC\new_DFF.out" "C:\Users\makif\Google Drive\TEZ ÇALIÞMAM\çizim\Counter_TDC\Counter_TDC\new_DFF.sp" 
* T-Spice Win32 13.00.20080321.01:01:33

*SEDIT: Alter blocks = 0

* Accuracy and Convergence options:
* numndset|dchold = 100
* 
* Timestep and Integration options:
*  relq|relchgtol = 0.0005
* 
* Model Evaluation options:
*            dcap = 2                    defnrb = 0 [sq]               defnrd = 0 [sq]
*          defnrs = 0 [sq]                 tnom = 25 [deg C]
* 
* General options:
*            temp = 25 [deg C]          threads = 8
* 
* Output options:
*           acout = 1                    ingold = 0
* 


*  Device and node counts:
*             MOSFETs - 30                MOSFET geometries - 4       
*                BJTs - 0                             JFETs - 0       
*             MESFETs - 0                            Diodes - 0       
*          Capacitors - 0                         Resistors - 0       
*           Inductors - 0                  Mutual inductors - 0       
*  Transmission lines - 0        Coupled transmission lines - 0       
*     Voltage sources - 3                   Current sources - 0       
*                VCVS - 0                              VCCS - 0       
*                CCVS - 0                              CCCS - 0       
*    V-control switch - 0                  I-control switch - 0       
*       Macro devices - 0        External C model instances - 0       
*         HDL devices - 0       
*         Subcircuits - 0              Subcircuit instances - 5       
*   Independent nodes - 15                   Boundary nodes - 4       
*         Total nodes - 19      


*SEDIT: Alter=0
*SEDIT: Analysis types DCOP 0 ACMODEL 0 AC 0 TRANSIENT 1 TRANSFER 0 NOISE 0 

*WEDIT: .tran   1e-009   1e-006
TRANSIENT ANALYSIS
Time<s>        v(Clk,Gnd)<V>  v(Q,Gnd)<V>  v(D,Gnd)<V>
 0.000000e+000  0.0000e+000  1.7459e+000  3.3000e+000
 6.250000e-011  2.0625e+000  1.8066e+000  3.3000e+000
 9.375000e-011  3.0937e+000  1.9713e+000  3.3000e+000
 1.000000e-010  3.3000e+000  2.0087e+000  3.3000e+000
 1.111228e-010  3.3000e+000  2.1314e+000  3.3000e+000
 1.372896e-010  3.3000e+000  2.5966e+000  3.3000e+000
 1.503730e-010  3.3000e+000  2.7992e+000  3.3000e+000
 1.621610e-010  3.3000e+000  2.9495e+000  3.3000e+000
 1.712997e-010  3.3000e+000  3.0383e+000  3.3000e+000
 1.801674e-010  3.3000e+000  3.1012e+000  3.3000e+000
 1.911760e-010  3.3000e+000  3.1561e+000  3.3000e+000
 2.090554e-010  3.3000e+000  3.2104e+000  3.3000e+000
 2.342953e-010  3.3000e+000  3.2488e+000  3.3000e+000
 2.673680e-010  3.3000e+000  3.2736e+000  3.3000e+000
 3.142252e-010  3.3000e+000  3.2903e+000  3.3000e+000
 3.951643e-010  3.3000e+000  3.2990e+000  3.3000e+000
 5.918522e-010  3.3000e+000  3.3003e+000  3.3000e+000
 1.622635e-009  3.3000e+000  3.2997e+000  3.3000e+000
 3.622635e-009  3.3000e+000  3.3003e+000  3.3000e+000
 5.622635e-009  3.3000e+000  3.2998e+000  3.3000e+000
 7.622635e-009  3.3000e+000  3.3002e+000  3.3000e+000
 9.622635e-009  3.3000e+000  3.2998e+000  3.3000e+000
 1.162263e-008  3.3000e+000  3.3002e+000  3.3000e+000
 1.362263e-008  3.3000e+000  3.2998e+000  3.3000e+000
 1.562263e-008  3.3000e+000  3.3001e+000  3.3000e+000
 1.762263e-008  3.3000e+000  3.2999e+000  3.3000e+000
 1.962263e-008  3.3000e+000  3.3001e+000  3.3000e+000
 2.162263e-008  3.3000e+000  3.2999e+000  3.3000e+000
 2.362263e-008  3.3000e+000  3.3001e+000  3.3000e+000
 2.562263e-008  3.3000e+000  3.2999e+000  3.3000e+000
 2.762263e-008  3.3000e+000  3.3001e+000  3.3000e+000
 2.962263e-008  3.3000e+000  3.2999e+000  3.3000e+000
 3.162263e-008  3.3000e+000  3.3001e+000  3.3000e+000
 3.362263e-008  3.3000e+000  3.2999e+000  3.3000e+000
 3.562263e-008  3.3000e+000  3.3001e+000  3.3000e+000
 3.762263e-008  3.3000e+000  3.2999e+000  3.3000e+000
 3.962263e-008  3.3000e+000  3.3001e+000  3.3000e+000
 4.162263e-008  3.3000e+000  3.2999e+000  3.3000e+000
 4.362263e-008  3.3000e+000  3.3000e+000  3.3000e+000
 4.562263e-008  3.3000e+000  3.3000e+000  3.3000e+000
 4.762263e-008  3.3000e+000  3.3000e+000  3.3000e+000
 4.962263e-008  3.3000e+000  3.3000e+000  3.3000e+000
 5.162263e-008  3.3000e+000  3.3000e+000  3.3000e+000
 5.362263e-008  3.3000e+000  3.3000e+000  3.3000e+000
 5.562263e-008  3.3000e+000  3.3000e+000  3.3000e+000
 5.762263e-008  3.3000e+000  3.3000e+000  3.3000e+000
 5.962263e-008  3.3000e+000  3.3000e+000  3.3000e+000
 6.010000e-008  3.3000e+000  3.3000e+000  3.3000e+000
 6.020000e-008  0.0000e+000  3.3349e+000  3.3000e+000
 6.025000e-008  0.0000e+000  3.3357e+000  3.3000e+000
 6.027500e-008  0.0000e+000  3.3271e+000  3.3000e+000
 6.038073e-008  0.0000e+000  3.2975e+000  3.3000e+000
 6.054005e-008  0.0000e+000  3.3004e+000  3.3000e+000
 6.101560e-008  0.0000e+000  3.2999e+000  3.3000e+000
 6.289954e-008  0.0000e+000  3.3001e+000  3.3000e+000
 6.489954e-008  0.0000e+000  3.3000e+000  3.3000e+000
 6.689954e-008  0.0000e+000  3.3000e+000  3.3000e+000
 6.889954e-008  0.0000e+000  3.3001e+000  3.3000e+000
 7.089954e-008  0.0000e+000  3.2999e+000  3.3000e+000
 7.289954e-008  0.0000e+000  3.3001e+000  3.3000e+000
 7.489954e-008  0.0000e+000  3.2999e+000  3.3000e+000
 7.689954e-008  0.0000e+000  3.3002e+000  3.3000e+000
 7.889954e-008  0.0000e+000  3.2998e+000  3.3000e+000
 8.089954e-008  0.0000e+000  3.3002e+000  3.3000e+000
 8.289954e-008  0.0000e+000  3.2998e+000  3.3000e+000
 8.489954e-008  0.0000e+000  3.3002e+000  3.3000e+000
 8.689954e-008  0.0000e+000  3.2998e+000  3.3000e+000
 8.889954e-008  0.0000e+000  3.3002e+000  3.3000e+000
 9.089954e-008  0.0000e+000  3.2998e+000  3.3000e+000
 9.289954e-008  0.0000e+000  3.3003e+000  3.3000e+000
 9.489954e-008  0.0000e+000  3.2997e+000  3.3000e+000
 9.689954e-008  0.0000e+000  3.3003e+000  3.3000e+000
 9.889954e-008  0.0000e+000  3.2997e+000  3.3000e+000
 1.000000e-007  0.0000e+000  3.3003e+000  3.3000e+000
 1.001000e-007  0.0000e+000  3.2996e+000  0.0000e+000
 1.001500e-007  0.0000e+000  3.3004e+000  0.0000e+000
 1.002434e-007  0.0000e+000  3.3002e+000  0.0000e+000
 1.008609e-007  0.0000e+000  3.2999e+000  0.0000e+000
 1.015692e-007  0.0000e+000  3.3001e+000  0.0000e+000
 1.035692e-007  0.0000e+000  3.2999e+000  0.0000e+000
 1.055692e-007  0.0000e+000  3.3000e+000  0.0000e+000
 1.075692e-007  0.0000e+000  3.3000e+000  0.0000e+000
 1.095692e-007  0.0000e+000  3.3000e+000  0.0000e+000
 1.115692e-007  0.0000e+000  3.3000e+000  0.0000e+000
 1.135692e-007  0.0000e+000  3.3000e+000  0.0000e+000
 1.155692e-007  0.0000e+000  3.3000e+000  0.0000e+000
 1.175692e-007  0.0000e+000  3.3000e+000  0.0000e+000
 1.195692e-007  0.0000e+000  3.3000e+000  0.0000e+000
 1.200000e-007  0.0000e+000  3.3000e+000  0.0000e+000
 1.202500e-007  3.3000e+000  7.7100e-001  0.0000e+000
 1.203750e-007  3.3000e+000  2.4492e-001  0.0000e+000
 1.204375e-007  3.3000e+000  6.4727e-002  0.0000e+000
 1.205259e-007  3.3000e+000  2.4499e-003  0.0000e+000
 1.207391e-007  3.3000e+000 -1.7503e-004  0.0000e+000
 1.226424e-007  3.3000e+000  8.5087e-005  0.0000e+000
 1.246424e-007  3.3000e+000  2.7949e-005  0.0000e+000
 1.266424e-007  3.3000e+000 -1.0045e-004  0.0000e+000
 1.286424e-007  3.3000e+000  1.8573e-004  0.0000e+000
 1.306424e-007  3.3000e+000 -2.4338e-004  0.0000e+000
 1.326424e-007  3.3000e+000  3.0863e-004  0.0000e+000
 1.346424e-007  3.3000e+000 -3.5294e-004  0.0000e+000
 1.366424e-007  3.3000e+000  4.0267e-004  0.0000e+000
 1.386424e-007  3.3000e+000 -4.3573e-004  0.0000e+000
 1.406424e-007  3.3000e+000  4.7317e-004  0.0000e+000
 1.426424e-007  3.3000e+000 -4.9695e-004  0.0000e+000
 1.446424e-007  3.3000e+000  5.2459e-004  0.0000e+000
 1.466424e-007  3.3000e+000 -5.4081e-004  0.0000e+000
 1.486424e-007  3.3000e+000  5.6061e-004  0.0000e+000
 1.506424e-007  3.3000e+000 -5.7073e-004  0.0000e+000
 1.526424e-007  3.3000e+000  5.8425e-004  0.0000e+000
 1.546424e-007  3.3000e+000 -5.8947e-004  0.0000e+000
 1.566424e-007  3.3000e+000  5.9800e-004  0.0000e+000
 1.586424e-007  3.3000e+000 -5.9931e-004  0.0000e+000
 1.606424e-007  3.3000e+000  6.0386e-004  0.0000e+000
 1.626424e-007  3.3000e+000 -6.0210e-004  0.0000e+000
 1.646424e-007  3.3000e+000  6.0350e-004  0.0000e+000
 1.666424e-007  3.3000e+000 -5.9932e-004  0.0000e+000
 1.686424e-007  3.3000e+000  5.9825e-004  0.0000e+000
 1.706424e-007  3.3000e+000 -5.9222e-004  0.0000e+000
 1.726424e-007  3.3000e+000  5.8922e-004  0.0000e+000
 1.746424e-007  3.3000e+000 -5.8177e-004  0.0000e+000
 1.766424e-007  3.3000e+000  5.7729e-004  0.0000e+000
 1.786424e-007  3.3000e+000 -5.6878e-004  0.0000e+000
 1.801000e-007  3.3000e+000  5.6038e-004  0.0000e+000
 1.802000e-007  0.0000e+000  4.0831e-003  0.0000e+000
 1.802499e-007  0.0000e+000  2.6729e-003  0.0000e+000
 1.802749e-007  0.0000e+000 -1.8520e-005  0.0000e+000
 1.803978e-007  0.0000e+000 -3.2947e-003  0.0000e+000
 1.805980e-007  0.0000e+000  1.6695e-003  0.0000e+000
 1.811311e-007  0.0000e+000 -1.2473e-003  0.0000e+000
 1.828311e-007  0.0000e+000  1.1356e-003  0.0000e+000
 1.848311e-007  0.0000e+000 -1.0468e-003  0.0000e+000
 1.868311e-007  0.0000e+000  9.6363e-004  0.0000e+000
 1.888311e-007  0.0000e+000 -8.8574e-004  0.0000e+000
 1.908311e-007  0.0000e+000  8.1296e-004  0.0000e+000
 1.928311e-007  0.0000e+000 -7.4486e-004  0.0000e+000
 1.948311e-007  0.0000e+000  6.8135e-004  0.0000e+000
 1.968311e-007  0.0000e+000 -6.2200e-004  0.0000e+000
 1.988311e-007  0.0000e+000  5.6678e-004  0.0000e+000
 2.000000e-007  0.0000e+000 -4.8067e-004  0.0000e+000
 2.001000e-007  0.0000e+000  7.6867e-004  3.3000e+000
 2.001500e-007  0.0000e+000 -9.9045e-004  3.3000e+000
 2.001750e-007  0.0000e+000 -8.7547e-004  3.3000e+000
 2.002139e-007  0.0000e+000 -4.3705e-004  3.3000e+000
 2.002520e-007  0.0000e+000 -3.9544e-005  3.3000e+000
 2.002995e-007  0.0000e+000  4.4724e-005  3.3000e+000
 2.003801e-007  0.0000e+000  1.4973e-005  3.3000e+000
 2.005735e-007  0.0000e+000  6.3392e-006  3.3000e+000
 2.015481e-007  0.0000e+000 -3.1432e-006  3.3000e+000
 2.035481e-007  0.0000e+000  3.1433e-006  3.3000e+000
 2.055481e-007  0.0000e+000 -2.7222e-006  3.3000e+000
 2.075481e-007  0.0000e+000  2.6651e-006  3.3000e+000
 2.095481e-007  0.0000e+000 -2.3330e-006  3.3000e+000
 2.115481e-007  0.0000e+000  2.3218e-006  3.3000e+000
 2.135481e-007  0.0000e+000 -2.0454e-006  3.3000e+000
 2.155481e-007  0.0000e+000  2.0743e-006  3.3000e+000
 2.175481e-007  0.0000e+000 -1.8378e-006  3.3000e+000
 2.195481e-007  0.0000e+000  1.8981e-006  3.3000e+000
 2.215481e-007  0.0000e+000 -1.6911e-006  3.3000e+000
 2.235481e-007  0.0000e+000  1.7751e-006  3.3000e+000
 2.255481e-007  0.0000e+000 -1.5897e-006  3.3000e+000
 2.275481e-007  0.0000e+000  1.6929e-006  3.3000e+000
 2.295481e-007  0.0000e+000 -1.5232e-006  3.3000e+000
 2.315481e-007  0.0000e+000  1.6390e-006  3.3000e+000
 2.335481e-007  0.0000e+000 -1.4806e-006  3.3000e+000
 2.355481e-007  0.0000e+000  1.6054e-006  3.3000e+000
 2.375481e-007  0.0000e+000 -1.4550e-006  3.3000e+000
 2.395481e-007  0.0000e+000  1.5860e-006  3.3000e+000
 2.400000e-007  0.0000e+000 -1.4269e-006  3.3000e+000
 2.401000e-007  3.3000e+000  3.9604e-001  3.3000e+000
 2.401500e-007  3.3000e+000  1.0877e+000  3.3000e+000
 2.401750e-007  3.3000e+000  1.5537e+000  3.3000e+000
 2.4019821e-007  3.3000e+000  1.9918e+000  3.3000e+000
 2.402225e-007  3.3000e+000  2.3967e+000  3.3000e+000
 2.4023051e-007  3.3000e+000  2.5086e+000  3.3000e+000
 2.4023781e-007  3.3000e+000  2.6146e+000  3.3000e+000
 2.4024843e-007  3.3000e+000  2.7591e+000  3.3000e+000
 2.4026916e-007  3.3000e+000  2.9939e+000  3.3000e+000
 2.402952e-007  3.3000e+000  3.1547e+000  3.3000e+000
 2.403212e-007  3.3000e+000  3.2140e+000  3.3000e+000
 2.4033711e-007  3.3000e+000  3.2350e+000  3.3000e+000
 2.4034893e-007  3.3000e+000  3.2453e+000  3.3000e+000
 2.4036223e-007  3.3000e+000  3.2508e+000  3.3000e+000
 2.4038336e-007  3.3000e+000  3.2582e+000  3.3000e+000
 2.404115e-007  3.3000e+000  3.2706e+000  3.3000e+000
 2.404496e-007  3.3000e+000  3.2855e+000  3.3000e+000
 2.405090e-007  3.3000e+000  3.2963e+000  3.3000e+000
 2.406267e-007  3.3000e+000  3.3003e+000  3.3000e+000
 2.410054e-007  3.3000e+000  3.2999e+000  3.3000e+000
 2.430054e-007  3.3000e+000  3.3001e+000  3.3000e+000
 2.450054e-007  3.3000e+000  3.2999e+000  3.3000e+000
 2.470054e-007  3.3000e+000  3.3001e+000  3.3000e+000
 2.490054e-007  3.3000e+000  3.2999e+000  3.3000e+000
 2.510054e-007  3.3000e+000  3.3001e+000  3.3000e+000
 2.530054e-007  3.3000e+000  3.2999e+000  3.3000e+000
 2.550054e-007  3.3000e+000  3.3001e+000  3.3000e+000
 2.570054e-007  3.3000e+000  3.2999e+000  3.3000e+000
 2.590054e-007  3.3000e+000  3.3000e+000  3.3000e+000
 2.610054e-007  3.3000e+000  3.3000e+000  3.3000e+000
 2.630054e-007  3.3000e+000  3.3000e+000  3.3000e+000
 2.650054e-007  3.3000e+000  3.3000e+000  3.3000e+000
 2.670054e-007  3.3000e+000  3.3000e+000  3.3000e+000
 2.690054e-007  3.3000e+000  3.3000e+000  3.3000e+000
 2.710054e-007  3.3000e+000  3.3000e+000  3.3000e+000
 2.730054e-007  3.3000e+000  3.3000e+000  3.3000e+000
 2.750054e-007  3.3000e+000  3.3000e+000  3.3000e+000
 2.770054e-007  3.3000e+000  3.3000e+000  3.3000e+000
 2.790054e-007  3.3000e+000  3.3000e+000  3.3000e+000
 2.810054e-007  3.3000e+000  3.3000e+000  3.3000e+000
 2.830054e-007  3.3000e+000  3.3000e+000  3.3000e+000
 2.850054e-007  3.3000e+000  3.3000e+000  3.3000e+000
 2.870054e-007  3.3000e+000  3.3000e+000  3.3000e+000
 2.890054e-007  3.3000e+000  3.3000e+000  3.3000e+000
 2.910054e-007  3.3000e+000  3.3000e+000  3.3000e+000
 2.930054e-007  3.3000e+000  3.3000e+000  3.3000e+000
 2.950054e-007  3.3000e+000  3.3000e+000  3.3000e+000
 2.970054e-007  3.3000e+000  3.3000e+000  3.3000e+000
 2.990054e-007  3.3000e+000  3.3000e+000  3.3000e+000
 3.001000e-007  3.3000e+000  3.3000e+000  3.3000e+000
 3.002000e-007  8.7352e-013  3.3339e+000  3.3000e+000
 3.002500e-007  0.0000e+000  3.3361e+000  3.3000e+000
 3.0027500e-007  0.0000e+000  3.3279e+000  3.3000e+000
 3.003794e-007  0.0000e+000  3.2980e+000  3.3000e+000
 3.005358e-007  0.0000e+000  3.3001e+000  3.3000e+000
 3.010071e-007  0.0000e+000  3.3001e+000  3.3000e+000
 3.029024e-007  0.0000e+000  3.2999e+000  3.3000e+000
 3.049024e-007  0.0000e+000  3.3002e+000  3.3000e+000
 3.069024e-007  0.0000e+000  3.2998e+000  3.3000e+000
 3.089024e-007  0.0000e+000  3.3002e+000  3.3000e+000
 3.109024e-007  0.0000e+000  3.2998e+000  3.3000e+000
 3.129024e-007  0.0000e+000  3.3002e+000  3.3000e+000
 3.149024e-007  0.0000e+000  3.2997e+000  3.3000e+000
 3.169024e-007  0.0000e+000  3.3003e+000  3.3000e+000
 3.189024e-007  0.0000e+000  3.2997e+000  3.3000e+000
 3.209024e-007  0.0000e+000  3.3003e+000  3.3000e+000
 3.229024e-007  0.0000e+000  3.2997e+000  3.3000e+000
 3.249024e-007  0.0000e+000  3.3003e+000  3.3000e+000
 3.269024e-007  0.0000e+000  3.2997e+000  3.3000e+000
 3.289024e-007  0.0000e+000  3.3003e+000  3.3000e+000
 3.309024e-007  0.0000e+000  3.2997e+000  3.3000e+000
 3.329024e-007  0.0000e+000  3.3003e+000  3.3000e+000
 3.349024e-007  0.0000e+000  3.2997e+000  3.3000e+000
 3.369024e-007  0.0000e+000  3.3003e+000  3.3000e+000
 3.389024e-007  0.0000e+000  3.2997e+000  3.3000e+000
 3.409024e-007  0.0000e+000  3.3003e+000  3.3000e+000
 3.429024e-007  0.0000e+000  3.2997e+000  3.3000e+000
 3.449024e-007  0.0000e+000  3.3003e+000  3.3000e+000
 3.469024e-007  0.0000e+000  3.2997e+000  3.3000e+000
 3.489024e-007  0.0000e+000  3.3003e+000  3.3000e+000
 3.509024e-007  0.0000e+000  3.2997e+000  3.3000e+000
 3.529024e-007  0.0000e+000  3.3003e+000  3.3000e+000
 3.549024e-007  0.0000e+000  3.2997e+000  3.3000e+000
 3.569024e-007  0.0000e+000  3.3003e+000  3.3000e+000
 3.589024e-007  0.0000e+000  3.2997e+000  3.3000e+000
 3.600000e-007  0.0000e+000  3.3002e+000  3.3000e+000
 3.601000e-007  3.3000e+000  3.2789e+000  3.3000e+000
 3.601500e-007  3.3000e+000  3.2795e+000  3.3000e+000
 3.6017500e-007  3.3000e+000  3.2821e+000  3.3000e+000
 3.602174e-007  3.3000e+000  3.2872e+000  3.3000e+000
 3.602591e-007  3.3000e+000  3.2934e+000  3.3000e+000
 3.603140e-007  3.3000e+000  3.2984e+000  3.3000e+000
 3.604178e-007  3.3000e+000  3.2999e+000  3.3000e+000
 3.607161e-007  3.3000e+000  3.3001e+000  3.3000e+000
 3.627161e-007  3.3000e+000  3.2999e+000  3.3000e+000
 3.647161e-007  3.3000e+000  3.3001e+000  3.3000e+000
 3.667161e-007  3.3000e+000  3.2999e+000  3.3000e+000
 3.687161e-007  3.3000e+000  3.3001e+000  3.3000e+000
 3.707161e-007  3.3000e+000  3.2999e+000  3.3000e+000
 3.727161e-007  3.3000e+000  3.3001e+000  3.3000e+000
 3.747161e-007  3.3000e+000  3.2999e+000  3.3000e+000
 3.767161e-007  3.3000e+000  3.3001e+000  3.3000e+000
 3.787161e-007  3.3000e+000  3.2999e+000  3.3000e+000
 3.807161e-007  3.3000e+000  3.3001e+000  3.3000e+000
 3.827161e-007  3.3000e+000  3.2999e+000  3.3000e+000
 3.847161e-007  3.3000e+000  3.3001e+000  3.3000e+000
 3.867161e-007  3.3000e+000  3.2999e+000  3.3000e+000
 3.887161e-007  3.3000e+000  3.3001e+000  3.3000e+000
 3.907161e-007  3.3000e+000  3.2999e+000  3.3000e+000
 3.927161e-007  3.3000e+000  3.3001e+000  3.3000e+000
 3.947161e-007  3.3000e+000  3.2999e+000  3.3000e+000
 3.967161e-007  3.3000e+000  3.3001e+000  3.3000e+000
 3.987161e-007  3.3000e+000  3.2999e+000  3.3000e+000
 4.007161e-007  3.3000e+000  3.3001e+000  3.3000e+000
 4.027161e-007  3.3000e+000  3.2999e+000  3.3000e+000
 4.047161e-007  3.3000e+000  3.3001e+000  3.3000e+000
 4.067161e-007  3.3000e+000  3.2999e+000  3.3000e+000
 4.087161e-007  3.3000e+000  3.3001e+000  3.3000e+000
 4.107161e-007  3.3000e+000  3.2999e+000  3.3000e+000
 4.127161e-007  3.3000e+000  3.3001e+000  3.3000e+000
 4.147161e-007  3.3000e+000  3.2999e+000  3.3000e+000
 4.167161e-007  3.3000e+000  3.3001e+000  3.3000e+000
 4.187161e-007  3.3000e+000  3.2999e+000  3.3000e+000
 4.201000e-007  3.3000e+000  3.3001e+000  3.3000e+000
 4.202000e-007  8.7352e-013  3.3349e+000  3.3000e+000
 4.202500e-007  0.0000e+000  3.3357e+000  3.3000e+000
 4.2027500e-007  0.0000e+000  3.3271e+000  3.3000e+000
 4.203807e-007  0.0000e+000  3.2975e+000  3.3000e+000
 4.205399e-007  0.0000e+000  3.3004e+000  3.3000e+000
 4.210154e-007  0.0000e+000  3.2999e+000  3.3000e+000
 4.228995e-007  0.0000e+000  3.3000e+000  3.3000e+000
 4.248995e-007  0.0000e+000  3.3000e+000  3.3000e+000
 4.268995e-007  0.0000e+000  3.3000e+000  3.3000e+000
 4.288995e-007  0.0000e+000  3.3001e+000  3.3000e+000
 4.308995e-007  0.0000e+000  3.2999e+000  3.3000e+000
 4.328995e-007  0.0000e+000  3.3001e+000  3.3000e+000
 4.348995e-007  0.0000e+000  3.2999e+000  3.3000e+000
 4.368995e-007  0.0000e+000  3.3002e+000  3.3000e+000
 4.388995e-007  0.0000e+000  3.2998e+000  3.3000e+000
 4.408995e-007  0.0000e+000  3.3002e+000  3.3000e+000
 4.428995e-007  0.0000e+000  3.2998e+000  3.3000e+000
 4.448995e-007  0.0000e+000  3.3002e+000  3.3000e+000
 4.468995e-007  0.0000e+000  3.2998e+000  3.3000e+000
 4.488995e-007  0.0000e+000  3.3002e+000  3.3000e+000
 4.508995e-007  0.0000e+000  3.2998e+000  3.3000e+000
 4.528995e-007  0.0000e+000  3.3003e+000  3.3000e+000
 4.548995e-007  0.0000e+000  3.2997e+000  3.3000e+000
 4.568995e-007  0.0000e+000  3.3003e+000  3.3000e+000
 4.588995e-007  0.0000e+000  3.2997e+000  3.3000e+000
 4.608995e-007  0.0000e+000  3.3003e+000  3.3000e+000
 4.628995e-007  0.0000e+000  3.2997e+000  3.3000e+000
 4.648995e-007  0.0000e+000  3.3003e+000  3.3000e+000
 4.668995e-007  0.0000e+000  3.2997e+000  3.3000e+000
 4.688995e-007  0.0000e+000  3.3003e+000  3.3000e+000
 4.708995e-007  0.0000e+000  3.2998e+000  3.3000e+000
 4.728995e-007  0.0000e+000  3.3002e+000  3.3000e+000
 4.748995e-007  0.0000e+000  3.2998e+000  3.3000e+000
 4.768995e-007  0.0000e+000  3.3002e+000  3.3000e+000
 4.788995e-007  0.0000e+000  3.2998e+000  3.3000e+000
 4.800000e-007  0.0000e+000  3.3002e+000  3.3000e+000
 4.801000e-007  3.3000e+000  3.2789e+000  3.3000e+000
 4.801500e-007  3.3000e+000  3.2795e+000  3.3000e+000
 4.8017500e-007  3.3000e+000  3.2821e+000  3.3000e+000
 4.8021748e-007  3.3000e+000  3.2872e+000  3.3000e+000
 4.8025917e-007  3.3000e+000  3.2934e+000  3.3000e+000
 4.803140e-007  3.3000e+000  3.2984e+000  3.3000e+000
 4.804178e-007  3.3000e+000  3.2999e+000  3.3000e+000
 4.807160e-007  3.3000e+000  3.3001e+000  3.3000e+000
 4.827160e-007  3.3000e+000  3.2999e+000  3.3000e+000
 4.847160e-007  3.3000e+000  3.3001e+000  3.3000e+000
 4.867160e-007  3.3000e+000  3.2999e+000  3.3000e+000
 4.887160e-007  3.3000e+000  3.3001e+000  3.3000e+000
 4.907160e-007  3.3000e+000  3.2999e+000  3.3000e+000
 4.927160e-007  3.3000e+000  3.3001e+000  3.3000e+000
 4.947160e-007  3.3000e+000  3.2999e+000  3.3000e+000
 4.967160e-007  3.3000e+000  3.3001e+000  3.3000e+000
 4.987160e-007  3.3000e+000  3.2999e+000  3.3000e+000
 5.007160e-007  3.3000e+000  3.3001e+000  3.3000e+000
 5.027160e-007  3.3000e+000  3.2999e+000  3.3000e+000
 5.047160e-007  3.3000e+000  3.3001e+000  3.3000e+000
 5.067160e-007  3.3000e+000  3.2999e+000  3.3000e+000
 5.087160e-007  3.3000e+000  3.3001e+000  3.3000e+000
 5.107160e-007  3.3000e+000  3.2999e+000  3.3000e+000
 5.127160e-007  3.3000e+000  3.3001e+000  3.3000e+000
 5.147160e-007  3.3000e+000  3.2999e+000  3.3000e+000
 5.167160e-007  3.3000e+000  3.3001e+000  3.3000e+000
 5.187160e-007  3.3000e+000  3.2999e+000  3.3000e+000
 5.207160e-007  3.3000e+000  3.3001e+000  3.3000e+000
 5.227160e-007  3.3000e+000  3.2999e+000  3.3000e+000
 5.247160e-007  3.3000e+000  3.3001e+000  3.3000e+000
 5.267160e-007  3.3000e+000  3.2999e+000  3.3000e+000
 5.287160e-007  3.3000e+000  3.3001e+000  3.3000e+000
 5.307160e-007  3.3000e+000  3.2999e+000  3.3000e+000
 5.327160e-007  3.3000e+000  3.3001e+000  3.3000e+000
 5.347160e-007  3.3000e+000  3.2999e+000  3.3000e+000
 5.367160e-007  3.3000e+000  3.3001e+000  3.3000e+000
 5.387160e-007  3.3000e+000  3.2999e+000  3.3000e+000
 5.401000e-007  3.3000e+000  3.3001e+000  3.3000e+000
 5.403500e-007  0.0000e+000  3.3280e+000  3.3000e+000
 5.404750e-007  0.0000e+000  3.3094e+000  3.3000e+000
 5.405375e-007  0.0000e+000  3.3018e+000  3.3000e+000
 5.407145e-007  0.0000e+000  3.2993e+000  3.3000e+000
 5.413484e-007  0.0000e+000  3.3006e+000  3.3000e+000
 5.433484e-007  0.0000e+000  3.2994e+000  3.3000e+000
 5.453484e-007  0.0000e+000  3.3005e+000  3.3000e+000
 5.473484e-007  0.0000e+000  3.2995e+000  3.3000e+000
 5.493484e-007  0.0000e+000  3.3005e+000  3.3000e+000
 5.513484e-007  0.0000e+000  3.2996e+000  3.3000e+000
 5.533484e-007  0.0000e+000  3.3004e+000  3.3000e+000
 5.553484e-007  0.0000e+000  3.2996e+000  3.3000e+000
 5.573484e-007  0.0000e+000  3.3004e+000  3.3000e+000
 5.593484e-007  0.0000e+000  3.2997e+000  3.3000e+000
 5.613484e-007  0.0000e+000  3.3003e+000  3.3000e+000
 5.633484e-007  0.0000e+000  3.2997e+000  3.3000e+000
 5.653484e-007  0.0000e+000  3.3003e+000  3.3000e+000
 5.673484e-007  0.0000e+000  3.2997e+000  3.3000e+000
 5.693484e-007  0.0000e+000  3.3003e+000  3.3000e+000
 5.713484e-007  0.0000e+000  3.2998e+000  3.3000e+000
 5.733484e-007  0.0000e+000  3.3002e+000  3.3000e+000
 5.753484e-007  0.0000e+000  3.2998e+000  3.3000e+000
 5.773484e-007  0.0000e+000  3.3002e+000  3.3000e+000
 5.793484e-007  0.0000e+000  3.2998e+000  3.3000e+000
 5.813484e-007  0.0000e+000  3.3002e+000  3.3000e+000
 5.833484e-007  0.0000e+000  3.2998e+000  3.3000e+000
 5.853484e-007  0.0000e+000  3.3002e+000  3.3000e+000
 5.873484e-007  0.0000e+000  3.2999e+000  3.3000e+000
 5.893484e-007  0.0000e+000  3.3001e+000  3.3000e+000
 5.913484e-007  0.0000e+000  3.2999e+000  3.3000e+000
 5.933484e-007  0.0000e+000  3.3001e+000  3.3000e+000
 5.953484e-007  0.0000e+000  3.2999e+000  3.3000e+000
 5.973484e-007  0.0000e+000  3.3001e+000  3.3000e+000
 5.993484e-007  0.0000e+000  3.2999e+000  3.3000e+000
 6.000000e-007  0.0000e+000  3.3001e+000  3.3000e+000
 6.001000e-007  3.3000e+000  3.3124e+000  0.0000e+000
 6.0015000e-007  3.3000e+000  3.3415e+000  0.0000e+000
 6.0017500e-007  3.3000e+000  3.3370e+000  0.0000e+000
 6.0018750e-007  3.3000e+000  3.3288e+000  0.0000e+000
 6.0020301e-007  3.3000e+000  3.2981e+000  0.0000e+000
 6.0021964e-007  3.3000e+000  3.2323e+000  0.0000e+000
 6.0023912e-007  3.3000e+000  3.0766e+000  0.0000e+000
 6.0024758e-007  3.3000e+000  2.9715e+000  0.0000e+000
 6.0025378e-007  3.3000e+000  2.8815e+000  0.0000e+000
 6.0025995e-007  3.3000e+000  2.7881e+000  0.0000e+000
 6.0026843e-007  3.3000e+000  2.6505e+000  0.0000e+000
 6.0028399e-007  3.3000e+000  2.3639e+000  0.0000e+000
 6.0030778e-007  3.3000e+000  1.8728e+000  0.0000e+000
 6.0033403e-007  3.3000e+000  1.3517e+000  0.0000e+000
 6.0035750e-007  3.3000e+000  1.0093e+000  0.0000e+000
 6.0037173e-007  3.3000e+000  8.5448e-001  0.0000e+000
 6.0038435e-007  3.3000e+000  7.2151e-001  0.0000e+000
 6.0040254e-007  3.3000e+000  5.3735e-001  0.0000e+000
 6.0042801e-007  3.3000e+000  3.3398e-001  0.0000e+000
 6.0046197e-007  3.3000e+000  1.6787e-001  0.0000e+000
 6.0051204e-007  3.3000e+000  5.6740e-002  0.0000e+000
 6.006023e-007  3.3000e+000  2.8992e-003  0.0000e+000
 6.008361e-007  3.3000e+000 -1.1628e-003  0.0000e+000
 6.018925e-007  3.3000e+000  9.6155e-004  0.0000e+000
 6.038925e-007  3.3000e+000 -8.6944e-004  0.0000e+000
 6.058925e-007  3.3000e+000  7.8629e-004  0.0000e+000
 6.078925e-007  3.3000e+000 -7.1129e-004  0.0000e+000
 6.098925e-007  3.3000e+000  6.4535e-004  0.0000e+000
 6.118925e-007  3.3000e+000 -5.8333e-004  0.0000e+000
 6.138925e-007  3.3000e+000  5.2882e-004  0.0000e+000
 6.158925e-007  3.3000e+000 -4.7760e-004  0.0000e+000
 6.178925e-007  3.3000e+000  4.3260e-004  0.0000e+000
 6.198925e-007  3.3000e+000 -3.9036e-004  0.0000e+000
 6.218925e-007  3.3000e+000  3.5328e-004  0.0000e+000
 6.238925e-007  3.3000e+000 -3.1848e-004  0.0000e+000
 6.258925e-007  3.3000e+000  2.8796e-004  0.0000e+000
 6.278925e-007  3.3000e+000 -2.5931e-004  0.0000e+000
 6.298925e-007  3.3000e+000  2.3423e-004  0.0000e+000
 6.318925e-007  3.3000e+000 -2.1067e-004  0.0000e+000
 6.338925e-007  3.3000e+000  1.9008e-004  0.0000e+000
 6.358925e-007  3.3000e+000 -1.7072e-004  0.0000e+000
 6.378925e-007  3.3000e+000  1.5383e-004  0.0000e+000
 6.398925e-007  3.3000e+000 -1.3792e-004  0.0000e+000
 6.418925e-007  3.3000e+000  1.2409e-004  0.0000e+000
 6.438925e-007  3.3000e+000 -1.1104e-004  0.0000e+000
 6.458925e-007  3.3000e+000  9.9725e-005  0.0000e+000
 6.478925e-007  3.3000e+000 -8.9013e-005  0.0000e+000
 6.498925e-007  3.3000e+000  7.9771e-005  0.0000e+000
 6.518925e-007  3.3000e+000 -7.0987e-005  0.0000e+000
 6.538925e-007  3.3000e+000  6.3449e-005  0.0000e+000
 6.558925e-007  3.3000e+000 -5.6248e-005  0.0000e+000
 6.578925e-007  3.3000e+000  5.0110e-005  0.0000e+000
 6.598925e-007  3.3000e+000 -4.4211e-005  0.0000e+000
 6.601000e-007  3.3000e+000  9.5163e-006  0.0000e+000
 6.603500e-007  0.0000e+000 -4.7646e-003  0.0000e+000
 6.604750e-007  0.0000e+000 -2.6154e-003  0.0000e+000
 6.608184e-007  0.0000e+000  6.9263e-004  0.0000e+000
 6.614621e-007  0.0000e+000 -2.0477e-004  0.0000e+000
 6.632241e-007  0.0000e+000  8.4928e-005  0.0000e+000
 6.652241e-007  0.0000e+000  1.9052e-006  0.0000e+000
 6.672241e-007  0.0000e+000 -7.3173e-005  0.0000e+000
 6.692241e-007  0.0000e+000  1.3127e-004  0.0000e+000
 6.712241e-007  0.0000e+000 -1.7764e-004  0.0000e+000
 6.732241e-007  0.0000e+000  2.1415e-004  0.0000e+000
 6.752241e-007  0.0000e+000 -2.4190e-004  0.0000e+000
 6.772241e-007  0.0000e+000  2.6244e-004  0.0000e+000
 6.792241e-007  0.0000e+000 -2.7649e-004  0.0000e+000
 6.812241e-007  0.0000e+000  2.8537e-004  0.0000e+000
 6.832241e-007  0.0000e+000 -2.8954e-004  0.0000e+000
 6.852241e-007  0.0000e+000  2.9011e-004  0.0000e+000
 6.872241e-007  0.0000e+000 -2.8733e-004  0.0000e+000
 6.892241e-007  0.0000e+000  2.8214e-004  0.0000e+000
 6.912241e-007  0.0000e+000 -2.7463e-004  0.0000e+000
 6.932241e-007  0.0000e+000  2.6564e-004  0.0000e+000
 6.952241e-007  0.0000e+000 -2.5510e-004  0.0000e+000
 6.972241e-007  0.0000e+000  2.4376e-004  0.0000e+000
 6.992241e-007  0.0000e+000 -2.3145e-004  0.0000e+000
 7.012241e-007  0.0000e+000  2.1884e-004  0.0000e+000
 7.032241e-007  0.0000e+000 -2.0569e-004  0.0000e+000
 7.052241e-007  0.0000e+000  1.9262e-004  0.0000e+000
 7.072241e-007  0.0000e+000 -1.7930e-004  0.0000e+000
 7.092241e-007  0.0000e+000  1.6633e-004  0.0000e+000
 7.112241e-007  0.0000e+000 -1.5331e-004  0.0000e+000
 7.132241e-007  0.0000e+000  1.4083e-004  0.0000e+000
 7.152241e-007  0.0000e+000 -1.2844e-004  0.0000e+000
 7.172241e-007  0.0000e+000  1.1671e-004  0.0000e+000
 7.192241e-007  0.0000e+000 -1.0516e-004  0.0000e+000
 7.200000e-007  0.0000e+000  7.8078e-005  0.0000e+000
 7.201000e-007  3.3000e+000 -4.0098e-004  0.0000e+000
 7.2015000e-007  3.3000e+000 -1.7147e-003  0.0000e+000
 7.2017500e-007  3.3000e+000 -1.5537e-003  0.0000e+000
 7.2021943e-007  3.3000e+000 -1.0207e-003  0.0000e+000
 7.2026325e-007  3.3000e+000 -4.5371e-005  0.0000e+000
 7.2032297e-007  3.3000e+000  4.0993e-004  0.0000e+000
 7.204435e-007  3.3000e+000 -1.9722e-005  0.0000e+000
 7.208322e-007  3.3000e+000  3.1122e-005  0.0000e+000
 7.228322e-007  3.3000e+000 -3.1540e-005  0.0000e+000
 7.248322e-007  3.3000e+000  3.4144e-005  0.0000e+000
 7.268322e-007  3.3000e+000 -3.4356e-005  0.0000e+000
 7.288322e-007  3.3000e+000  3.6680e-005  0.0000e+000
 7.308322e-007  3.3000e+000 -3.6701e-005  0.0000e+000
 7.328322e-007  3.3000e+000  3.8767e-005  0.0000e+000
 7.348322e-007  3.3000e+000 -3.8616e-005  0.0000e+000
 7.368322e-007  3.3000e+000  4.0448e-005  0.0000e+000
 7.388322e-007  3.3000e+000 -4.0143e-005  0.0000e+000
 7.408322e-007  3.3000e+000  4.1763e-005  0.0000e+000
 7.428322e-007  3.3000e+000 -4.1322e-005  0.0000e+000
 7.448322e-007  3.3000e+000  4.2753e-005  0.0000e+000
 7.468322e-007  3.3000e+000 -4.2192e-005  0.0000e+000
 7.488322e-007  3.3000e+000  4.3456e-005  0.0000e+000
 7.508322e-007  3.3000e+000 -4.2792e-005  0.0000e+000
 7.528322e-007  3.3000e+000  4.3908e-005  0.0000e+000
 7.548322e-007  3.3000e+000 -4.3156e-005  0.0000e+000
 7.568322e-007  3.3000e+000  4.4140e-005  0.0000e+000
 7.588322e-007  3.3000e+000 -4.3315e-005  0.0000e+000
 7.608322e-007  3.3000e+000  4.4184e-005  0.0000e+000
 7.628322e-007  3.3000e+000 -4.3297e-005  0.0000e+000
 7.648322e-007  3.3000e+000  4.4066e-005  0.0000e+000
 7.668322e-007  3.3000e+000 -4.3128e-005  0.0000e+000
 7.688322e-007  3.3000e+000  4.3811e-005  0.0000e+000
 7.708322e-007  3.3000e+000 -4.2832e-005  0.0000e+000
 7.728322e-007  3.3000e+000  4.3438e-005  0.0000e+000
 7.748322e-007  3.3000e+000 -4.2427e-005  0.0000e+000
 7.768322e-007  3.3000e+000  4.2968e-005  0.0000e+000
 7.788322e-007  3.3000e+000 -4.1932e-005  0.0000e+000
 7.801000e-007  3.3000e+000  4.2250e-005  0.0000e+000
 7.803500e-007  0.0000e+000  1.7048e-003  0.0000e+000
 7.804750e-007  0.0000e+000 -7.5906e-004  0.0000e+000
 7.808221e-007  0.0000e+000 -3.3051e-004  0.0000e+000
 7.814696e-007  0.0000e+000  5.5012e-004  0.0000e+000
 7.832499e-007  0.0000e+000 -5.9208e-004  0.0000e+000
 7.852499e-007  0.0000e+000  6.1774e-004  0.0000e+000
 7.872499e-007  0.0000e+000 -6.3342e-004  0.0000e+000
 7.892499e-007  0.0000e+000  6.4128e-004  0.0000e+000
 7.912499e-007  0.0000e+000 -6.4193e-004  0.0000e+000
 7.932499e-007  0.0000e+000  6.3714e-004  0.0000e+000
 7.952499e-007  0.0000e+000 -6.2729e-004  0.0000e+000
 7.972499e-007  0.0000e+000  6.1380e-004  0.0000e+000
 7.992499e-007  0.0000e+000 -5.9688e-004  0.0000e+000
 8.012499e-007  0.0000e+000  5.7770e-004  0.0000e+000
 8.032499e-007  0.0000e+000 -5.5632e-004  0.0000e+000
 8.052499e-007  0.0000e+000  5.3370e-004  0.0000e+000
 8.072499e-007  0.0000e+000 -5.0980e-004  0.0000e+000
 8.092499e-007  0.0000e+000  4.8543e-004  0.0000e+000
 8.112499e-007  0.0000e+000 -4.6044e-004  0.0000e+000
 8.132499e-007  0.0000e+000  4.3555e-004  0.0000e+000
 8.152499e-007  0.0000e+000 -4.1051e-004  0.0000e+000
 8.172499e-007  0.0000e+000  3.8596e-004  0.0000e+000
 8.192499e-007  0.0000e+000 -3.6160e-004  0.0000e+000
 8.212499e-007  0.0000e+000  3.3800e-004  0.0000e+000
 8.232499e-007  0.0000e+000 -3.1481e-004  0.0000e+000
 8.252499e-007  0.0000e+000  2.9258e-004  0.0000e+000
 8.272499e-007  0.0000e+000 -2.7088e-004  0.0000e+000
 8.292499e-007  0.0000e+000  2.5024e-004  0.0000e+000
 8.312499e-007  0.0000e+000 -2.3021e-004  0.0000e+000
 8.332499e-007  0.0000e+000  2.1130e-004  0.0000e+000
 8.352499e-007  0.0000e+000 -1.9303e-004  0.0000e+000
 8.372499e-007  0.0000e+000  1.7590e-004  0.0000e+000
 8.392499e-007  0.0000e+000 -1.5940e-004  0.0000e+000
 8.400000e-007  0.0000e+000  1.2010e-004  0.0000e+000
 8.401000e-007  3.3000e+000 -3.8776e-004  0.0000e+000
 8.4015000e-007  3.3000e+000 -1.7087e-003  0.0000e+000
 8.4017500e-007  3.3000e+000 -1.5499e-003  0.0000e+000
 8.4021942e-007  3.3000e+000 -1.0195e-003  0.0000e+000
 8.4026325e-007  3.3000e+000 -4.4944e-005  0.0000e+000
 8.4032297e-007  3.3000e+000  4.1005e-004  0.0000e+000
 8.404435e-007  3.3000e+000 -1.9681e-005  0.0000e+000
 8.408321e-007  3.3000e+000  3.1096e-005  0.0000e+000
 8.428321e-007  3.3000e+000 -3.1516e-005  0.0000e+000
 8.448321e-007  3.3000e+000  3.4122e-005  0.0000e+000
 8.468321e-007  3.3000e+000 -3.4335e-005  0.0000e+000
 8.488321e-007  3.3000e+000  3.6659e-005  0.0000e+000
 8.508321e-007  3.3000e+000 -3.6682e-005  0.0000e+000
 8.528321e-007  3.3000e+000  3.8749e-005  0.0000e+000
 8.548321e-007  3.3000e+000 -3.8599e-005  0.0000e+000
 8.568321e-007  3.3000e+000  4.0431e-005  0.0000e+000
 8.588321e-007  3.3000e+000 -4.0126e-005  0.0000e+000
 8.608321e-007  3.3000e+000  4.1747e-005  0.0000e+000
 8.628321e-007  3.3000e+000 -4.1306e-005  0.0000e+000
 8.648321e-007  3.3000e+000  4.2739e-005  0.0000e+000
 8.668321e-007  3.3000e+000 -4.2178e-005  0.0000e+000
 8.688321e-007  3.3000e+000  4.3442e-005  0.0000e+000
 8.708321e-007  3.3000e+000 -4.2779e-005  0.0000e+000
 8.728321e-007  3.3000e+000  4.3894e-005  0.0000e+000
 8.748321e-007  3.3000e+000 -4.3143e-005  0.0000e+000
 8.768321e-007  3.3000e+000  4.4128e-005  0.0000e+000
 8.788321e-007  3.3000e+000 -4.3302e-005  0.0000e+000
 8.808321e-007  3.3000e+000  4.4172e-005  0.0000e+000
 8.828321e-007  3.3000e+000 -4.3285e-005  0.0000e+000
 8.848321e-007  3.3000e+000  4.4055e-005  0.0000e+000
 8.868321e-007  3.3000e+000 -4.3117e-005  0.0000e+000
 8.888321e-007  3.3000e+000  4.3799e-005  0.0000e+000
 8.908321e-007  3.3000e+000 -4.2820e-005  0.0000e+000
 8.928321e-007  3.3000e+000  4.3427e-005  0.0000e+000
 8.948321e-007  3.3000e+000 -4.2416e-005  0.0000e+000
 8.968321e-007  3.3000e+000  4.2957e-005  0.0000e+000
 8.988321e-007  3.3000e+000 -4.1922e-005  0.0000e+000
 9.000000e-007  3.3000e+000  4.2199e-005  0.0000e+000
 9.001000e-007  3.3000e+000  4.4269e-001  3.3000e+000
 9.0015000e-007  1.6500e+000  7.6514e-001  3.3000e+000
 9.0017500e-007  8.2500e-001  7.8461e-001  3.3000e+000
 9.0018839e-007  3.8291e-001  7.7040e-001  3.3000e+000
 9.00194878e-007  1.6900e-001  7.4653e-001  3.3000e+000
 9.00200000e-007  8.7352e-013  7.2098e-001  3.3000e+000
 9.00206200e-007  0.0000e+000  6.8205e-001  3.3000e+000
 9.0021947e-007  0.0000e+000  5.8407e-001  3.3000e+000
 9.0024700e-007  0.0000e+000  3.8976e-001  3.3000e+000
 9.0028454e-007  0.0000e+000  1.9256e-001  3.3000e+000
 9.0033535e-007  0.0000e+000  6.9054e-002  3.3000e+000
 9.0042224e-007  0.0000e+000  6.9705e-003  3.3000e+000
 9.006318e-007  0.0000e+000 -2.2743e-003  3.3000e+000
 9.015822e-007  0.0000e+000  1.8186e-003  3.3000e+000
 9.035822e-007  0.0000e+000 -1.6333e-003  3.3000e+000
 9.055822e-007  0.0000e+000  1.4675e-003  3.3000e+000
 9.075822e-007  0.0000e+000 -1.3171e-003  3.3000e+000
 9.095822e-007  0.0000e+000  1.1825e-003  3.3000e+000
 9.115822e-007  0.0000e+000 -1.0604e-003  3.3000e+000
 9.135822e-007  0.0000e+000  9.5122e-004  3.3000e+000
 9.155822e-007  0.0000e+000 -8.5198e-004  3.3000e+000
 9.175822e-007  0.0000e+000  7.6343e-004  3.3000e+000
 9.195822e-007  0.0000e+000 -6.8280e-004  3.3000e+000
 9.215822e-007  0.0000e+000  6.1096e-004  3.3000e+000
 9.235822e-007  0.0000e+000 -5.4544e-004  3.3000e+000
 9.255822e-007  0.0000e+000  4.8716e-004  3.3000e+000
 9.275822e-007  0.0000e+000 -4.3390e-004  3.3000e+000
 9.295822e-007  0.0000e+000  3.8663e-004  3.3000e+000
 9.315822e-007  0.0000e+000 -3.4332e-004  3.3000e+000
 9.335822e-007  0.0000e+000  3.0498e-004  3.3000e+000
 9.355822e-007  0.0000e+000 -2.6975e-004  3.3000e+000
 9.375822e-007  0.0000e+000  2.3865e-004  3.3000e+000
 9.395822e-007  0.0000e+000 -2.0999e-004  3.3000e+000
 9.415822e-007  0.0000e+000  1.8476e-004  3.3000e+000
 9.435822e-007  0.0000e+000 -1.6143e-004  3.3000e+000
 9.455822e-007  0.0000e+000  1.4098e-004  3.3000e+000
 9.475822e-007  0.0000e+000 -1.2196e-004  3.3000e+000
 9.495822e-007  0.0000e+000  1.0538e-004  3.3000e+000
 9.515822e-007  0.0000e+000 -8.9884e-005  3.3000e+000
 9.535822e-007  0.0000e+000  7.6446e-005  3.3000e+000
 9.555822e-007  0.0000e+000 -6.3797e-005  3.3000e+000
 9.575822e-007  0.0000e+000  5.2910e-005  3.3000e+000
 9.595822e-007  0.0000e+000 -4.2577e-005  3.3000e+000
 9.600000e-007  0.0000e+000  6.1738e-006  3.3000e+000
 9.601000e-007  3.3000e+000  3.9572e-001  3.3000e+000
 9.6015000e-007  3.3000e+000  1.0871e+000  3.3000e+000
 9.6017500e-007  3.3000e+000  1.5529e+000  3.3000e+000
 9.6019821e-007  3.3000e+000  1.9912e+000  3.3000e+000
 9.6022253e-007  3.3000e+000  2.3960e+000  3.3000e+000
 9.60230500e-007  3.3000e+000  2.5079e+000  3.3000e+000
 9.60237793e-007  3.3000e+000  2.6138e+000  3.3000e+000
 9.6024837e-007  3.3000e+000  2.7580e+000  3.3000e+000
 9.6026909e-007  3.3000e+000  2.9930e+000  3.3000e+000
 9.6029520e-007  3.3000e+000  3.1543e+000  3.3000e+000
 9.6032120e-007  3.3000e+000  3.2139e+000  3.3000e+000
 9.6033710e-007  3.3000e+000  3.2350e+000  3.3000e+000
 9.6034892e-007  3.3000e+000  3.2453e+000  3.3000e+000
 9.6036221e-007  3.3000e+000  3.2508e+000  3.3000e+000
 9.6038333e-007  3.3000e+000  3.2582e+000  3.3000e+000
 9.6041148e-007  3.3000e+000  3.2705e+000  3.3000e+000
 9.6044953e-007  3.3000e+000  3.2855e+000  3.3000e+000
 9.6050886e-007  3.3000e+000  3.2963e+000  3.3000e+000
 9.606262e-007  3.3000e+000  3.3003e+000  3.3000e+000
 9.610032e-007  3.3000e+000  3.2999e+000  3.3000e+000
 9.630029e-007  3.3000e+000  3.3001e+000  3.3000e+000
 9.650029e-007  3.3000e+000  3.2999e+000  3.3000e+000
 9.670029e-007  3.3000e+000  3.3001e+000  3.3000e+000
 9.690029e-007  3.3000e+000  3.2999e+000  3.3000e+000
 9.710029e-007  3.3000e+000  3.3001e+000  3.3000e+000
 9.730029e-007  3.3000e+000  3.2999e+000  3.3000e+000
 9.750029e-007  3.3000e+000  3.3001e+000  3.3000e+000
 9.770029e-007  3.3000e+000  3.2999e+000  3.3000e+000
 9.790029e-007  3.3000e+000  3.3000e+000  3.3000e+000
 9.810029e-007  3.3000e+000  3.3000e+000  3.3000e+000
 9.830029e-007  3.3000e+000  3.3000e+000  3.3000e+000
 9.850029e-007  3.3000e+000  3.3000e+000  3.3000e+000
 9.870029e-007  3.3000e+000  3.3000e+000  3.3000e+000
 9.890029e-007  3.3000e+000  3.3000e+000  3.3000e+000
 9.910029e-007  3.3000e+000  3.3000e+000  3.3000e+000
 9.930029e-007  3.3000e+000  3.3000e+000  3.3000e+000
 9.950029e-007  3.3000e+000  3.3000e+000  3.3000e+000
 9.970029e-007  3.3000e+000  3.3000e+000  3.3000e+000
 9.990029e-007  3.3000e+000  3.3000e+000  3.3000e+000
 1.000000e-006  3.3000e+000  3.3000e+000  3.3000e+000
*

* Parsing                      0.01 seconds
* Setup                        0.01 seconds
* DC operating point           0.01 seconds
* Transient Analysis           0.14 seconds
* Overhead                     1.25 seconds
* -----------------------------------------
* Total                        1.41 seconds

* Simulation completed

* End of T-Spice output file
