* T-Spice 13.00 Simulation	Sat Feb 09 20:49:24 2019	C:\Users\makif\Google Drive\TEZ ÇALIÞMAM\çizim\Counter_TDC\Counter_TDC\RS_FF.sp
* Command line: tspice -o "C:\Users\makif\Google Drive\TEZ ÇALIÞMAM\çizim\Counter_TDC\Counter_TDC\RS_FF.out" "C:\Users\makif\Google Drive\TEZ ÇALIÞMAM\çizim\Counter_TDC\Counter_TDC\RS_FF.sp" 
* T-Spice Win32 13.00.20080321.01:01:33

*SEDIT: Alter blocks = 0

* Accuracy and Convergence options:
* numndset|dchold = 100
* 
* Timestep and Integration options:
*  relq|relchgtol = 0.0005
* 
* Model Evaluation options:
*            dcap = 2                    defnrb = 0 [sq]               defnrd = 0 [sq]
*          defnrs = 0 [sq]                 tnom = 25 [deg C]
* 
* General options:
*            temp = 25 [deg C]          threads = 8
* 
* Output options:
*           acout = 1                    ingold = 0
* 


*  Device and node counts:
*             MOSFETs - 16                MOSFET geometries - 4       
*                BJTs - 0                             JFETs - 0       
*             MESFETs - 0                            Diodes - 0       
*          Capacitors - 0                         Resistors - 0       
*           Inductors - 0                  Mutual inductors - 0       
*  Transmission lines - 0        Coupled transmission lines - 0       
*     Voltage sources - 3                   Current sources - 0       
*                VCVS - 0                              VCCS - 0       
*                CCVS - 0                              CCCS - 0       
*    V-control switch - 0                  I-control switch - 0       
*       Macro devices - 0        External C model instances - 0       
*         HDL devices - 0       
*         Subcircuits - 0              Subcircuit instances - 4       
*   Independent nodes - 8                    Boundary nodes - 4       
*         Total nodes - 12      


*SEDIT: Alter=0
*SEDIT: Analysis types DCOP 0 ACMODEL 0 AC 0 TRANSIENT 1 TRANSFER 0 NOISE 0 

*WEDIT: .tran   1e-010   1e-007
TRANSIENT ANALYSIS
Time<s>        v(R,Gnd)<V>  v(S,Gnd)<V>  v(Q,Gnd)<V>
 0.000000e+000  0.0000e+000  0.0000e+000  1.8771e+000
 1.000000e-012  0.0000e+000  0.0000e+000  1.8771e+000
 1.100000e-011  0.0000e+000  0.0000e+000  1.8771e+000
 1.110000e-010  0.0000e+000  0.0000e+000  1.8771e+000
 3.110000e-010  0.0000e+000  0.0000e+000  1.8771e+000
 5.110000e-010  0.0000e+000  0.0000e+000  1.8771e+000
 7.110000e-010  0.0000e+000  0.0000e+000  1.8771e+000
 9.110000e-010  0.0000e+000  0.0000e+000  1.8771e+000
 1.111000e-009  0.0000e+000  0.0000e+000  1.8771e+000
 1.311000e-009  0.0000e+000  0.0000e+000  1.8771e+000
 1.511000e-009  0.0000e+000  0.0000e+000  1.8771e+000
 1.711000e-009  0.0000e+000  0.0000e+000  1.8771e+000
 1.911000e-009  0.0000e+000  0.0000e+000  1.8771e+000
 2.111000e-009  0.0000e+000  0.0000e+000  1.8771e+000
 2.311000e-009  0.0000e+000  0.0000e+000  1.8771e+000
 2.511000e-009  0.0000e+000  0.0000e+000  1.8771e+000
 2.711000e-009  0.0000e+000  0.0000e+000  1.8771e+000
 2.911000e-009  0.0000e+000  0.0000e+000  1.8771e+000
 3.111000e-009  0.0000e+000  0.0000e+000  1.8771e+000
 3.311000e-009  0.0000e+000  0.0000e+000  1.8771e+000
 3.511000e-009  0.0000e+000  0.0000e+000  1.8771e+000
 3.711000e-009  0.0000e+000  0.0000e+000  1.8771e+000
 3.911000e-009  0.0000e+000  0.0000e+000  1.8771e+000
 4.111000e-009  0.0000e+000  0.0000e+000  1.8771e+000
 4.311000e-009  0.0000e+000  0.0000e+000  1.8771e+000
 4.511000e-009  0.0000e+000  0.0000e+000  1.8771e+000
 4.711000e-009  0.0000e+000  0.0000e+000  1.8771e+000
 4.911000e-009  0.0000e+000  0.0000e+000  1.8771e+000
 5.111000e-009  0.0000e+000  0.0000e+000  1.8771e+000
 5.311000e-009  0.0000e+000  0.0000e+000  1.8771e+000
 5.511000e-009  0.0000e+000  0.0000e+000  1.8771e+000
 5.711000e-009  0.0000e+000  0.0000e+000  1.8771e+000
 5.911000e-009  0.0000e+000  0.0000e+000  1.8771e+000
 6.111000e-009  0.0000e+000  0.0000e+000  1.8771e+000
 6.311000e-009  0.0000e+000  0.0000e+000  1.8771e+000
 6.511000e-009  0.0000e+000  0.0000e+000  1.8771e+000
 6.711000e-009  0.0000e+000  0.0000e+000  1.8771e+000
 6.911000e-009  0.0000e+000  0.0000e+000  1.8771e+000
 7.111000e-009  0.0000e+000  0.0000e+000  1.8771e+000
 7.311000e-009  0.0000e+000  0.0000e+000  1.8771e+000
 7.511000e-009  0.0000e+000  0.0000e+000  1.8771e+000
 7.711000e-009  0.0000e+000  0.0000e+000  1.8771e+000
 7.911000e-009  0.0000e+000  0.0000e+000  1.8771e+000
 8.111000e-009  0.0000e+000  0.0000e+000  1.8771e+000
 8.311000e-009  0.0000e+000  0.0000e+000  1.8771e+000
 8.511000e-009  0.0000e+000  0.0000e+000  1.8771e+000
 8.711000e-009  0.0000e+000  0.0000e+000  1.8771e+000
 8.911000e-009  0.0000e+000  0.0000e+000  1.8771e+000
 9.111000e-009  0.0000e+000  0.0000e+000  1.8771e+000
 9.311000e-009  0.0000e+000  0.0000e+000  1.8771e+000
 9.511000e-009  0.0000e+000  0.0000e+000  1.8770e+000
 9.711000e-009  0.0000e+000  0.0000e+000  1.8770e+000
 9.911000e-009  0.0000e+000  0.0000e+000  1.8772e+000
 1.011100e-008  0.0000e+000  0.0000e+000  1.8768e+000
 1.031100e-008  0.0000e+000  0.0000e+000  1.8775e+000
 1.051100e-008  0.0000e+000  0.0000e+000  1.8763e+000
 1.071100e-008  0.0000e+000  0.0000e+000  1.8786e+000
 1.091100e-008  0.0000e+000  0.0000e+000  1.8743e+000
 1.111100e-008  0.0000e+000  0.0000e+000  1.8822e+000
 1.131100e-008  0.0000e+000  0.0000e+000  1.8678e+000
 1.151100e-008  0.0000e+000  0.0000e+000  1.8942e+000
 1.171100e-008  0.0000e+000  0.0000e+000  1.8458e+000
 1.191100e-008  0.0000e+000  0.0000e+000  1.9348e+000
 1.201100e-008  0.0000e+000  0.0000e+000  1.6361e+000
 1.205779e-008  0.0000e+000  0.0000e+000  9.4187e-001
 1.208119e-008  0.0000e+000  0.0000e+000  4.8874e-001
 1.210208e-008  0.0000e+000  0.0000e+000  2.2009e-001
 1.212630e-008  0.0000e+000  0.0000e+000  7.9542e-002
 1.216514e-008  0.0000e+000  0.0000e+000  8.8614e-003
 1.225295e-008  0.0000e+000  0.0000e+000 -2.2075e-003
 1.245295e-008  0.0000e+000  0.0000e+000  1.1724e-003
 1.265295e-008  0.0000e+000  0.0000e+000 -5.4933e-004
 1.285295e-008  0.0000e+000  0.0000e+000  1.7644e-004
 1.305295e-008  0.0000e+000  0.0000e+000  4.5252e-005
 1.325295e-008  0.0000e+000  0.0000e+000 -1.7298e-004
 1.345295e-008  0.0000e+000  0.0000e+000  2.4619e-004
 1.365295e-008  0.0000e+000  0.0000e+000 -2.8364e-004
 1.385295e-008  0.0000e+000  0.0000e+000  3.0250e-004
 1.405295e-008  0.0000e+000  0.0000e+000 -3.0722e-004
 1.425295e-008  0.0000e+000  0.0000e+000  3.0671e-004
 1.445295e-008  0.0000e+000  0.0000e+000 -3.0007e-004
 1.465295e-008  0.0000e+000  0.0000e+000  2.9312e-004
 1.485295e-008  0.0000e+000  0.0000e+000 -2.8298e-004
 1.505295e-008  0.0000e+000  0.0000e+000  2.7434e-004
 1.525295e-008  0.0000e+000  0.0000e+000 -2.6358e-004
 1.545295e-008  0.0000e+000  0.0000e+000  2.5494e-004
 1.565295e-008  0.0000e+000  0.0000e+000 -2.4454e-004
 1.585295e-008  0.0000e+000  0.0000e+000  2.3647e-004
 1.605295e-008  0.0000e+000  0.0000e+000 -2.2673e-004
 1.625295e-008  0.0000e+000  0.0000e+000  2.1937e-004
 1.645295e-008  0.0000e+000  0.0000e+000 -2.1036e-004
 1.665295e-008  0.0000e+000  0.0000e+000  2.0372e-004
 1.685295e-008  0.0000e+000  0.0000e+000 -1.9540e-004
 1.705295e-008  0.0000e+000  0.0000e+000  1.8943e-004
 1.725295e-008  0.0000e+000  0.0000e+000 -1.8175e-004
 1.745295e-008  0.0000e+000  0.0000e+000  1.7638e-004
 1.765295e-008  0.0000e+000  0.0000e+000 -1.6928e-004
 1.785295e-008  0.0000e+000  0.0000e+000  1.6446e-004
 1.805295e-008  0.0000e+000  0.0000e+000 -1.5787e-004
 1.825295e-008  0.0000e+000  0.0000e+000  1.5354e-004
 1.845295e-008  0.0000e+000  0.0000e+000 -1.4741e-004
 1.865295e-008  0.0000e+000  0.0000e+000  1.4352e-004
 1.885295e-008  0.0000e+000  0.0000e+000 -1.3782e-004
 1.905295e-008  0.0000e+000  0.0000e+000  1.3432e-004
 1.925295e-008  0.0000e+000  0.0000e+000 -1.2899e-004
 1.945295e-008  0.0000e+000  0.0000e+000  1.2584e-004
 1.965295e-008  0.0000e+000  0.0000e+000 -1.2086e-004
 1.985295e-008  0.0000e+000  0.0000e+000  1.1803e-004
 2.005295e-008  0.0000e+000  0.0000e+000 -1.1335e-004
 2.025295e-008  0.0000e+000  0.0000e+000  1.1081e-004
 2.045295e-008  0.0000e+000  0.0000e+000 -1.0641e-004
 2.065295e-008  0.0000e+000  0.0000e+000  1.0413e-004
 2.085295e-008  0.0000e+000  0.0000e+000 -9.9978e-005
 2.105295e-008  0.0000e+000  0.0000e+000  9.7936e-005
 2.125295e-008  0.0000e+000  0.0000e+000 -9.4015e-005
 2.145295e-008  0.0000e+000  0.0000e+000  9.2187e-005
 2.165295e-008  0.0000e+000  0.0000e+000 -8.8475e-005
 2.185295e-008  0.0000e+000  0.0000e+000  8.6843e-005
 2.205295e-008  0.0000e+000  0.0000e+000 -8.3322e-005
 2.225295e-008  0.0000e+000  0.0000e+000  8.1868e-005
 2.245295e-008  0.0000e+000  0.0000e+000 -7.8521e-005
 2.265295e-008  0.0000e+000  0.0000e+000  7.7231e-005
 2.285295e-008  0.0000e+000  0.0000e+000 -7.4043e-005
 2.305295e-008  0.0000e+000  0.0000e+000  7.2903e-005
 2.325295e-008  0.0000e+000  0.0000e+000 -6.9863e-005
 2.345295e-008  0.0000e+000  0.0000e+000  6.8860e-005
 2.365295e-008  0.0000e+000  0.0000e+000 -6.5954e-005
 2.385295e-008  0.0000e+000  0.0000e+000  6.5077e-005
 2.405295e-008  0.0000e+000  0.0000e+000 -6.2296e-005
 2.425295e-008  0.0000e+000  0.0000e+000  6.1535e-005
 2.445295e-008  0.0000e+000  0.0000e+000 -5.8870e-005
 2.465295e-008  0.0000e+000  0.0000e+000  5.8215e-005
 2.485295e-008  0.0000e+000  0.0000e+000 -5.5656e-005
 2.505295e-008  0.0000e+000  0.0000e+000  5.5101e-005
 2.525295e-008  0.0000e+000  0.0000e+000 -5.2640e-005
 2.545295e-008  0.0000e+000  0.0000e+000  5.2176e-005
 2.565295e-008  0.0000e+000  0.0000e+000 -4.7437e-005
 2.585295e-008  0.0000e+000  0.0000e+000  5.0798e-005
 2.605295e-008  0.0000e+000  0.0000e+000 -4.5810e-005
 2.625295e-008  0.0000e+000  0.0000e+000  4.8827e-005
 2.645295e-008  0.0000e+000  0.0000e+000 -4.3858e-005
 2.665295e-008  0.0000e+000  0.0000e+000  4.6697e-005
 2.685295e-008  0.0000e+000  0.0000e+000 -4.1842e-005
 2.705295e-008  0.0000e+000  0.0000e+000  4.4568e-005
 2.725295e-008  0.0000e+000  0.0000e+000 -3.9861e-005
 2.745295e-008  0.0000e+000  0.0000e+000  4.2502e-005
 2.765295e-008  0.0000e+000  0.0000e+000 -3.7951e-005
 2.785295e-008  0.0000e+000  0.0000e+000  4.0519e-005
 2.805295e-008  0.0000e+000  0.0000e+000 -3.6125e-005
 2.825295e-008  0.0000e+000  0.0000e+000  3.8626e-005
 2.845295e-008  0.0000e+000  0.0000e+000 -3.4383e-005
 2.865295e-008  0.0000e+000  0.0000e+000  3.6822e-005
 2.885295e-008  0.0000e+000  0.0000e+000 -3.2726e-005
 2.905295e-008  0.0000e+000  0.0000e+000  3.5105e-005
 2.925295e-008  0.0000e+000  0.0000e+000 -3.1149e-005
 2.945295e-008  0.0000e+000  0.0000e+000  3.3470e-005
 2.965295e-008  0.0000e+000  0.0000e+000 -2.9649e-005
 2.985295e-008  0.0000e+000  0.0000e+000  3.1914e-005
 3.005295e-008  0.0000e+000  0.0000e+000 -2.8222e-005
 3.025295e-008  0.0000e+000  0.0000e+000  3.0433e-005
 3.045295e-008  0.0000e+000  0.0000e+000 -2.6865e-005
 3.065295e-008  0.0000e+000  0.0000e+000  2.9023e-005
 3.085295e-008  0.0000e+000  0.0000e+000 -2.5574e-005
 3.105295e-008  0.0000e+000  0.0000e+000  2.7682e-005
 3.125295e-008  0.0000e+000  0.0000e+000 -2.4345e-005
 3.145295e-008  0.0000e+000  0.0000e+000  2.6404e-005
 3.165295e-008  0.0000e+000  0.0000e+000 -2.3176e-005
 3.185295e-008  0.0000e+000  0.0000e+000  2.5188e-005
 3.205295e-008  0.0000e+000  0.0000e+000 -2.2063e-005
 3.225295e-008  0.0000e+000  0.0000e+000  2.4029e-005
 3.245295e-008  0.0000e+000  0.0000e+000 -2.1003e-005
 3.265295e-008  0.0000e+000  0.0000e+000  2.2926e-005
 3.285295e-008  0.0000e+000  0.0000e+000 -1.9994e-005
 3.305295e-008  0.0000e+000  0.0000e+000  2.1875e-005
 3.325295e-008  0.0000e+000  0.0000e+000 -1.9034e-005
 3.345295e-008  0.0000e+000  0.0000e+000  2.0874e-005
 3.365295e-008  0.0000e+000  0.0000e+000 -1.8119e-005
 3.385295e-008  0.0000e+000  0.0000e+000  1.9920e-005
 3.405295e-008  0.0000e+000  0.0000e+000 -1.7247e-005
 3.425295e-008  0.0000e+000  0.0000e+000  1.9012e-005
 3.445295e-008  0.0000e+000  0.0000e+000 -1.6417e-005
 3.465295e-008  0.0000e+000  0.0000e+000  1.8146e-005
 3.485295e-008  0.0000e+000  0.0000e+000 -1.5627e-005
 3.505295e-008  0.0000e+000  0.0000e+000  1.7321e-005
 3.525295e-008  0.0000e+000  0.0000e+000 -1.4874e-005
 3.545295e-008  0.0000e+000  0.0000e+000  1.6534e-005
 3.565295e-008  0.0000e+000  0.0000e+000 -1.4156e-005
 3.585295e-008  0.0000e+000  0.0000e+000  1.5785e-005
 3.605295e-008  0.0000e+000  0.0000e+000 -1.3472e-005
 3.625295e-008  0.0000e+000  0.0000e+000  1.5070e-005
 3.645295e-008  0.0000e+000  0.0000e+000 -1.2820e-005
 3.665295e-008  0.0000e+000  0.0000e+000  1.4389e-005
 3.685295e-008  0.0000e+000  0.0000e+000 -1.2199e-005
 3.705295e-008  0.0000e+000  0.0000e+000  1.3740e-005
 3.725295e-008  0.0000e+000  0.0000e+000 -1.1608e-005
 3.745295e-008  0.0000e+000  0.0000e+000  1.3122e-005
 3.765295e-008  0.0000e+000  0.0000e+000 -1.1044e-005
 3.785295e-008  0.0000e+000  0.0000e+000  1.2532e-005
 3.805295e-008  0.0000e+000  0.0000e+000 -1.0506e-005
 3.825295e-008  0.0000e+000  0.0000e+000  1.1970e-005
 3.845295e-008  0.0000e+000  0.0000e+000 -9.9936e-006
 3.865295e-008  0.0000e+000  0.0000e+000  1.1434e-005
 3.885295e-008  0.0000e+000  0.0000e+000 -9.5052e-006
 3.905295e-008  0.0000e+000  0.0000e+000  1.0923e-005
 3.925295e-008  0.0000e+000  0.0000e+000 -9.0396e-006
 3.945295e-008  0.0000e+000  0.0000e+000  1.0436e-005
 3.965295e-008  0.0000e+000  0.0000e+000 -8.5959e-006
 3.985295e-008  0.0000e+000  0.0000e+000  9.9713e-006
 4.000000e-008  0.0000e+000  0.0000e+000 -7.9178e-006
 4.0001000e-008  0.0000e+000  3.3000e+000  7.8323e-002
 4.00013150e-008  0.0000e+000  3.3000e+000  7.3402e-002
 4.0004465e-008  0.0000e+000  3.3000e+000  1.9589e-002
 4.001483e-008  0.0000e+000  3.3000e+000 -7.1672e-002
 4.002101e-008  0.0000e+000  3.3000e+000  1.1878e-002
 4.002564e-008  0.0000e+000  3.3000e+000  1.7511e-001
 4.002984e-008  0.0000e+000  3.3000e+000  4.1171e-001
 4.003407e-008  0.0000e+000  3.3000e+000  7.1699e-001
 4.003867e-008  0.0000e+000  3.3000e+000  1.0809e+000
 4.004325e-008  0.0000e+000  3.3000e+000  1.4519e+000
 4.004781e-008  0.0000e+000  3.3000e+000  1.8004e+000
 4.005302e-008  0.0000e+000  3.3000e+000  2.1377e+000
 4.005962e-008  0.0000e+000  3.3000e+000  2.4438e+000
 4.006576e-008  0.0000e+000  3.3000e+000  2.6252e+000
 4.0069004e-008  0.0000e+000  3.3000e+000  2.6964e+000
 4.0072244e-008  0.0000e+000  3.3000e+000  2.7660e+000
 4.0075697e-008  0.0000e+000  3.3000e+000  2.8449e+000
 4.008077e-008  0.0000e+000  3.3000e+000  2.9592e+000
 4.009034e-008  0.0000e+000  3.3000e+000  3.1228e+000
 4.010265e-008  0.0000e+000  3.3000e+000  3.2200e+000
 4.011436e-008  0.0000e+000  3.3000e+000  3.2494e+000
 4.012174e-008  0.0000e+000  3.3000e+000  3.2587e+000
 4.012801e-008  0.0000e+000  3.3000e+000  3.2623e+000
 4.013571e-008  0.0000e+000  3.3000e+000  3.2645e+000
 4.014665e-008  0.0000e+000  3.3000e+000  3.2700e+000
 4.016086e-008  0.0000e+000  3.3000e+000  3.2792e+000
 4.018012e-008  0.0000e+000  3.3000e+000  3.2901e+000
 4.021061e-008  0.0000e+000  3.3000e+000  3.2979e+000
 4.027370e-008  0.0000e+000  3.3000e+000  3.3003e+000
 4.047370e-008  0.0000e+000  3.3000e+000  3.2998e+000
 4.067370e-008  0.0000e+000  3.3000e+000  3.3001e+000
 4.087370e-008  0.0000e+000  3.3000e+000  3.2999e+000
 4.107370e-008  0.0000e+000  3.3000e+000  3.3000e+000
 4.127370e-008  0.0000e+000  3.3000e+000  3.3000e+000
 4.147370e-008  0.0000e+000  3.3000e+000  3.3000e+000
 4.167370e-008  0.0000e+000  3.3000e+000  3.3000e+000
 4.187370e-008  0.0000e+000  3.3000e+000  3.3000e+000
 4.207370e-008  0.0000e+000  3.3000e+000  3.3000e+000
 4.227370e-008  0.0000e+000  3.3000e+000  3.3000e+000
 4.247370e-008  0.0000e+000  3.3000e+000  3.3000e+000
 4.267370e-008  0.0000e+000  3.3000e+000  3.3000e+000
 4.287370e-008  0.0000e+000  3.3000e+000  3.3000e+000
 4.307370e-008  0.0000e+000  3.3000e+000  3.3000e+000
 4.327370e-008  0.0000e+000  3.3000e+000  3.3000e+000
 4.347370e-008  0.0000e+000  3.3000e+000  3.3000e+000
 4.367370e-008  0.0000e+000  3.3000e+000  3.3000e+000
 4.387370e-008  0.0000e+000  3.3000e+000  3.3000e+000
 4.407370e-008  0.0000e+000  3.3000e+000  3.3000e+000
 4.427370e-008  0.0000e+000  3.3000e+000  3.3000e+000
 4.447370e-008  0.0000e+000  3.3000e+000  3.3000e+000
 4.467370e-008  0.0000e+000  3.3000e+000  3.3000e+000
 4.487370e-008  0.0000e+000  3.3000e+000  3.3000e+000
 4.507370e-008  0.0000e+000  3.3000e+000  3.3000e+000
 4.527370e-008  0.0000e+000  3.3000e+000  3.3000e+000
 4.547370e-008  0.0000e+000  3.3000e+000  3.3000e+000
 4.567370e-008  0.0000e+000  3.3000e+000  3.3000e+000
 4.587370e-008  0.0000e+000  3.3000e+000  3.3000e+000
 4.607370e-008  0.0000e+000  3.3000e+000  3.3000e+000
 4.627370e-008  0.0000e+000  3.3000e+000  3.3000e+000
 4.647370e-008  0.0000e+000  3.3000e+000  3.3000e+000
 4.667370e-008  0.0000e+000  3.3000e+000  3.3000e+000
 4.687370e-008  0.0000e+000  3.3000e+000  3.3000e+000
 4.707370e-008  0.0000e+000  3.3000e+000  3.3000e+000
 4.727370e-008  0.0000e+000  3.3000e+000  3.3000e+000
 4.747370e-008  0.0000e+000  3.3000e+000  3.3000e+000
 4.767370e-008  0.0000e+000  3.3000e+000  3.3000e+000
 4.787370e-008  0.0000e+000  3.3000e+000  3.3000e+000
 4.807370e-008  0.0000e+000  3.3000e+000  3.3000e+000
 4.827370e-008  0.0000e+000  3.3000e+000  3.3000e+000
 4.847370e-008  0.0000e+000  3.3000e+000  3.3000e+000
 4.867370e-008  0.0000e+000  3.3000e+000  3.3000e+000
 4.887370e-008  0.0000e+000  3.3000e+000  3.3000e+000
 4.907370e-008  0.0000e+000  3.3000e+000  3.3000e+000
 4.927370e-008  0.0000e+000  3.3000e+000  3.3000e+000
 4.947370e-008  0.0000e+000  3.3000e+000  3.3000e+000
 4.967370e-008  0.0000e+000  3.3000e+000  3.3000e+000
 4.987370e-008  0.0000e+000  3.3000e+000  3.3000e+000
 5.007370e-008  0.0000e+000  3.3000e+000  3.3000e+000
 5.027370e-008  0.0000e+000  3.3000e+000  3.3000e+000
 5.047370e-008  0.0000e+000  3.3000e+000  3.3000e+000
 5.067370e-008  0.0000e+000  3.3000e+000  3.3000e+000
 5.087370e-008  0.0000e+000  3.3000e+000  3.3000e+000
 5.107370e-008  0.0000e+000  3.3000e+000  3.3000e+000
 5.127370e-008  0.0000e+000  3.3000e+000  3.3000e+000
 5.147370e-008  0.0000e+000  3.3000e+000  3.3000e+000
 5.167370e-008  0.0000e+000  3.3000e+000  3.3000e+000
 5.187370e-008  0.0000e+000  3.3000e+000  3.3000e+000
 5.207370e-008  0.0000e+000  3.3000e+000  3.3000e+000
 5.227370e-008  0.0000e+000  3.3000e+000  3.3000e+000
 5.247370e-008  0.0000e+000  3.3000e+000  3.3000e+000
 5.267370e-008  0.0000e+000  3.3000e+000  3.3000e+000
 5.287370e-008  0.0000e+000  3.3000e+000  3.3000e+000
 5.307370e-008  0.0000e+000  3.3000e+000  3.3000e+000
 5.327370e-008  0.0000e+000  3.3000e+000  3.3000e+000
 5.347370e-008  0.0000e+000  3.3000e+000  3.3000e+000
 5.367370e-008  0.0000e+000  3.3000e+000  3.3000e+000
 5.387370e-008  0.0000e+000  3.3000e+000  3.3000e+000
 5.407370e-008  0.0000e+000  3.3000e+000  3.3000e+000
 5.427370e-008  0.0000e+000  3.3000e+000  3.3000e+000
 5.447370e-008  0.0000e+000  3.3000e+000  3.3000e+000
 5.467370e-008  0.0000e+000  3.3000e+000  3.3000e+000
 5.487370e-008  0.0000e+000  3.3000e+000  3.3000e+000
 5.507370e-008  0.0000e+000  3.3000e+000  3.3000e+000
 5.527370e-008  0.0000e+000  3.3000e+000  3.3000e+000
 5.547370e-008  0.0000e+000  3.3000e+000  3.3000e+000
 5.567370e-008  0.0000e+000  3.3000e+000  3.3000e+000
 5.587370e-008  0.0000e+000  3.3000e+000  3.3000e+000
 5.607370e-008  0.0000e+000  3.3000e+000  3.3000e+000
 5.627370e-008  0.0000e+000  3.3000e+000  3.3000e+000
 5.647370e-008  0.0000e+000  3.3000e+000  3.3000e+000
 5.667370e-008  0.0000e+000  3.3000e+000  3.3000e+000
 5.687370e-008  0.0000e+000  3.3000e+000  3.3000e+000
 5.707370e-008  0.0000e+000  3.3000e+000  3.3000e+000
 5.727370e-008  0.0000e+000  3.3000e+000  3.3000e+000
 5.747370e-008  0.0000e+000  3.3000e+000  3.3000e+000
 5.767370e-008  0.0000e+000  3.3000e+000  3.3000e+000
 5.787370e-008  0.0000e+000  3.3000e+000  3.3000e+000
 5.807370e-008  0.0000e+000  3.3000e+000  3.3000e+000
 5.827370e-008  0.0000e+000  3.3000e+000  3.3000e+000
 5.847370e-008  0.0000e+000  3.3000e+000  3.3000e+000
 5.867370e-008  0.0000e+000  3.3000e+000  3.3000e+000
 5.887370e-008  0.0000e+000  3.3000e+000  3.3000e+000
 5.907370e-008  0.0000e+000  3.3000e+000  3.3000e+000
 5.927370e-008  0.0000e+000  3.3000e+000  3.3000e+000
 5.947370e-008  0.0000e+000  3.3000e+000  3.3000e+000
 5.967370e-008  0.0000e+000  3.3000e+000  3.3000e+000
 5.987370e-008  0.0000e+000  3.3000e+000  3.3000e+000
 6.007370e-008  0.0000e+000  3.3000e+000  3.3000e+000
 6.027370e-008  0.0000e+000  3.3000e+000  3.3000e+000
 6.047370e-008  0.0000e+000  3.3000e+000  3.3000e+000
 6.067370e-008  0.0000e+000  3.3000e+000  3.3000e+000
 6.087370e-008  0.0000e+000  3.3000e+000  3.3000e+000
 6.107370e-008  0.0000e+000  3.3000e+000  3.3000e+000
 6.127370e-008  0.0000e+000  3.3000e+000  3.3000e+000
 6.147370e-008  0.0000e+000  3.3000e+000  3.3000e+000
 6.167370e-008  0.0000e+000  3.3000e+000  3.3000e+000
 6.187370e-008  0.0000e+000  3.3000e+000  3.3000e+000
 6.207370e-008  0.0000e+000  3.3000e+000  3.3000e+000
 6.227370e-008  0.0000e+000  3.3000e+000  3.3000e+000
 6.247370e-008  0.0000e+000  3.3000e+000  3.3000e+000
 6.267370e-008  0.0000e+000  3.3000e+000  3.3000e+000
 6.287370e-008  0.0000e+000  3.3000e+000  3.3000e+000
 6.307370e-008  0.0000e+000  3.3000e+000  3.3000e+000
 6.327370e-008  0.0000e+000  3.3000e+000  3.3000e+000
 6.347370e-008  0.0000e+000  3.3000e+000  3.3000e+000
 6.367370e-008  0.0000e+000  3.3000e+000  3.3000e+000
 6.387370e-008  0.0000e+000  3.3000e+000  3.3000e+000
 6.407370e-008  0.0000e+000  3.3000e+000  3.3000e+000
 6.427370e-008  0.0000e+000  3.3000e+000  3.3000e+000
 6.447370e-008  0.0000e+000  3.3000e+000  3.3000e+000
 6.467370e-008  0.0000e+000  3.3000e+000  3.3000e+000
 6.487370e-008  0.0000e+000  3.3000e+000  3.3000e+000
 6.507370e-008  0.0000e+000  3.3000e+000  3.3000e+000
 6.527370e-008  0.0000e+000  3.3000e+000  3.3000e+000
 6.547370e-008  0.0000e+000  3.3000e+000  3.3000e+000
 6.567370e-008  0.0000e+000  3.3000e+000  3.3000e+000
 6.587370e-008  0.0000e+000  3.3000e+000  3.3000e+000
 6.607370e-008  0.0000e+000  3.3000e+000  3.3000e+000
 6.627370e-008  0.0000e+000  3.3000e+000  3.3000e+000
 6.647370e-008  0.0000e+000  3.3000e+000  3.3000e+000
 6.667370e-008  0.0000e+000  3.3000e+000  3.3000e+000
 6.687370e-008  0.0000e+000  3.3000e+000  3.3000e+000
 6.707370e-008  0.0000e+000  3.3000e+000  3.3000e+000
 6.727370e-008  0.0000e+000  3.3000e+000  3.3000e+000
 6.747370e-008  0.0000e+000  3.3000e+000  3.3000e+000
 6.767370e-008  0.0000e+000  3.3000e+000  3.3000e+000
 6.787370e-008  0.0000e+000  3.3000e+000  3.3000e+000
 6.807370e-008  0.0000e+000  3.3000e+000  3.3000e+000
 6.827370e-008  0.0000e+000  3.3000e+000  3.3000e+000
 6.847370e-008  0.0000e+000  3.3000e+000  3.3000e+000
 6.867370e-008  0.0000e+000  3.3000e+000  3.3000e+000
 6.887370e-008  0.0000e+000  3.3000e+000  3.3000e+000
 6.907370e-008  0.0000e+000  3.3000e+000  3.3000e+000
 6.927370e-008  0.0000e+000  3.3000e+000  3.3000e+000
 6.947370e-008  0.0000e+000  3.3000e+000  3.3000e+000
 6.967370e-008  0.0000e+000  3.3000e+000  3.3000e+000
 6.987370e-008  0.0000e+000  3.3000e+000  3.3000e+000
 7.000000e-008  0.0000e+000  3.3000e+000  3.3000e+000
 7.0001000e-008  3.3000e+000  3.3000e+000  3.3113e+000
 7.00013150e-008  3.3000e+000  3.3000e+000  3.3095e+000
 7.0004465e-008  3.3000e+000  3.3000e+000  3.3001e+000
 7.001501e-008  3.3000e+000  3.3000e+000  3.2955e+000
 7.0021266e-008  3.3000e+000  3.3000e+000  3.3144e+000
 7.0025839e-008  3.3000e+000  3.3000e+000  3.3324e+000
 7.0029942e-008  3.3000e+000  3.3000e+000  3.3521e+000
 7.0034106e-008  3.3000e+000  3.3000e+000  3.3723e+000
 7.0039064e-008  3.3000e+000  3.3000e+000  3.3908e+000
 7.0044234e-008  3.3000e+000  3.3000e+000  3.4034e+000
 7.0049492e-008  3.3000e+000  3.3000e+000  3.4102e+000
 7.0055056e-008  3.3000e+000  3.3000e+000  3.4103e+000
 7.0061812e-008  3.3000e+000  3.3000e+000  3.4013e+000
 7.006899e-008  3.3000e+000  3.3000e+000  3.3865e+000
 7.0072566e-008  3.3000e+000  3.3000e+000  3.3796e+000
 7.0075582e-008  3.3000e+000  3.3000e+000  3.3753e+000
 7.0078823e-008  3.3000e+000  3.3000e+000  3.3721e+000
 7.0083381e-008  3.3000e+000  3.3000e+000  3.3669e+000
 7.009201e-008  3.3000e+000  3.3000e+000  3.3536e+000
 7.011150e-008  3.3000e+000  3.3000e+000  3.3238e+000
 7.015605e-008  3.3000e+000  3.3000e+000  3.2981e+000
 7.032861e-008  3.3000e+000  3.3000e+000  3.3013e+000
 7.052861e-008  3.3000e+000  3.3000e+000  3.2992e+000
 7.072861e-008  3.3000e+000  3.3000e+000  3.3005e+000
 7.092861e-008  3.3000e+000  3.3000e+000  3.2997e+000
 7.112861e-008  3.3000e+000  3.3000e+000  3.3002e+000
 7.132861e-008  3.3000e+000  3.3000e+000  3.2999e+000
 7.152861e-008  3.3000e+000  3.3000e+000  3.3000e+000
 7.172861e-008  3.3000e+000  3.3000e+000  3.3000e+000
 7.192861e-008  3.3000e+000  3.3000e+000  3.3000e+000
 7.212861e-008  3.3000e+000  3.3000e+000  3.3000e+000
 7.232861e-008  3.3000e+000  3.3000e+000  3.3000e+000
 7.252861e-008  3.3000e+000  3.3000e+000  3.3000e+000
 7.272861e-008  3.3000e+000  3.3000e+000  3.3000e+000
 7.292861e-008  3.3000e+000  3.3000e+000  3.3000e+000
 7.312861e-008  3.3000e+000  3.3000e+000  3.3000e+000
 7.332861e-008  3.3000e+000  3.3000e+000  3.3000e+000
 7.352861e-008  3.3000e+000  3.3000e+000  3.3000e+000
 7.372861e-008  3.3000e+000  3.3000e+000  3.3000e+000
 7.392861e-008  3.3000e+000  3.3000e+000  3.3000e+000
 7.412861e-008  3.3000e+000  3.3000e+000  3.3000e+000
 7.432861e-008  3.3000e+000  3.3000e+000  3.3000e+000
 7.452861e-008  3.3000e+000  3.3000e+000  3.3000e+000
 7.472861e-008  3.3000e+000  3.3000e+000  3.3000e+000
 7.492861e-008  3.3000e+000  3.3000e+000  3.3000e+000
 7.512861e-008  3.3000e+000  3.3000e+000  3.3000e+000
 7.532861e-008  3.3000e+000  3.3000e+000  3.3000e+000
 7.552861e-008  3.3000e+000  3.3000e+000  3.3000e+000
 7.572861e-008  3.3000e+000  3.3000e+000  3.3000e+000
 7.592861e-008  3.3000e+000  3.3000e+000  3.3000e+000
 7.612861e-008  3.3000e+000  3.3000e+000  3.3000e+000
 7.632861e-008  3.3000e+000  3.3000e+000  3.3000e+000
 7.652861e-008  3.3000e+000  3.3000e+000  3.3000e+000
 7.672861e-008  3.3000e+000  3.3000e+000  3.3000e+000
 7.692861e-008  3.3000e+000  3.3000e+000  3.3000e+000
 7.712861e-008  3.3000e+000  3.3000e+000  3.3000e+000
 7.732861e-008  3.3000e+000  3.3000e+000  3.3000e+000
 7.752861e-008  3.3000e+000  3.3000e+000  3.3000e+000
 7.772861e-008  3.3000e+000  3.3000e+000  3.3000e+000
 7.792861e-008  3.3000e+000  3.3000e+000  3.3000e+000
 7.812861e-008  3.3000e+000  3.3000e+000  3.3000e+000
 7.832861e-008  3.3000e+000  3.3000e+000  3.3000e+000
 7.852861e-008  3.3000e+000  3.3000e+000  3.3000e+000
 7.872861e-008  3.3000e+000  3.3000e+000  3.3000e+000
 7.892861e-008  3.3000e+000  3.3000e+000  3.3000e+000
 7.912861e-008  3.3000e+000  3.3000e+000  3.3000e+000
 7.932861e-008  3.3000e+000  3.3000e+000  3.3000e+000
 7.952861e-008  3.3000e+000  3.3000e+000  3.3000e+000
 7.972861e-008  3.3000e+000  3.3000e+000  3.3000e+000
 7.992861e-008  3.3000e+000  3.3000e+000  3.3000e+000
 8.012861e-008  3.3000e+000  3.3000e+000  3.3000e+000
 8.032861e-008  3.3000e+000  3.3000e+000  3.3000e+000
 8.052861e-008  3.3000e+000  3.3000e+000  3.3000e+000
 8.072861e-008  3.3000e+000  3.3000e+000  3.3000e+000
 8.092861e-008  3.3000e+000  3.3000e+000  3.3000e+000
 8.112861e-008  3.3000e+000  3.3000e+000  3.3000e+000
 8.132861e-008  3.3000e+000  3.3000e+000  3.3000e+000
 8.152861e-008  3.3000e+000  3.3000e+000  3.3000e+000
 8.172861e-008  3.3000e+000  3.3000e+000  3.3000e+000
 8.192861e-008  3.3000e+000  3.3000e+000  3.3000e+000
 8.212861e-008  3.3000e+000  3.3000e+000  3.3000e+000
 8.232861e-008  3.3000e+000  3.3000e+000  3.3000e+000
 8.252861e-008  3.3000e+000  3.3000e+000  3.3000e+000
 8.272861e-008  3.3000e+000  3.3000e+000  3.3000e+000
 8.292861e-008  3.3000e+000  3.3000e+000  3.3000e+000
 8.312861e-008  3.3000e+000  3.3000e+000  3.3000e+000
 8.332861e-008  3.3000e+000  3.3000e+000  3.3000e+000
 8.352861e-008  3.3000e+000  3.3000e+000  3.3000e+000
 8.372861e-008  3.3000e+000  3.3000e+000  3.3000e+000
 8.392861e-008  3.3000e+000  3.3000e+000  3.3000e+000
 8.412861e-008  3.3000e+000  3.3000e+000  3.3000e+000
 8.432861e-008  3.3000e+000  3.3000e+000  3.3000e+000
 8.452861e-008  3.3000e+000  3.3000e+000  3.3000e+000
 8.472861e-008  3.3000e+000  3.3000e+000  3.3000e+000
 8.492861e-008  3.3000e+000  3.3000e+000  3.3000e+000
 8.512861e-008  3.3000e+000  3.3000e+000  3.3000e+000
 8.532861e-008  3.3000e+000  3.3000e+000  3.3000e+000
 8.552861e-008  3.3000e+000  3.3000e+000  3.3000e+000
 8.572861e-008  3.3000e+000  3.3000e+000  3.3000e+000
 8.592861e-008  3.3000e+000  3.3000e+000  3.3000e+000
 8.612861e-008  3.3000e+000  3.3000e+000  3.3000e+000
 8.632861e-008  3.3000e+000  3.3000e+000  3.3000e+000
 8.652861e-008  3.3000e+000  3.3000e+000  3.3000e+000
 8.672861e-008  3.3000e+000  3.3000e+000  3.3000e+000
 8.692861e-008  3.3000e+000  3.3000e+000  3.3000e+000
 8.712861e-008  3.3000e+000  3.3000e+000  3.3000e+000
 8.732861e-008  3.3000e+000  3.3000e+000  3.3000e+000
 8.752861e-008  3.3000e+000  3.3000e+000  3.3000e+000
 8.772861e-008  3.3000e+000  3.3000e+000  3.3000e+000
 8.792861e-008  3.3000e+000  3.3000e+000  3.3000e+000
 8.812861e-008  3.3000e+000  3.3000e+000  3.3000e+000
 8.832861e-008  3.3000e+000  3.3000e+000  3.3000e+000
 8.852861e-008  3.3000e+000  3.3000e+000  3.3000e+000
 8.872861e-008  3.3000e+000  3.3000e+000  3.3000e+000
 8.892861e-008  3.3000e+000  3.3000e+000  3.3000e+000
 8.912861e-008  3.3000e+000  3.3000e+000  3.3000e+000
 8.932861e-008  3.3000e+000  3.3000e+000  3.3000e+000
 8.952861e-008  3.3000e+000  3.3000e+000  3.3000e+000
 8.972861e-008  3.3000e+000  3.3000e+000  3.3000e+000
 8.992861e-008  3.3000e+000  3.3000e+000  3.3000e+000
 9.012861e-008  3.3000e+000  3.3000e+000  3.3000e+000
 9.032861e-008  3.3000e+000  3.3000e+000  3.3000e+000
 9.052861e-008  3.3000e+000  3.3000e+000  3.3000e+000
 9.072861e-008  3.3000e+000  3.3000e+000  3.3000e+000
 9.092861e-008  3.3000e+000  3.3000e+000  3.3000e+000
 9.112861e-008  3.3000e+000  3.3000e+000  3.3000e+000
 9.132861e-008  3.3000e+000  3.3000e+000  3.3000e+000
 9.152861e-008  3.3000e+000  3.3000e+000  3.3000e+000
 9.172861e-008  3.3000e+000  3.3000e+000  3.3000e+000
 9.192861e-008  3.3000e+000  3.3000e+000  3.3000e+000
 9.212861e-008  3.3000e+000  3.3000e+000  3.3000e+000
 9.232861e-008  3.3000e+000  3.3000e+000  3.3000e+000
 9.252861e-008  3.3000e+000  3.3000e+000  3.3000e+000
 9.272861e-008  3.3000e+000  3.3000e+000  3.3000e+000
 9.292861e-008  3.3000e+000  3.3000e+000  3.3000e+000
 9.312861e-008  3.3000e+000  3.3000e+000  3.3000e+000
 9.332861e-008  3.3000e+000  3.3000e+000  3.3000e+000
 9.352861e-008  3.3000e+000  3.3000e+000  3.3000e+000
 9.372861e-008  3.3000e+000  3.3000e+000  3.3000e+000
 9.392861e-008  3.3000e+000  3.3000e+000  3.3000e+000
 9.412861e-008  3.3000e+000  3.3000e+000  3.3000e+000
 9.432861e-008  3.3000e+000  3.3000e+000  3.3000e+000
 9.452861e-008  3.3000e+000  3.3000e+000  3.3000e+000
 9.472861e-008  3.3000e+000  3.3000e+000  3.3000e+000
 9.492861e-008  3.3000e+000  3.3000e+000  3.3000e+000
 9.512861e-008  3.3000e+000  3.3000e+000  3.3000e+000
 9.532861e-008  3.3000e+000  3.3000e+000  3.3000e+000
 9.552861e-008  3.3000e+000  3.3000e+000  3.3000e+000
 9.572861e-008  3.3000e+000  3.3000e+000  3.3000e+000
 9.592861e-008  3.3000e+000  3.3000e+000  3.3000e+000
 9.612861e-008  3.3000e+000  3.3000e+000  3.3000e+000
 9.632861e-008  3.3000e+000  3.3000e+000  3.3000e+000
 9.652861e-008  3.3000e+000  3.3000e+000  3.3000e+000
 9.672861e-008  3.3000e+000  3.3000e+000  3.3000e+000
 9.692861e-008  3.3000e+000  3.3000e+000  3.3000e+000
 9.712861e-008  3.3000e+000  3.3000e+000  3.3000e+000
 9.732861e-008  3.3000e+000  3.3000e+000  3.3000e+000
 9.752861e-008  3.3000e+000  3.3000e+000  3.3000e+000
 9.772861e-008  3.3000e+000  3.3000e+000  3.3000e+000
 9.792861e-008  3.3000e+000  3.3000e+000  3.3000e+000
 9.812861e-008  3.3000e+000  3.3000e+000  3.3000e+000
 9.832861e-008  3.3000e+000  3.3000e+000  3.3000e+000
 9.852861e-008  3.3000e+000  3.3000e+000  3.3000e+000
 9.872861e-008  3.3000e+000  3.3000e+000  3.3000e+000
 9.892861e-008  3.3000e+000  3.3000e+000  3.3000e+000
 9.912861e-008  3.3000e+000  3.3000e+000  3.3000e+000
 9.932861e-008  3.3000e+000  3.3000e+000  3.3000e+000
 9.952861e-008  3.3000e+000  3.3000e+000  3.3000e+000
 9.972861e-008  3.3000e+000  3.3000e+000  3.3000e+000
 9.992861e-008  3.3000e+000  3.3000e+000  3.3000e+000
 1.000000e-007  3.3000e+000  3.3000e+000  3.3000e+000
*

* Parsing                      0.01 seconds
* Setup                        0.11 seconds
* DC operating point           0.00 seconds
* Transient Analysis           0.04 seconds
* Overhead                     1.24 seconds
* -----------------------------------------
* Total                        1.41 seconds

* Simulation completed

* End of T-Spice output file
