* T-Spice 13.00 Simulation	Sat Feb 02 00:13:56 2019	C:\Users\makif\Google Drive\TEZ ÇALIÞMAM\çizim\Counter_TDC\Counter_TDC\S_T_4.sp
* Command line: tspice -o "C:\Users\makif\Google Drive\TEZ ÇALIÞMAM\çizim\Counter_TDC\Counter_TDC\S_T_4.out" "C:\Users\makif\Google Drive\TEZ ÇALIÞMAM\çizim\Counter_TDC\Counter_TDC\S_T_4.sp" 
* T-Spice Win32 13.00.20080321.01:01:33
* Warning : "130nm.md" line 1 Invalid binned model NMOS
*         : "130nm.md" line 1 Binned models must define LMIN, LMAX, WMIN, and WMAX, and have a name suffix of .# (e.g. nch.1)
* Warning : "130nm.md" line 142 Invalid binned model PMOS
*         : "130nm.md" line 142 Binned models must define LMIN, LMAX, WMIN, and WMAX, and have a name suffix of .# (e.g. nch.1)
* Warning : Device MNMOS_1 - Acde = 0.3 is too small.

*SEDIT: Alter blocks = 0

* Accuracy and Convergence options:
* numndset|dchold = 100
* 
* Timestep and Integration options:
*  relq|relchgtol = 0.0005
* 
* Model Evaluation options:
*            dcap = 2                    defnrb = 0 [sq]               defnrd = 0 [sq]
*          defnrs = 0 [sq]                 tnom = 25 [deg C]
* 
* General options:
*            temp = 25 [deg C]          threads = 8
* 
* Output options:
*           acout = 1                    ingold = 0
* 


*  Device and node counts:
*             MOSFETs - 14                MOSFET geometries - 4       
*                BJTs - 0                             JFETs - 0       
*             MESFETs - 0                            Diodes - 0       
*          Capacitors - 0                         Resistors - 0       
*           Inductors - 0                  Mutual inductors - 0       
*  Transmission lines - 0        Coupled transmission lines - 0       
*     Voltage sources - 3                   Current sources - 0       
*                VCVS - 0                              VCCS - 0       
*                CCVS - 0                              CCCS - 0       
*    V-control switch - 0                  I-control switch - 0       
*       Macro devices - 0        External C model instances - 0       
*         HDL devices - 0       
*         Subcircuits - 0              Subcircuit instances - 0       
*   Independent nodes - 35                   Boundary nodes - 4       
*         Total nodes - 39      

* *** 4 WARNING MESSAGES GENERATED DURING SETUP


*SEDIT: Alter=0
*SEDIT: Analysis types DCOP 0 ACMODEL 0 AC 0 TRANSIENT 1 TRANSFER 0 NOISE 0 

*WEDIT: .tran   1e-013   1e-010
TRANSIENT ANALYSIS
Time<s>        v(In,Gnd)<V>  v(Out,Gnd)<V>
 0.000000e+000  0.0000e+000  3.2999e+000
 6.250000e-015  0.0000e+000  3.2999e+000
 6.875000e-014  0.0000e+000  3.2999e+000
 2.687500e-013  0.0000e+000  3.2999e+000
 4.687500e-013  0.0000e+000  3.2999e+000
 6.687500e-013  0.0000e+000  3.2999e+000
 8.687500e-013  0.0000e+000  3.2999e+000
 1.068749e-012  0.0000e+000  3.2999e+000
 1.268749e-012  0.0000e+000  3.2999e+000
 1.468749e-012  0.0000e+000  3.2999e+000
 1.668749e-012  0.0000e+000  3.2999e+000
 1.868749e-012  0.0000e+000  3.2999e+000
 2.068749e-012  0.0000e+000  3.2999e+000
 2.268749e-012  0.0000e+000  3.2999e+000
 2.468749e-012  0.0000e+000  3.2999e+000
 2.668749e-012  0.0000e+000  3.2999e+000
 2.868749e-012  0.0000e+000  3.2999e+000
 3.068749e-012  0.0000e+000  3.2999e+000
 3.268749e-012  0.0000e+000  3.2999e+000
 3.468749e-012  0.0000e+000  3.2999e+000
 3.668749e-012  0.0000e+000  3.2999e+000
 3.868749e-012  0.0000e+000  3.2999e+000
 4.068749e-012  0.0000e+000  3.2999e+000
 4.268749e-012  0.0000e+000  3.2999e+000
 4.468749e-012  0.0000e+000  3.2999e+000
 4.668749e-012  0.0000e+000  3.2999e+000
 4.868749e-012  0.0000e+000  3.2999e+000
 5.068749e-012  0.0000e+000  3.2999e+000
 5.268749e-012  0.0000e+000  3.2999e+000
 5.468749e-012  0.0000e+000  3.2999e+000
 5.668749e-012  0.0000e+000  3.2999e+000
 5.868749e-012  0.0000e+000  3.2999e+000
 6.068749e-012  0.0000e+000  3.2999e+000
 6.268749e-012  0.0000e+000  3.2999e+000
 6.468749e-012  0.0000e+000  3.2999e+000
 6.668749e-012  0.0000e+000  3.2999e+000
 6.868749e-012  0.0000e+000  3.2999e+000
 7.068749e-012  0.0000e+000  3.2999e+000
 7.268749e-012  0.0000e+000  3.2999e+000
 7.468749e-012  0.0000e+000  3.2999e+000
 7.668749e-012  0.0000e+000  3.2999e+000
 7.868749e-012  0.0000e+000  3.2999e+000
 8.068749e-012  0.0000e+000  3.2999e+000
 8.268749e-012  0.0000e+000  3.2999e+000
 8.468749e-012  0.0000e+000  3.2999e+000
 8.668749e-012  0.0000e+000  3.2999e+000
 8.868749e-012  0.0000e+000  3.2999e+000
 9.068749e-012  0.0000e+000  3.2999e+000
 9.268749e-012  0.0000e+000  3.2999e+000
 9.468749e-012  0.0000e+000  3.2999e+000
 9.668749e-012  0.0000e+000  3.2999e+000
 9.868749e-012  0.0000e+000  3.2999e+000
 1.006874e-011  0.0000e+000  3.2999e+000
 1.026874e-011  0.0000e+000  3.2999e+000
 1.046874e-011  0.0000e+000  3.2999e+000
 1.066874e-011  0.0000e+000  3.2999e+000
 1.086874e-011  0.0000e+000  3.2999e+000
 1.106874e-011  0.0000e+000  3.2999e+000
 1.126874e-011  0.0000e+000  3.2999e+000
 1.146874e-011  0.0000e+000  3.2999e+000
 1.166874e-011  0.0000e+000  3.2999e+000
 1.186874e-011  0.0000e+000  3.2999e+000
 1.206874e-011  0.0000e+000  3.2999e+000
 1.226874e-011  0.0000e+000  3.2999e+000
 1.246874e-011  0.0000e+000  3.2999e+000
 1.266874e-011  0.0000e+000  3.2999e+000
 1.286874e-011  0.0000e+000  3.2999e+000
 1.306874e-011  0.0000e+000  3.2999e+000
 1.326874e-011  0.0000e+000  3.2999e+000
 1.346874e-011  0.0000e+000  3.2999e+000
 1.366874e-011  0.0000e+000  3.2999e+000
 1.386874e-011  0.0000e+000  3.2999e+000
 1.406874e-011  0.0000e+000  3.2999e+000
 1.426874e-011  0.0000e+000  3.2999e+000
 1.446874e-011  0.0000e+000  3.2999e+000
 1.466874e-011  0.0000e+000  3.2999e+000
 1.486874e-011  0.0000e+000  3.2999e+000
 1.506874e-011  0.0000e+000  3.2999e+000
 1.526874e-011  0.0000e+000  3.2999e+000
 1.546874e-011  0.0000e+000  3.2999e+000
 1.566874e-011  0.0000e+000  3.2999e+000
 1.586874e-011  0.0000e+000  3.2999e+000
 1.606874e-011  0.0000e+000  3.2999e+000
 1.626874e-011  0.0000e+000  3.2999e+000
 1.646874e-011  0.0000e+000  3.2999e+000
 1.666874e-011  0.0000e+000  3.2999e+000
 1.686874e-011  0.0000e+000  3.2999e+000
 1.706874e-011  0.0000e+000  3.2999e+000
 1.726874e-011  0.0000e+000  3.2999e+000
 1.746874e-011  0.0000e+000  3.2999e+000
 1.766874e-011  0.0000e+000  3.2999e+000
 1.786874e-011  0.0000e+000  3.2999e+000
 1.806874e-011  0.0000e+000  3.2999e+000
 1.826874e-011  0.0000e+000  3.2999e+000
 1.846874e-011  0.0000e+000  3.2999e+000
 1.866874e-011  0.0000e+000  3.2999e+000
 1.886874e-011  0.0000e+000  3.2999e+000
 1.906874e-011  0.0000e+000  3.2999e+000
 1.926874e-011  0.0000e+000  3.2999e+000
 1.946874e-011  0.0000e+000  3.2999e+000
 1.966874e-011  0.0000e+000  3.2999e+000
 1.986874e-011  0.0000e+000  3.2999e+000
 1.999999e-011  0.0000e+000  3.2999e+000
 2.000999e-011  3.3000e+000  3.4069e+000
 2.001499e-011  3.3000e+000  3.4119e+000
 2.002561e-011  3.3000e+000  3.4109e+000
 2.006386e-011  3.3000e+000  3.4057e+000
 2.012134e-011  3.3000e+000  3.3990e+000
 2.032134e-011  3.3000e+000  3.3778e+000
 2.052134e-011  3.3000e+000  3.3603e+000
 2.072134e-011  3.3000e+000  3.3468e+000
 2.092134e-011  3.3000e+000  3.3348e+000
 2.112134e-011  3.3000e+000  3.3245e+000
 2.132134e-011  3.3000e+000  3.3153e+000
 2.152134e-011  3.3000e+000  3.3076e+000
 2.172134e-011  3.3000e+000  3.3005e+000
 2.192134e-011  3.3000e+000  3.2944e+000
 2.212134e-011  3.3000e+000  3.2886e+000
 2.232134e-011  3.3000e+000  3.2835e+000
 2.252134e-011  3.3000e+000  3.2783e+000
 2.272134e-011  3.3000e+000  3.2735e+000
 2.292134e-011  3.3000e+000  3.2685e+000
 2.312134e-011  3.3000e+000  3.2637e+000
 2.332134e-011  3.3000e+000  3.2586e+000
 2.352134e-011  3.3000e+000  3.2538e+000
 2.372134e-011  3.3000e+000  3.2486e+000
 2.392134e-011  3.3000e+000  3.2436e+000
 2.412134e-011  3.3000e+000  3.2384e+000
 2.432134e-011  3.3000e+000  3.2333e+000
 2.452134e-011  3.3000e+000  3.2281e+000
 2.472134e-011  3.3000e+000  3.2230e+000
 2.492134e-011  3.3000e+000  3.2177e+000
 2.512134e-011  3.3000e+000  3.2127e+000
 2.532134e-011  3.3000e+000  3.2075e+000
 2.552134e-011  3.3000e+000  3.2025e+000
 2.572134e-011  3.3000e+000  3.1976e+000
 2.592134e-011  3.3000e+000  3.1928e+000
 2.612134e-011  3.3000e+000  3.1879e+000
 2.632134e-011  3.3000e+000  3.1833e+000
 2.652134e-011  3.3000e+000  3.1785e+000
 2.672134e-011  3.3000e+000  3.1740e+000
 2.692134e-011  3.3000e+000  3.1693e+000
 2.712134e-011  3.3000e+000  3.1649e+000
 2.732134e-011  3.3000e+000  3.1603e+000
 2.752134e-011  3.3000e+000  3.1560e+000
 2.772134e-011  3.3000e+000  3.1516e+000
 2.792134e-011  3.3000e+000  3.1474e+000
 2.812134e-011  3.3000e+000  3.1431e+000
 2.832134e-011  3.3000e+000  3.1391e+000
 2.852134e-011  3.3000e+000  3.1349e+000
 2.872134e-011  3.3000e+000  3.1309e+000
 2.892134e-011  3.3000e+000  3.1269e+000
 2.912134e-011  3.3000e+000  3.1230e+000
 2.932134e-011  3.3000e+000  3.1191e+000
 2.952134e-011  3.3000e+000  3.1154e+000
 2.972134e-011  3.3000e+000  3.1116e+000
 2.992134e-011  3.3000e+000  3.1080e+000
 3.012134e-011  3.3000e+000  3.1042e+000
 3.032134e-011  3.3000e+000  3.1007e+000
 3.052134e-011  3.3000e+000  3.0971e+000
 3.072134e-011  3.3000e+000  3.0937e+000
 3.092134e-011  3.3000e+000  3.0902e+000
 3.112134e-011  3.3000e+000  3.0869e+000
 3.132134e-011  3.3000e+000  3.0836e+000
 3.152134e-011  3.3000e+000  3.0804e+000
 3.172134e-011  3.3000e+000  3.0771e+000
 3.192134e-011  3.3000e+000  3.0739e+000
 3.212134e-011  3.3000e+000  3.0707e+000
 3.232134e-011  3.3000e+000  3.0677e+000
 3.252134e-011  3.3000e+000  3.0646e+000
 3.272134e-011  3.3000e+000  3.0617e+000
 3.292134e-011  3.3000e+000  3.0587e+000
 3.312134e-011  3.3000e+000  3.0558e+000
 3.332134e-011  3.3000e+000  3.0529e+000
 3.352134e-011  3.3000e+000  3.0501e+000
 3.372134e-011  3.3000e+000  3.0473e+000
 3.392134e-011  3.3000e+000  3.0446e+000
 3.412134e-011  3.3000e+000  3.0418e+000
 3.432134e-011  3.3000e+000  3.0392e+000
 3.452134e-011  3.3000e+000  3.0365e+000
 3.472134e-011  3.3000e+000  3.0340e+000
 3.492134e-011  3.3000e+000  3.0313e+000
 3.512134e-011  3.3000e+000  3.0289e+000
 3.532134e-011  3.3000e+000  3.0263e+000
 3.552134e-011  3.3000e+000  3.0239e+000
 3.572134e-011  3.3000e+000  3.0215e+000
 3.592134e-011  3.3000e+000  3.0191e+000
 3.612134e-011  3.3000e+000  3.0167e+000
 3.632134e-011  3.3000e+000  3.0145e+000
 3.652134e-011  3.3000e+000  3.0121e+000
 3.672134e-011  3.3000e+000  3.0099e+000
 3.692134e-011  3.3000e+000  3.0076e+000
 3.712134e-011  3.3000e+000  3.0055e+000
 3.732134e-011  3.3000e+000  3.0033e+000
 3.752134e-011  3.3000e+000  3.0012e+000
 3.772134e-011  3.3000e+000  2.9990e+000
 3.792134e-011  3.3000e+000  2.9970e+000
 3.812134e-011  3.3000e+000  2.9949e+000
 3.832134e-011  3.3000e+000  2.9929e+000
 3.852134e-011  3.3000e+000  2.9909e+000
 3.872134e-011  3.3000e+000  2.9889e+000
 3.892134e-011  3.3000e+000  2.9869e+000
 3.912134e-011  3.3000e+000  2.9851e+000
 3.932134e-011  3.3000e+000  2.9831e+000
 3.952134e-011  3.3000e+000  2.9813e+000
 3.972134e-011  3.3000e+000  2.9794e+000
 3.992134e-011  3.3000e+000  2.9776e+000
 4.012134e-011  3.3000e+000  2.9758e+000
 4.032134e-011  3.3000e+000  2.9741e+000
 4.052134e-011  3.3000e+000  2.9723e+000
 4.072134e-011  3.3000e+000  2.9706e+000
 4.092134e-011  3.3000e+000  2.9689e+000
 4.112134e-011  3.3000e+000  2.9672e+000
 4.132134e-011  3.3000e+000  2.9655e+000
 4.152134e-011  3.3000e+000  2.9639e+000
 4.172134e-011  3.3000e+000  2.9623e+000
 4.192134e-011  3.3000e+000  2.9607e+000
 4.212134e-011  3.3000e+000  2.9591e+000
 4.232134e-011  3.3000e+000  2.9576e+000
 4.252134e-011  3.3000e+000  2.9560e+000
 4.272134e-011  3.3000e+000  2.9546e+000
 4.292134e-011  3.3000e+000  2.9530e+000
 4.312134e-011  3.3000e+000  2.9516e+000
 4.332134e-011  3.3000e+000  2.9501e+000
 4.352134e-011  3.3000e+000  2.9487e+000
 4.372134e-011  3.3000e+000  2.9472e+000
 4.392134e-011  3.3000e+000  2.9459e+000
 4.412134e-011  3.3000e+000  2.9445e+000
 4.432134e-011  3.3000e+000  2.9431e+000
 4.452134e-011  3.3000e+000  2.9418e+000
 4.472134e-011  3.3000e+000  2.9405e+000
 4.492134e-011  3.3000e+000  2.9391e+000
 4.512134e-011  3.3000e+000  2.9379e+000
 4.532134e-011  3.3000e+000  2.9365e+000
 4.552134e-011  3.3000e+000  2.9353e+000
 4.572134e-011  3.3000e+000  2.9340e+000
 4.592134e-011  3.3000e+000  2.9328e+000
 4.612134e-011  3.3000e+000  2.9316e+000
 4.632134e-011  3.3000e+000  2.9304e+000
 4.652134e-011  3.3000e+000  2.9292e+000
 4.672134e-011  3.3000e+000  2.9281e+000
 4.692134e-011  3.3000e+000  2.9269e+000
 4.712134e-011  3.3000e+000  2.9258e+000
 4.732134e-011  3.3000e+000  2.9246e+000
 4.752134e-011  3.3000e+000  2.9235e+000
 4.772134e-011  3.3000e+000  2.9224e+000
 4.792134e-011  3.3000e+000  2.9213e+000
 4.812134e-011  3.3000e+000  2.9202e+000
 4.832134e-011  3.3000e+000  2.9192e+000
 4.852134e-011  3.3000e+000  2.9181e+000
 4.872134e-011  3.3000e+000  2.9171e+000
 4.892134e-011  3.3000e+000  2.9161e+000
 4.912134e-011  3.3000e+000  2.9151e+000
 4.932134e-011  3.3000e+000  2.9141e+000
 4.952134e-011  3.3000e+000  2.9131e+000
 4.972134e-011  3.3000e+000  2.9121e+000
 4.992134e-011  3.3000e+000  2.9112e+000
 5.012134e-011  3.3000e+000  2.9102e+000
 5.032134e-011  3.3000e+000  2.9093e+000
 5.052134e-011  3.3000e+000  2.9084e+000
 5.072134e-011  3.3000e+000  2.9075e+000
 5.092134e-011  3.3000e+000  2.9066e+000
 5.112134e-011  3.3000e+000  2.9057e+000
 5.132134e-011  3.3000e+000  2.9048e+000
 5.152134e-011  3.3000e+000  2.9040e+000
 5.172134e-011  3.3000e+000  2.9031e+000
 5.192134e-011  3.3000e+000  2.9023e+000
 5.212134e-011  3.3000e+000  2.9014e+000
 5.232134e-011  3.3000e+000  2.9006e+000
 5.252134e-011  3.3000e+000  2.8998e+000
 5.272134e-011  3.3000e+000  2.8990e+000
 5.292134e-011  3.3000e+000  2.8982e+000
 5.312134e-011  3.3000e+000  2.8974e+000
 5.332134e-011  3.3000e+000  2.8966e+000
 5.352134e-011  3.3000e+000  2.8959e+000
 5.372134e-011  3.3000e+000  2.8951e+000
 5.392134e-011  3.3000e+000  2.8944e+000
 5.412134e-011  3.3000e+000  2.8936e+000
 5.432134e-011  3.3000e+000  2.8929e+000
 5.452134e-011  3.3000e+000  2.8922e+000
 5.472134e-011  3.3000e+000  2.8915e+000
 5.492134e-011  3.3000e+000  2.8908e+000
 5.512134e-011  3.3000e+000  2.8901e+000
 5.532134e-011  3.3000e+000  2.8894e+000
 5.552134e-011  3.3000e+000  2.8887e+000
 5.572134e-011  3.3000e+000  2.8881e+000
 5.592134e-011  3.3000e+000  2.8874e+000
 5.612134e-011  3.3000e+000  2.8867e+000
 5.632134e-011  3.3000e+000  2.8861e+000
 5.652134e-011  3.3000e+000  2.8855e+000
 5.672134e-011  3.3000e+000  2.8849e+000
 5.692134e-011  3.3000e+000  2.8842e+000
 5.712134e-011  3.3000e+000  2.8836e+000
 5.732134e-011  3.3000e+000  2.8830e+000
 5.752134e-011  3.3000e+000  2.8824e+000
 5.772134e-011  3.3000e+000  2.8818e+000
 5.792134e-011  3.3000e+000  2.8813e+000
 5.812134e-011  3.3000e+000  2.8807e+000
 5.832134e-011  3.3000e+000  2.8801e+000
 5.852134e-011  3.3000e+000  2.8795e+000
 5.872134e-011  3.3000e+000  2.8790e+000
 5.892134e-011  3.3000e+000  2.8784e+000
 5.912134e-011  3.3000e+000  2.8779e+000
 5.932134e-011  3.3000e+000  2.8773e+000
 5.952134e-011  3.3000e+000  2.8768e+000
 5.972134e-011  3.3000e+000  2.8763e+000
 5.992134e-011  3.3000e+000  2.8758e+000
 6.012134e-011  3.3000e+000  2.8753e+000
 6.032134e-011  3.3000e+000  2.8748e+000
 6.052134e-011  3.3000e+000  2.8743e+000
 6.072134e-011  3.3000e+000  2.8738e+000
 6.092134e-011  3.3000e+000  2.8733e+000
 6.112134e-011  3.3000e+000  2.8728e+000
 6.132134e-011  3.3000e+000  2.8723e+000
 6.152134e-011  3.3000e+000  2.8719e+000
 6.172134e-011  3.3000e+000  2.8714e+000
 6.192134e-011  3.3000e+000  2.8710e+000
 6.212134e-011  3.3000e+000  2.8705e+000
 6.232134e-011  3.3000e+000  2.8701e+000
 6.252134e-011  3.3000e+000  2.8696e+000
 6.272134e-011  3.3000e+000  2.8692e+000
 6.292134e-011  3.3000e+000  2.8687e+000
 6.312134e-011  3.3000e+000  2.8683e+000
 6.332134e-011  3.3000e+000  2.8679e+000
 6.352134e-011  3.3000e+000  2.8675e+000
 6.372134e-011  3.3000e+000  2.8671e+000
 6.392134e-011  3.3000e+000  2.8667e+000
 6.412134e-011  3.3000e+000  2.8662e+000
 6.432134e-011  3.3000e+000  2.8659e+000
 6.452134e-011  3.3000e+000  2.8655e+000
 6.472134e-011  3.3000e+000  2.8651e+000
 6.492134e-011  3.3000e+000  2.8647e+000
 6.512134e-011  3.3000e+000  2.8643e+000
 6.532134e-011  3.3000e+000  2.8639e+000
 6.552134e-011  3.3000e+000  2.8636e+000
 6.572134e-011  3.3000e+000  2.8632e+000
 6.592134e-011  3.3000e+000  2.8629e+000
 6.612134e-011  3.3000e+000  2.8625e+000
 6.632134e-011  3.3000e+000  2.8622e+000
 6.652134e-011  3.3000e+000  2.8618e+000
 6.672134e-011  3.3000e+000  2.8615e+000
 6.692134e-011  3.3000e+000  2.8611e+000
 6.712134e-011  3.3000e+000  2.8608e+000
 6.732134e-011  3.3000e+000  2.8605e+000
 6.752134e-011  3.3000e+000  2.8601e+000
 6.772134e-011  3.3000e+000  2.8598e+000
 6.792134e-011  3.3000e+000  2.8595e+000
 6.812134e-011  3.3000e+000  2.8592e+000
 6.832134e-011  3.3000e+000  2.8589e+000
 6.852134e-011  3.3000e+000  2.8586e+000
 6.872134e-011  3.3000e+000  2.8583e+000
 6.892134e-011  3.3000e+000  2.8579e+000
 6.912134e-011  3.3000e+000  2.8577e+000
 6.932134e-011  3.3000e+000  2.8574e+000
 6.952134e-011  3.3000e+000  2.8571e+000
 6.972134e-011  3.3000e+000  2.8568e+000
 6.992134e-011  3.3000e+000  2.8565e+000
 7.012134e-011  3.3000e+000  2.8562e+000
 7.032134e-011  3.3000e+000  2.8560e+000
 7.052134e-011  3.3000e+000  2.8557e+000
 7.072134e-011  3.3000e+000  2.8554e+000
 7.092134e-011  3.3000e+000  2.8551e+000
 7.112134e-011  3.3000e+000  2.8549e+000
 7.132134e-011  3.3000e+000  2.8546e+000
 7.152134e-011  3.3000e+000  2.8544e+000
 7.172134e-011  3.3000e+000  2.8541e+000
 7.192134e-011  3.3000e+000  2.8539e+000
 7.212134e-011  3.3000e+000  2.8536e+000
 7.232134e-011  3.3000e+000  2.8534e+000
 7.252134e-011  3.3000e+000  2.8531e+000
 7.272134e-011  3.3000e+000  2.8529e+000
 7.292134e-011  3.3000e+000  2.8526e+000
 7.312134e-011  3.3000e+000  2.8524e+000
 7.332134e-011  3.3000e+000  2.8522e+000
 7.352134e-011  3.3000e+000  2.8520e+000
 7.372134e-011  3.3000e+000  2.8517e+000
 7.392134e-011  3.3000e+000  2.8515e+000
 7.412134e-011  3.3000e+000  2.8513e+000
 7.432134e-011  3.3000e+000  2.8511e+000
 7.452134e-011  3.3000e+000  2.8509e+000
 7.472134e-011  3.3000e+000  2.8507e+000
 7.492134e-011  3.3000e+000  2.8504e+000
 7.512134e-011  3.3000e+000  2.8502e+000
 7.532134e-011  3.3000e+000  2.8500e+000
 7.552134e-011  3.3000e+000  2.8498e+000
 7.572134e-011  3.3000e+000  2.8496e+000
 7.592134e-011  3.3000e+000  2.8494e+000
 7.612134e-011  3.3000e+000  2.8492e+000
 7.632134e-011  3.3000e+000  2.8490e+000
 7.652134e-011  3.3000e+000  2.8488e+000
 7.672134e-011  3.3000e+000  2.8487e+000
 7.692134e-011  3.3000e+000  2.8485e+000
 7.712134e-011  3.3000e+000  2.8483e+000
 7.732134e-011  3.3000e+000  2.8481e+000
 7.752134e-011  3.3000e+000  2.8479e+000
 7.772134e-011  3.3000e+000  2.8478e+000
 7.792134e-011  3.3000e+000  2.8476e+000
 7.812134e-011  3.3000e+000  2.8474e+000
 7.832134e-011  3.3000e+000  2.8472e+000
 7.852134e-011  3.3000e+000  2.8471e+000
 7.872134e-011  3.3000e+000  2.8469e+000
 7.892134e-011  3.3000e+000  2.8467e+000
 7.912134e-011  3.3000e+000  2.8466e+000
 7.932134e-011  3.3000e+000  2.8464e+000
 7.952134e-011  3.3000e+000  2.8463e+000
 7.972134e-011  3.3000e+000  2.8461e+000
 7.992134e-011  3.3000e+000  2.8459e+000
 7.999999e-011  3.3000e+000  2.8459e+000
 8.000999e-011  0.0000e+000  2.7426e+000
 8.0014999e-011  0.0000e+000  2.7390e+000
 8.003130e-011  0.0000e+000  2.7392e+000
 8.019430e-011  0.0000e+000  2.7455e+000
 8.027580e-011  0.0000e+000  2.7489e+000
 8.047580e-011  0.0000e+000  2.7581e+000
 8.067580e-011  0.0000e+000  2.7675e+000
 8.087580e-011  0.0000e+000  2.7775e+000
 8.107580e-011  0.0000e+000  2.7875e+000
 8.127580e-011  0.0000e+000  2.7979e+000
 8.147580e-011  0.0000e+000  2.8082e+000
 8.167580e-011  0.0000e+000  2.8187e+000
 8.187580e-011  0.0000e+000  2.8289e+000
 8.207580e-011  0.0000e+000  2.8392e+000
 8.227580e-011  0.0000e+000  2.8491e+000
 8.247580e-011  0.0000e+000  2.8590e+000
 8.267580e-011  0.0000e+000  2.8686e+000
 8.287580e-011  0.0000e+000  2.8779e+000
 8.307580e-011  0.0000e+000  2.8870e+000
 8.327580e-011  0.0000e+000  2.8958e+000
 8.347580e-011  0.0000e+000  2.9043e+000
 8.367580e-011  0.0000e+000  2.9125e+000
 8.387580e-011  0.0000e+000  2.9205e+000
 8.407580e-011  0.0000e+000  2.9282e+000
 8.427580e-011  0.0000e+000  2.9356e+000
 8.447580e-011  0.0000e+000  2.9429e+000
 8.467580e-011  0.0000e+000  2.9499e+000
 8.487580e-011  0.0000e+000  2.9567e+000
 8.507580e-011  0.0000e+000  2.9633e+000
 8.527580e-011  0.0000e+000  2.9697e+000
 8.547580e-011  0.0000e+000  2.9759e+000
 8.567580e-011  0.0000e+000  2.9819e+000
 8.587580e-011  0.0000e+000  2.9878e+000
 8.607580e-011  0.0000e+000  2.9935e+000
 8.627580e-011  0.0000e+000  2.9991e+000
 8.647580e-011  0.0000e+000  3.0045e+000
 8.667580e-011  0.0000e+000  3.0098e+000
 8.687580e-011  0.0000e+000  3.0149e+000
 8.707580e-011  0.0000e+000  3.0199e+000
 8.727580e-011  0.0000e+000  3.0247e+000
 8.747580e-011  0.0000e+000  3.0294e+000
 8.767580e-011  0.0000e+000  3.0339e+000
 8.787580e-011  0.0000e+000  3.0384e+000
 8.807580e-011  0.0000e+000  3.0426e+000
 8.827580e-011  0.0000e+000  3.0468e+000
 8.847580e-011  0.0000e+000  3.0508e+000
 8.867580e-011  0.0000e+000  3.0548e+000
 8.887580e-011  0.0000e+000  3.0586e+000
 8.907580e-011  0.0000e+000  3.0623e+000
 8.927580e-011  0.0000e+000  3.0659e+000
 8.947580e-011  0.0000e+000  3.0694e+000
 8.967580e-011  0.0000e+000  3.0728e+000
 8.987580e-011  0.0000e+000  3.0762e+000
 9.007580e-011  0.0000e+000  3.0794e+000
 9.027580e-011  0.0000e+000  3.0826e+000
 9.047580e-011  0.0000e+000  3.0857e+000
 9.067580e-011  0.0000e+000  3.0888e+000
 9.087580e-011  0.0000e+000  3.0918e+000
 9.107580e-011  0.0000e+000  3.0947e+000
 9.127580e-011  0.0000e+000  3.0976e+000
 9.147580e-011  0.0000e+000  3.1004e+000
 9.167580e-011  0.0000e+000  3.1032e+000
 9.187580e-011  0.0000e+000  3.1059e+000
 9.207580e-011  0.0000e+000  3.1086e+000
 9.227580e-011  0.0000e+000  3.1113e+000
 9.247580e-011  0.0000e+000  3.1138e+000
 9.267580e-011  0.0000e+000  3.1164e+000
 9.287580e-011  0.0000e+000  3.1189e+000
 9.307580e-011  0.0000e+000  3.1214e+000
 9.327580e-011  0.0000e+000  3.1238e+000
 9.347580e-011  0.0000e+000  3.1263e+000
 9.367580e-011  0.0000e+000  3.1286e+000
 9.387580e-011  0.0000e+000  3.1310e+000
 9.407580e-011  0.0000e+000  3.1333e+000
 9.427580e-011  0.0000e+000  3.1356e+000
 9.447580e-011  0.0000e+000  3.1378e+000
 9.467580e-011  0.0000e+000  3.1400e+000
 9.487580e-011  0.0000e+000  3.1422e+000
 9.507580e-011  0.0000e+000  3.1443e+000
 9.527580e-011  0.0000e+000  3.1464e+000
 9.547580e-011  0.0000e+000  3.1485e+000
 9.567580e-011  0.0000e+000  3.1506e+000
 9.587580e-011  0.0000e+000  3.1526e+000
 9.607580e-011  0.0000e+000  3.1546e+000
 9.627580e-011  0.0000e+000  3.1566e+000
 9.647580e-011  0.0000e+000  3.1585e+000
 9.667580e-011  0.0000e+000  3.1604e+000
 9.687580e-011  0.0000e+000  3.1623e+000
 9.707580e-011  0.0000e+000  3.1641e+000
 9.727580e-011  0.0000e+000  3.1659e+000
 9.747580e-011  0.0000e+000  3.1678e+000
 9.767580e-011  0.0000e+000  3.1695e+000
 9.787580e-011  0.0000e+000  3.1713e+000
 9.807580e-011  0.0000e+000  3.1730e+000
 9.827580e-011  0.0000e+000  3.1748e+000
 9.847580e-011  0.0000e+000  3.1764e+000
 9.867580e-011  0.0000e+000  3.1781e+000
 9.887580e-011  0.0000e+000  3.1797e+000
 9.907580e-011  0.0000e+000  3.1814e+000
 9.927580e-011  0.0000e+000  3.1829e+000
 9.947580e-011  0.0000e+000  3.1845e+000
 9.967580e-011  0.0000e+000  3.1861e+000
 9.987580e-011  0.0000e+000  3.1876e+000
 1.000000e-010  0.0000e+000  3.1886e+000
*

* Parsing                      0.01 seconds
* Setup                        0.02 seconds
* DC operating point           0.00 seconds
* Transient Analysis           0.05 seconds
* Overhead                     1.39 seconds
* -----------------------------------------
* Total                        1.47 seconds

* Simulation completed	with  4 Warnings

* End of T-Spice output file
