* T-Spice 13.00 Simulation	Thu Jan 31 23:00:23 2019	C:\Users\makif\Google Drive\TEZ ÇALIÞMAM\çizim\Counter_TDC\Counter_TDC\schimit_trigger_2.sp
* Command line: tspice -o "C:\Users\makif\Google Drive\TEZ ÇALIÞMAM\çizim\Counter_TDC\Counter_TDC\schimit_trigger_2.out" "C:\Users\makif\Google Drive\TEZ ÇALIÞMAM\çizim\Counter_TDC\Counter_TDC\schimit_trigger_2.sp" 
* T-Spice Win32 13.00.20080321.01:01:33
* Warning : "130nm.md" line 1 Invalid binned model NMOS
*         : "130nm.md" line 1 Binned models must define LMIN, LMAX, WMIN, and WMAX, and have a name suffix of .# (e.g. nch.1)
* Warning : "130nm.md" line 142 Invalid binned model PMOS
*         : "130nm.md" line 142 Binned models must define LMIN, LMAX, WMIN, and WMAX, and have a name suffix of .# (e.g. nch.1)
* Warning : Device MNMOS_1 - Acde = 0.3 is too small.

*SEDIT: Alter blocks = 0

* Accuracy and Convergence options:
* numndset|dchold = 100
* 
* Timestep and Integration options:
*  relq|relchgtol = 0.0005
* 
* Model Evaluation options:
*            dcap = 2                    defnrb = 0 [sq]               defnrd = 0 [sq]
*          defnrs = 0 [sq]                 tnom = 25 [deg C]
* 
* General options:
*            temp = 25 [deg C]          threads = 8
* 
* Output options:
*           acout = 1                    ingold = 0
* 


*  Device and node counts:
*             MOSFETs - 4                 MOSFET geometries - 4       
*                BJTs - 0                             JFETs - 0       
*             MESFETs - 0                            Diodes - 0       
*          Capacitors - 0                         Resistors - 0       
*           Inductors - 0                  Mutual inductors - 0       
*  Transmission lines - 0        Coupled transmission lines - 0       
*     Voltage sources - 2                   Current sources - 0       
*                VCVS - 0                              VCCS - 0       
*                CCVS - 0                              CCCS - 0       
*    V-control switch - 0                  I-control switch - 0       
*       Macro devices - 0        External C model instances - 0       
*         HDL devices - 0       
*         Subcircuits - 0              Subcircuit instances - 0       
*   Independent nodes - 10                   Boundary nodes - 3       
*         Total nodes - 13      

* *** 4 WARNING MESSAGES GENERATED DURING SETUP


*SEDIT: Alter=0
*SEDIT: Analysis types DCOP 0 ACMODEL 0 AC 0 TRANSIENT 1 TRANSFER 0 NOISE 0 

*WEDIT: .tran   1e-013   1e-010
TRANSIENT ANALYSIS
Time<s>        v(In,Gnd)<V>  v(Out,Gnd)<V>
 0.000000e+000  0.0000e+000  5.8639e-001
 6.250000e-015  0.0000e+000  5.8639e-001
 6.875000e-014  0.0000e+000  5.8639e-001
 2.687500e-013  0.0000e+000  5.8639e-001
 4.687500e-013  0.0000e+000  5.8639e-001
 6.687500e-013  0.0000e+000  5.8639e-001
 8.687500e-013  0.0000e+000  5.8639e-001
 1.068749e-012  0.0000e+000  5.8639e-001
 1.268749e-012  0.0000e+000  5.8639e-001
 1.468749e-012  0.0000e+000  5.8639e-001
 1.668749e-012  0.0000e+000  5.8639e-001
 1.868749e-012  0.0000e+000  5.8639e-001
 2.068749e-012  0.0000e+000  5.8639e-001
 2.268749e-012  0.0000e+000  5.8639e-001
 2.468749e-012  0.0000e+000  5.8639e-001
 2.668749e-012  0.0000e+000  5.8639e-001
 2.868749e-012  0.0000e+000  5.8639e-001
 3.068749e-012  0.0000e+000  5.8639e-001
 3.268749e-012  0.0000e+000  5.8639e-001
 3.468749e-012  0.0000e+000  5.8639e-001
 3.668749e-012  0.0000e+000  5.8639e-001
 3.868749e-012  0.0000e+000  5.8639e-001
 4.068749e-012  0.0000e+000  5.8639e-001
 4.268749e-012  0.0000e+000  5.8639e-001
 4.468749e-012  0.0000e+000  5.8639e-001
 4.668749e-012  0.0000e+000  5.8639e-001
 4.868749e-012  0.0000e+000  5.8639e-001
 5.068749e-012  0.0000e+000  5.8639e-001
 5.268749e-012  0.0000e+000  5.8639e-001
 5.468749e-012  0.0000e+000  5.8639e-001
 5.668749e-012  0.0000e+000  5.8639e-001
 5.868749e-012  0.0000e+000  5.8639e-001
 6.068749e-012  0.0000e+000  5.8639e-001
 6.268749e-012  0.0000e+000  5.8639e-001
 6.468749e-012  0.0000e+000  5.8639e-001
 6.668749e-012  0.0000e+000  5.8639e-001
 6.868749e-012  0.0000e+000  5.8639e-001
 7.068749e-012  0.0000e+000  5.8639e-001
 7.268749e-012  0.0000e+000  5.8639e-001
 7.468749e-012  0.0000e+000  5.8639e-001
 7.668749e-012  0.0000e+000  5.8639e-001
 7.868749e-012  0.0000e+000  5.8639e-001
 8.068749e-012  0.0000e+000  5.8639e-001
 8.268749e-012  0.0000e+000  5.8639e-001
 8.468749e-012  0.0000e+000  5.8639e-001
 8.668749e-012  0.0000e+000  5.8639e-001
 8.868749e-012  0.0000e+000  5.8639e-001
 9.068749e-012  0.0000e+000  5.8639e-001
 9.268749e-012  0.0000e+000  5.8639e-001
 9.468749e-012  0.0000e+000  5.8639e-001
 9.668749e-012  0.0000e+000  5.8639e-001
 9.868749e-012  0.0000e+000  5.8639e-001
 1.006874e-011  0.0000e+000  5.8639e-001
 1.026874e-011  0.0000e+000  5.8639e-001
 1.046874e-011  0.0000e+000  5.8639e-001
 1.066874e-011  0.0000e+000  5.8639e-001
 1.086874e-011  0.0000e+000  5.8639e-001
 1.106874e-011  0.0000e+000  5.8639e-001
 1.126874e-011  0.0000e+000  5.8639e-001
 1.146874e-011  0.0000e+000  5.8639e-001
 1.166874e-011  0.0000e+000  5.8639e-001
 1.186874e-011  0.0000e+000  5.8639e-001
 1.206874e-011  0.0000e+000  5.8639e-001
 1.226874e-011  0.0000e+000  5.8639e-001
 1.246874e-011  0.0000e+000  5.8639e-001
 1.266874e-011  0.0000e+000  5.8639e-001
 1.286874e-011  0.0000e+000  5.8639e-001
 1.306874e-011  0.0000e+000  5.8639e-001
 1.326874e-011  0.0000e+000  5.8639e-001
 1.346874e-011  0.0000e+000  5.8639e-001
 1.366874e-011  0.0000e+000  5.8639e-001
 1.386874e-011  0.0000e+000  5.8639e-001
 1.406874e-011  0.0000e+000  5.8639e-001
 1.426874e-011  0.0000e+000  5.8639e-001
 1.446874e-011  0.0000e+000  5.8639e-001
 1.466874e-011  0.0000e+000  5.8639e-001
 1.486874e-011  0.0000e+000  5.8639e-001
 1.506874e-011  0.0000e+000  5.8639e-001
 1.526874e-011  0.0000e+000  5.8639e-001
 1.546874e-011  0.0000e+000  5.8639e-001
 1.566874e-011  0.0000e+000  5.8639e-001
 1.586874e-011  0.0000e+000  5.8639e-001
 1.606874e-011  0.0000e+000  5.8639e-001
 1.626874e-011  0.0000e+000  5.8639e-001
 1.646874e-011  0.0000e+000  5.8639e-001
 1.666874e-011  0.0000e+000  5.8639e-001
 1.686874e-011  0.0000e+000  5.8639e-001
 1.706874e-011  0.0000e+000  5.8639e-001
 1.726874e-011  0.0000e+000  5.8639e-001
 1.746874e-011  0.0000e+000  5.8639e-001
 1.766874e-011  0.0000e+000  5.8639e-001
 1.786874e-011  0.0000e+000  5.8639e-001
 1.806874e-011  0.0000e+000  5.8639e-001
 1.826874e-011  0.0000e+000  5.8639e-001
 1.846874e-011  0.0000e+000  5.8639e-001
 1.866874e-011  0.0000e+000  5.8639e-001
 1.886874e-011  0.0000e+000  5.8639e-001
 1.906874e-011  0.0000e+000  5.8639e-001
 1.926874e-011  0.0000e+000  5.8639e-001
 1.946874e-011  0.0000e+000  5.8639e-001
 1.966874e-011  0.0000e+000  5.8639e-001
 1.986874e-011  0.0000e+000  5.8639e-001
 1.999999e-011  0.0000e+000  5.8639e-001
 2.000999e-011  1.4000e+000  7.7677e-001
 2.001321e-011  1.4000e+000  7.1061e-001
 2.003045e-011  1.4000e+000  6.9267e-001
 2.020285e-011  1.4000e+000  6.4497e-001
 2.040285e-011  1.4000e+000  6.2436e-001
 2.060285e-011  1.4000e+000  6.0702e-001
 2.080285e-011  1.4000e+000  5.9479e-001
 2.100285e-011  1.4000e+000  5.8430e-001
 2.120285e-011  1.4000e+000  5.7838e-001
 2.140285e-011  1.4000e+000  5.7354e-001
 2.160285e-011  1.4000e+000  5.7192e-001
 2.180285e-011  1.4000e+000  5.7013e-001
 2.200285e-011  1.4000e+000  5.7035e-001
 2.220285e-011  1.4000e+000  5.6968e-001
 2.240285e-011  1.4000e+000  5.7048e-001
 2.260285e-011  1.4000e+000  5.7018e-001
 2.280285e-011  1.4000e+000  5.7116e-001
 2.300285e-011  1.4000e+000  5.7098e-001
 2.320285e-011  1.4000e+000  5.7200e-001
 2.340285e-011  1.4000e+000  5.7189e-001
 2.360285e-011  1.4000e+000  5.7294e-001
 2.380285e-011  1.4000e+000  5.7287e-001
 2.400285e-011  1.4000e+000  5.7393e-001
 2.420285e-011  1.4000e+000  5.7392e-001
 2.440285e-011  1.4000e+000  5.7501e-001
 2.460285e-011  1.4000e+000  5.7507e-001
 2.480285e-011  1.4000e+000  5.7622e-001
 2.500285e-011  1.4000e+000  5.7640e-001
 2.520285e-011  1.4000e+000  5.7766e-001
 2.540285e-011  1.4000e+000  5.7800e-001
 2.560285e-011  1.4000e+000  5.7946e-001
 2.580285e-011  1.4000e+000  5.8008e-001
 2.600285e-011  1.4000e+000  5.8182e-001
 2.620285e-011  1.4000e+000  5.8282e-001
 2.640285e-011  1.4000e+000  5.8495e-001
 2.660285e-011  1.4000e+000  5.8634e-001
 2.680285e-011  1.4000e+000  5.8882e-001
 2.700285e-011  1.4000e+000  5.9052e-001
 2.720285e-011  1.4000e+000  5.9319e-001
 2.740285e-011  1.4000e+000  5.9500e-001
 2.760285e-011  1.4000e+000  5.9767e-001
 2.780285e-011  1.4000e+000  5.9944e-001
 2.800285e-011  1.4000e+000  6.0197e-001
 2.820285e-011  1.4000e+000  6.0358e-001
 2.840285e-011  1.4000e+000  6.0593e-001
 2.860285e-011  1.4000e+000  6.0735e-001
 2.880285e-011  1.4000e+000  6.0949e-001
 2.900285e-011  1.4000e+000  6.1073e-001
 2.920285e-011  1.4000e+000  6.1268e-001
 2.940285e-011  1.4000e+000  6.1377e-001
 2.960285e-011  1.4000e+000  6.1554e-001
 2.980285e-011  1.4000e+000  6.1649e-001
 3.000285e-011  1.4000e+000  6.1812e-001
 3.020285e-011  1.4000e+000  6.1895e-001
 3.040285e-011  1.4000e+000  6.2045e-001
 3.060285e-011  1.4000e+000  6.2118e-001
 3.080285e-011  1.4000e+000  6.2258e-001
 3.100285e-011  1.4000e+000  6.2322e-001
 3.120285e-011  1.4000e+000  6.2452e-001
 3.140285e-011  1.4000e+000  6.2509e-001
 3.160285e-011  1.4000e+000  6.2631e-001
 3.180285e-011  1.4000e+000  6.2682e-001
 3.200285e-011  1.4000e+000  6.2796e-001
 3.220285e-011  1.4000e+000  6.2841e-001
 3.240285e-011  1.4000e+000  6.2949e-001
 3.260285e-011  1.4000e+000  6.2990e-001
 3.280285e-011  1.4000e+000  6.3091e-001
 3.300285e-011  1.4000e+000  6.3128e-001
 3.320285e-011  1.4000e+000  6.3224e-001
 3.340285e-011  1.4000e+000  6.3257e-001
 3.360285e-011  1.4000e+000  6.3349e-001
 3.380285e-011  1.4000e+000  6.3379e-001
 3.400285e-011  1.4000e+000  6.3466e-001
 3.420285e-011  1.4000e+000  6.3493e-001
 3.440285e-011  1.4000e+000  6.3576e-001
 3.460285e-011  1.4000e+000  6.3601e-001
 3.480285e-011  1.4000e+000  6.3680e-001
 3.500285e-011  1.4000e+000  6.3702e-001
 3.520285e-011  1.4000e+000  6.3778e-001
 3.540285e-011  1.4000e+000  6.3798e-001
 3.560285e-011  1.4000e+000  6.3871e-001
 3.580285e-011  1.4000e+000  6.3889e-001
 3.600285e-011  1.4000e+000  6.3959e-001
 3.620285e-011  1.4000e+000  6.3976e-001
 3.640285e-011  1.4000e+000  6.4043e-001
 3.660285e-011  1.4000e+000  6.4058e-001
 3.680285e-011  1.4000e+000  6.4123e-001
 3.700285e-011  1.4000e+000  6.4136e-001
 3.720285e-011  1.4000e+000  6.4198e-001
 3.740285e-011  1.4000e+000  6.4211e-001
 3.760285e-011  1.4000e+000  6.4271e-001
 3.780285e-011  1.4000e+000  6.4282e-001
 3.800285e-011  1.4000e+000  6.4340e-001
 3.820285e-011  1.4000e+000  6.4351e-001
 3.840285e-011  1.4000e+000  6.4406e-001
 3.860285e-011  1.4000e+000  6.4416e-001
 3.880285e-011  1.4000e+000  6.4469e-001
 3.900285e-011  1.4000e+000  6.4478e-001
 3.920285e-011  1.4000e+000  6.4530e-001
 3.940285e-011  1.4000e+000  6.4538e-001
 3.960285e-011  1.4000e+000  6.4588e-001
 3.980285e-011  1.4000e+000  6.4595e-001
 4.000285e-011  1.4000e+000  6.4644e-001
 4.020285e-011  1.4000e+000  6.4650e-001
 4.040285e-011  1.4000e+000  6.4697e-001
 4.060285e-011  1.4000e+000  6.4703e-001
 4.080285e-011  1.4000e+000  6.4749e-001
 4.100285e-011  1.4000e+000  6.4754e-001
 4.120285e-011  1.4000e+000  6.4798e-001
 4.140285e-011  1.4000e+000  6.4803e-001
 4.160285e-011  1.4000e+000  6.4846e-001
 4.180285e-011  1.4000e+000  6.4850e-001
 4.200285e-011  1.4000e+000  6.4892e-001
 4.220285e-011  1.4000e+000  6.4896e-001
 4.240285e-011  1.4000e+000  6.4936e-001
 4.260285e-011  1.4000e+000  6.4939e-001
 4.280285e-011  1.4000e+000  6.4978e-001
 4.300285e-011  1.4000e+000  6.4982e-001
 4.320285e-011  1.4000e+000  6.5019e-001
 4.340285e-011  1.4000e+000  6.5022e-001
 4.360285e-011  1.4000e+000  6.5059e-001
 4.380285e-011  1.4000e+000  6.5061e-001
 4.400285e-011  1.4000e+000  6.5097e-001
 4.420285e-011  1.4000e+000  6.5099e-001
 4.440285e-011  1.4000e+000  6.5134e-001
 4.460285e-011  1.4000e+000  6.5136e-001
 4.480285e-011  1.4000e+000  6.5170e-001
 4.500285e-011  1.4000e+000  6.5172e-001
 4.520285e-011  1.4000e+000  6.5204e-001
 4.540285e-011  1.4000e+000  6.5206e-001
 4.560285e-011  1.4000e+000  6.5238e-001
 4.580285e-011  1.4000e+000  6.5239e-001
 4.600285e-011  1.4000e+000  6.5270e-001
 4.620285e-011  1.4000e+000  6.5271e-001
 4.640285e-011  1.4000e+000  6.5301e-001
 4.660285e-011  1.4000e+000  6.5302e-001
 4.680285e-011  1.4000e+000  6.5332e-001
 4.700285e-011  1.4000e+000  6.5332e-001
 4.720285e-011  1.4000e+000  6.5361e-001
 4.740285e-011  1.4000e+000  6.5361e-001
 4.760285e-011  1.4000e+000  6.5389e-001
 4.780285e-011  1.4000e+000  6.5390e-001
 4.800285e-011  1.4000e+000  6.5417e-001
 4.820285e-011  1.4000e+000  6.5417e-001
 4.840285e-011  1.4000e+000  6.5443e-001
 4.860285e-011  1.4000e+000  6.5443e-001
 4.880285e-011  1.4000e+000  6.5469e-001
 4.900285e-011  1.4000e+000  6.5469e-001
 4.920285e-011  1.4000e+000  6.5494e-001
 4.940285e-011  1.4000e+000  6.5494e-001
 4.960285e-011  1.4000e+000  6.5519e-001
 4.980285e-011  1.4000e+000  6.5518e-001
 5.000285e-011  1.4000e+000  6.5542e-001
 5.020285e-011  1.4000e+000  6.5542e-001
 5.040285e-011  1.4000e+000  6.5565e-001
 5.060285e-011  1.4000e+000  6.5565e-001
 5.080285e-011  1.4000e+000  6.5587e-001
 5.100285e-011  1.4000e+000  6.5587e-001
 5.120285e-011  1.4000e+000  6.5609e-001
 5.140285e-011  1.4000e+000  6.5608e-001
 5.160285e-011  1.4000e+000  6.5630e-001
 5.180285e-011  1.4000e+000  6.5629e-001
 5.200285e-011  1.4000e+000  6.5650e-001
 5.220285e-011  1.4000e+000  6.5650e-001
 5.240285e-011  1.4000e+000  6.5670e-001
 5.260285e-011  1.4000e+000  6.5669e-001
 5.280285e-011  1.4000e+000  6.5689e-001
 5.300285e-011  1.4000e+000  6.5688e-001
 5.320285e-011  1.4000e+000  6.5708e-001
 5.340285e-011  1.4000e+000  6.5707e-001
 5.360285e-011  1.4000e+000  6.5726e-001
 5.380285e-011  1.4000e+000  6.5725e-001
 5.400285e-011  1.4000e+000  6.5744e-001
 5.420285e-011  1.4000e+000  6.5743e-001
 5.440285e-011  1.4000e+000  6.5761e-001
 5.460285e-011  1.4000e+000  6.5760e-001
 5.480285e-011  1.4000e+000  6.5778e-001
 5.500285e-011  1.4000e+000  6.5777e-001
 5.520285e-011  1.4000e+000  6.5794e-001
 5.540285e-011  1.4000e+000  6.5793e-001
 5.560285e-011  1.4000e+000  6.5810e-001
 5.580285e-011  1.4000e+000  6.5809e-001
 5.600285e-011  1.4000e+000  6.5825e-001
 5.620285e-011  1.4000e+000  6.5824e-001
 5.640285e-011  1.4000e+000  6.5840e-001
 5.660285e-011  1.4000e+000  6.5839e-001
 5.680285e-011  1.4000e+000  6.5855e-001
 5.700285e-011  1.4000e+000  6.5854e-001
 5.720285e-011  1.4000e+000  6.5869e-001
 5.740285e-011  1.4000e+000  6.5868e-001
 5.760285e-011  1.4000e+000  6.5883e-001
 5.780285e-011  1.4000e+000  6.5882e-001
 5.800285e-011  1.4000e+000  6.5897e-001
 5.820285e-011  1.4000e+000  6.5895e-001
 5.840285e-011  1.4000e+000  6.5910e-001
 5.860285e-011  1.4000e+000  6.5908e-001
 5.880285e-011  1.4000e+000  6.5922e-001
 5.900285e-011  1.4000e+000  6.5921e-001
 5.920285e-011  1.4000e+000  6.5935e-001
 5.940285e-011  1.4000e+000  6.5934e-001
 5.960285e-011  1.4000e+000  6.5947e-001
 5.980285e-011  1.4000e+000  6.5946e-001
 6.000285e-011  1.4000e+000  6.5959e-001
 6.020285e-011  1.4000e+000  6.5957e-001
 6.040285e-011  1.4000e+000  6.5970e-001
 6.060285e-011  1.4000e+000  6.5969e-001
 6.080285e-011  1.4000e+000  6.5982e-001
 6.100285e-011  1.4000e+000  6.5980e-001
 6.120285e-011  1.4000e+000  6.5992e-001
 6.140285e-011  1.4000e+000  6.5991e-001
 6.160285e-011  1.4000e+000  6.6003e-001
 6.180285e-011  1.4000e+000  6.6002e-001
 6.200285e-011  1.4000e+000  6.6013e-001
 6.220285e-011  1.4000e+000  6.6012e-001
 6.240285e-011  1.4000e+000  6.6024e-001
 6.260285e-011  1.4000e+000  6.6022e-001
 6.280285e-011  1.4000e+000  6.6033e-001
 6.300285e-011  1.4000e+000  6.6032e-001
 6.320285e-011  1.4000e+000  6.6043e-001
 6.340285e-011  1.4000e+000  6.6042e-001
 6.360285e-011  1.4000e+000  6.6052e-001
 6.380285e-011  1.4000e+000  6.6051e-001
 6.400285e-011  1.4000e+000  6.6062e-001
 6.420285e-011  1.4000e+000  6.6060e-001
 6.440285e-011  1.4000e+000  6.6071e-001
 6.460285e-011  1.4000e+000  6.6069e-001
 6.480285e-011  1.4000e+000  6.6079e-001
 6.500285e-011  1.4000e+000  6.6078e-001
 6.520285e-011  1.4000e+000  6.6088e-001
 6.540285e-011  1.4000e+000  6.6087e-001
 6.560285e-011  1.4000e+000  6.6096e-001
 6.580285e-011  1.4000e+000  6.6095e-001
 6.600285e-011  1.4000e+000  6.6104e-001
 6.620285e-011  1.4000e+000  6.6103e-001
 6.640285e-011  1.4000e+000  6.6112e-001
 6.660285e-011  1.4000e+000  6.6111e-001
 6.680285e-011  1.4000e+000  6.6120e-001
 6.700285e-011  1.4000e+000  6.6119e-001
 6.720285e-011  1.4000e+000  6.6127e-001
 6.740285e-011  1.4000e+000  6.6126e-001
 6.760285e-011  1.4000e+000  6.6135e-001
 6.780285e-011  1.4000e+000  6.6133e-001
 6.800285e-011  1.4000e+000  6.6142e-001
 6.820285e-011  1.4000e+000  6.6141e-001
 6.840285e-011  1.4000e+000  6.6149e-001
 6.860285e-011  1.4000e+000  6.6148e-001
 6.880285e-011  1.4000e+000  6.6156e-001
 6.900285e-011  1.4000e+000  6.6154e-001
 6.920285e-011  1.4000e+000  6.6162e-001
 6.940285e-011  1.4000e+000  6.6161e-001
 6.960285e-011  1.4000e+000  6.6169e-001
 6.980285e-011  1.4000e+000  6.6168e-001
 7.000285e-011  1.4000e+000  6.6175e-001
 7.020285e-011  1.4000e+000  6.6174e-001
 7.040285e-011  1.4000e+000  6.6181e-001
 7.060285e-011  1.4000e+000  6.6180e-001
 7.080285e-011  1.4000e+000  6.6187e-001
 7.100285e-011  1.4000e+000  6.6186e-001
 7.120285e-011  1.4000e+000  6.6193e-001
 7.140285e-011  1.4000e+000  6.6192e-001
 7.160285e-011  1.4000e+000  6.6199e-001
 7.180285e-011  1.4000e+000  6.6198e-001
 7.200285e-011  1.4000e+000  6.6204e-001
 7.220285e-011  1.4000e+000  6.6203e-001
 7.240285e-011  1.4000e+000  6.6210e-001
 7.260285e-011  1.4000e+000  6.6209e-001
 7.280285e-011  1.4000e+000  6.6215e-001
 7.300285e-011  1.4000e+000  6.6214e-001
 7.320285e-011  1.4000e+000  6.6221e-001
 7.340285e-011  1.4000e+000  6.6219e-001
 7.360285e-011  1.4000e+000  6.6226e-001
 7.380285e-011  1.4000e+000  6.6225e-001
 7.400285e-011  1.4000e+000  6.6231e-001
 7.420285e-011  1.4000e+000  6.6230e-001
 7.440285e-011  1.4000e+000  6.6235e-001
 7.460285e-011  1.4000e+000  6.6235e-001
 7.480285e-011  1.4000e+000  6.6240e-001
 7.500285e-011  1.4000e+000  6.6239e-001
 7.520285e-011  1.4000e+000  6.6245e-001
 7.540285e-011  1.4000e+000  6.6244e-001
 7.560285e-011  1.4000e+000  6.6249e-001
 7.580285e-011  1.4000e+000  6.6248e-001
 7.600285e-011  1.4000e+000  6.6254e-001
 7.620285e-011  1.4000e+000  6.6253e-001
 7.640285e-011  1.4000e+000  6.6258e-001
 7.660285e-011  1.4000e+000  6.6257e-001
 7.680285e-011  1.4000e+000  6.6262e-001
 7.700285e-011  1.4000e+000  6.6262e-001
 7.720285e-011  1.4000e+000  6.6267e-001
 7.740285e-011  1.4000e+000  6.6266e-001
 7.760285e-011  1.4000e+000  6.6271e-001
 7.780285e-011  1.4000e+000  6.6270e-001
 7.800285e-011  1.4000e+000  6.6275e-001
 7.820285e-011  1.4000e+000  6.6274e-001
 7.840285e-011  1.4000e+000  6.6278e-001
 7.860285e-011  1.4000e+000  6.6278e-001
 7.880285e-011  1.4000e+000  6.6282e-001
 7.900285e-011  1.4000e+000  6.6281e-001
 7.920285e-011  1.4000e+000  6.6286e-001
 7.940285e-011  1.4000e+000  6.6285e-001
 7.960285e-011  1.4000e+000  6.6289e-001
 7.980285e-011  1.4000e+000  6.6289e-001
 7.999999e-011  1.4000e+000  6.6293e-001
 8.000999e-011  0.0000e+000  4.8065e-001
 8.0014999e-011  0.0000e+000  5.5429e-001
 8.003947e-011  0.0000e+000  5.7648e-001
 8.023947e-011  0.0000e+000  6.3801e-001
 8.043947e-011  0.0000e+000  6.4375e-001
 8.063947e-011  0.0000e+000  6.4926e-001
 8.083947e-011  0.0000e+000  6.5290e-001
 8.103947e-011  0.0000e+000  6.5691e-001
 8.123947e-011  0.0000e+000  6.5948e-001
 8.143947e-011  0.0000e+000  6.6261e-001
 8.163947e-011  0.0000e+000  6.6451e-001
 8.183947e-011  0.0000e+000  6.6701e-001
 8.203947e-011  0.0000e+000  6.6842e-001
 8.223947e-011  0.0000e+000  6.7045e-001
 8.243947e-011  0.0000e+000  6.7148e-001
 8.263947e-011  0.0000e+000  6.7312e-001
 8.283947e-011  0.0000e+000  6.7383e-001
 8.303947e-011  0.0000e+000  6.7513e-001
 8.323947e-011  0.0000e+000  6.7557e-001
 8.343947e-011  0.0000e+000  6.7657e-001
 8.363947e-011  0.0000e+000  6.7677e-001
 8.383947e-011  0.0000e+000  6.7751e-001
 8.403947e-011  0.0000e+000  6.7748e-001
 8.423947e-011  0.0000e+000  6.7799e-001
 8.443947e-011  0.0000e+000  6.7776e-001
 8.463947e-011  0.0000e+000  6.7804e-001
 8.483947e-011  0.0000e+000  6.7762e-001
 8.503947e-011  0.0000e+000  6.7770e-001
 8.523947e-011  0.0000e+000  6.7711e-001
 8.543947e-011  0.0000e+000  6.7699e-001
 8.563947e-011  0.0000e+000  6.7624e-001
 8.583947e-011  0.0000e+000  6.7594e-001
 8.603947e-011  0.0000e+000  6.7503e-001
 8.623947e-011  0.0000e+000  6.7457e-001
 8.643947e-011  0.0000e+000  6.7352e-001
 8.663947e-011  0.0000e+000  6.7289e-001
 8.683947e-011  0.0000e+000  6.7171e-001
 8.703947e-011  0.0000e+000  6.7094e-001
 8.723947e-011  0.0000e+000  6.6963e-001
 8.743947e-011  0.0000e+000  6.6873e-001
 8.763947e-011  0.0000e+000  6.6731e-001
 8.783947e-011  0.0000e+000  6.6628e-001
 8.803947e-011  0.0000e+000  6.6475e-001
 8.823947e-011  0.0000e+000  6.6360e-001
 8.843947e-011  0.0000e+000  6.6198e-001
 8.863947e-011  0.0000e+000  6.6073e-001
 8.883947e-011  0.0000e+000  6.5903e-001
 8.903947e-011  0.0000e+000  6.5769e-001
 8.923947e-011  0.0000e+000  6.5591e-001
 8.943947e-011  0.0000e+000  6.5449e-001
 8.963947e-011  0.0000e+000  6.5265e-001
 8.983947e-011  0.0000e+000  6.5116e-001
 9.003947e-011  0.0000e+000  6.4927e-001
 9.023947e-011  0.0000e+000  6.4774e-001
 9.043947e-011  0.0000e+000  6.4582e-001
 9.063947e-011  0.0000e+000  6.4424e-001
 9.083947e-011  0.0000e+000  6.4231e-001
 9.103947e-011  0.0000e+000  6.4071e-001
 9.123947e-011  0.0000e+000  6.3877e-001
 9.143947e-011  0.0000e+000  6.3718e-001
 9.163947e-011  0.0000e+000  6.3525e-001
 9.183947e-011  0.0000e+000  6.3367e-001
 9.203947e-011  0.0000e+000  6.3178e-001
 9.223947e-011  0.0000e+000  6.3023e-001
 9.243947e-011  0.0000e+000  6.2838e-001
 9.263947e-011  0.0000e+000  6.2688e-001
 9.283947e-011  0.0000e+000  6.2509e-001
 9.303947e-011  0.0000e+000  6.2365e-001
 9.323947e-011  0.0000e+000  6.2194e-001
 9.343947e-011  0.0000e+000  6.2058e-001
 9.363947e-011  0.0000e+000  6.1895e-001
 9.383947e-011  0.0000e+000  6.1767e-001
 9.403947e-011  0.0000e+000  6.1614e-001
 9.423947e-011  0.0000e+000  6.1494e-001
 9.443947e-011  0.0000e+000  6.1351e-001
 9.463947e-011  0.0000e+000  6.1241e-001
 9.483947e-011  0.0000e+000  6.1107e-001
 9.503947e-011  0.0000e+000  6.1006e-001
 9.523947e-011  0.0000e+000  6.0882e-001
 9.543947e-011  0.0000e+000  6.0789e-001
 9.563947e-011  0.0000e+000  6.0674e-001
 9.583947e-011  0.0000e+000  6.0589e-001
 9.603947e-011  0.0000e+000  6.0482e-001
 9.623947e-011  0.0000e+000  6.0405e-001
 9.643947e-011  0.0000e+000  6.0306e-001
 9.663947e-011  0.0000e+000  6.0235e-001
 9.683947e-011  0.0000e+000  6.0143e-001
 9.703947e-011  0.0000e+000  6.0079e-001
 9.723947e-011  0.0000e+000  5.9993e-001
 9.743947e-011  0.0000e+000  5.9934e-001
 9.763947e-011  0.0000e+000  5.9854e-001
 9.783947e-011  0.0000e+000  5.9801e-001
 9.803947e-011  0.0000e+000  5.9726e-001
 9.823947e-011  0.0000e+000  5.9677e-001
 9.843947e-011  0.0000e+000  5.9608e-001
 9.863947e-011  0.0000e+000  5.9564e-001
 9.883947e-011  0.0000e+000  5.9500e-001
 9.903947e-011  0.0000e+000  5.9460e-001
 9.923947e-011  0.0000e+000  5.9400e-001
 9.943947e-011  0.0000e+000  5.9365e-001
 9.963947e-011  0.0000e+000  5.9310e-001
 9.983947e-011  0.0000e+000  5.9278e-001
 1.000000e-010  0.0000e+000  5.9236e-001
*

* Parsing                      0.01 seconds
* Setup                        0.01 seconds
* DC operating point           0.00 seconds
* Transient Analysis           0.01 seconds
* Overhead                     1.17 seconds
* -----------------------------------------
* Total                        1.20 seconds

* Simulation completed	with  4 Warnings

* End of T-Spice output file
