* T-Spice 13.00 Simulation	Sat Feb 09 21:02:26 2019	C:\Users\makif\Google Drive\TEZ ÇALIÞMAM\çizim\Counter_TDC\Counter_TDC\SR2.sp
* Command line: tspice -o "C:\Users\makif\Google Drive\TEZ ÇALIÞMAM\çizim\Counter_TDC\Counter_TDC\SR2.out" "C:\Users\makif\Google Drive\TEZ ÇALIÞMAM\çizim\Counter_TDC\Counter_TDC\SR2.sp" 
* T-Spice Win32 13.00.20080321.01:01:33

*SEDIT: Alter blocks = 0

* Accuracy and Convergence options:
* numndset|dchold = 100
* 
* Timestep and Integration options:
*  relq|relchgtol = 0.0005
* 
* Model Evaluation options:
*            dcap = 2                    defnrb = 0 [sq]               defnrd = 0 [sq]
*          defnrs = 0 [sq]                 tnom = 25 [deg C]
* 
* General options:
*            temp = 25 [deg C]          threads = 8
* 
* Output options:
*           acout = 1                    ingold = 0
* 


*  Device and node counts:
*             MOSFETs - 8                 MOSFET geometries - 4       
*                BJTs - 0                             JFETs - 0       
*             MESFETs - 0                            Diodes - 0       
*          Capacitors - 0                         Resistors - 0       
*           Inductors - 0                  Mutual inductors - 0       
*  Transmission lines - 0        Coupled transmission lines - 0       
*     Voltage sources - 3                   Current sources - 0       
*                VCVS - 0                              VCCS - 0       
*                CCVS - 0                              CCCS - 0       
*    V-control switch - 0                  I-control switch - 0       
*       Macro devices - 0        External C model instances - 0       
*         HDL devices - 0       
*         Subcircuits - 0              Subcircuit instances - 2       
*   Independent nodes - 4                    Boundary nodes - 4       
*         Total nodes - 8       


*SEDIT: Alter=0
*SEDIT: Analysis types DCOP 0 ACMODEL 0 AC 0 TRANSIENT 1 TRANSFER 0 NOISE 0 

*WEDIT: .tran   1e-010   1e-007
TRANSIENT ANALYSIS
Time<s>        v(R,Gnd)<V>  v(S,Gnd)<V>  v(Q,Gnd)<V>
 0.000000e+000  0.0000e+000  0.0000e+000  1.5642e+000
 1.000000e-012  0.0000e+000  0.0000e+000  1.5642e+000
 1.100000e-011  0.0000e+000  0.0000e+000  1.5642e+000
 1.110000e-010  0.0000e+000  0.0000e+000  1.5642e+000
 3.110000e-010  0.0000e+000  0.0000e+000  1.5642e+000
 5.110000e-010  0.0000e+000  0.0000e+000  1.5642e+000
 7.110000e-010  0.0000e+000  0.0000e+000  1.5642e+000
 9.110000e-010  0.0000e+000  0.0000e+000  1.5642e+000
 1.111000e-009  0.0000e+000  0.0000e+000  1.5642e+000
 1.311000e-009  0.0000e+000  0.0000e+000  1.5642e+000
 1.511000e-009  0.0000e+000  0.0000e+000  1.5642e+000
 1.711000e-009  0.0000e+000  0.0000e+000  1.5642e+000
 1.911000e-009  0.0000e+000  0.0000e+000  1.5642e+000
 2.111000e-009  0.0000e+000  0.0000e+000  1.5642e+000
 2.311000e-009  0.0000e+000  0.0000e+000  1.5642e+000
 2.511000e-009  0.0000e+000  0.0000e+000  1.5642e+000
 2.711000e-009  0.0000e+000  0.0000e+000  1.5642e+000
 2.911000e-009  0.0000e+000  0.0000e+000  1.5642e+000
 3.111000e-009  0.0000e+000  0.0000e+000  1.5642e+000
 3.311000e-009  0.0000e+000  0.0000e+000  1.5642e+000
 3.511000e-009  0.0000e+000  0.0000e+000  1.5642e+000
 3.711000e-009  0.0000e+000  0.0000e+000  1.5642e+000
 3.911000e-009  0.0000e+000  0.0000e+000  1.5642e+000
 4.111000e-009  0.0000e+000  0.0000e+000  1.5642e+000
 4.311000e-009  0.0000e+000  0.0000e+000  1.5642e+000
 4.511000e-009  0.0000e+000  0.0000e+000  1.5642e+000
 4.711000e-009  0.0000e+000  0.0000e+000  1.5642e+000
 4.911000e-009  0.0000e+000  0.0000e+000  1.5642e+000
 5.111000e-009  0.0000e+000  0.0000e+000  1.5642e+000
 5.311000e-009  0.0000e+000  0.0000e+000  1.5642e+000
 5.511000e-009  0.0000e+000  0.0000e+000  1.5642e+000
 5.711000e-009  0.0000e+000  0.0000e+000  1.5642e+000
 5.911000e-009  0.0000e+000  0.0000e+000  1.5642e+000
 6.111000e-009  0.0000e+000  0.0000e+000  1.5642e+000
 6.311000e-009  0.0000e+000  0.0000e+000  1.5642e+000
 6.511000e-009  0.0000e+000  0.0000e+000  1.5642e+000
 6.711000e-009  0.0000e+000  0.0000e+000  1.5642e+000
 6.911000e-009  0.0000e+000  0.0000e+000  1.5642e+000
 7.111000e-009  0.0000e+000  0.0000e+000  1.5642e+000
 7.311000e-009  0.0000e+000  0.0000e+000  1.5642e+000
 7.511000e-009  0.0000e+000  0.0000e+000  1.5642e+000
 7.711000e-009  0.0000e+000  0.0000e+000  1.5642e+000
 7.911000e-009  0.0000e+000  0.0000e+000  1.5642e+000
 8.111000e-009  0.0000e+000  0.0000e+000  1.5642e+000
 8.311000e-009  0.0000e+000  0.0000e+000  1.5642e+000
 8.511000e-009  0.0000e+000  0.0000e+000  1.5642e+000
 8.711000e-009  0.0000e+000  0.0000e+000  1.5642e+000
 8.911000e-009  0.0000e+000  0.0000e+000  1.5642e+000
 9.111000e-009  0.0000e+000  0.0000e+000  1.5642e+000
 9.311000e-009  0.0000e+000  0.0000e+000  1.5642e+000
 9.511000e-009  0.0000e+000  0.0000e+000  1.5642e+000
 9.711000e-009  0.0000e+000  0.0000e+000  1.5643e+000
 9.911000e-009  0.0000e+000  0.0000e+000  1.5642e+000
 1.011100e-008  0.0000e+000  0.0000e+000  1.5642e+000
 1.031100e-008  0.0000e+000  0.0000e+000  1.5641e+000
 1.051100e-008  0.0000e+000  0.0000e+000  1.5641e+000
 1.071100e-008  0.0000e+000  0.0000e+000  1.5640e+000
 1.091100e-008  0.0000e+000  0.0000e+000  1.5646e+000
 1.111100e-008  0.0000e+000  0.0000e+000  1.5634e+000
 1.131100e-008  0.0000e+000  0.0000e+000  1.5660e+000
 1.151100e-008  0.0000e+000  0.0000e+000  1.5607e+000
 1.171100e-008  0.0000e+000  0.0000e+000  1.5716e+000
 1.191100e-008  0.0000e+000  0.0000e+000  1.5492e+000
 1.211100e-008  0.0000e+000  0.0000e+000  1.5950e+000
 1.231100e-008  0.0000e+000  0.0000e+000  1.5003e+000
 1.251100e-008  0.0000e+000  0.0000e+000  1.6940e+000
 1.271100e-008  0.0000e+000  0.0000e+000  1.2678e+000
 1.272247e-008  0.0000e+000  0.0000e+000  1.1577e+000
 1.274327e-008  0.0000e+000  0.0000e+000  8.5854e-001
 1.276612e-008  0.0000e+000  0.0000e+000  4.7174e-001
 1.278820e-008  0.0000e+000  0.0000e+000  2.0250e-001
 1.281378e-008  0.0000e+000  0.0000e+000  7.7631e-002
 1.285579e-008  0.0000e+000  0.0000e+000  2.2729e-002
 1.292628e-008  0.0000e+000  0.0000e+000  6.2801e-003
 1.308096e-008  0.0000e+000  0.0000e+000 -2.0152e-003
 1.328096e-008  0.0000e+000  0.0000e+000  1.0898e-003
 1.348096e-008  0.0000e+000  0.0000e+000 -6.7918e-004
 1.368096e-008  0.0000e+000  0.0000e+000  4.8009e-004
 1.388096e-008  0.0000e+000  0.0000e+000 -3.5306e-004
 1.408096e-008  0.0000e+000  0.0000e+000  2.7105e-004
 1.428096e-008  0.0000e+000  0.0000e+000 -2.0828e-004
 1.448096e-008  0.0000e+000  0.0000e+000  1.6323e-004
 1.468096e-008  0.0000e+000  0.0000e+000 -1.2688e-004
 1.488096e-008  0.0000e+000  0.0000e+000  1.0013e-004
 1.508096e-008  0.0000e+000  0.0000e+000 -7.8261e-005
 1.528096e-008  0.0000e+000  0.0000e+000  6.2065e-005
 1.548096e-008  0.0000e+000  0.0000e+000 -4.8761e-005
 1.568096e-008  0.0000e+000  0.0000e+000  3.8880e-005
 1.588096e-008  0.0000e+000  0.0000e+000 -3.0724e-005
 1.608096e-008  0.0000e+000  0.0000e+000  2.4656e-005
 1.628096e-008  0.0000e+000  0.0000e+000 -1.9613e-005
 1.648096e-008  0.0000e+000  0.0000e+000  1.5860e-005
 1.668096e-008  0.0000e+000  0.0000e+000 -1.2709e-005
 1.688096e-008  0.0000e+000  0.0000e+000  1.0368e-005
 1.708096e-008  0.0000e+000  0.0000e+000 -8.3730e-006
 1.728096e-008  0.0000e+000  0.0000e+000  6.8993e-006
 1.748096e-008  0.0000e+000  0.0000e+000 -5.6159e-006
 1.768096e-008  0.0000e+000  0.0000e+000  4.6790e-006
 1.788096e-008  0.0000e+000  0.0000e+000 -3.8372e-006
 1.808096e-008  0.0000e+000  0.0000e+000  3.2359e-006
 1.828096e-008  0.0000e+000  0.0000e+000 -2.6709e-006
 1.848096e-008  0.0000e+000  0.0000e+000  2.2819e-006
 1.868096e-008  0.0000e+000  0.0000e+000 -1.8926e-006
 1.888096e-008  0.0000e+000  0.0000e+000  1.6396e-006
 1.908096e-008  0.0000e+000  0.0000e+000 -1.3633e-006
 1.928096e-008  0.0000e+000  0.0000e+000  1.1989e-006
 1.948096e-008  0.0000e+000  0.0000e+000 -9.9649e-007
 1.968096e-008  0.0000e+000  0.0000e+000  8.9069e-007
 1.988096e-008  0.0000e+000  0.0000e+000 -7.3747e-007
 2.008096e-008  0.0000e+000  0.0000e+000  6.7120e-007
 2.028096e-008  0.0000e+000  0.0000e+000 -5.5129e-007
 2.048096e-008  0.0000e+000  0.0000e+000  5.1219e-007
 2.068096e-008  0.0000e+000  0.0000e+000 -4.1529e-007
 2.088096e-008  0.0000e+000  0.0000e+000  3.9520e-007
 2.108096e-008  0.0000e+000  0.0000e+000  1.2057e-006
 2.128096e-008  0.0000e+000  0.0000e+000 -1.0537e-006
 2.148096e-008  0.0000e+000  0.0000e+000  9.6315e-007
 2.168096e-008  0.0000e+000  0.0000e+000 -8.1458e-007
 2.188096e-008  0.0000e+000  0.0000e+000  7.4696e-007
 2.208096e-008  0.0000e+000  0.0000e+000 -6.2427e-007
 2.228096e-008  0.0000e+000  0.0000e+000  5.8070e-007
 2.248096e-008  0.0000e+000  0.0000e+000 -4.7934e-007
 2.268096e-008  0.0000e+000  0.0000e+000  4.5422e-007
 2.288096e-008  0.0000e+000  0.0000e+000 -3.6883e-007
 2.308096e-008  0.0000e+000  0.0000e+000  3.5749e-007
 2.328096e-008  0.0000e+000  0.0000e+000  1.0838e-006
 2.348096e-008  0.0000e+000  0.0000e+000 -9.5424e-007
 2.368096e-008  0.0000e+000  0.0000e+000  8.8159e-007
 2.388096e-008  0.0000e+000  0.0000e+000 -7.4806e-007
 2.408096e-008  0.0000e+000  0.0000e+000  6.9215e-007
 2.428096e-008  0.0000e+000  0.0000e+000 -5.7921e-007
 2.448096e-008  0.0000e+000  0.0000e+000  5.4326e-007
 2.468096e-008  0.0000e+000  0.0000e+000 -4.4827e-007
 2.488096e-008  0.0000e+000  0.0000e+000  4.2818e-007
 2.508096e-008  0.0000e+000  0.0000e+000 -3.4700e-007
 2.528096e-008  0.0000e+000  0.0000e+000  3.3904e-007
 2.548096e-008  0.0000e+000  0.0000e+000  1.0251e-006
 2.568096e-008  0.0000e+000  0.0000e+000 -9.0363e-007
 2.588096e-008  0.0000e+000  0.0000e+000  8.3827e-007
 2.608096e-008  0.0000e+000  0.0000e+000 -7.1113e-007
 2.628096e-008  0.0000e+000  0.0000e+000  6.6052e-007
 2.648096e-008  0.0000e+000  0.0000e+000 -5.5210e-007
 2.668096e-008  0.0000e+000  0.0000e+000  5.1992e-007
 2.688096e-008  0.0000e+000  0.0000e+000 -4.2813e-007
 2.708096e-008  0.0000e+000  0.0000e+000  4.1074e-007
 2.728096e-008  0.0000e+000  0.0000e+000 -3.3186e-007
 2.748096e-008  0.0000e+000  0.0000e+000  3.2587e-007
 2.768096e-008  0.0000e+000  0.0000e+000  9.8360e-007
 2.788096e-008  0.0000e+000  0.0000e+000 -8.6649e-007
 2.808096e-008  0.0000e+000  0.0000e+000  8.0559e-007
 2.828096e-008  0.0000e+000  0.0000e+000 -6.8252e-007
 2.848096e-008  0.0000e+000  0.0000e+000  6.3549e-007
 2.868096e-008  0.0000e+000  0.0000e+000 -5.3019e-007
 2.888096e-008  0.0000e+000  0.0000e+000  5.0070e-007
 2.908096e-008  0.0000e+000  0.0000e+000 -4.1125e-007
 2.928096e-008  0.0000e+000  0.0000e+000  3.9590e-007
 2.948096e-008  0.0000e+000  0.0000e+000 -3.1880e-007
 2.968096e-008  0.0000e+000  0.0000e+000 -1.0335e-006
 2.988096e-008  0.0000e+000  0.0000e+000  9.1953e-007
 3.008096e-008  0.0000e+000  0.0000e+000 -7.7705e-007
 3.028096e-008  0.0000e+000  0.0000e+000  7.2034e-007
 3.048096e-008  0.0000e+000  0.0000e+000 -6.0911e-007
 3.068096e-008  0.0000e+000  0.0000e+000  5.7384e-007
 3.088096e-008  0.0000e+000  0.0000e+000 -4.7929e-007
 3.108096e-008  0.0000e+000  0.0000e+000  4.5846e-007
 3.128096e-008  0.0000e+000  0.0000e+000 -3.7635e-007
 3.148096e-008  0.0000e+000  0.0000e+000  3.6679e-007
 3.168096e-008  0.0000e+000  0.0000e+000 -2.9455e-007
 3.188096e-008  0.0000e+000  0.0000e+000 -9.5590e-007
 3.208096e-008  0.0000e+000  0.0000e+000  8.5553e-007
 3.228096e-008  0.0000e+000  0.0000e+000 -7.2367e-007
 3.248096e-008  0.0000e+000  0.0000e+000  6.7525e-007
 3.268096e-008  0.0000e+000  0.0000e+000 -5.7092e-007
 3.288096e-008  0.0000e+000  0.0000e+000  5.4125e-007
 3.308096e-008  0.0000e+000  0.0000e+000 -4.5142e-007
 3.328096e-008  0.0000e+000  0.0000e+000  4.3451e-007
 3.348096e-008  0.0000e+000  0.0000e+000 -3.5572e-007
 3.368096e-008  0.0000e+000  0.0000e+000  3.4895e-007
 3.388096e-008  0.0000e+000  0.0000e+000 -2.7910e-007
 3.408096e-008  0.0000e+000  0.0000e+000 -9.0715e-007
 3.428096e-008  0.0000e+000  0.0000e+000  8.1425e-007
 3.448096e-008  0.0000e+000  0.0000e+000 -6.8802e-007
 3.468096e-008  0.0000e+000  0.0000e+000  6.4417e-007
 3.488096e-008  0.0000e+000  0.0000e+000 -5.4369e-007
 3.508096e-008  0.0000e+000  0.0000e+000  5.1734e-007
 3.528096e-008  0.0000e+000  0.0000e+000 -4.3038e-007
 3.548096e-008  0.0000e+000  0.0000e+000  4.1598e-007
 3.568096e-008  0.0000e+000  0.0000e+000 -3.3938e-007
 3.588096e-008  0.0000e+000  0.0000e+000  3.3453e-007
 3.608096e-008  0.0000e+000  0.0000e+000  1.0084e-006
 3.628096e-008  0.0000e+000  0.0000e+000 -8.9632e-007
 3.648096e-008  0.0000e+000  0.0000e+000  8.3651e-007
 3.668096e-008  0.0000e+000  0.0000e+000 -7.1344e-007
 3.688096e-008  0.0000e+000  0.0000e+000  6.6523e-007
 3.708096e-008  0.0000e+000  0.0000e+000 -5.5857e-007
 3.728096e-008  0.0000e+000  0.0000e+000  5.2724e-007
 3.748096e-008  0.0000e+000  0.0000e+000 -4.3601e-007
 3.768096e-008  0.0000e+000  0.0000e+000  4.1869e-007
 3.788096e-008  0.0000e+000  0.0000e+000 -3.3976e-007
 3.808096e-008  0.0000e+000  0.0000e+000  3.3346e-007
 3.828096e-008  0.0000e+000  0.0000e+000  1.0067e-006
 3.848096e-008  0.0000e+000  0.0000e+000 -8.8969e-007
 3.868096e-008  0.0000e+000  0.0000e+000  8.2756e-007
 3.888096e-008  0.0000e+000  0.0000e+000 -7.0305e-007
 3.908096e-008  0.0000e+000  0.0000e+000  6.5435e-007
 3.928096e-008  0.0000e+000  0.0000e+000 -5.4748e-007
 3.948096e-008  0.0000e+000  0.0000e+000  5.1641e-007
 3.968096e-008  0.0000e+000  0.0000e+000 -4.2553e-007
 3.988096e-008  0.0000e+000  0.0000e+000  4.0880e-007
 4.000000e-008  0.0000e+000  0.0000e+000  9.0537e-007
 4.0001000e-008  0.0000e+000  3.3000e+000  2.5213e-001
 4.00013150e-008  0.0000e+000  3.3000e+000  2.4122e-001
 4.0004465e-008  0.0000e+000  3.3000e+000  1.5134e-001
 4.002023e-008  0.0000e+000  3.3000e+000 -1.4736e-001
 4.003432e-008  0.0000e+000  3.3000e+000 -1.7784e-001
 4.004483e-008  0.0000e+000  3.3000e+000 -9.7353e-002
 4.005341e-008  0.0000e+000  3.3000e+000  1.5979e-002
 4.006138e-008  0.0000e+000  3.3000e+000  1.7754e-001
 4.007024e-008  0.0000e+000  3.3000e+000  4.3313e-001
 4.008077e-008  0.0000e+000  3.3000e+000  7.7268e-001
 4.009163e-008  0.0000e+000  3.3000e+000  1.1337e+000
 4.010249e-008  0.0000e+000  3.3000e+000  1.4862e+000
 4.011370e-008  0.0000e+000  3.3000e+000  1.8146e+000
 4.012696e-008  0.0000e+000  3.3000e+000  2.1301e+000
 4.014429e-008  0.0000e+000  3.3000e+000  2.4426e+000
 4.016864e-008  0.0000e+000  3.3000e+000  2.7512e+000
 4.020521e-008  0.0000e+000  3.3000e+000  3.0305e+000
 4.026579e-008  0.0000e+000  3.3000e+000  3.2326e+000
 4.038761e-008  0.0000e+000  3.3000e+000  3.3064e+000
 4.058761e-008  0.0000e+000  3.3000e+000  3.2980e+000
 4.078761e-008  0.0000e+000  3.3000e+000  3.3005e+000
 4.098761e-008  0.0000e+000  3.3000e+000  3.3000e+000
 4.118761e-008  0.0000e+000  3.3000e+000  3.2998e+000
 4.138761e-008  0.0000e+000  3.3000e+000  3.3002e+000
 4.158761e-008  0.0000e+000  3.3000e+000  3.2998e+000
 4.178761e-008  0.0000e+000  3.3000e+000  3.3002e+000
 4.198761e-008  0.0000e+000  3.3000e+000  3.2998e+000
 4.218761e-008  0.0000e+000  3.3000e+000  3.3001e+000
 4.238761e-008  0.0000e+000  3.3000e+000  3.2999e+000
 4.258761e-008  0.0000e+000  3.3000e+000  3.3001e+000
 4.278761e-008  0.0000e+000  3.3000e+000  3.2999e+000
 4.298761e-008  0.0000e+000  3.3000e+000  3.3001e+000
 4.318761e-008  0.0000e+000  3.3000e+000  3.2999e+000
 4.338761e-008  0.0000e+000  3.3000e+000  3.3001e+000
 4.358761e-008  0.0000e+000  3.3000e+000  3.2999e+000
 4.378761e-008  0.0000e+000  3.3000e+000  3.3000e+000
 4.398761e-008  0.0000e+000  3.3000e+000  3.2999e+000
 4.418761e-008  0.0000e+000  3.3000e+000  3.3000e+000
 4.438761e-008  0.0000e+000  3.3000e+000  3.3000e+000
 4.458761e-008  0.0000e+000  3.3000e+000  3.3000e+000
 4.478761e-008  0.0000e+000  3.3000e+000  3.3000e+000
 4.498761e-008  0.0000e+000  3.3000e+000  3.3000e+000
 4.518761e-008  0.0000e+000  3.3000e+000  3.3000e+000
 4.538761e-008  0.0000e+000  3.3000e+000  3.3000e+000
 4.558761e-008  0.0000e+000  3.3000e+000  3.3000e+000
 4.578761e-008  0.0000e+000  3.3000e+000  3.3000e+000
 4.598761e-008  0.0000e+000  3.3000e+000  3.3000e+000
 4.618761e-008  0.0000e+000  3.3000e+000  3.3000e+000
 4.638761e-008  0.0000e+000  3.3000e+000  3.3000e+000
 4.658761e-008  0.0000e+000  3.3000e+000  3.3000e+000
 4.678761e-008  0.0000e+000  3.3000e+000  3.3000e+000
 4.698761e-008  0.0000e+000  3.3000e+000  3.3000e+000
 4.718761e-008  0.0000e+000  3.3000e+000  3.3000e+000
 4.738761e-008  0.0000e+000  3.3000e+000  3.3000e+000
 4.758761e-008  0.0000e+000  3.3000e+000  3.3000e+000
 4.778761e-008  0.0000e+000  3.3000e+000  3.3000e+000
 4.798761e-008  0.0000e+000  3.3000e+000  3.3000e+000
 4.818761e-008  0.0000e+000  3.3000e+000  3.3000e+000
 4.838761e-008  0.0000e+000  3.3000e+000  3.3000e+000
 4.858761e-008  0.0000e+000  3.3000e+000  3.3000e+000
 4.878761e-008  0.0000e+000  3.3000e+000  3.3000e+000
 4.898761e-008  0.0000e+000  3.3000e+000  3.3000e+000
 4.918761e-008  0.0000e+000  3.3000e+000  3.3000e+000
 4.938761e-008  0.0000e+000  3.3000e+000  3.3000e+000
 4.958761e-008  0.0000e+000  3.3000e+000  3.3000e+000
 4.978761e-008  0.0000e+000  3.3000e+000  3.3000e+000
 4.998761e-008  0.0000e+000  3.3000e+000  3.3000e+000
 5.018761e-008  0.0000e+000  3.3000e+000  3.3000e+000
 5.038761e-008  0.0000e+000  3.3000e+000  3.3000e+000
 5.058761e-008  0.0000e+000  3.3000e+000  3.3000e+000
 5.078761e-008  0.0000e+000  3.3000e+000  3.3000e+000
 5.098761e-008  0.0000e+000  3.3000e+000  3.3000e+000
 5.118761e-008  0.0000e+000  3.3000e+000  3.3000e+000
 5.138761e-008  0.0000e+000  3.3000e+000  3.3000e+000
 5.158761e-008  0.0000e+000  3.3000e+000  3.3000e+000
 5.178761e-008  0.0000e+000  3.3000e+000  3.3000e+000
 5.198761e-008  0.0000e+000  3.3000e+000  3.3000e+000
 5.218761e-008  0.0000e+000  3.3000e+000  3.3000e+000
 5.238761e-008  0.0000e+000  3.3000e+000  3.3000e+000
 5.258761e-008  0.0000e+000  3.3000e+000  3.3000e+000
 5.278761e-008  0.0000e+000  3.3000e+000  3.3000e+000
 5.298761e-008  0.0000e+000  3.3000e+000  3.3000e+000
 5.318761e-008  0.0000e+000  3.3000e+000  3.3000e+000
 5.338761e-008  0.0000e+000  3.3000e+000  3.3000e+000
 5.358761e-008  0.0000e+000  3.3000e+000  3.3000e+000
 5.378761e-008  0.0000e+000  3.3000e+000  3.3000e+000
 5.398761e-008  0.0000e+000  3.3000e+000  3.3000e+000
 5.418761e-008  0.0000e+000  3.3000e+000  3.3000e+000
 5.438761e-008  0.0000e+000  3.3000e+000  3.3000e+000
 5.458761e-008  0.0000e+000  3.3000e+000  3.3000e+000
 5.478761e-008  0.0000e+000  3.3000e+000  3.3000e+000
 5.498761e-008  0.0000e+000  3.3000e+000  3.3000e+000
 5.518761e-008  0.0000e+000  3.3000e+000  3.3000e+000
 5.538761e-008  0.0000e+000  3.3000e+000  3.3000e+000
 5.558761e-008  0.0000e+000  3.3000e+000  3.3000e+000
 5.578761e-008  0.0000e+000  3.3000e+000  3.3000e+000
 5.598761e-008  0.0000e+000  3.3000e+000  3.3000e+000
 5.618761e-008  0.0000e+000  3.3000e+000  3.3000e+000
 5.638761e-008  0.0000e+000  3.3000e+000  3.3000e+000
 5.658761e-008  0.0000e+000  3.3000e+000  3.3000e+000
 5.678761e-008  0.0000e+000  3.3000e+000  3.3000e+000
 5.698761e-008  0.0000e+000  3.3000e+000  3.3000e+000
 5.718761e-008  0.0000e+000  3.3000e+000  3.3000e+000
 5.738761e-008  0.0000e+000  3.3000e+000  3.3000e+000
 5.758761e-008  0.0000e+000  3.3000e+000  3.3000e+000
 5.778761e-008  0.0000e+000  3.3000e+000  3.3000e+000
 5.798761e-008  0.0000e+000  3.3000e+000  3.3000e+000
 5.818761e-008  0.0000e+000  3.3000e+000  3.3000e+000
 5.838761e-008  0.0000e+000  3.3000e+000  3.3000e+000
 5.858761e-008  0.0000e+000  3.3000e+000  3.3000e+000
 5.878761e-008  0.0000e+000  3.3000e+000  3.3000e+000
 5.898761e-008  0.0000e+000  3.3000e+000  3.3000e+000
 5.918761e-008  0.0000e+000  3.3000e+000  3.3000e+000
 5.938761e-008  0.0000e+000  3.3000e+000  3.3000e+000
 5.958761e-008  0.0000e+000  3.3000e+000  3.3000e+000
 5.978761e-008  0.0000e+000  3.3000e+000  3.3000e+000
 5.998761e-008  0.0000e+000  3.3000e+000  3.3000e+000
 6.018761e-008  0.0000e+000  3.3000e+000  3.3000e+000
 6.038761e-008  0.0000e+000  3.3000e+000  3.3000e+000
 6.058761e-008  0.0000e+000  3.3000e+000  3.3000e+000
 6.078761e-008  0.0000e+000  3.3000e+000  3.3000e+000
 6.098761e-008  0.0000e+000  3.3000e+000  3.3000e+000
 6.118761e-008  0.0000e+000  3.3000e+000  3.3000e+000
 6.138761e-008  0.0000e+000  3.3000e+000  3.3000e+000
 6.158761e-008  0.0000e+000  3.3000e+000  3.3000e+000
 6.178761e-008  0.0000e+000  3.3000e+000  3.3000e+000
 6.198761e-008  0.0000e+000  3.3000e+000  3.3000e+000
 6.218761e-008  0.0000e+000  3.3000e+000  3.3000e+000
 6.238761e-008  0.0000e+000  3.3000e+000  3.3000e+000
 6.258761e-008  0.0000e+000  3.3000e+000  3.3000e+000
 6.278761e-008  0.0000e+000  3.3000e+000  3.3000e+000
 6.298761e-008  0.0000e+000  3.3000e+000  3.3000e+000
 6.318761e-008  0.0000e+000  3.3000e+000  3.3000e+000
 6.338761e-008  0.0000e+000  3.3000e+000  3.3000e+000
 6.358761e-008  0.0000e+000  3.3000e+000  3.3000e+000
 6.378761e-008  0.0000e+000  3.3000e+000  3.3000e+000
 6.398761e-008  0.0000e+000  3.3000e+000  3.3000e+000
 6.418761e-008  0.0000e+000  3.3000e+000  3.3000e+000
 6.438761e-008  0.0000e+000  3.3000e+000  3.3000e+000
 6.458761e-008  0.0000e+000  3.3000e+000  3.3000e+000
 6.478761e-008  0.0000e+000  3.3000e+000  3.3000e+000
 6.498761e-008  0.0000e+000  3.3000e+000  3.3000e+000
 6.518761e-008  0.0000e+000  3.3000e+000  3.3000e+000
 6.538761e-008  0.0000e+000  3.3000e+000  3.3000e+000
 6.558761e-008  0.0000e+000  3.3000e+000  3.3000e+000
 6.578761e-008  0.0000e+000  3.3000e+000  3.3000e+000
 6.598761e-008  0.0000e+000  3.3000e+000  3.3000e+000
 6.618761e-008  0.0000e+000  3.3000e+000  3.3000e+000
 6.638761e-008  0.0000e+000  3.3000e+000  3.3000e+000
 6.658761e-008  0.0000e+000  3.3000e+000  3.3000e+000
 6.678761e-008  0.0000e+000  3.3000e+000  3.3000e+000
 6.698761e-008  0.0000e+000  3.3000e+000  3.3000e+000
 6.718761e-008  0.0000e+000  3.3000e+000  3.3000e+000
 6.738761e-008  0.0000e+000  3.3000e+000  3.3000e+000
 6.758761e-008  0.0000e+000  3.3000e+000  3.3000e+000
 6.778761e-008  0.0000e+000  3.3000e+000  3.3000e+000
 6.798761e-008  0.0000e+000  3.3000e+000  3.3000e+000
 6.818761e-008  0.0000e+000  3.3000e+000  3.3000e+000
 6.838761e-008  0.0000e+000  3.3000e+000  3.3000e+000
 6.858761e-008  0.0000e+000  3.3000e+000  3.3000e+000
 6.878761e-008  0.0000e+000  3.3000e+000  3.3000e+000
 6.898761e-008  0.0000e+000  3.3000e+000  3.3000e+000
 6.918761e-008  0.0000e+000  3.3000e+000  3.3000e+000
 6.938761e-008  0.0000e+000  3.3000e+000  3.3000e+000
 6.958761e-008  0.0000e+000  3.3000e+000  3.3000e+000
 6.978761e-008  0.0000e+000  3.3000e+000  3.3000e+000
 6.998761e-008  0.0000e+000  3.3000e+000  3.3000e+000
 7.000000e-008  0.0000e+000  3.3000e+000  3.3000e+000
 7.0001000e-008  3.3000e+000  3.3000e+000  3.5451e+000
 7.00013150e-008  3.3000e+000  3.3000e+000  3.5295e+000
 7.0004465e-008  3.3000e+000  3.3000e+000  3.3926e+000
 7.002335e-008  3.3000e+000  3.3000e+000  2.7077e+000
 7.004450e-008  3.3000e+000  3.3000e+000  2.0653e+000
 7.006633e-008  3.3000e+000  3.3000e+000  1.3182e+000
 7.008071e-008  3.3000e+000  3.3000e+000  8.6196e-001
 7.009351e-008  3.3000e+000  3.3000e+000  5.4249e-001
 7.010712e-008  3.3000e+000  3.3000e+000  3.1026e-001
 7.012409e-008  3.3000e+000  3.3000e+000  1.4768e-001
 7.014939e-008  3.3000e+000  3.3000e+000  5.2522e-002
 7.019868e-008  3.3000e+000  3.3000e+000  1.0823e-002
 7.030157e-008  3.3000e+000  3.3000e+000  4.4173e-003
 7.050157e-008  3.3000e+000  3.3000e+000  6.3665e-004
 7.070157e-008  3.3000e+000  3.3000e+000  1.0519e-003
 7.090157e-008  3.3000e+000  3.3000e+000  1.8870e-004
 7.110157e-008  3.3000e+000  3.3000e+000  5.4094e-004
 7.130157e-008  3.3000e+000  3.3000e+000  1.3520e-004
 7.150157e-008  3.3000e+000  3.3000e+000  3.2782e-004
 7.170157e-008  3.3000e+000  3.3000e+000  1.1988e-004
 7.190157e-008  3.3000e+000  3.3000e+000  2.2015e-004
 7.210157e-008  3.3000e+000  3.3000e+000  1.0865e-004
 7.230157e-008  3.3000e+000  3.3000e+000  1.6000e-004
 7.250157e-008  3.3000e+000  3.3000e+000  9.7766e-005
 7.270157e-008  3.3000e+000  3.3000e+000  1.2309e-004
 7.290157e-008  3.3000e+000  3.3000e+000  8.8016e-005
 7.310157e-008  3.3000e+000  3.3000e+000  9.9556e-005
 7.330157e-008  3.3000e+000  3.3000e+000  1.1109e-004
 7.350157e-008  3.3000e+000  3.3000e+000  5.9243e-005
 7.370157e-008  3.3000e+000  3.3000e+000  8.8264e-005
 7.390157e-008  3.3000e+000  3.3000e+000  5.8841e-005
 7.410157e-008  3.3000e+000  3.3000e+000  7.3467e-005
 7.430157e-008  3.3000e+000  3.3000e+000  8.8093e-005
 7.450157e-008  3.3000e+000  3.3000e+000  3.9279e-005
 7.470157e-008  3.3000e+000  3.3000e+000  7.0820e-005
 7.490157e-008  3.3000e+000  3.3000e+000  4.2173e-005
 7.510157e-008  3.3000e+000  3.3000e+000  5.9335e-005
 7.530157e-008  3.3000e+000  3.3000e+000  7.6497e-005
 7.550157e-008  3.3000e+000  3.3000e+000  2.5792e-005
 7.570157e-008  3.3000e+000  3.3000e+000  6.1008e-005
 7.590157e-008  3.3000e+000  3.3000e+000  3.0957e-005
 7.610157e-008  3.3000e+000  3.3000e+000  5.0882e-005
 7.630157e-008  3.3000e+000  3.3000e+000  7.0808e-005
 7.650157e-008  3.3000e+000  3.3000e+000  1.5284e-005
 7.670157e-008  3.3000e+000  3.3000e+000  5.5626e-005
 7.690157e-008  3.3000e+000  3.3000e+000  2.2268e-005
 7.710157e-008  3.3000e+000  3.3000e+000  4.6080e-005
 7.730157e-008  3.3000e+000  3.3000e+000  2.5567e-005
 7.750157e-008  3.3000e+000  3.3000e+000  5.0535e-006
 7.770157e-008  3.3000e+000  3.3000e+000  5.3930e-005
 7.790157e-008  3.3000e+000  3.3000e+000  1.4231e-005
 7.810157e-008  3.3000e+000  3.3000e+000  4.3717e-005
 7.830157e-008  3.3000e+000  3.3000e+000  1.9099e-005
 7.850157e-008  3.3000e+000  3.3000e+000  3.7106e-005
 7.870157e-008  3.3000e+000  3.3000e+000  5.5113e-005
 7.890157e-008  3.3000e+000  3.3000e+000  6.1476e-006
 7.910157e-008  3.3000e+000  3.3000e+000  4.3519e-005
 7.930157e-008  3.3000e+000  3.3000e+000  1.2822e-005
 7.950157e-008  3.3000e+000  3.3000e+000  3.6071e-005
 7.970157e-008  3.3000e+000  3.3000e+000  1.6511e-005
 7.990157e-008  3.3000e+000  3.3000e+000 -3.0489e-006
 8.010157e-008  3.3000e+000  3.3000e+000  4.5675e-005
 8.030157e-008  3.3000e+000  3.3000e+000  5.9904e-006
 8.050157e-008  3.3000e+000  3.3000e+000  3.6741e-005
 8.070157e-008  3.3000e+000  3.3000e+000  1.1299e-005
 8.090157e-008  3.3000e+000  3.3000e+000  3.0878e-005
 8.110157e-008  3.3000e+000  3.3000e+000  5.0458e-005
 8.130157e-008  3.3000e+000  3.3000e+000 -2.0239e-006
 8.150157e-008  3.3000e+000  3.3000e+000  3.9312e-005
 8.170157e-008  3.3000e+000  3.3000e+000  5.3886e-006
 8.190157e-008  3.3000e+000  3.3000e+000  3.2015e-005
 8.210157e-008  3.3000e+000  3.3000e+000  9.8731e-006
 8.230157e-008  3.3000e+000  3.3000e+000 -1.2269e-005
 8.250157e-008  3.3000e+000  3.3000e+000  4.4422e-005
 8.270157e-008  3.3000e+000  3.3000e+000 -1.9399e-006
 8.290157e-008  3.3000e+000  3.3000e+000  3.4929e-005
 8.310157e-008  3.3000e+000  3.3000e+000  4.5359e-006
 8.330157e-008  3.3000e+000  3.3000e+000  2.8626e-005
 8.350157e-008  3.3000e+000  3.3000e+000  8.5450e-006
 8.370157e-008  3.3000e+000  3.3000e+000 -1.1536e-005
 8.390157e-008  3.3000e+000  3.3000e+000  4.0213e-005
 8.410157e-008  3.3000e+000  3.3000e+000 -2.2854e-006
 8.430157e-008  3.3000e+000  3.3000e+000  3.1765e-005
 8.450157e-008  3.3000e+000  3.3000e+000  3.6167e-006
 8.470157e-008  3.3000e+000  3.3000e+000  2.6099e-005
 8.490157e-008  3.3000e+000  3.3000e+000  7.3404e-006
 8.510157e-008  3.3000e+000  3.3000e+000 -1.1418e-005
 8.530157e-008  3.3000e+000  3.3000e+000  3.7176e-005
 8.550157e-008  3.3000e+000  3.3000e+000 -2.8413e-006
 8.570157e-008  3.3000e+000  3.3000e+000  2.9406e-005
 8.590157e-008  3.3000e+000  3.3000e+000  2.7058e-006
 8.610157e-008  3.3000e+000  3.3000e+000  2.4157e-005
 8.630157e-008  3.3000e+000  3.3000e+000  4.5607e-005
 8.650157e-008  3.3000e+000  3.3000e+000 -1.1515e-005
 8.670157e-008  3.3000e+000  3.3000e+000  3.4827e-005
 8.690157e-008  3.3000e+000  3.3000e+000 -3.4202e-006
 8.710157e-008  3.3000e+000  3.3000e+000  2.7544e-005
 8.730157e-008  3.3000e+000  3.3000e+000  1.8777e-006
 8.750157e-008  3.3000e+000  3.3000e+000  2.2595e-005
 8.770157e-008  3.3000e+000  3.3000e+000  4.3312e-005
 8.790157e-008  3.3000e+000  3.3000e+000 -1.1850e-005
 8.810157e-008  3.3000e+000  3.3000e+000  3.3048e-005
 8.830157e-008  3.3000e+000  3.3000e+000 -4.0487e-006
 8.850157e-008  3.3000e+000  3.3000e+000  2.6085e-005
 8.870157e-008  3.3000e+000  3.3000e+000  1.0987e-006
 8.890157e-008  3.3000e+000  3.3000e+000  2.1335e-005
 8.910157e-008  3.3000e+000  3.3000e+000  4.1572e-005
 8.930157e-008  3.3000e+000  3.3000e+000 -1.2288e-005
 8.950157e-008  3.3000e+000  3.3000e+000  3.1653e-005
 8.970157e-008  3.3000e+000  3.3000e+000 -4.6714e-006
 8.990157e-008  3.3000e+000  3.3000e+000  2.4907e-005
 9.010157e-008  3.3000e+000  3.3000e+000  3.8300e-007
 9.030157e-008  3.3000e+000  3.3000e+000  2.0295e-005
 9.050157e-008  3.3000e+000  3.3000e+000  4.0207e-005
 9.070157e-008  3.3000e+000  3.3000e+000 -1.2760e-005
 9.090157e-008  3.3000e+000  3.3000e+000  3.0526e-005
 9.110157e-008  3.3000e+000  3.3000e+000 -5.2628e-006
 9.130157e-008  3.3000e+000  3.3000e+000  2.3932e-005
 9.150157e-008  3.3000e+000  3.3000e+000 -2.6708e-007
 9.170157e-008  3.3000e+000  3.3000e+000  1.9420e-005
 9.190157e-008  3.3000e+000  3.3000e+000  3.9108e-005
 9.210157e-008  3.3000e+000  3.3000e+000 -1.3232e-005
 9.230157e-008  3.3000e+000  3.3000e+000  2.9594e-005
 9.250157e-008  3.3000e+000  3.3000e+000 -5.8137e-006
 9.270157e-008  3.3000e+000  3.3000e+000  2.3111e-005
 9.290157e-008  3.3000e+000  3.3000e+000 -8.5511e-007
 9.310157e-008  3.3000e+000  3.3000e+000  1.8674e-005
 9.330157e-008  3.3000e+000  3.3000e+000  3.8203e-005
 9.350157e-008  3.3000e+000  3.3000e+000 -1.3689e-005
 9.370157e-008  3.3000e+000  3.3000e+000  2.8810e-005
 9.390157e-008  3.3000e+000  3.3000e+000 -6.3220e-006
 9.410157e-008  3.3000e+000  3.3000e+000  2.2407e-005
 9.430157e-008  3.3000e+000  3.3000e+000 -1.3867e-006
 9.450157e-008  3.3000e+000  3.3000e+000  1.8027e-005
 9.470157e-008  3.3000e+000  3.3000e+000  3.7440e-005
 9.490157e-008  3.3000e+000  3.3000e+000 -1.4119e-005
 9.510157e-008  3.3000e+000  3.3000e+000  2.8136e-005
 9.530157e-008  3.3000e+000  3.3000e+000 -6.7872e-006
 9.550157e-008  3.3000e+000  3.3000e+000  2.1795e-005
 9.570157e-008  3.3000e+000  3.3000e+000 -1.8669e-006
 9.590157e-008  3.3000e+000  3.3000e+000  1.7459e-005
 9.610157e-008  3.3000e+000  3.3000e+000  3.6784e-005
 9.630157e-008  3.3000e+000  3.3000e+000 -1.4518e-005
 9.650157e-008  3.3000e+000  3.3000e+000  2.7550e-005
 9.670157e-008  3.3000e+000  3.3000e+000 -7.2112e-006
 9.690157e-008  3.3000e+000  3.3000e+000  2.1257e-005
 9.710157e-008  3.3000e+000  3.3000e+000 -2.3009e-006
 9.730157e-008  3.3000e+000  3.3000e+000  1.6956e-005
 9.750157e-008  3.3000e+000  3.3000e+000  3.6212e-005
 9.770157e-008  3.3000e+000  3.3000e+000 -1.4886e-005
 9.790157e-008  3.3000e+000  3.3000e+000  2.7032e-005
 9.810157e-008  3.3000e+000  3.3000e+000 -7.5970e-006
 9.830157e-008  3.3000e+000  3.3000e+000  2.0778e-005
 9.850157e-008  3.3000e+000  3.3000e+000 -2.6937e-006
 9.870157e-008  3.3000e+000  3.3000e+000  1.6506e-005
 9.890157e-008  3.3000e+000  3.3000e+000  3.5705e-005
 9.910157e-008  3.3000e+000  3.3000e+000 -1.5222e-005
 9.930157e-008  3.3000e+000  3.3000e+000  2.6570e-005
 9.950157e-008  3.3000e+000  3.3000e+000 -7.9479e-006
 9.970157e-008  3.3000e+000  3.3000e+000  2.0348e-005
 9.990157e-008  3.3000e+000  3.3000e+000 -3.0501e-006
 1.000000e-007  3.3000e+000  3.3000e+000 -1.4565e-005
*

* Parsing                      0.01 seconds
* Setup                        0.01 seconds
* DC operating point           0.00 seconds
* Transient Analysis           0.02 seconds
* Overhead                     1.21 seconds
* -----------------------------------------
* Total                        1.24 seconds

* Simulation completed

* End of T-Spice output file
