* T-Spice 13.00 Simulation	Tue May 14 22:30:03 2019	C:\Users\makif\Google Drive\TEZ ÇALIÞMAM\çizim\Counter_TDC\Counter_TDC\vernier_o_TDC3.sp
* Command line: tspice -o "C:\Users\makif\Google Drive\TEZ ÇALIÞMAM\çizim\Counter_TDC\Counter_TDC\vernier_o_TDC3.out" "C:\Users\makif\Google Drive\TEZ ÇALIÞMAM\çizim\Counter_TDC\Counter_TDC\vernier_o_TDC3.sp" 
* T-Spice Win32 13.00.20080321.01:01:33

*SEDIT: Alter blocks = 0

* Accuracy and Convergence options:
* numndset|dchold = 100
* 
* Timestep and Integration options:
*  relq|relchgtol = 0.0005
* 
* Model Evaluation options:
*            dcap = 2                    defnrb = 0 [sq]               defnrd = 0 [sq]
*          defnrs = 0 [sq]                 tnom = 25 [deg C]
* 
* General options:
*            temp = 25 [deg C]          threads = 8
* 
* Output options:
*           acout = 1                    ingold = 0
* 


*  Device and node counts:
*             MOSFETs - 413               MOSFET geometries - 12      
*                BJTs - 0                             JFETs - 0       
*             MESFETs - 0                            Diodes - 0       
*          Capacitors - 0                         Resistors - 0       
*           Inductors - 0                  Mutual inductors - 0       
*  Transmission lines - 0        Coupled transmission lines - 0       
*     Voltage sources - 3                   Current sources - 0       
*                VCVS - 0                              VCCS - 0       
*                CCVS - 0                              CCCS - 0       
*    V-control switch - 0                  I-control switch - 0       
*       Macro devices - 0        External C model instances - 0       
*         HDL devices - 0       
*         Subcircuits - 0              Subcircuit instances - 91      
*   Independent nodes - 1854                 Boundary nodes - 4       
*         Total nodes - 1858    


*SEDIT: Alter=0
*SEDIT: Analysis types DCOP 0 ACMODEL 0 AC 0 TRANSIENT 1 TRANSFER 0 NOISE 0 

*WEDIT: .tran   1e-011   1e-008
TRANSIENT ANALYSIS
Time<s>        p(VPower)<W>
 0.000000e+000  3.8609e-003
 6.250000e-013  3.8609e-003
 6.875000e-012  3.8609e-003
 2.687500e-011  3.8609e-003
 4.687500e-011  3.8609e-003
 6.687500e-011  3.8609e-003
 8.687500e-011  3.8609e-003
 1.068750e-010  3.8609e-003
 1.268750e-010  3.8609e-003
 1.468750e-010  3.8609e-003
 1.668750e-010  3.8609e-003
 1.868750e-010  3.8609e-003
 2.068750e-010  3.8609e-003
 2.268750e-010  3.8609e-003
 2.468750e-010  3.8609e-003
 2.668750e-010  3.8609e-003
 2.868750e-010  3.8609e-003
 3.068750e-010  3.8609e-003
 3.268750e-010  3.8609e-003
 3.468750e-010  3.8609e-003
 3.668750e-010  3.8609e-003
 3.868750e-010  3.8609e-003
 4.068749e-010  3.8609e-003
 4.268749e-010  3.8609e-003
 4.468749e-010  3.8609e-003
 4.668749e-010  3.8609e-003
 4.868749e-010  3.8609e-003
 5.010000e-010  3.8609e-003
 5.035000e-010  3.8609e-003
 5.235000e-010  3.8609e-003
 5.435000e-010  3.8609e-003
 5.635000e-010  3.8609e-003
 5.835000e-010  3.8609e-003
 6.035000e-010  3.8609e-003
 6.235000e-010  3.8609e-003
 6.435000e-010  3.8609e-003
 6.635000e-010  3.8609e-003
 6.835000e-010  3.8609e-003
 7.035000e-010  3.8609e-003
 7.235000e-010  3.8609e-003
 7.435000e-010  3.8609e-003
 7.635000e-010  3.8609e-003
 7.835000e-010  3.8609e-003
 8.035000e-010  3.8609e-003
 8.235000e-010  3.8609e-003
 8.435000e-010  3.8609e-003
 8.635000e-010  3.8609e-003
 8.835000e-010  3.8609e-003
 9.035000e-010  3.8609e-003
 9.235000e-010  3.8609e-003
 9.435000e-010  3.8610e-003
 9.635000e-010  3.8609e-003
 9.835000e-010  3.8609e-003
 1.000000e-009  3.8609e-003
 1.001000e-009 -9.8015e-003
 1.001450e-009  5.1078e-003
 1.005950e-009  5.5328e-003
 1.015660e-009  5.6446e-003
 1.025358e-009  4.9431e-003
 1.033373e-009  4.5303e-003
 1.044960e-009  4.4011e-003
 1.060467e-009  4.0666e-003
 1.080467e-009  4.1587e-003
 1.100467e-009  4.3846e-003
 1.120467e-009  4.9013e-003
 1.140467e-009  5.9518e-003
 1.160467e-009  6.9650e-003
 1.175305e-009  6.6048e-003
 1.186806e-009  6.3050e-003
 1.197273e-009  5.2158e-003
 1.206571e-009  4.6045e-003
 1.218099e-009  4.1881e-003
 1.237896e-009  4.2429e-003
 1.257896e-009  4.1578e-003
 1.277896e-009  4.3310e-003
 1.297896e-009  4.3752e-003
 1.317896e-009  4.2845e-003
 1.337896e-009  4.0921e-003
 1.357896e-009  4.5294e-003
 1.377896e-009  4.8239e-003
 1.397896e-009  6.0864e-003
 1.417896e-009  6.8654e-003
 1.432865e-009  6.6995e-003
 1.444682e-009  6.2499e-003
 1.455008e-009  5.1771e-003
 1.464325e-009  4.5296e-003
 1.476261e-009  4.2178e-003
 1.496261e-009  4.1991e-003
 1.516261e-009  4.2025e-003
 1.536261e-009  4.2959e-003
 1.556261e-009  4.4171e-003
 1.576261e-009  4.2119e-003
 1.596261e-009  4.1576e-003
 1.616261e-009  4.5056e-003
 1.636261e-009  4.9312e-003
 1.656261e-009  6.0691e-003
 1.676261e-009  6.8887e-003
 1.691777e-009  6.6371e-003
 1.704853e-009  6.1908e-003
 1.715232e-009  4.6545e-003
 1.725279e-009  4.6080e-003
 1.739961e-009  3.9597e-003
 1.759961e-009  4.4199e-003
 1.779961e-009  3.9911e-003
 1.799961e-009  4.5758e-003
 1.819961e-009  4.1620e-003
 1.839961e-009  4.3274e-003
 1.859961e-009  4.0796e-003
 1.879961e-009  4.8012e-003
 1.899961e-009  5.1291e-003
 1.919961e-009  6.4497e-003
 1.935302e-009  6.5347e-003
 1.946643e-009  6.6608e-003
 1.958274e-009  6.1796e-003
 1.967676e-009  4.8810e-003
 1.976966e-009  4.5022e-003
 1.990534e-009  4.1478e-003
 2.010534e-009  4.2145e-003
 2.030534e-009  4.1778e-003
 2.050534e-009  4.3168e-003
 2.070534e-009  4.3926e-003
 2.090534e-009  4.2037e-003
 2.110534e-009  4.1560e-003
 2.130534e-009  4.5278e-003
 2.150534e-009  4.9643e-003
 2.170534e-009  6.0825e-003
 2.190534e-009  6.8443e-003
 2.200534e-009  6.3676e-003
 2.210035e-009  6.5932e-003
 2.220558e-009  5.6312e-003
 2.229425e-009  4.6333e-003
 2.239573e-009  4.3898e-003
 2.258095e-009  4.0890e-003
 2.278095e-009  4.2640e-003
 2.298095e-009  4.1429e-003
 2.318095e-009  4.4667e-003
 2.338095e-009  4.2720e-003
 2.358095e-009  4.3396e-003
 2.378095e-009  4.6413e-003
 2.398095e-009  5.8949e-003
 2.418095e-009  6.4860e-003
 2.432988e-009  6.3984e-003
 2.444985e-009  6.4912e-003
 2.455269e-009  5.9113e-003
 2.464639e-009  4.8398e-003
 2.472320e-009  4.9701e-003
 2.481626e-009  3.4881e-003
 2.489054e-009  6.1859e-004
 2.499594e-009  8.9019e-004
 2.500000e-009  6.6588e-004
 2.501000e-009 -1.4906e-002
 2.501450e-009  3.1379e-003
 2.505950e-009  3.4921e-003
 2.515754e-009  4.7449e-003
 2.525331e-009  4.3974e-003
 2.533158e-009  5.3940e-003
 2.542157e-009  5.0972e-003
 2.549403e-009  3.8760e-003
 2.557593e-009  3.8591e-003
 2.564707e-009  3.1573e-003
 2.571826e-009  2.8139e-003
 2.578086e-009  1.8564e-003
 2.584956e-009  2.1604e-003
 2.601634e-009  2.0611e-003
 2.621634e-009  3.0681e-003
 2.641634e-009  3.8289e-003
 2.661634e-009  6.1641e-003
 2.671634e-009  7.1481e-003
 2.680835e-009  8.4408e-003
 2.688522e-009  7.3344e-003
 2.695002e-009  6.7833e-003
 2.700472e-009  6.0262e-003
 2.706855e-009  5.4767e-003
 2.712745e-009  3.5726e-003
 2.718248e-009  2.6837e-003
 2.726448e-009  1.9644e-003
 2.743186e-009  2.0193e-003
 2.763186e-009  1.7834e-003
 2.783186e-009  2.0685e-003
 2.803186e-009  2.0021e-003
 2.823186e-009  2.1172e-003
 2.843186e-009  1.6393e-003
 2.863186e-009  1.9608e-003
 2.883186e-009  1.7580e-003
 2.903186e-009  2.0521e-003
 2.923186e-009  1.9844e-003
 2.943186e-009  2.1163e-003
 2.963186e-009  1.6311e-003
 2.983186e-009  1.9583e-003
 3.003186e-009  1.7557e-003
 3.023186e-009  2.0549e-003
 3.043186e-009  1.9704e-003
 3.063186e-009  2.0889e-003
 3.083186e-009  1.6417e-003
 3.103186e-009  2.2581e-003
 3.123186e-009  2.5878e-003
 3.143186e-009  3.7723e-003
 3.163186e-009  5.1672e-003
 3.178961e-009  7.6639e-003
 3.186848e-009  8.0729e-003
 3.194069e-009  7.8642e-003
 3.200267e-009  6.7333e-003
 3.205577e-009  6.2316e-003
 3.211491e-009  5.1576e-003
 3.217118e-009  4.3608e-003
 3.222439e-009  3.4242e-003
 3.229129e-009  3.3593e-003
 3.244145e-009  2.8777e-003
 3.264145e-009  3.1747e-003
 3.284145e-009  2.9231e-003
 3.304145e-009  3.3624e-003
 3.324145e-009  3.0667e-003
 3.344145e-009  3.0591e-003
 3.364145e-009  2.8312e-003
 3.384145e-009  3.1291e-003
 3.404145e-009  2.9275e-003
 3.424145e-009  3.3270e-003
 3.444145e-009  3.0783e-003
 3.464145e-009  3.0328e-003
 3.484145e-009  2.8463e-003
 3.504145e-009  3.1098e-003
 3.524145e-009  2.9502e-003
 3.544145e-009  3.2993e-003
 3.564145e-009  3.0721e-003
 3.584145e-009  2.9998e-003
 3.604145e-009  3.0721e-003
 3.624145e-009  3.7986e-003
 3.644145e-009  4.4264e-003
 3.664145e-009  6.1221e-003
 3.683498e-009  8.3938e-003
 3.693174e-009  9.5771e-003
 3.701410e-009  8.4169e-003
 3.708342e-009  7.4887e-003
 3.714213e-009  7.3847e-003
 3.720389e-009  6.5351e-003
 3.726381e-009  4.4169e-003
 3.732010e-009  2.6238e-003
 3.740947e-009  2.1619e-003
 3.758585e-009  1.8557e-003
 3.778585e-009  1.9239e-003
 3.798585e-009  1.9347e-003
 3.818585e-009  2.1444e-003
 3.838585e-009  1.9005e-003
 3.858585e-009  1.7716e-003
 3.878585e-009  1.8137e-003
 3.898585e-009  1.8979e-003
 3.918585e-009  1.9208e-003
 3.938585e-009  2.1301e-003
 3.958585e-009  1.8987e-003
 3.978585e-009  1.7640e-003
 3.998585e-009  1.8113e-003
 4.000000e-009  1.8357e-003
 4.001000e-009  1.9446e-002
 4.001450e-009  3.4996e-003
 4.005950e-009  3.1309e-003
 4.014992e-009  3.6117e-003
 4.023939e-009  2.8181e-003
 4.031053e-009  2.0321e-003
 4.041965e-009  2.3289e-003
 4.058895e-009  2.4178e-003
 4.078895e-009  2.7214e-003
 4.098895e-009  3.4658e-003
 4.118895e-009  3.7333e-003
 4.128895e-009  2.5164e-003
 4.141409e-009  3.5411e-003
 4.161409e-009  4.4891e-003
 4.181409e-009  7.0999e-003
 4.191409e-009  8.2493e-003
 4.200560e-009  8.9510e-003
 4.208555e-009  7.4196e-003
 4.215535e-009  6.8056e-003
 4.221420e-009  5.6926e-003
 4.227198e-009  4.8844e-003
 4.232732e-009  3.8838e-003
 4.238635e-009  3.7832e-003
 4.249929e-009  3.4610e-003
 4.269929e-009  4.1331e-003
 4.289929e-009  5.0737e-003
 4.308325e-009  4.2332e-003
 4.320542e-009  3.2221e-003
 4.337340e-009  3.7709e-003
 4.357340e-009  3.3029e-003
 4.377340e-009  3.8301e-003
 4.396123e-009  3.3008e-003
 4.416123e-009  3.3347e-003
 4.436123e-009  3.6859e-003
 4.456123e-009  4.2257e-003
 4.476123e-009  4.9626e-003
 4.494693e-009  4.0118e-003
 4.506966e-009  2.9627e-003
 4.523748e-009  3.6632e-003
 4.543748e-009  3.4809e-003
 4.563748e-009  4.1190e-003
 4.582529e-009  3.3370e-003
 4.602529e-009  3.2223e-003
 4.622529e-009  3.8141e-003
 4.642529e-009  4.9984e-003
 4.662529e-009  7.0504e-003
 4.681083e-009  7.6828e-003
 4.693340e-009  8.3175e-003
 4.704119e-009  1.0043e-002
 4.709509e-009  9.3241e-003
 4.714727e-009  8.5848e-003
 4.720001e-009  7.9460e-003
 4.725006e-009  7.6863e-003
 4.730451e-009  6.8318e-003
 4.736009e-009  5.5350e-003
 4.741278e-009  4.3933e-003
 4.748976e-009  4.0161e-003
 4.759902e-009  3.5234e-003
 4.775667e-009  3.2903e-003
 4.795667e-009  3.3784e-003
 4.815667e-009  3.7894e-003
 4.835667e-009  4.5718e-003
 4.855667e-009  5.1490e-003
 4.865667e-009  3.6467e-003
 4.874819e-009  3.2771e-003
 4.890981e-009  3.3366e-003
 4.910981e-009  3.6105e-003
 4.930981e-009  3.7693e-003
 4.949925e-009  3.8472e-003
 4.969925e-009  3.1141e-003
 4.989925e-009  3.5052e-003
 5.009925e-009  3.8139e-003
 5.029648e-009  4.9150e-003
 5.039510e-009  3.7197e-003
 5.047886e-009  3.3538e-003
 5.060283e-009  3.1798e-003
 5.077863e-009  3.3520e-003
 5.097863e-009  2.8654e-003
 5.117863e-009  3.4467e-003
 5.137863e-009  3.4244e-003
 5.157863e-009  4.3564e-003
 5.177863e-009  3.0840e-003
 5.193377e-009  2.9665e-003
 5.213377e-009  2.5956e-003
 5.233377e-009  2.8584e-003
 5.253377e-009  2.5550e-003
 5.273377e-009  2.8378e-003
 5.293377e-009  2.5426e-003
 5.313377e-009  2.8262e-003
 5.333377e-009  2.5420e-003
 5.353377e-009  2.8187e-003
 5.373377e-009  2.5446e-003
 5.393377e-009  2.8131e-003
 5.413377e-009  2.5478e-003
 5.433377e-009  2.8085e-003
 5.453377e-009  2.5512e-003
 5.473377e-009  2.8044e-003
 5.493377e-009  2.5544e-003
 5.513377e-009  2.8008e-003
 5.533377e-009  2.5574e-003
 5.553377e-009  2.7975e-003
 5.573377e-009  2.5602e-003
 5.593377e-009  2.7945e-003
 5.613377e-009  2.5628e-003
 5.633377e-009  2.7918e-003
 5.653377e-009  2.5652e-003
 5.673377e-009  2.7893e-003
 5.693377e-009  2.5674e-003
 5.713377e-009  2.7870e-003
 5.733377e-009  2.5695e-003
 5.753377e-009  2.7848e-003
 5.773377e-009  2.5715e-003
 5.793377e-009  2.7827e-003
 5.813377e-009  2.5734e-003
 5.833377e-009  2.7808e-003
 5.853377e-009  2.5751e-003
 5.873377e-009  2.7789e-003
 5.893377e-009  2.5768e-003
 5.913377e-009  2.7772e-003
 5.933377e-009  2.5784e-003
 5.953377e-009  2.7756e-003
 5.973377e-009  2.5799e-003
 5.993377e-009  2.7740e-003
 6.013377e-009  2.5813e-003
 6.033377e-009  2.7726e-003
 6.053377e-009  2.5826e-003
 6.073377e-009  2.7712e-003
 6.093377e-009  2.5839e-003
 6.113377e-009  2.7699e-003
 6.133377e-009  2.5852e-003
 6.153377e-009  2.7686e-003
 6.173377e-009  2.5863e-003
 6.193377e-009  2.7674e-003
 6.213377e-009  2.5875e-003
 6.233377e-009  2.7663e-003
 6.253377e-009  2.5885e-003
 6.273377e-009  2.7651e-003
 6.293377e-009  2.5896e-003
 6.313377e-009  2.7641e-003
 6.333377e-009  2.5906e-003
 6.353377e-009  2.7633e-003
 6.373377e-009  2.5913e-003
 6.393377e-009  2.7625e-003
 6.413377e-009  2.5921e-003
 6.433377e-009  2.7617e-003
 6.453377e-009  2.5928e-003
 6.473377e-009  2.7610e-003
 6.493377e-009  2.5934e-003
 6.513377e-009  2.7603e-003
 6.533377e-009  2.5941e-003
 6.553377e-009  2.7596e-003
 6.573377e-009  2.5947e-003
 6.593377e-009  2.7590e-003
 6.613377e-009  2.5954e-003
 6.633377e-009  2.7583e-003
 6.653377e-009  2.5960e-003
 6.673377e-009  2.7577e-003
 6.693377e-009  2.5965e-003
 6.713377e-009  2.7571e-003
 6.733377e-009  2.5971e-003
 6.753377e-009  2.7565e-003
 6.773377e-009  2.5977e-003
 6.793377e-009  2.7560e-003
 6.813377e-009  2.5982e-003
 6.833377e-009  2.7554e-003
 6.853377e-009  2.5987e-003
 6.873377e-009  2.7549e-003
 6.893377e-009  2.5992e-003
 6.913377e-009  2.7544e-003
 6.933377e-009  2.5997e-003
 6.953377e-009  2.7538e-003
 6.973377e-009  2.6002e-003
 6.993377e-009  2.7533e-003
 7.013377e-009  2.6007e-003
 7.033377e-009  2.7528e-003
 7.053377e-009  2.6012e-003
 7.073377e-009  2.7524e-003
 7.093377e-009  2.6016e-003
 7.113377e-009  2.7519e-003
 7.133377e-009  2.6021e-003
 7.153377e-009  2.7515e-003
 7.173377e-009  2.6025e-003
 7.193377e-009  2.7510e-003
 7.213377e-009  2.6029e-003
 7.233377e-009  2.7506e-003
 7.253377e-009  2.6033e-003
 7.273377e-009  2.7502e-003
 7.293377e-009  2.6037e-003
 7.313377e-009  2.7498e-003
 7.333377e-009  2.6041e-003
 7.353377e-009  2.7494e-003
 7.373377e-009  2.6045e-003
 7.393377e-009  2.7490e-003
 7.413377e-009  2.6048e-003
 7.433377e-009  2.7487e-003
 7.453377e-009  2.6052e-003
 7.473377e-009  2.7483e-003
 7.493377e-009  2.6055e-003
 7.513377e-009  2.7480e-003
 7.533377e-009  2.6058e-003
 7.553377e-009  2.7476e-003
 7.573377e-009  2.6062e-003
 7.593377e-009  2.7473e-003
 7.613377e-009  2.6065e-003
 7.633377e-009  2.7470e-003
 7.653377e-009  2.6068e-003
 7.673377e-009  2.7467e-003
 7.693377e-009  2.6071e-003
 7.713377e-009  2.7464e-003
 7.733377e-009  2.6074e-003
 7.753377e-009  2.7461e-003
 7.773377e-009  2.6076e-003
 7.793377e-009  2.7458e-003
 7.813377e-009  2.6079e-003
 7.833377e-009  2.7455e-003
 7.853377e-009  2.6082e-003
 7.873377e-009  2.7453e-003
 7.893377e-009  2.6085e-003
 7.913377e-009  2.7450e-003
 7.933377e-009  2.6087e-003
 7.953377e-009  2.7447e-003
 7.973377e-009  2.6090e-003
 7.993377e-009  2.7445e-003
 8.013377e-009  2.6092e-003
 8.033377e-009  2.7442e-003
 8.053377e-009  2.6094e-003
 8.073377e-009  2.7440e-003
 8.093377e-009  2.6097e-003
 8.113377e-009  2.7438e-003
 8.133377e-009  2.6099e-003
 8.153377e-009  2.7436e-003
 8.173377e-009  2.6101e-003
 8.193377e-009  2.7433e-003
 8.213377e-009  2.6103e-003
 8.233377e-009  2.7431e-003
 8.253377e-009  2.6105e-003
 8.273377e-009  2.7429e-003
 8.293377e-009  2.6107e-003
 8.313377e-009  2.7427e-003
 8.333377e-009  2.6109e-003
 8.353377e-009  2.7425e-003
 8.373377e-009  2.6111e-003
 8.393377e-009  2.7423e-003
 8.413377e-009  2.6113e-003
 8.433377e-009  2.7421e-003
 8.453377e-009  2.6115e-003
 8.473377e-009  2.7420e-003
 8.493377e-009  2.6116e-003
 8.513377e-009  2.7418e-003
 8.533377e-009  2.6118e-003
 8.553377e-009  2.7416e-003
 8.573377e-009  2.6120e-003
 8.593377e-009  2.7414e-003
 8.613377e-009  2.6122e-003
 8.633377e-009  2.7413e-003
 8.653377e-009  2.6123e-003
 8.673377e-009  2.7411e-003
 8.693377e-009  2.6125e-003
 8.713377e-009  2.7409e-003
 8.733377e-009  2.6126e-003
 8.753377e-009  2.7408e-003
 8.773377e-009  2.6128e-003
 8.793377e-009  2.7406e-003
 8.813377e-009  2.6131e-003
 8.833377e-009  2.7403e-003
 8.853377e-009  2.6133e-003
 8.873377e-009  2.7401e-003
 8.893377e-009  2.6135e-003
 8.913377e-009  2.7399e-003
 8.933377e-009  2.6137e-003
 8.953377e-009  2.7397e-003
 8.973377e-009  2.6139e-003
 8.993377e-009  2.7395e-003
 9.013377e-009  2.6141e-003
 9.033377e-009  2.7393e-003
 9.053377e-009  2.6143e-003
 9.073377e-009  2.7392e-003
 9.093377e-009  2.6144e-003
 9.113377e-009  2.7390e-003
 9.133377e-009  2.6146e-003
 9.153377e-009  2.7388e-003
 9.173377e-009  2.6148e-003
 9.193377e-009  2.7386e-003
 9.213377e-009  2.6150e-003
 9.233377e-009  2.7385e-003
 9.253377e-009  2.6151e-003
 9.273377e-009  2.7383e-003
 9.293377e-009  2.6153e-003
 9.313377e-009  2.7381e-003
 9.333377e-009  2.6154e-003
 9.353377e-009  2.7380e-003
 9.373377e-009  2.6156e-003
 9.393377e-009  2.7378e-003
 9.413377e-009  2.6157e-003
 9.433377e-009  2.7377e-003
 9.453377e-009  2.6159e-003
 9.473377e-009  2.7375e-003
 9.493377e-009  2.6160e-003
 9.513377e-009  2.7374e-003
 9.533377e-009  2.6162e-003
 9.553377e-009  2.7373e-003
 9.573377e-009  2.6163e-003
 9.593377e-009  2.7371e-003
 9.613377e-009  2.6164e-003
 9.633377e-009  2.7370e-003
 9.653377e-009  2.6166e-003
 9.673377e-009  2.7368e-003
 9.693377e-009  2.6167e-003
 9.713377e-009  2.7367e-003
 9.733377e-009  2.6168e-003
 9.753377e-009  2.7366e-003
 9.773377e-009  2.6170e-003
 9.793377e-009  2.7365e-003
 9.813377e-009  2.6171e-003
 9.833377e-009  2.7363e-003
 9.853377e-009  2.6172e-003
 9.873377e-009  2.7362e-003
 9.893377e-009  2.6173e-003
 9.913377e-009  2.7361e-003
 9.933377e-009  2.6175e-003
 9.953377e-009  2.7360e-003
 9.973377e-009  2.6176e-003
 9.993377e-009  2.7358e-003
 1.000000e-008  2.6177e-003

* BEGIN NON-GRAPHICAL DATA

Power Results
VPower from time 0 to 1e-008
Average power consumed -> 3.366821e-003 watts
Max power 1.944601e-002 at time 4.001e-009 
Min power 6.185852e-004 at time 2.48905e-009 


* END NON-GRAPHICAL DATA
*

* Parsing                      0.01 seconds
* Setup                        0.07 seconds
* DC operating point           0.26 seconds
* Transient Analysis           1.85 seconds
* Overhead                     0.76 seconds
* -----------------------------------------
* Total                        2.96 seconds

* Simulation completed

* End of T-Spice output file
