T-Spice - Tanner SPICE
Version 16.30
Network license
Product Release ID: T-Spice Win64 16.30.20150626.02:41:53
Copyright © 1988-2015 Mentor Graphics Corporation

	Parsing "C:\Users\makif\Google Drive\TEZ ÇALIÞMAM\çizim\Counter_TDC\Counter_TDC\VCDL_inv2.sp"
	Initializing parser from header file "C:\Program Files\Tanner EDA\Tanner Tools v16.3\tiburonda\models\VAdatabase.sp"
	Including "C:\Users\makif\Desktop\130tech\130nm.md"

Start of VCDL_inv2.sp
Loaded BSIM3v33_Berkeley model library, Berkeley BSIM3 v3.3.0
Warning : "..\..\..\..\..\Desktop\130tech\130nm.md" line 1 Model NMOS - Unknown model parameter "OPTACM" will be ignored
Warning : "VCDL_inv2.sp" line 24 Device MNMOS_1 - Acde = 0.3 is too small.
Warning : "VCDL_inv2.sp" line 25 Device MNMOS_2 - Pd = 6.8e-006 is less than W.
Warning : "VCDL_inv2.sp" line 25 Device MNMOS_2 - Ps = 6.8e-006 is less than W.
Warning : "VCDL_inv2.sp" line 25 Device MNMOS_2 - Acde = 0.3 is too small.
Warning : "VCDL_inv2.sp" line 27 Device MPMOS_2 - Pd = 6.8e-006 is less than W.
Warning : "VCDL_inv2.sp" line 27 Device MPMOS_2 - Ps = 6.8e-006 is less than W.

General options:
        threads = 1

 Device and node counts:
              MOSFETs -       4
    MOSFET geometries -       4
      Voltage sources -       4
   Subckt Definitions -       1
     Subckt Instances -       0
    Model Definitions -       2
      Computed Models -       2
    Independent nodes -      11
       Boundary nodes -       5
          Total nodes -      16
*** 7 WARNING MESSAGES GENERATED DURING SETUP


	Opening simulation database "C:\Users\makif\Google Drive\TEZ ÇALIÞMAM\çizim\Counter_TDC\Counter_TDC\VCDL_inv2.tsim"

Parsing                      0.01 seconds
Setup                        0.03 seconds
DC operating point           0.03 seconds
Transient Analysis           0.12 seconds
Overhead                     0.99 seconds
-----------------------------------------
Total                        1.19 seconds

Simulation completed	with  7 Warnings
