T-Spice - Tanner SPICE
Version 16.30
Network license
Product Release ID: T-Spice Win64 16.30.20150626.02:41:53
Copyright © 1988-2015 Mentor Graphics Corporation

	Parsing "C:\Users\Hp\Google Drive\TEZ ÇALIÞMAM\çizim\Counter_TDC\Counter_TDC\Counter3.sp"
	Initializing parser from header file "C:\Program Files\Tanner EDA\Tanner Tools v16.3\tiburonda\models\VAdatabase.sp"
	Including "C:\Users\hp\Desktop\130tech\130nm.md"

Start of Counter3.sp
Loaded BSIM3v33_Berkeley model library, Berkeley BSIM3 v3.3.0
Warning : "..\..\..\..\..\Desktop\130tech\130nm.md" line 1 Model NMOS - Unknown model parameter "OPTACM" will be ignored
Warning : "Counter3.sp" line 37 Device XDFFC_1.MN1 - Acde = 0.3 is too small.
Warning : "Counter3.sp" line 41 Device XDFFC_1.MN11 - Acde = 0.3 is too small.
Warning : "Counter3.sp" line 45 Device XDFFC_1.MN15 - Acde = 0.3 is too small.

General options:
        threads = 2

 Device and node counts:
              MOSFETs -     116
    MOSFET geometries -      12
      Voltage sources -       2
   Subckt Definitions -       2
     Subckt Instances -       4
     Unique Instances -       1
    Model Definitions -       2
      Computed Models -       2
    Independent nodes -     296
       Boundary nodes -       3
          Total nodes -     299
*** 4 WARNING MESSAGES GENERATED DURING SETUP


	Opening simulation database "C:\Users\Hp\Google Drive\TEZ ÇALIÞMAM\çizim\Counter_TDC\Counter_TDC\Counter3.tsim"

Parsing                      0.53 seconds
Setup                        0.36 seconds
DC operating point           0.05 seconds
Transient Analysis           1.01 seconds
Output                       0.03 seconds
Overhead                     0.64 seconds
-----------------------------------------
Total                        2.62 seconds

Simulation completed	with  4 Warnings
