T-Spice - Tanner SPICE
Version 16.30
Network license
Product Release ID: T-Spice Win64 16.30.20150626.02:41:53
Copyright © 1988-2015 Mentor Graphics Corporation

	Parsing "C:\Users\Hp\Google Drive\TEZ ÇALIÞMAM\çizim\Counter_TDC\Counter_TDC\counter_TDC2.sp"
	Initializing parser from header file "C:\Program Files\Tanner EDA\Tanner Tools v16.3\tiburonda\models\VAdatabase.sp"
	Including "C:\Users\Hp\Desktop\counter_TDC2\130tech\130nm.md"

Start of counter_TDC2.sp
Loaded BSIM3v33_Berkeley model library, Berkeley BSIM3 v3.3.0
Warning : "..\..\..\..\..\Desktop\counter_TDC2\130tech\130nm.md" line 1 Model NMOS - Unknown model parameter "OPTACM" will be ignored
Warning : "counter_TDC2.sp" line 29 Device XNAND2C_1.MN1 - Acde = 0.3 is too small.
Warning : "counter_TDC2.sp" line 47 Device XSR2_1.XNOR2_1.MN1 - Acde = 0.3 is too small.

General options:
        threads = 1

 Device and node counts:
              MOSFETs -      14
    MOSFET geometries -       4
      Voltage sources -       4
   Subckt Definitions -       4
     Subckt Instances -       4
     Unique Instances -       3
    Model Definitions -       2
      Computed Models -       2
    Independent nodes -      35
       Boundary nodes -       5
          Total nodes -      40
*** 3 WARNING MESSAGES GENERATED DURING SETUP


	Opening simulation database "C:\Users\Hp\Google Drive\TEZ ÇALIÞMAM\çizim\Counter_TDC\Counter_TDC\counter_TDC2.tsim"

Parsing                      0.25 seconds
Setup                        0.32 seconds
DC operating point           0.03 seconds
Transient Analysis           0.67 seconds
Overhead                     0.98 seconds
-----------------------------------------
Total                        2.26 seconds

Simulation completed	with  3 Warnings
