T-Spice - Tanner SPICE
Version 13.00
Standalone hardware lock
Product Release ID: T-Spice Win32 13.00.20080321.01:01:33
Copyright © 1993-2008 Tanner EDA

	Opening output file "C:\Documents and Settings\Dhiraj\Desktop\VLSI Designs\MUX_4x1\MUX_4x1.out"
	Parsing "C:\Documents and Settings\Dhiraj\Desktop\VLSI Designs\MUX_4x1\MUX_4x1.sp"
	Reading library file "C:\Documents and Settings\Dhiraj\My Documents\Tanner EDA\Tanner Tools v13.0\Tanner_Libraries\Generic_025_Kit\Generic_025_SPICE_Models_Level1.lib"
Loaded MOSLevel1 model library, SPICE Level 1 MOSFET revision 1.0
Warning : Node X4_Input_NAND_Gate_1.N_1 is attached to only one device (X4_Input_NAND_Gate_1.MNMOS_1)
Warning : Node X4_Input_NAND_Gate_1.N_3 is attached to only one device (X4_Input_NAND_Gate_1.MNMOS_2)
Warning : Node X4_Input_NAND_Gate_1.N_5 is attached to only one device (X4_Input_NAND_Gate_1.MNMOS_3)
Warning : Node X4_Input_NAND_Gate_1.N_7 is attached to only one device (X4_Input_NAND_Gate_1.MNMOS_4)
Warning : Node X4_Input_NAND_Gate_2.N_1 is attached to only one device (X4_Input_NAND_Gate_2.MNMOS_1)

Warning : Disabling printout of duplicate warning messages.
        : 	Use '.options maxmsg=0' to view all warnings,
        : 	or increase maxmsg from 5 to view more messages.


Accuracy and Convergence options:
numndset|dchold = 100

Timestep and Integration options:
 relq|relchgtol = 0.0005

Model Evaluation options:
           dcap = 2                    defnrb = 0 [sq]               defnrd = 0 [sq]
         defnrs = 0 [sq]                 tnom = 25 [deg C]

General options:
           temp = 25 [deg C]          threads = 2

Output options:
          acout = 1                    ingold = 0



 Device and node counts:
            MOSFETs - 27                MOSFET geometries - 1       
               BJTs - 0                             JFETs - 0       
            MESFETs - 0                            Diodes - 0       
         Capacitors - 0                         Resistors - 12      
          Inductors - 0                  Mutual inductors - 0       
 Transmission lines - 0        Coupled transmission lines - 0       
    Voltage sources - 8                   Current sources - 0       
               VCVS - 0                              VCCS - 0       
               CCVS - 0                              CCCS - 0       
   V-control switch - 0                  I-control switch - 0       
      Macro devices - 0        External C model instances - 0       
        HDL devices - 0       
        Subcircuits - 0              Subcircuit instances - 12      
  Independent nodes - 40                   Boundary nodes - 9       
        Total nodes - 49      

*** 6 WARNING MESSAGES GENERATED DURING SETUP



Parsing                      0.00 seconds
Setup                        0.03 seconds
DC operating point           0.09 seconds
Transient Analysis           0.20 seconds
Overhead                     2.02 seconds
-----------------------------------------
Total                        2.34 seconds

Simulation completed	with  6 Warnings
